<?xml version="1.0" encoding="utf-8"?>
<test-run id="2" testcasecount="418" result="Failed(Child)" total="418" passed="398" failed="20" inconclusive="0" skipped="0" asserts="0" engine-version="3.5.0.0" clr-version="4.0.30319.42000" start-time="2025-11-25 17:51:33Z" end-time="2025-11-25 17:51:53Z" duration="19.4854581">
  <test-suite type="TestSuite" id="1453" name="MercuryMessaging" fullname="MercuryMessaging" runstate="Runnable" testcasecount="418" result="Failed" site="Child" start-time="2025-11-25 17:51:33Z" end-time="2025-11-25 17:51:53Z" duration="19.485458" total="418" passed="398" failed="20" inconclusive="0" skipped="0" asserts="0">
    <properties>
      <property name="platform" value="PlayMode" />
    </properties>
    <failure>
      <message><![CDATA[One or more child tests had errors]]></message>
    </failure>
    <test-suite type="Assembly" id="1447" name="MercuryMessaging.Tests.dll" fullname="C:/Users/yangb/Research/MercuryMessaging/Library/ScriptAssemblies/MercuryMessaging.Tests.dll" runstate="Runnable" testcasecount="418" result="Failed" site="Child" start-time="2025-11-25 17:51:33Z" end-time="2025-11-25 17:51:53Z" duration="19.444338" total="418" passed="398" failed="20" inconclusive="0" skipped="0" asserts="0">
      <properties>
        <property name="_PID" value="16856" />
        <property name="_APPDOMAIN" value="Unity Child Domain" />
        <property name="platform" value="PlayMode" />
        <property name="EditorOnly" value="False" />
      </properties>
      <failure>
        <message><![CDATA[One or more child tests had errors]]></message>
      </failure>
      <test-suite type="TestSuite" id="1448" name="MercuryMessaging" fullname="MercuryMessaging" runstate="Runnable" testcasecount="418" result="Failed" site="Child" start-time="2025-11-25 17:51:33Z" end-time="2025-11-25 17:51:53Z" duration="19.411958" total="418" passed="398" failed="20" inconclusive="0" skipped="0" asserts="0">
        <properties />
        <failure>
          <message><![CDATA[One or more child tests had errors]]></message>
        </failure>
        <test-suite type="TestSuite" id="1449" name="Tests" fullname="MercuryMessaging.Tests" runstate="Runnable" testcasecount="418" result="Failed" site="Child" start-time="2025-11-25 17:51:33Z" end-time="2025-11-25 17:51:53Z" duration="19.391938" total="418" passed="398" failed="20" inconclusive="0" skipped="0" asserts="0">
          <properties />
          <failure>
            <message><![CDATA[One or more child tests had errors]]></message>
          </failure>
          <test-suite type="TestFixture" id="1001" name="AdvancedRoutingTests" fullname="MercuryMessaging.Tests.AdvancedRoutingTests" classname="MercuryMessaging.Tests.AdvancedRoutingTests" runstate="Runnable" testcasecount="9" result="Passed" start-time="2025-11-25 17:51:33Z" end-time="2025-11-25 17:51:35Z" duration="1.328570" total="9" passed="9" failed="0" inconclusive="0" skipped="0" asserts="0">
            <properties />
            <test-case id="1007" name="AncestorsRouting_ReachesAllParents" fullname="MercuryMessaging.Tests.AdvancedRoutingTests.AncestorsRouting_ReachesAllParents" methodname="AncestorsRouting_ReachesAllParents" classname="MercuryMessaging.Tests.AdvancedRoutingTests" runstate="Runnable" seed="78723736" result="Passed" start-time="2025-11-25 17:51:33Z" end-time="2025-11-25 17:51:34Z" duration="0.194597" asserts="0">
              <properties>
                <property name="_JOINTYPE" value="UnityCombinatorial" />
                <property name="retryIteration" value="0" />
                <property name="repeatIteration" value="0" />
              </properties>
              <output><![CDATA[[PASS] Ancestors routing reaches all ancestor nodes
]]></output>
            </test-case>
            <test-case id="1010" name="CombinedFilters_SelfAndSiblings_Works" fullname="MercuryMessaging.Tests.AdvancedRoutingTests.CombinedFilters_SelfAndSiblings_Works" methodname="CombinedFilters_SelfAndSiblings_Works" classname="MercuryMessaging.Tests.AdvancedRoutingTests" runstate="Runnable" seed="60073184" result="Passed" start-time="2025-11-25 17:51:34Z" end-time="2025-11-25 17:51:34Z" duration="0.136529" asserts="0">
              <properties>
                <property name="_JOINTYPE" value="UnityCombinatorial" />
                <property name="retryIteration" value="0" />
                <property name="repeatIteration" value="0" />
              </properties>
              <output><![CDATA[[PASS] Combined filters (Self + Siblings) work correctly
]]></output>
            </test-case>
            <test-case id="1004" name="CousinsRouting_WithLateralEnabled_ReachesCousins" fullname="MercuryMessaging.Tests.AdvancedRoutingTests.CousinsRouting_WithLateralEnabled_ReachesCousins" methodname="CousinsRouting_WithLateralEnabled_ReachesCousins" classname="MercuryMessaging.Tests.AdvancedRoutingTests" runstate="Runnable" seed="983182031" result="Passed" start-time="2025-11-25 17:51:34Z" end-time="2025-11-25 17:51:34Z" duration="0.136207" asserts="0">
              <properties>
                <property name="_JOINTYPE" value="UnityCombinatorial" />
                <property name="retryIteration" value="0" />
                <property name="repeatIteration" value="0" />
              </properties>
              <output><![CDATA[[PASS] Cousins routing reaches cousin nodes correctly
]]></output>
            </test-case>
            <test-case id="1009" name="CustomFilter_WithoutPredicate_Blocked" fullname="MercuryMessaging.Tests.AdvancedRoutingTests.CustomFilter_WithoutPredicate_Blocked" methodname="CustomFilter_WithoutPredicate_Blocked" classname="MercuryMessaging.Tests.AdvancedRoutingTests" runstate="Runnable" seed="455797929" result="Passed" start-time="2025-11-25 17:51:34Z" end-time="2025-11-25 17:51:34Z" duration="0.139351" asserts="0">
              <properties>
                <property name="_JOINTYPE" value="UnityCombinatorial" />
                <property name="retryIteration" value="0" />
                <property name="repeatIteration" value="0" />
              </properties>
              <output><![CDATA[[PASS] Custom filter blocked without predicate
]]></output>
            </test-case>
            <test-case id="1008" name="CustomFilter_WithPredicate_FiltersCorrectly" fullname="MercuryMessaging.Tests.AdvancedRoutingTests.CustomFilter_WithPredicate_FiltersCorrectly" methodname="CustomFilter_WithPredicate_FiltersCorrectly" classname="MercuryMessaging.Tests.AdvancedRoutingTests" runstate="Runnable" seed="104274197" result="Passed" start-time="2025-11-25 17:51:34Z" end-time="2025-11-25 17:51:34Z" duration="0.141307" asserts="0">
              <properties>
                <property name="_JOINTYPE" value="UnityCombinatorial" />
                <property name="retryIteration" value="0" />
                <property name="repeatIteration" value="0" />
              </properties>
              <output><![CDATA[[PASS] Custom filter applies predicate correctly
]]></output>
            </test-case>
            <test-case id="1006" name="DescendantsRouting_PreventsCircularLoops" fullname="MercuryMessaging.Tests.AdvancedRoutingTests.DescendantsRouting_PreventsCircularLoops" methodname="DescendantsRouting_PreventsCircularLoops" classname="MercuryMessaging.Tests.AdvancedRoutingTests" runstate="Runnable" seed="963552242" result="Passed" start-time="2025-11-25 17:51:34Z" end-time="2025-11-25 17:51:34Z" duration="0.139584" asserts="0">
              <properties>
                <property name="_JOINTYPE" value="UnityCombinatorial" />
                <property name="retryIteration" value="0" />
                <property name="repeatIteration" value="0" />
              </properties>
              <output><![CDATA[[PASS] Descendants routing handles multiple sends correctly
]]></output>
            </test-case>
            <test-case id="1005" name="DescendantsRouting_ReachesAllChildren" fullname="MercuryMessaging.Tests.AdvancedRoutingTests.DescendantsRouting_ReachesAllChildren" methodname="DescendantsRouting_ReachesAllChildren" classname="MercuryMessaging.Tests.AdvancedRoutingTests" runstate="Runnable" seed="991451994" result="Passed" start-time="2025-11-25 17:51:34Z" end-time="2025-11-25 17:51:34Z" duration="0.141273" asserts="0">
              <properties>
                <property name="_JOINTYPE" value="UnityCombinatorial" />
                <property name="retryIteration" value="0" />
                <property name="repeatIteration" value="0" />
              </properties>
              <output><![CDATA[[PASS] Descendants routing reaches all descendant nodes
]]></output>
            </test-case>
            <test-case id="1002" name="SiblingsRouting_WithLateralEnabled_ReachesSiblings" fullname="MercuryMessaging.Tests.AdvancedRoutingTests.SiblingsRouting_WithLateralEnabled_ReachesSiblings" methodname="SiblingsRouting_WithLateralEnabled_ReachesSiblings" classname="MercuryMessaging.Tests.AdvancedRoutingTests" runstate="Runnable" seed="753040230" result="Passed" start-time="2025-11-25 17:51:34Z" end-time="2025-11-25 17:51:35Z" duration="0.137706" asserts="0">
              <properties>
                <property name="_JOINTYPE" value="UnityCombinatorial" />
                <property name="retryIteration" value="0" />
                <property name="repeatIteration" value="0" />
              </properties>
              <output><![CDATA[[PASS] Siblings routing reaches sibling nodes correctly
]]></output>
            </test-case>
            <test-case id="1003" name="SiblingsRouting_WithoutLateralEnabled_Blocked" fullname="MercuryMessaging.Tests.AdvancedRoutingTests.SiblingsRouting_WithoutLateralEnabled_Blocked" methodname="SiblingsRouting_WithoutLateralEnabled_Blocked" classname="MercuryMessaging.Tests.AdvancedRoutingTests" runstate="Runnable" seed="654004121" result="Passed" start-time="2025-11-25 17:51:35Z" end-time="2025-11-25 17:51:35Z" duration="0.131802" asserts="0">
              <properties>
                <property name="_JOINTYPE" value="UnityCombinatorial" />
                <property name="retryIteration" value="0" />
                <property name="repeatIteration" value="0" />
              </properties>
              <output><![CDATA[[PASS] Siblings routing blocked without lateral routing enabled
]]></output>
            </test-case>
          </test-suite>
          <test-suite type="TestFixture" id="1011" name="AppStateBuilderTests" fullname="MercuryMessaging.Tests.AppStateBuilderTests" classname="MercuryMessaging.Tests.AppStateBuilderTests" runstate="Runnable" testcasecount="14" result="Failed" site="Child" start-time="2025-11-25 17:51:35Z" end-time="2025-11-25 17:51:35Z" duration="0.039835" total="14" passed="4" failed="10" inconclusive="0" skipped="0" asserts="0">
            <properties />
            <failure>
              <message><![CDATA[One or more child tests had errors]]></message>
            </failure>
            <test-case id="1015" name="ChainedDefinition_Works" fullname="MercuryMessaging.Tests.AppStateBuilderTests.ChainedDefinition_Works" methodname="ChainedDefinition_Works" classname="MercuryMessaging.Tests.AppStateBuilderTests" runstate="Runnable" seed="980330023" result="Passed" start-time="2025-11-25 17:51:35Z" end-time="2025-11-25 17:51:35Z" duration="0.009918" asserts="0">
              <properties>
                <property name="retryIteration" value="0" />
                <property name="repeatIteration" value="0" />
              </properties>
              <output><![CDATA[[AppStateBuilder] State 'State1' not found in routing table
[AppStateBuilder] State 'State2' not found in routing table
]]></output>
            </test-case>
            <test-case id="1012" name="Configure_ReturnsBuilder" fullname="MercuryMessaging.Tests.AppStateBuilderTests.Configure_ReturnsBuilder" methodname="Configure_ReturnsBuilder" classname="MercuryMessaging.Tests.AppStateBuilderTests" runstate="Runnable" seed="1198877390" result="Passed" start-time="2025-11-25 17:51:35Z" end-time="2025-11-25 17:51:35Z" duration="0.000449" asserts="0">
              <properties>
                <property name="retryIteration" value="0" />
                <property name="repeatIteration" value="0" />
              </properties>
            </test-case>
            <test-case id="1013" name="ConfigureStates_ReturnsBuilder" fullname="MercuryMessaging.Tests.AppStateBuilderTests.ConfigureStates_ReturnsBuilder" methodname="ConfigureStates_ReturnsBuilder" classname="MercuryMessaging.Tests.AppStateBuilderTests" runstate="Runnable" seed="1910917457" result="Passed" start-time="2025-11-25 17:51:35Z" end-time="2025-11-25 17:51:35Z" duration="0.000898" asserts="0">
              <properties>
                <property name="retryIteration" value="0" />
                <property name="repeatIteration" value="0" />
              </properties>
            </test-case>
            <test-case id="1014" name="DefineState_ReturnsBuilder" fullname="MercuryMessaging.Tests.AppStateBuilderTests.DefineState_ReturnsBuilder" methodname="DefineState_ReturnsBuilder" classname="MercuryMessaging.Tests.AppStateBuilderTests" runstate="Runnable" seed="1413037574" result="Passed" start-time="2025-11-25 17:51:35Z" end-time="2025-11-25 17:51:35Z" duration="0.000575" asserts="0">
              <properties>
                <property name="retryIteration" value="0" />
                <property name="repeatIteration" value="0" />
              </properties>
            </test-case>
            <test-case id="1023" name="GetCurrentStateName_ReturnsStateName" fullname="MercuryMessaging.Tests.AppStateBuilderTests.GetCurrentStateName_ReturnsStateName" methodname="GetCurrentStateName_ReturnsStateName" classname="MercuryMessaging.Tests.AppStateBuilderTests" runstate="Runnable" seed="1501696416" result="Failed" label="Error" start-time="2025-11-25 17:51:35Z" end-time="2025-11-25 17:51:35Z" duration="0.006325" asserts="0">
              <properties>
                <property name="retryIteration" value="0" />
                <property name="repeatIteration" value="0" />
              </properties>
              <failure>
                <message><![CDATA[System.NullReferenceException : Object reference not set to an instance of an object]]></message>
                <stack-trace><![CDATA[  at MercuryMessaging.Support.FiniteStateMachine.FiniteStateMachine`1[T].JumpTo (T newState) [0x00000] in C:\Users\yangb\Research\MercuryMessaging\Assets\MercuryMessaging\Support\FiniteStateMachine\FiniteStateMachine.cs:111 
  at MercuryMessaging.MmRelaySwitchNode.JumpTo (System.String newState) [0x00000] in C:\Users\yangb\Research\MercuryMessaging\Assets\MercuryMessaging\Protocol\MmRelaySwitchNode.cs:117 
  at MercuryMessaging.Protocol.DSL.AppStateBuilder.Build () [0x001b0] in C:\Users\yangb\Research\MercuryMessaging\Assets\MercuryMessaging\Protocol\DSL\AppStateBuilder.cs:237 
  at MercuryMessaging.Tests.AppStateBuilderTests.GetCurrentStateName_ReturnsStateName () [0x00000] in C:\Users\yangb\Research\MercuryMessaging\Assets\MercuryMessaging\Tests\AppStateBuilderTests.cs:218 
  at (wrapper managed-to-native) System.Reflection.RuntimeMethodInfo.InternalInvoke(System.Reflection.RuntimeMethodInfo,object,object[],System.Exception&)
  at System.Reflection.RuntimeMethodInfo.Invoke (System.Object obj, System.Reflection.BindingFlags invokeAttr, System.Reflection.Binder binder, System.Object[] parameters, System.Globalization.CultureInfo culture) [0x0006a] in <bed9669261d44da0a59448ecde2b1a5c>:0 ]]></stack-trace>
              </failure>
              <output><![CDATA[[AppStateBuilder] State 'State1' not found in routing table
]]></output>
            </test-case>
            <test-case id="1024" name="GetPreviousStateName_ReturnsPreviousStateName" fullname="MercuryMessaging.Tests.AppStateBuilderTests.GetPreviousStateName_ReturnsPreviousStateName" methodname="GetPreviousStateName_ReturnsPreviousStateName" classname="MercuryMessaging.Tests.AppStateBuilderTests" runstate="Runnable" seed="1885718435" result="Failed" label="Error" start-time="2025-11-25 17:51:35Z" end-time="2025-11-25 17:51:35Z" duration="0.001858" asserts="0">
              <properties>
                <property name="retryIteration" value="0" />
                <property name="repeatIteration" value="0" />
              </properties>
              <failure>
                <message><![CDATA[System.NullReferenceException : Object reference not set to an instance of an object]]></message>
                <stack-trace><![CDATA[  at MercuryMessaging.Support.FiniteStateMachine.FiniteStateMachine`1[T].JumpTo (T newState) [0x00000] in C:\Users\yangb\Research\MercuryMessaging\Assets\MercuryMessaging\Support\FiniteStateMachine\FiniteStateMachine.cs:111 
  at MercuryMessaging.MmRelaySwitchNode.JumpTo (System.String newState) [0x00000] in C:\Users\yangb\Research\MercuryMessaging\Assets\MercuryMessaging\Protocol\MmRelaySwitchNode.cs:117 
  at MercuryMessaging.Protocol.DSL.AppStateBuilder.Build () [0x001b0] in C:\Users\yangb\Research\MercuryMessaging\Assets\MercuryMessaging\Protocol\DSL\AppStateBuilder.cs:237 
  at MercuryMessaging.Tests.AppStateBuilderTests.GetPreviousStateName_ReturnsPreviousStateName () [0x00000] in C:\Users\yangb\Research\MercuryMessaging\Assets\MercuryMessaging\Tests\AppStateBuilderTests.cs:229 
  at (wrapper managed-to-native) System.Reflection.RuntimeMethodInfo.InternalInvoke(System.Reflection.RuntimeMethodInfo,object,object[],System.Exception&)
  at System.Reflection.RuntimeMethodInfo.Invoke (System.Object obj, System.Reflection.BindingFlags invokeAttr, System.Reflection.Binder binder, System.Object[] parameters, System.Globalization.CultureInfo culture) [0x0006a] in <bed9669261d44da0a59448ecde2b1a5c>:0 ]]></stack-trace>
              </failure>
              <output><![CDATA[[AppStateBuilder] State 'State1' not found in routing table
[AppStateBuilder] State 'State2' not found in routing table
]]></output>
            </test-case>
            <test-case id="1021" name="GoBack_ReturnsToPreviousState" fullname="MercuryMessaging.Tests.AppStateBuilderTests.GoBack_ReturnsToPreviousState" methodname="GoBack_ReturnsToPreviousState" classname="MercuryMessaging.Tests.AppStateBuilderTests" runstate="Runnable" seed="886680214" result="Failed" label="Error" start-time="2025-11-25 17:51:35Z" end-time="2025-11-25 17:51:35Z" duration="0.001426" asserts="0">
              <properties>
                <property name="retryIteration" value="0" />
                <property name="repeatIteration" value="0" />
              </properties>
              <failure>
                <message><![CDATA[System.NullReferenceException : Object reference not set to an instance of an object]]></message>
                <stack-trace><![CDATA[  at MercuryMessaging.Support.FiniteStateMachine.FiniteStateMachine`1[T].JumpTo (T newState) [0x00000] in C:\Users\yangb\Research\MercuryMessaging\Assets\MercuryMessaging\Support\FiniteStateMachine\FiniteStateMachine.cs:111 
  at MercuryMessaging.MmRelaySwitchNode.JumpTo (System.String newState) [0x00000] in C:\Users\yangb\Research\MercuryMessaging\Assets\MercuryMessaging\Protocol\MmRelaySwitchNode.cs:117 
  at MercuryMessaging.Protocol.DSL.AppStateBuilder.Build () [0x001b0] in C:\Users\yangb\Research\MercuryMessaging\Assets\MercuryMessaging\Protocol\DSL\AppStateBuilder.cs:237 
  at MercuryMessaging.Tests.AppStateBuilderTests.GoBack_ReturnsToPreviousState () [0x00000] in C:\Users\yangb\Research\MercuryMessaging\Assets\MercuryMessaging\Tests\AppStateBuilderTests.cs:187 
  at (wrapper managed-to-native) System.Reflection.RuntimeMethodInfo.InternalInvoke(System.Reflection.RuntimeMethodInfo,object,object[],System.Exception&)
  at System.Reflection.RuntimeMethodInfo.Invoke (System.Object obj, System.Reflection.BindingFlags invokeAttr, System.Reflection.Binder binder, System.Object[] parameters, System.Globalization.CultureInfo culture) [0x0006a] in <bed9669261d44da0a59448ecde2b1a5c>:0 ]]></stack-trace>
              </failure>
              <output><![CDATA[[AppStateBuilder] State 'State1' not found in routing table
[AppStateBuilder] State 'State2' not found in routing table
]]></output>
            </test-case>
            <test-case id="1020" name="GoTo_ChangesState" fullname="MercuryMessaging.Tests.AppStateBuilderTests.GoTo_ChangesState" methodname="GoTo_ChangesState" classname="MercuryMessaging.Tests.AppStateBuilderTests" runstate="Runnable" seed="852692686" result="Failed" label="Error" start-time="2025-11-25 17:51:35Z" end-time="2025-11-25 17:51:35Z" duration="0.001593" asserts="0">
              <properties>
                <property name="retryIteration" value="0" />
                <property name="repeatIteration" value="0" />
              </properties>
              <failure>
                <message><![CDATA[System.NullReferenceException : Object reference not set to an instance of an object]]></message>
                <stack-trace><![CDATA[  at MercuryMessaging.Support.FiniteStateMachine.FiniteStateMachine`1[T].JumpTo (T newState) [0x00000] in C:\Users\yangb\Research\MercuryMessaging\Assets\MercuryMessaging\Support\FiniteStateMachine\FiniteStateMachine.cs:111 
  at MercuryMessaging.MmRelaySwitchNode.JumpTo (System.String newState) [0x00000] in C:\Users\yangb\Research\MercuryMessaging\Assets\MercuryMessaging\Protocol\MmRelaySwitchNode.cs:117 
  at MercuryMessaging.Protocol.DSL.AppStateBuilder.Build () [0x001b0] in C:\Users\yangb\Research\MercuryMessaging\Assets\MercuryMessaging\Protocol\DSL\AppStateBuilder.cs:237 
  at MercuryMessaging.Tests.AppStateBuilderTests.GoTo_ChangesState () [0x00000] in C:\Users\yangb\Research\MercuryMessaging\Assets\MercuryMessaging\Tests\AppStateBuilderTests.cs:173 
  at (wrapper managed-to-native) System.Reflection.RuntimeMethodInfo.InternalInvoke(System.Reflection.RuntimeMethodInfo,object,object[],System.Exception&)
  at System.Reflection.RuntimeMethodInfo.Invoke (System.Object obj, System.Reflection.BindingFlags invokeAttr, System.Reflection.Binder binder, System.Object[] parameters, System.Globalization.CultureInfo culture) [0x0006a] in <bed9669261d44da0a59448ecde2b1a5c>:0 ]]></stack-trace>
              </failure>
              <output><![CDATA[[AppStateBuilder] State 'State1' not found in routing table
[AppStateBuilder] State 'State2' not found in routing table
]]></output>
            </test-case>
            <test-case id="1025" name="HasPreviousState_ReturnsTrueAfterTransition" fullname="MercuryMessaging.Tests.AppStateBuilderTests.HasPreviousState_ReturnsTrueAfterTransition" methodname="HasPreviousState_ReturnsTrueAfterTransition" classname="MercuryMessaging.Tests.AppStateBuilderTests" runstate="Runnable" seed="544093138" result="Failed" label="Error" start-time="2025-11-25 17:51:35Z" end-time="2025-11-25 17:51:35Z" duration="0.001346" asserts="0">
              <properties>
                <property name="retryIteration" value="0" />
                <property name="repeatIteration" value="0" />
              </properties>
              <failure>
                <message><![CDATA[System.NullReferenceException : Object reference not set to an instance of an object]]></message>
                <stack-trace><![CDATA[  at MercuryMessaging.Support.FiniteStateMachine.FiniteStateMachine`1[T].JumpTo (T newState) [0x00000] in C:\Users\yangb\Research\MercuryMessaging\Assets\MercuryMessaging\Support\FiniteStateMachine\FiniteStateMachine.cs:111 
  at MercuryMessaging.MmRelaySwitchNode.JumpTo (System.String newState) [0x00000] in C:\Users\yangb\Research\MercuryMessaging\Assets\MercuryMessaging\Protocol\MmRelaySwitchNode.cs:117 
  at MercuryMessaging.Protocol.DSL.AppStateBuilder.Build () [0x001b0] in C:\Users\yangb\Research\MercuryMessaging\Assets\MercuryMessaging\Protocol\DSL\AppStateBuilder.cs:237 
  at MercuryMessaging.Tests.AppStateBuilderTests.HasPreviousState_ReturnsTrueAfterTransition () [0x00000] in C:\Users\yangb\Research\MercuryMessaging\Assets\MercuryMessaging\Tests\AppStateBuilderTests.cs:243 
  at (wrapper managed-to-native) System.Reflection.RuntimeMethodInfo.InternalInvoke(System.Reflection.RuntimeMethodInfo,object,object[],System.Exception&)
  at System.Reflection.RuntimeMethodInfo.Invoke (System.Object obj, System.Reflection.BindingFlags invokeAttr, System.Reflection.Binder binder, System.Object[] parameters, System.Globalization.CultureInfo culture) [0x0006a] in <bed9669261d44da0a59448ecde2b1a5c>:0 ]]></stack-trace>
              </failure>
              <output><![CDATA[[AppStateBuilder] State 'State1' not found in routing table
[AppStateBuilder] State 'State2' not found in routing table
]]></output>
            </test-case>
            <test-case id="1022" name="IsInState_ReturnsCorrectValue" fullname="MercuryMessaging.Tests.AppStateBuilderTests.IsInState_ReturnsCorrectValue" methodname="IsInState_ReturnsCorrectValue" classname="MercuryMessaging.Tests.AppStateBuilderTests" runstate="Runnable" seed="581688169" result="Failed" label="Error" start-time="2025-11-25 17:51:35Z" end-time="2025-11-25 17:51:35Z" duration="0.001263" asserts="0">
              <properties>
                <property name="retryIteration" value="0" />
                <property name="repeatIteration" value="0" />
              </properties>
              <failure>
                <message><![CDATA[System.NullReferenceException : Object reference not set to an instance of an object]]></message>
                <stack-trace><![CDATA[  at MercuryMessaging.Support.FiniteStateMachine.FiniteStateMachine`1[T].JumpTo (T newState) [0x00000] in C:\Users\yangb\Research\MercuryMessaging\Assets\MercuryMessaging\Support\FiniteStateMachine\FiniteStateMachine.cs:111 
  at MercuryMessaging.MmRelaySwitchNode.JumpTo (System.String newState) [0x00000] in C:\Users\yangb\Research\MercuryMessaging\Assets\MercuryMessaging\Protocol\MmRelaySwitchNode.cs:117 
  at MercuryMessaging.Protocol.DSL.AppStateBuilder.Build () [0x001b0] in C:\Users\yangb\Research\MercuryMessaging\Assets\MercuryMessaging\Protocol\DSL\AppStateBuilder.cs:237 
  at MercuryMessaging.Tests.AppStateBuilderTests.IsInState_ReturnsCorrectValue () [0x00000] in C:\Users\yangb\Research\MercuryMessaging\Assets\MercuryMessaging\Tests\AppStateBuilderTests.cs:202 
  at (wrapper managed-to-native) System.Reflection.RuntimeMethodInfo.InternalInvoke(System.Reflection.RuntimeMethodInfo,object,object[],System.Exception&)
  at System.Reflection.RuntimeMethodInfo.Invoke (System.Object obj, System.Reflection.BindingFlags invokeAttr, System.Reflection.Binder binder, System.Object[] parameters, System.Globalization.CultureInfo culture) [0x0006a] in <bed9669261d44da0a59448ecde2b1a5c>:0 ]]></stack-trace>
              </failure>
              <output><![CDATA[[AppStateBuilder] State 'State1' not found in routing table
]]></output>
            </test-case>
            <test-case id="1019" name="OnAnyStateEnter_CalledForAllStates" fullname="MercuryMessaging.Tests.AppStateBuilderTests.OnAnyStateEnter_CalledForAllStates" methodname="OnAnyStateEnter_CalledForAllStates" classname="MercuryMessaging.Tests.AppStateBuilderTests" runstate="Runnable" seed="178239734" result="Failed" label="Error" start-time="2025-11-25 17:51:35Z" end-time="2025-11-25 17:51:35Z" duration="0.001446" asserts="0">
              <properties>
                <property name="retryIteration" value="0" />
                <property name="repeatIteration" value="0" />
              </properties>
              <failure>
                <message><![CDATA[System.NullReferenceException : Object reference not set to an instance of an object]]></message>
                <stack-trace><![CDATA[  at MercuryMessaging.Support.FiniteStateMachine.FiniteStateMachine`1[T].JumpTo (T newState) [0x00000] in C:\Users\yangb\Research\MercuryMessaging\Assets\MercuryMessaging\Support\FiniteStateMachine\FiniteStateMachine.cs:111 
  at MercuryMessaging.MmRelaySwitchNode.JumpTo (System.String newState) [0x00000] in C:\Users\yangb\Research\MercuryMessaging\Assets\MercuryMessaging\Protocol\MmRelaySwitchNode.cs:117 
  at MercuryMessaging.Protocol.DSL.AppStateBuilder.Build () [0x001b0] in C:\Users\yangb\Research\MercuryMessaging\Assets\MercuryMessaging\Protocol\DSL\AppStateBuilder.cs:237 
  at MercuryMessaging.Tests.AppStateBuilderTests.OnAnyStateEnter_CalledForAllStates () [0x0000d] in C:\Users\yangb\Research\MercuryMessaging\Assets\MercuryMessaging\Tests\AppStateBuilderTests.cs:154 
  at (wrapper managed-to-native) System.Reflection.RuntimeMethodInfo.InternalInvoke(System.Reflection.RuntimeMethodInfo,object,object[],System.Exception&)
  at System.Reflection.RuntimeMethodInfo.Invoke (System.Object obj, System.Reflection.BindingFlags invokeAttr, System.Reflection.Binder binder, System.Object[] parameters, System.Globalization.CultureInfo culture) [0x0006a] in <bed9669261d44da0a59448ecde2b1a5c>:0 ]]></stack-trace>
              </failure>
              <output><![CDATA[[AppStateBuilder] State 'State1' not found in routing table
[AppStateBuilder] State 'State2' not found in routing table
]]></output>
            </test-case>
            <test-case id="1016" name="OnEnter_CallbackInvoked" fullname="MercuryMessaging.Tests.AppStateBuilderTests.OnEnter_CallbackInvoked" methodname="OnEnter_CallbackInvoked" classname="MercuryMessaging.Tests.AppStateBuilderTests" runstate="Runnable" seed="1128299522" result="Failed" label="Error" start-time="2025-11-25 17:51:35Z" end-time="2025-11-25 17:51:35Z" duration="0.001108" asserts="0">
              <properties>
                <property name="retryIteration" value="0" />
                <property name="repeatIteration" value="0" />
              </properties>
              <failure>
                <message><![CDATA[System.NullReferenceException : Object reference not set to an instance of an object]]></message>
                <stack-trace><![CDATA[  at MercuryMessaging.Support.FiniteStateMachine.FiniteStateMachine`1[T].JumpTo (T newState) [0x00000] in C:\Users\yangb\Research\MercuryMessaging\Assets\MercuryMessaging\Support\FiniteStateMachine\FiniteStateMachine.cs:111 
  at MercuryMessaging.MmRelaySwitchNode.JumpTo (System.String newState) [0x00000] in C:\Users\yangb\Research\MercuryMessaging\Assets\MercuryMessaging\Protocol\MmRelaySwitchNode.cs:117 
  at MercuryMessaging.Protocol.DSL.AppStateBuilder.Build () [0x001b0] in C:\Users\yangb\Research\MercuryMessaging\Assets\MercuryMessaging\Protocol\DSL\AppStateBuilder.cs:237 
  at MercuryMessaging.Tests.AppStateBuilderTests.OnEnter_CallbackInvoked () [0x0000d] in C:\Users\yangb\Research\MercuryMessaging\Assets\MercuryMessaging\Tests\AppStateBuilderTests.cs:104 
  at (wrapper managed-to-native) System.Reflection.RuntimeMethodInfo.InternalInvoke(System.Reflection.RuntimeMethodInfo,object,object[],System.Exception&)
  at System.Reflection.RuntimeMethodInfo.Invoke (System.Object obj, System.Reflection.BindingFlags invokeAttr, System.Reflection.Binder binder, System.Object[] parameters, System.Globalization.CultureInfo culture) [0x0006a] in <bed9669261d44da0a59448ecde2b1a5c>:0 ]]></stack-trace>
              </failure>
              <output><![CDATA[[AppStateBuilder] State 'State1' not found in routing table
]]></output>
            </test-case>
            <test-case id="1017" name="OnExit_CallbackInvoked" fullname="MercuryMessaging.Tests.AppStateBuilderTests.OnExit_CallbackInvoked" methodname="OnExit_CallbackInvoked" classname="MercuryMessaging.Tests.AppStateBuilderTests" runstate="Runnable" seed="1960412644" result="Failed" label="Error" start-time="2025-11-25 17:51:35Z" end-time="2025-11-25 17:51:35Z" duration="0.001672" asserts="0">
              <properties>
                <property name="retryIteration" value="0" />
                <property name="repeatIteration" value="0" />
              </properties>
              <failure>
                <message><![CDATA[System.NullReferenceException : Object reference not set to an instance of an object]]></message>
                <stack-trace><![CDATA[  at MercuryMessaging.Support.FiniteStateMachine.FiniteStateMachine`1[T].JumpTo (T newState) [0x00000] in C:\Users\yangb\Research\MercuryMessaging\Assets\MercuryMessaging\Support\FiniteStateMachine\FiniteStateMachine.cs:111 
  at MercuryMessaging.MmRelaySwitchNode.JumpTo (System.String newState) [0x00000] in C:\Users\yangb\Research\MercuryMessaging\Assets\MercuryMessaging\Protocol\MmRelaySwitchNode.cs:117 
  at MercuryMessaging.Protocol.DSL.AppStateBuilder.Build () [0x001b0] in C:\Users\yangb\Research\MercuryMessaging\Assets\MercuryMessaging\Protocol\DSL\AppStateBuilder.cs:237 
  at MercuryMessaging.Tests.AppStateBuilderTests.OnExit_CallbackInvoked () [0x0000d] in C:\Users\yangb\Research\MercuryMessaging\Assets\MercuryMessaging\Tests\AppStateBuilderTests.cs:118 
  at (wrapper managed-to-native) System.Reflection.RuntimeMethodInfo.InternalInvoke(System.Reflection.RuntimeMethodInfo,object,object[],System.Exception&)
  at System.Reflection.RuntimeMethodInfo.Invoke (System.Object obj, System.Reflection.BindingFlags invokeAttr, System.Reflection.Binder binder, System.Object[] parameters, System.Globalization.CultureInfo culture) [0x0006a] in <bed9669261d44da0a59448ecde2b1a5c>:0 ]]></stack-trace>
              </failure>
              <output><![CDATA[[AppStateBuilder] State 'State1' not found in routing table
[AppStateBuilder] State 'State2' not found in routing table
]]></output>
            </test-case>
            <test-case id="1018" name="OnTransition_SetsBothCallbacks" fullname="MercuryMessaging.Tests.AppStateBuilderTests.OnTransition_SetsBothCallbacks" methodname="OnTransition_SetsBothCallbacks" classname="MercuryMessaging.Tests.AppStateBuilderTests" runstate="Runnable" seed="269637423" result="Failed" label="Error" start-time="2025-11-25 17:51:35Z" end-time="2025-11-25 17:51:35Z" duration="0.001370" asserts="0">
              <properties>
                <property name="retryIteration" value="0" />
                <property name="repeatIteration" value="0" />
              </properties>
              <failure>
                <message><![CDATA[System.NullReferenceException : Object reference not set to an instance of an object]]></message>
                <stack-trace><![CDATA[  at MercuryMessaging.Support.FiniteStateMachine.FiniteStateMachine`1[T].JumpTo (T newState) [0x00000] in C:\Users\yangb\Research\MercuryMessaging\Assets\MercuryMessaging\Support\FiniteStateMachine\FiniteStateMachine.cs:111 
  at MercuryMessaging.MmRelaySwitchNode.JumpTo (System.String newState) [0x00000] in C:\Users\yangb\Research\MercuryMessaging\Assets\MercuryMessaging\Protocol\MmRelaySwitchNode.cs:117 
  at MercuryMessaging.Protocol.DSL.AppStateBuilder.Build () [0x001b0] in C:\Users\yangb\Research\MercuryMessaging\Assets\MercuryMessaging\Protocol\DSL\AppStateBuilder.cs:237 
  at MercuryMessaging.Tests.AppStateBuilderTests.OnTransition_SetsBothCallbacks () [0x00014] in C:\Users\yangb\Research\MercuryMessaging\Assets\MercuryMessaging\Tests\AppStateBuilderTests.cs:136 
  at (wrapper managed-to-native) System.Reflection.RuntimeMethodInfo.InternalInvoke(System.Reflection.RuntimeMethodInfo,object,object[],System.Exception&)
  at System.Reflection.RuntimeMethodInfo.Invoke (System.Object obj, System.Reflection.BindingFlags invokeAttr, System.Reflection.Binder binder, System.Object[] parameters, System.Globalization.CultureInfo culture) [0x0006a] in <bed9669261d44da0a59448ecde2b1a5c>:0 ]]></stack-trace>
              </failure>
              <output><![CDATA[[AppStateBuilder] State 'State1' not found in routing table
[AppStateBuilder] State 'State2' not found in routing table
]]></output>
            </test-case>
          </test-suite>
          <test-suite type="TestFixture" id="1060" name="CycleDetectionValidationTests" fullname="MercuryMessaging.Tests.CycleDetectionValidationTests" classname="MercuryMessaging.Tests.CycleDetectionValidationTests" runstate="Runnable" testcasecount="5" result="Passed" start-time="2025-11-25 17:51:35Z" end-time="2025-11-25 17:51:35Z" duration="0.382254" total="5" passed="5" failed="0" inconclusive="0" skipped="0" asserts="0">
            <properties />
            <output><![CDATA[
IgnoreFailingMessages:true
]]></output>
            <test-case id="1063" name="CycleDetection_CanBeDisabled" fullname="MercuryMessaging.Tests.CycleDetectionValidationTests.CycleDetection_CanBeDisabled" methodname="CycleDetection_CanBeDisabled" classname="MercuryMessaging.Tests.CycleDetectionValidationTests" runstate="Runnable" seed="2028950326" result="Passed" start-time="2025-11-25 17:51:35Z" end-time="2025-11-25 17:51:35Z" duration="0.031909" asserts="0">
              <properties>
                <property name="_JOINTYPE" value="UnityCombinatorial" />
                <property name="retryIteration" value="0" />
                <property name="repeatIteration" value="0" />
              </properties>
              <output><![CDATA[[QW-1 PASS] Cycle detection can be toggled via enableCycleDetection flag
]]></output>
            </test-case>
            <test-case id="1065" name="CycleDetection_IndependentMessageTracking" fullname="MercuryMessaging.Tests.CycleDetectionValidationTests.CycleDetection_IndependentMessageTracking" methodname="CycleDetection_IndependentMessageTracking" classname="MercuryMessaging.Tests.CycleDetectionValidationTests" runstate="Runnable" seed="1662573636" result="Passed" start-time="2025-11-25 17:51:35Z" end-time="2025-11-25 17:51:35Z" duration="0.030253" asserts="0">
              <properties>
                <property name="_JOINTYPE" value="UnityCombinatorial" />
                <property name="retryIteration" value="0" />
                <property name="repeatIteration" value="0" />
              </properties>
              <output><![CDATA[[QW-1 PASS] Different messages have independent cycle tracking
]]></output>
            </test-case>
            <test-case id="1061" name="CycleDetection_InfrastructureExists" fullname="MercuryMessaging.Tests.CycleDetectionValidationTests.CycleDetection_InfrastructureExists" methodname="CycleDetection_InfrastructureExists" classname="MercuryMessaging.Tests.CycleDetectionValidationTests" runstate="Runnable" seed="1905578661" result="Passed" start-time="2025-11-25 17:51:35Z" end-time="2025-11-25 17:51:35Z" duration="0.137445" asserts="0">
              <properties>
                <property name="_JOINTYPE" value="UnityCombinatorial" />
                <property name="retryIteration" value="0" />
                <property name="repeatIteration" value="0" />
              </properties>
              <output><![CDATA[[QW-1 PASS] Cycle detection infrastructure working, tracked 1 visits
]]></output>
            </test-case>
            <test-case id="1062" name="CycleDetection_PreventsRevisits" fullname="MercuryMessaging.Tests.CycleDetectionValidationTests.CycleDetection_PreventsRevisits" methodname="CycleDetection_PreventsRevisits" classname="MercuryMessaging.Tests.CycleDetectionValidationTests" runstate="Runnable" seed="590139598" result="Passed" start-time="2025-11-25 17:51:35Z" end-time="2025-11-25 17:51:35Z" duration="0.039626" asserts="0">
              <properties>
                <property name="_JOINTYPE" value="UnityCombinatorial" />
                <property name="retryIteration" value="0" />
                <property name="repeatIteration" value="0" />
              </properties>
              <output><![CDATA[[QW-1 PASS] Cycle detection prevents message re-entry
]]></output>
            </test-case>
            <test-case id="1064" name="CycleDetection_TracksMultipleNodes" fullname="MercuryMessaging.Tests.CycleDetectionValidationTests.CycleDetection_TracksMultipleNodes" methodname="CycleDetection_TracksMultipleNodes" classname="MercuryMessaging.Tests.CycleDetectionValidationTests" runstate="Runnable" seed="554210343" result="Passed" start-time="2025-11-25 17:51:35Z" end-time="2025-11-25 17:51:35Z" duration="0.134172" asserts="0">
              <properties>
                <property name="_JOINTYPE" value="UnityCombinatorial" />
                <property name="retryIteration" value="0" />
                <property name="repeatIteration" value="0" />
              </properties>
              <output><![CDATA[[QW-1 PASS] Tracked 5 nodes in 5-node chain
]]></output>
            </test-case>
          </test-suite>
          <test-suite type="TestFixture" id="1066" name="DataCollectionBuilderTests" fullname="MercuryMessaging.Tests.DataCollectionBuilderTests" classname="MercuryMessaging.Tests.DataCollectionBuilderTests" runstate="Runnable" testcasecount="15" result="Passed" start-time="2025-11-25 17:51:35Z" end-time="2025-11-25 17:51:35Z" duration="0.020750" total="15" passed="15" failed="0" inconclusive="0" skipped="0" asserts="0">
            <properties />
            <test-case id="1076" name="AddData_AddsItem" fullname="MercuryMessaging.Tests.DataCollectionBuilderTests.AddData_AddsItem" methodname="AddData_AddsItem" classname="MercuryMessaging.Tests.DataCollectionBuilderTests" runstate="Runnable" seed="644180283" result="Passed" start-time="2025-11-25 17:51:35Z" end-time="2025-11-25 17:51:35Z" duration="0.002312" asserts="0">
              <properties>
                <property name="retryIteration" value="0" />
                <property name="repeatIteration" value="0" />
              </properties>
              <reason>
                <message><![CDATA[AddData completed successfully]]></message>
              </reason>
            </test-case>
            <test-case id="1073" name="ChainedConfiguration_Works" fullname="MercuryMessaging.Tests.DataCollectionBuilderTests.ChainedConfiguration_Works" methodname="ChainedConfiguration_Works" classname="MercuryMessaging.Tests.DataCollectionBuilderTests" runstate="Runnable" seed="1024664860" result="Passed" start-time="2025-11-25 17:51:35Z" end-time="2025-11-25 17:51:35Z" duration="0.003839" asserts="0">
              <properties>
                <property name="retryIteration" value="0" />
                <property name="repeatIteration" value="0" />
              </properties>
            </test-case>
            <test-case id="1072" name="Collect_AddsDataItem" fullname="MercuryMessaging.Tests.DataCollectionBuilderTests.Collect_AddsDataItem" methodname="Collect_AddsDataItem" classname="MercuryMessaging.Tests.DataCollectionBuilderTests" runstate="Runnable" seed="1323241965" result="Passed" start-time="2025-11-25 17:51:35Z" end-time="2025-11-25 17:51:35Z" duration="0.000467" asserts="0">
              <properties>
                <property name="retryIteration" value="0" />
                <property name="repeatIteration" value="0" />
              </properties>
              <reason>
                <message><![CDATA[Data item added successfully]]></message>
              </reason>
            </test-case>
            <test-case id="1067" name="Configure_ReturnsBuilder" fullname="MercuryMessaging.Tests.DataCollectionBuilderTests.Configure_ReturnsBuilder" methodname="Configure_ReturnsBuilder" classname="MercuryMessaging.Tests.DataCollectionBuilderTests" runstate="Runnable" seed="2044955112" result="Passed" start-time="2025-11-25 17:51:35Z" end-time="2025-11-25 17:51:35Z" duration="0.000279" asserts="0">
              <properties>
                <property name="retryIteration" value="0" />
                <property name="repeatIteration" value="0" />
              </properties>
            </test-case>
            <test-case id="1070" name="EveryFrame_SetsFrequency" fullname="MercuryMessaging.Tests.DataCollectionBuilderTests.EveryFrame_SetsFrequency" methodname="EveryFrame_SetsFrequency" classname="MercuryMessaging.Tests.DataCollectionBuilderTests" runstate="Runnable" seed="1829613222" result="Passed" start-time="2025-11-25 17:51:35Z" end-time="2025-11-25 17:51:35Z" duration="0.000251" asserts="0">
              <properties>
                <property name="retryIteration" value="0" />
                <property name="repeatIteration" value="0" />
              </properties>
            </test-case>
            <test-case id="1077" name="IsRecording_InitiallyFalse" fullname="MercuryMessaging.Tests.DataCollectionBuilderTests.IsRecording_InitiallyFalse" methodname="IsRecording_InitiallyFalse" classname="MercuryMessaging.Tests.DataCollectionBuilderTests" runstate="Runnable" seed="704210966" result="Passed" start-time="2025-11-25 17:51:35Z" end-time="2025-11-25 17:51:35Z" duration="0.000419" asserts="0">
              <properties>
                <property name="retryIteration" value="0" />
                <property name="repeatIteration" value="0" />
              </properties>
            </test-case>
            <test-case id="1071" name="Manually_SetsFrequency" fullname="MercuryMessaging.Tests.DataCollectionBuilderTests.Manually_SetsFrequency" methodname="Manually_SetsFrequency" classname="MercuryMessaging.Tests.DataCollectionBuilderTests" runstate="Runnable" seed="355026175" result="Passed" start-time="2025-11-25 17:51:35Z" end-time="2025-11-25 17:51:35Z" duration="0.000221" asserts="0">
              <properties>
                <property name="retryIteration" value="0" />
                <property name="repeatIteration" value="0" />
              </properties>
            </test-case>
            <test-case id="1068" name="OutputAsCsv_SetsOutputType" fullname="MercuryMessaging.Tests.DataCollectionBuilderTests.OutputAsCsv_SetsOutputType" methodname="OutputAsCsv_SetsOutputType" classname="MercuryMessaging.Tests.DataCollectionBuilderTests" runstate="Runnable" seed="1787616196" result="Passed" start-time="2025-11-25 17:51:35Z" end-time="2025-11-25 17:51:35Z" duration="0.000213" asserts="0">
              <properties>
                <property name="retryIteration" value="0" />
                <property name="repeatIteration" value="0" />
              </properties>
            </test-case>
            <test-case id="1069" name="OutputAsXml_SetsOutputType" fullname="MercuryMessaging.Tests.DataCollectionBuilderTests.OutputAsXml_SetsOutputType" methodname="OutputAsXml_SetsOutputType" classname="MercuryMessaging.Tests.DataCollectionBuilderTests" runstate="Runnable" seed="1829400356" result="Passed" start-time="2025-11-25 17:51:35Z" end-time="2025-11-25 17:51:35Z" duration="0.000245" asserts="0">
              <properties>
                <property name="retryIteration" value="0" />
                <property name="repeatIteration" value="0" />
              </properties>
            </test-case>
            <test-case id="1078" name="PauseRecording_StopsWriting" fullname="MercuryMessaging.Tests.DataCollectionBuilderTests.PauseRecording_StopsWriting" methodname="PauseRecording_StopsWriting" classname="MercuryMessaging.Tests.DataCollectionBuilderTests" runstate="Runnable" seed="514870633" result="Passed" start-time="2025-11-25 17:51:35Z" end-time="2025-11-25 17:51:35Z" duration="0.000194" asserts="0">
              <properties>
                <property name="retryIteration" value="0" />
                <property name="repeatIteration" value="0" />
              </properties>
            </test-case>
            <test-case id="1074" name="QuickCsv_SetsOutputTypeAndFile" fullname="MercuryMessaging.Tests.DataCollectionBuilderTests.QuickCsv_SetsOutputTypeAndFile" methodname="QuickCsv_SetsOutputTypeAndFile" classname="MercuryMessaging.Tests.DataCollectionBuilderTests" runstate="Runnable" seed="1709886700" result="Passed" start-time="2025-11-25 17:51:35Z" end-time="2025-11-25 17:51:35Z" duration="0.000264" asserts="0">
              <properties>
                <property name="retryIteration" value="0" />
                <property name="repeatIteration" value="0" />
              </properties>
            </test-case>
            <test-case id="1075" name="QuickXml_SetsOutputTypeAndFile" fullname="MercuryMessaging.Tests.DataCollectionBuilderTests.QuickXml_SetsOutputTypeAndFile" methodname="QuickXml_SetsOutputTypeAndFile" classname="MercuryMessaging.Tests.DataCollectionBuilderTests" runstate="Runnable" seed="376277254" result="Passed" start-time="2025-11-25 17:51:35Z" end-time="2025-11-25 17:51:35Z" duration="0.000252" asserts="0">
              <properties>
                <property name="retryIteration" value="0" />
                <property name="repeatIteration" value="0" />
              </properties>
            </test-case>
            <test-case id="1079" name="ResumeRecording_AllowsWriting" fullname="MercuryMessaging.Tests.DataCollectionBuilderTests.ResumeRecording_AllowsWriting" methodname="ResumeRecording_AllowsWriting" classname="MercuryMessaging.Tests.DataCollectionBuilderTests" runstate="Runnable" seed="1712045818" result="Passed" start-time="2025-11-25 17:51:35Z" end-time="2025-11-25 17:51:35Z" duration="0.001600" asserts="0">
              <properties>
                <property name="retryIteration" value="0" />
                <property name="repeatIteration" value="0" />
              </properties>
            </test-case>
            <test-case id="1080" name="SetEveryFrame_ChangesFrequency" fullname="MercuryMessaging.Tests.DataCollectionBuilderTests.SetEveryFrame_ChangesFrequency" methodname="SetEveryFrame_ChangesFrequency" classname="MercuryMessaging.Tests.DataCollectionBuilderTests" runstate="Runnable" seed="1497535702" result="Passed" start-time="2025-11-25 17:51:35Z" end-time="2025-11-25 17:51:35Z" duration="0.000196" asserts="0">
              <properties>
                <property name="retryIteration" value="0" />
                <property name="repeatIteration" value="0" />
              </properties>
            </test-case>
            <test-case id="1081" name="SetManual_ChangesFrequency" fullname="MercuryMessaging.Tests.DataCollectionBuilderTests.SetManual_ChangesFrequency" methodname="SetManual_ChangesFrequency" classname="MercuryMessaging.Tests.DataCollectionBuilderTests" runstate="Runnable" seed="1255136020" result="Passed" start-time="2025-11-25 17:51:35Z" end-time="2025-11-25 17:51:35Z" duration="0.000201" asserts="0">
              <properties>
                <property name="retryIteration" value="0" />
                <property name="repeatIteration" value="0" />
              </properties>
            </test-case>
          </test-suite>
          <test-suite type="TestFixture" id="1082" name="FilterCacheValidationTests" fullname="MercuryMessaging.Tests.FilterCacheValidationTests" classname="MercuryMessaging.Tests.FilterCacheValidationTests" runstate="Runnable" testcasecount="12" result="Passed" start-time="2025-11-25 17:51:35Z" end-time="2025-11-25 17:51:35Z" duration="0.027912" total="12" passed="12" failed="0" inconclusive="0" skipped="0" asserts="0">
            <properties />
            <test-case id="1092" name="Test_CacheHandles_EmptyRoutingTable" fullname="MercuryMessaging.Tests.FilterCacheValidationTests.Test_CacheHandles_EmptyRoutingTable" methodname="Test_CacheHandles_EmptyRoutingTable" classname="MercuryMessaging.Tests.FilterCacheValidationTests" runstate="Runnable" seed="1323238054" result="Passed" start-time="2025-11-25 17:51:35Z" end-time="2025-11-25 17:51:35Z" duration="0.004013" asserts="0">
              <properties>
                <property name="retryIteration" value="0" />
                <property name="repeatIteration" value="0" />
              </properties>
            </test-case>
            <test-case id="1091" name="Test_CacheHitRate_Increases" fullname="MercuryMessaging.Tests.FilterCacheValidationTests.Test_CacheHitRate_Increases" methodname="Test_CacheHitRate_Increases" classname="MercuryMessaging.Tests.FilterCacheValidationTests" runstate="Runnable" seed="841034855" result="Passed" start-time="2025-11-25 17:51:35Z" end-time="2025-11-25 17:51:35Z" duration="0.001504" asserts="0">
              <properties>
                <property name="retryIteration" value="0" />
                <property name="repeatIteration" value="0" />
              </properties>
            </test-case>
            <test-case id="1084" name="Test_CacheInvalidation_OnAdd" fullname="MercuryMessaging.Tests.FilterCacheValidationTests.Test_CacheInvalidation_OnAdd" methodname="Test_CacheInvalidation_OnAdd" classname="MercuryMessaging.Tests.FilterCacheValidationTests" runstate="Runnable" seed="974583530" result="Passed" start-time="2025-11-25 17:51:35Z" end-time="2025-11-25 17:51:35Z" duration="0.000554" asserts="0">
              <properties>
                <property name="retryIteration" value="0" />
                <property name="repeatIteration" value="0" />
              </properties>
            </test-case>
            <test-case id="1087" name="Test_CacheInvalidation_OnClear" fullname="MercuryMessaging.Tests.FilterCacheValidationTests.Test_CacheInvalidation_OnClear" methodname="Test_CacheInvalidation_OnClear" classname="MercuryMessaging.Tests.FilterCacheValidationTests" runstate="Runnable" seed="2007415901" result="Passed" start-time="2025-11-25 17:51:35Z" end-time="2025-11-25 17:51:35Z" duration="0.000451" asserts="0">
              <properties>
                <property name="retryIteration" value="0" />
                <property name="repeatIteration" value="0" />
              </properties>
            </test-case>
            <test-case id="1088" name="Test_CacheInvalidation_OnIndexerSet" fullname="MercuryMessaging.Tests.FilterCacheValidationTests.Test_CacheInvalidation_OnIndexerSet" methodname="Test_CacheInvalidation_OnIndexerSet" classname="MercuryMessaging.Tests.FilterCacheValidationTests" runstate="Runnable" seed="1751678950" result="Passed" start-time="2025-11-25 17:51:35Z" end-time="2025-11-25 17:51:35Z" duration="0.000497" asserts="0">
              <properties>
                <property name="retryIteration" value="0" />
                <property name="repeatIteration" value="0" />
              </properties>
            </test-case>
            <test-case id="1094" name="Test_CacheInvalidation_OnInsert" fullname="MercuryMessaging.Tests.FilterCacheValidationTests.Test_CacheInvalidation_OnInsert" methodname="Test_CacheInvalidation_OnInsert" classname="MercuryMessaging.Tests.FilterCacheValidationTests" runstate="Runnable" seed="873287236" result="Passed" start-time="2025-11-25 17:51:35Z" end-time="2025-11-25 17:51:35Z" duration="0.000632" asserts="0">
              <properties>
                <property name="retryIteration" value="0" />
                <property name="repeatIteration" value="0" />
              </properties>
            </test-case>
            <test-case id="1085" name="Test_CacheInvalidation_OnRemove" fullname="MercuryMessaging.Tests.FilterCacheValidationTests.Test_CacheInvalidation_OnRemove" methodname="Test_CacheInvalidation_OnRemove" classname="MercuryMessaging.Tests.FilterCacheValidationTests" runstate="Runnable" seed="989404398" result="Passed" start-time="2025-11-25 17:51:35Z" end-time="2025-11-25 17:51:35Z" duration="0.000520" asserts="0">
              <properties>
                <property name="retryIteration" value="0" />
                <property name="repeatIteration" value="0" />
              </properties>
            </test-case>
            <test-case id="1086" name="Test_CacheInvalidation_OnRemoveAt" fullname="MercuryMessaging.Tests.FilterCacheValidationTests.Test_CacheInvalidation_OnRemoveAt" methodname="Test_CacheInvalidation_OnRemoveAt" classname="MercuryMessaging.Tests.FilterCacheValidationTests" runstate="Runnable" seed="627436034" result="Passed" start-time="2025-11-25 17:51:35Z" end-time="2025-11-25 17:51:35Z" duration="0.000394" asserts="0">
              <properties>
                <property name="retryIteration" value="0" />
                <property name="repeatIteration" value="0" />
              </properties>
            </test-case>
            <test-case id="1083" name="Test_CacheMiss_Then_CacheHit" fullname="MercuryMessaging.Tests.FilterCacheValidationTests.Test_CacheMiss_Then_CacheHit" methodname="Test_CacheMiss_Then_CacheHit" classname="MercuryMessaging.Tests.FilterCacheValidationTests" runstate="Runnable" seed="582360449" result="Passed" start-time="2025-11-25 17:51:35Z" end-time="2025-11-25 17:51:35Z" duration="0.000478" asserts="0">
              <properties>
                <property name="retryIteration" value="0" />
                <property name="repeatIteration" value="0" />
              </properties>
            </test-case>
            <test-case id="1090" name="Test_LRU_Eviction" fullname="MercuryMessaging.Tests.FilterCacheValidationTests.Test_LRU_Eviction" methodname="Test_LRU_Eviction" classname="MercuryMessaging.Tests.FilterCacheValidationTests" runstate="Runnable" seed="582372579" result="Passed" start-time="2025-11-25 17:51:35Z" end-time="2025-11-25 17:51:35Z" duration="0.001112" asserts="0">
              <properties>
                <property name="retryIteration" value="0" />
                <property name="repeatIteration" value="0" />
              </properties>
            </test-case>
            <test-case id="1093" name="Test_Performance_CachedVsUncached" fullname="MercuryMessaging.Tests.FilterCacheValidationTests.Test_Performance_CachedVsUncached" methodname="Test_Performance_CachedVsUncached" classname="MercuryMessaging.Tests.FilterCacheValidationTests" runstate="Runnable" seed="997318055" result="Passed" start-time="2025-11-25 17:51:35Z" end-time="2025-11-25 17:51:35Z" duration="0.007891" asserts="0">
              <properties>
                <property name="retryIteration" value="0" />
                <property name="repeatIteration" value="0" />
              </properties>
              <output><![CDATA[QW-3 Performance: Uncached=679 ticks, Cached=17 ticks, Speedup=39.94x
]]></output>
            </test-case>
            <test-case id="1089" name="Test_SeparateCacheEntries_ForDifferentFilters" fullname="MercuryMessaging.Tests.FilterCacheValidationTests.Test_SeparateCacheEntries_ForDifferentFilters" methodname="Test_SeparateCacheEntries_ForDifferentFilters" classname="MercuryMessaging.Tests.FilterCacheValidationTests" runstate="Runnable" seed="999878446" result="Passed" start-time="2025-11-25 17:51:35Z" end-time="2025-11-25 17:51:35Z" duration="0.000827" asserts="0">
              <properties>
                <property name="retryIteration" value="0" />
                <property name="repeatIteration" value="0" />
              </properties>
            </test-case>
          </test-suite>
          <test-suite type="TestFixture" id="1095" name="FluentApiIntegrationTests" fullname="MercuryMessaging.Tests.FluentApiIntegrationTests" classname="MercuryMessaging.Tests.FluentApiIntegrationTests" runstate="Runnable" testcasecount="11" result="Passed" start-time="2025-11-25 17:51:35Z" end-time="2025-11-25 17:51:35Z" duration="0.033591" total="11" passed="11" failed="0" inconclusive="0" skipped="0" asserts="0">
            <properties />
            <test-case id="1097" name="Integration_BranchingHierarchy_AllBranchesReceive" fullname="MercuryMessaging.Tests.FluentApiIntegrationTests.Integration_BranchingHierarchy_AllBranchesReceive" methodname="Integration_BranchingHierarchy_AllBranchesReceive" classname="MercuryMessaging.Tests.FluentApiIntegrationTests" runstate="Runnable" seed="1929081365" result="Passed" start-time="2025-11-25 17:51:35Z" end-time="2025-11-25 17:51:35Z" duration="0.004063" asserts="0">
              <properties>
                <property name="retryIteration" value="0" />
                <property name="repeatIteration" value="0" />
              </properties>
            </test-case>
            <test-case id="1098" name="Integration_CombinedFilters_CorrectTargeting" fullname="MercuryMessaging.Tests.FluentApiIntegrationTests.Integration_CombinedFilters_CorrectTargeting" methodname="Integration_CombinedFilters_CorrectTargeting" classname="MercuryMessaging.Tests.FluentApiIntegrationTests" runstate="Runnable" seed="482587665" result="Passed" start-time="2025-11-25 17:51:35Z" end-time="2025-11-25 17:51:35Z" duration="0.006312" asserts="0">
              <properties>
                <property name="retryIteration" value="0" />
                <property name="repeatIteration" value="0" />
              </properties>
            </test-case>
            <test-case id="1096" name="Integration_DeepHierarchy_MessageReachesAllLevels" fullname="MercuryMessaging.Tests.FluentApiIntegrationTests.Integration_DeepHierarchy_MessageReachesAllLevels" methodname="Integration_DeepHierarchy_MessageReachesAllLevels" classname="MercuryMessaging.Tests.FluentApiIntegrationTests" runstate="Runnable" seed="786016051" result="Passed" start-time="2025-11-25 17:51:35Z" end-time="2025-11-25 17:51:35Z" duration="0.001859" asserts="0">
              <properties>
                <property name="retryIteration" value="0" />
                <property name="repeatIteration" value="0" />
              </properties>
            </test-case>
            <test-case id="1103" name="Integration_MessageFactory_AllTypesWork" fullname="MercuryMessaging.Tests.FluentApiIntegrationTests.Integration_MessageFactory_AllTypesWork" methodname="Integration_MessageFactory_AllTypesWork" classname="MercuryMessaging.Tests.FluentApiIntegrationTests" runstate="Runnable" seed="1974654231" result="Passed" start-time="2025-11-25 17:51:35Z" end-time="2025-11-25 17:51:35Z" duration="0.001136" asserts="0">
              <properties>
                <property name="retryIteration" value="0" />
                <property name="repeatIteration" value="0" />
              </properties>
            </test-case>
            <test-case id="1104" name="Integration_MessageFactory_CustomMethods" fullname="MercuryMessaging.Tests.FluentApiIntegrationTests.Integration_MessageFactory_CustomMethods" methodname="Integration_MessageFactory_CustomMethods" classname="MercuryMessaging.Tests.FluentApiIntegrationTests" runstate="Runnable" seed="835226082" result="Passed" start-time="2025-11-25 17:51:35Z" end-time="2025-11-25 17:51:35Z" duration="0.003699" asserts="0">
              <properties>
                <property name="retryIteration" value="0" />
                <property name="repeatIteration" value="0" />
              </properties>
            </test-case>
            <test-case id="1106" name="Integration_MixedAPI_TraditionalAndDSLCoexist" fullname="MercuryMessaging.Tests.FluentApiIntegrationTests.Integration_MixedAPI_TraditionalAndDSLCoexist" methodname="Integration_MixedAPI_TraditionalAndDSLCoexist" classname="MercuryMessaging.Tests.FluentApiIntegrationTests" runstate="Runnable" seed="735699645" result="Passed" start-time="2025-11-25 17:51:35Z" end-time="2025-11-25 17:51:35Z" duration="0.000719" asserts="0">
              <properties>
                <property name="retryIteration" value="0" />
                <property name="repeatIteration" value="0" />
              </properties>
            </test-case>
            <test-case id="1099" name="Integration_NotifyParent_ReachesCorrectTarget" fullname="MercuryMessaging.Tests.FluentApiIntegrationTests.Integration_NotifyParent_ReachesCorrectTarget" methodname="Integration_NotifyParent_ReachesCorrectTarget" classname="MercuryMessaging.Tests.FluentApiIntegrationTests" runstate="Runnable" seed="1794447541" result="Passed" start-time="2025-11-25 17:51:35Z" end-time="2025-11-25 17:51:35Z" duration="0.000898" asserts="0">
              <properties>
                <property name="retryIteration" value="0" />
                <property name="repeatIteration" value="0" />
              </properties>
            </test-case>
            <test-case id="1100" name="Integration_NotifyWithValue_ParentReceivesValue" fullname="MercuryMessaging.Tests.FluentApiIntegrationTests.Integration_NotifyWithValue_ParentReceivesValue" methodname="Integration_NotifyWithValue_ParentReceivesValue" classname="MercuryMessaging.Tests.FluentApiIntegrationTests" runstate="Runnable" seed="1877750705" result="Passed" start-time="2025-11-25 17:51:35Z" end-time="2025-11-25 17:51:35Z" duration="0.000510" asserts="0">
              <properties>
                <property name="retryIteration" value="0" />
                <property name="repeatIteration" value="0" />
              </properties>
            </test-case>
            <test-case id="1105" name="Integration_QueryResponse_WorksAcrossHierarchy" fullname="MercuryMessaging.Tests.FluentApiIntegrationTests.Integration_QueryResponse_WorksAcrossHierarchy" methodname="Integration_QueryResponse_WorksAcrossHierarchy" classname="MercuryMessaging.Tests.FluentApiIntegrationTests" runstate="Runnable" seed="47255141" result="Passed" start-time="2025-11-25 17:51:35Z" end-time="2025-11-25 17:51:35Z" duration="0.002752" asserts="0">
              <properties>
                <property name="retryIteration" value="0" />
                <property name="repeatIteration" value="0" />
              </properties>
            </test-case>
            <test-case id="1101" name="Integration_SendToNamed_FindsDeepTarget" fullname="MercuryMessaging.Tests.FluentApiIntegrationTests.Integration_SendToNamed_FindsDeepTarget" methodname="Integration_SendToNamed_FindsDeepTarget" classname="MercuryMessaging.Tests.FluentApiIntegrationTests" runstate="Runnable" seed="633244890" result="Passed" start-time="2025-11-25 17:51:35Z" end-time="2025-11-25 17:51:35Z" duration="0.001043" asserts="0">
              <properties>
                <property name="retryIteration" value="0" />
                <property name="repeatIteration" value="0" />
              </properties>
            </test-case>
            <test-case id="1102" name="Integration_SendToWithValue_DeliverValue" fullname="MercuryMessaging.Tests.FluentApiIntegrationTests.Integration_SendToWithValue_DeliverValue" methodname="Integration_SendToWithValue_DeliverValue" classname="MercuryMessaging.Tests.FluentApiIntegrationTests" runstate="Runnable" seed="407456948" result="Passed" start-time="2025-11-25 17:51:35Z" end-time="2025-11-25 17:51:35Z" duration="0.000632" asserts="0">
              <properties>
                <property name="retryIteration" value="0" />
                <property name="repeatIteration" value="0" />
              </properties>
            </test-case>
          </test-suite>
          <test-suite type="TestFixture" id="1107" name="FluentApiPerformanceTests" fullname="MercuryMessaging.Tests.FluentApiPerformanceTests" classname="MercuryMessaging.Tests.FluentApiPerformanceTests" runstate="Runnable" testcasecount="11" result="Passed" start-time="2025-11-25 17:51:35Z" end-time="2025-11-25 17:51:42Z" duration="6.554748" total="11" passed="11" failed="0" inconclusive="0" skipped="0" asserts="0">
            <properties />
            <test-case id="1112" name="Benchmark_Broadcast_FluentDSL" fullname="MercuryMessaging.Tests.FluentApiPerformanceTests.Benchmark_Broadcast_FluentDSL" methodname="Benchmark_Broadcast_FluentDSL" classname="MercuryMessaging.Tests.FluentApiPerformanceTests" runstate="Runnable" seed="855997605" result="Passed" start-time="2025-11-25 17:51:35Z" end-time="2025-11-25 17:51:35Z" duration="0.103635" asserts="0">
              <properties>
                <property name="Category" value="Performance" />
                <property name="retryIteration" value="0" />
                <property name="repeatIteration" value="0" />
              </properties>
              <output><![CDATA[[Fluent Broadcast] Avg time: 9696.09 ns/message (10000 iterations)
]]></output>
            </test-case>
            <test-case id="1111" name="Benchmark_Broadcast_Traditional" fullname="MercuryMessaging.Tests.FluentApiPerformanceTests.Benchmark_Broadcast_Traditional" methodname="Benchmark_Broadcast_Traditional" classname="MercuryMessaging.Tests.FluentApiPerformanceTests" runstate="Runnable" seed="1048213142" result="Passed" start-time="2025-11-25 17:51:35Z" end-time="2025-11-25 17:51:35Z" duration="0.164266" asserts="0">
              <properties>
                <property name="Category" value="Performance" />
                <property name="retryIteration" value="0" />
                <property name="repeatIteration" value="0" />
              </properties>
              <output><![CDATA[[Traditional Broadcast] Avg time: 16077.00 ns/message (10000 iterations)
]]></output>
            </test-case>
            <test-case id="1114" name="Benchmark_CompareOverhead_Broadcast" fullname="MercuryMessaging.Tests.FluentApiPerformanceTests.Benchmark_CompareOverhead_Broadcast" methodname="Benchmark_CompareOverhead_Broadcast" classname="MercuryMessaging.Tests.FluentApiPerformanceTests" runstate="Runnable" seed="1242652059" result="Passed" start-time="2025-11-25 17:51:35Z" end-time="2025-11-25 17:51:36Z" duration="0.668191" asserts="0">
              <properties>
                <property name="Category" value="Performance" />
                <property name="retryIteration" value="0" />
                <property name="repeatIteration" value="0" />
              </properties>
              <output><![CDATA[
=================================================================
Broadcast Performance Comparison
=================================================================
Traditional (MmInvoke): 53911.57 ns/message
Fluent (Broadcast):     10194.33 ns/message
Overhead:               -81.1%
=================================================================

]]></output>
            </test-case>
            <test-case id="1113" name="Benchmark_CompareOverhead_SimpleMessage" fullname="MercuryMessaging.Tests.FluentApiPerformanceTests.Benchmark_CompareOverhead_SimpleMessage" methodname="Benchmark_CompareOverhead_SimpleMessage" classname="MercuryMessaging.Tests.FluentApiPerformanceTests" runstate="Runnable" seed="1640706022" result="Passed" start-time="2025-11-25 17:51:36Z" end-time="2025-11-25 17:51:37Z" duration="0.929329" asserts="0">
              <properties>
                <property name="Category" value="Performance" />
                <property name="retryIteration" value="0" />
                <property name="repeatIteration" value="0" />
              </properties>
              <output><![CDATA[
=================================================================
DSL vs Traditional API Performance Comparison
=================================================================
Traditional API:     9399.02 ns/message
Fluent DSL:          82682.77 ns/message
Overhead:            779.7%
=================================================================
Iterations: 10,000
Target: <2% overhead (or negative = DSL faster)
=================================================================

]]></output>
            </test-case>
            <test-case id="1118" name="Benchmark_FullSummary" fullname="MercuryMessaging.Tests.FluentApiPerformanceTests.Benchmark_FullSummary" methodname="Benchmark_FullSummary" classname="MercuryMessaging.Tests.FluentApiPerformanceTests" runstate="Runnable" seed="1445597351" result="Passed" start-time="2025-11-25 17:51:37Z" end-time="2025-11-25 17:51:38Z" duration="1.059059" asserts="0">
              <properties>
                <property name="Category" value="Performance" />
                <property name="retryIteration" value="0" />
                <property name="repeatIteration" value="0" />
              </properties>
              <reason>
                <message><![CDATA[Performance benchmark completed - see log for detailed results]]></message>
              </reason>
              <output><![CDATA[
╔═══════════════════════════════════════════════════════════════╗
║        FLUENT DSL PERFORMANCE BENCHMARK SUMMARY               ║
╠═══════════════════════════════════════════════════════════════╣
║  Traditional MmInvoke:       9837.00 ns/msg              ║
║  Fluent DSL Send():         85216.28 ns/msg              ║
║  Broadcast():                9649.97 ns/msg              ║
║  MessageFactory.Create():     162.33 ns/call              ║
╠═══════════════════════════════════════════════════════════════╣
║  DSL Overhead:                 766.3%                    ║
║  Target:                        <2% (production)             ║
║  Note: Unity Editor adds 2-5x overhead                       ║
╠═══════════════════════════════════════════════════════════════╣
║  Iterations:                  10,000                    ║
║  Children:                        10                         ║
╚═══════════════════════════════════════════════════════════════╝

]]></output>
            </test-case>
            <test-case id="1115" name="Benchmark_MemoryAllocation_FluentBuilder" fullname="MercuryMessaging.Tests.FluentApiPerformanceTests.Benchmark_MemoryAllocation_FluentBuilder" methodname="Benchmark_MemoryAllocation_FluentBuilder" classname="MercuryMessaging.Tests.FluentApiPerformanceTests" runstate="Runnable" seed="294352282" result="Passed" start-time="2025-11-25 17:51:38Z" end-time="2025-11-25 17:51:40Z" duration="1.433896" asserts="0">
              <properties>
                <property name="Category" value="Performance" />
                <property name="retryIteration" value="0" />
                <property name="repeatIteration" value="0" />
              </properties>
              <output><![CDATA[[Memory] Fluent builder: -0.82 bytes/operation (total: -8.00 KB)
]]></output>
            </test-case>
            <test-case id="1116" name="Benchmark_MemoryAllocation_MessageFactory" fullname="MercuryMessaging.Tests.FluentApiPerformanceTests.Benchmark_MemoryAllocation_MessageFactory" methodname="Benchmark_MemoryAllocation_MessageFactory" classname="MercuryMessaging.Tests.FluentApiPerformanceTests" runstate="Runnable" seed="1104988570" result="Passed" start-time="2025-11-25 17:51:40Z" end-time="2025-11-25 17:51:41Z" duration="1.569170" asserts="0">
              <properties>
                <property name="Category" value="Performance" />
                <property name="retryIteration" value="0" />
                <property name="repeatIteration" value="0" />
              </properties>
              <output><![CDATA[[Memory] MessageFactory.Int: 0.00 bytes/message (total: 0.00 KB)
]]></output>
            </test-case>
            <test-case id="1110" name="Benchmark_MessageFactory_Create" fullname="MercuryMessaging.Tests.FluentApiPerformanceTests.Benchmark_MessageFactory_Create" methodname="Benchmark_MessageFactory_Create" classname="MercuryMessaging.Tests.FluentApiPerformanceTests" runstate="Runnable" seed="601848419" result="Passed" start-time="2025-11-25 17:51:41Z" end-time="2025-11-25 17:51:41Z" duration="0.004201" asserts="0">
              <properties>
                <property name="Category" value="Performance" />
                <property name="retryIteration" value="0" />
                <property name="repeatIteration" value="0" />
              </properties>
              <output><![CDATA[[MessageFactory.Create] Avg time: 188.57 ns/call (10000 iterations)
]]></output>
            </test-case>
            <test-case id="1109" name="Benchmark_SimpleMessage_FluentDSL" fullname="MercuryMessaging.Tests.FluentApiPerformanceTests.Benchmark_SimpleMessage_FluentDSL" methodname="Benchmark_SimpleMessage_FluentDSL" classname="MercuryMessaging.Tests.FluentApiPerformanceTests" runstate="Runnable" seed="1963830455" result="Passed" start-time="2025-11-25 17:51:41Z" end-time="2025-11-25 17:51:42Z" duration="0.513106" asserts="0">
              <properties>
                <property name="Category" value="Performance" />
                <property name="retryIteration" value="0" />
                <property name="repeatIteration" value="0" />
              </properties>
              <output><![CDATA[[Fluent DSL] Avg time: 50536.22 ns/message (10000 iterations)
]]></output>
            </test-case>
            <test-case id="1108" name="Benchmark_SimpleMessage_Traditional" fullname="MercuryMessaging.Tests.FluentApiPerformanceTests.Benchmark_SimpleMessage_Traditional" methodname="Benchmark_SimpleMessage_Traditional" classname="MercuryMessaging.Tests.FluentApiPerformanceTests" runstate="Runnable" seed="1693418888" result="Passed" start-time="2025-11-25 17:51:42Z" end-time="2025-11-25 17:51:42Z" duration="0.098242" asserts="0">
              <properties>
                <property name="Category" value="Performance" />
                <property name="retryIteration" value="0" />
                <property name="repeatIteration" value="0" />
              </properties>
              <output><![CDATA[[Traditional API] Avg time: 9486.01 ns/message (10000 iterations)
]]></output>
            </test-case>
            <test-case id="1117" name="CodeMetrics_LineCountComparison" fullname="MercuryMessaging.Tests.FluentApiPerformanceTests.CodeMetrics_LineCountComparison" methodname="CodeMetrics_LineCountComparison" classname="MercuryMessaging.Tests.FluentApiPerformanceTests" runstate="Runnable" seed="594498471" result="Passed" start-time="2025-11-25 17:51:42Z" end-time="2025-11-25 17:51:42Z" duration="0.001621" asserts="0">
              <properties>
                <property name="Category" value="Metrics" />
                <property name="retryIteration" value="0" />
                <property name="repeatIteration" value="0" />
              </properties>
              <output><![CDATA[
=================================================================
Code Reduction Metrics
=================================================================
Traditional API:  7 lines
Fluent DSL:       1 lines
Reduction:        86%
=================================================================
Example - Send int to active children:

// Traditional API - 7 lines
var metadata = new MmMetadataBlock(
    MmLevelFilter.Child,
    MmActiveFilter.Active,
    MmSelectedFilter.All,
    MmNetworkFilter.Local
);
relay.MmInvoke(MmMethod.MessageInt, 42, metadata);


// Fluent DSL - 1 line
relay.Send(MmMethod.MessageInt, 42).ToChildren().Active().Execute();

=================================================================

]]></output>
            </test-case>
          </test-suite>
          <test-suite type="TestFixture" id="1119" name="FluentApiPhase2Tests" fullname="MercuryMessaging.Tests.FluentApiPhase2Tests" classname="MercuryMessaging.Tests.FluentApiPhase2Tests" runstate="Runnable" testcasecount="17" result="Passed" start-time="2025-11-25 17:51:42Z" end-time="2025-11-25 17:51:42Z" duration="0.043486" total="17" passed="17" failed="0" inconclusive="0" skipped="0" asserts="0">
            <properties />
            <test-case id="1132" name="CombinedFilters_SpatialAndCustom" fullname="MercuryMessaging.Tests.FluentApiPhase2Tests.CombinedFilters_SpatialAndCustom" methodname="CombinedFilters_SpatialAndCustom" classname="MercuryMessaging.Tests.FluentApiPhase2Tests" runstate="Runnable" seed="855434191" result="Passed" start-time="2025-11-25 17:51:42Z" end-time="2025-11-25 17:51:42Z" duration="0.005403" asserts="0">
              <properties>
                <property name="retryIteration" value="0" />
                <property name="repeatIteration" value="0" />
              </properties>
            </test-case>
            <test-case id="1131" name="CombinedFilters_SpatialAndType" fullname="MercuryMessaging.Tests.FluentApiPhase2Tests.CombinedFilters_SpatialAndType" methodname="CombinedFilters_SpatialAndType" classname="MercuryMessaging.Tests.FluentApiPhase2Tests" runstate="Runnable" seed="677278351" result="Passed" start-time="2025-11-25 17:51:42Z" end-time="2025-11-25 17:51:42Z" duration="0.006286" asserts="0">
              <properties>
                <property name="retryIteration" value="0" />
                <property name="repeatIteration" value="0" />
              </properties>
            </test-case>
            <test-case id="1133" name="CombinedFilters_WithStandardFilters" fullname="MercuryMessaging.Tests.FluentApiPhase2Tests.CombinedFilters_WithStandardFilters" methodname="CombinedFilters_WithStandardFilters" classname="MercuryMessaging.Tests.FluentApiPhase2Tests" runstate="Runnable" seed="1872030893" result="Passed" start-time="2025-11-25 17:51:42Z" end-time="2025-11-25 17:51:42Z" duration="0.000803" asserts="0">
              <properties>
[...]
            </test-case>
            <test-case id="1409" name="Parse_WildcardMiddle_Success" fullname="MercuryMessaging.Tests.PathSpecificationTests.Parse_WildcardMiddle_Success" methodname="Parse_WildcardMiddle_Success" classname="MercuryMessaging.Tests.PathSpecificationTests" runstate="Runnable" seed="1687102362" result="Passed" start-time="2025-11-25 17:51:52Z" end-time="2025-11-25 17:51:52Z" duration="0.000175" asserts="0">
              <properties>
                <property name="retryIteration" value="0" />
                <property name="repeatIteration" value="0" />
              </properties>
            </test-case>
            <test-case id="1403" name="Parse_WithWhitespace_Success" fullname="MercuryMessaging.Tests.PathSpecificationTests.Parse_WithWhitespace_Success" methodname="Parse_WithWhitespace_Success" classname="MercuryMessaging.Tests.PathSpecificationTests" runstate="Runnable" seed="517253146" result="Passed" start-time="2025-11-25 17:51:52Z" end-time="2025-11-25 17:51:52Z" duration="0.000118" asserts="0">
              <properties>
                <property name="retryIteration" value="0" />
                <property name="repeatIteration" value="0" />
              </properties>
            </test-case>
            <test-case id="1419" name="Resolve_Ancestor_FindsAllAncestors" fullname="MercuryMessaging.Tests.PathSpecificationTests.Resolve_Ancestor_FindsAllAncestors" methodname="Resolve_Ancestor_FindsAllAncestors" classname="MercuryMessaging.Tests.PathSpecificationTests" runstate="Runnable" seed="1487859316" result="Passed" start-time="2025-11-25 17:51:52Z" end-time="2025-11-25 17:51:53Z" duration="0.027961" asserts="0">
              <properties>
                <property name="_JOINTYPE" value="UnityCombinatorial" />
                <property name="retryIteration" value="0" />
                <property name="repeatIteration" value="0" />
              </properties>
            </test-case>
            <test-case id="1414" name="Resolve_Child_FindsChildren" fullname="MercuryMessaging.Tests.PathSpecificationTests.Resolve_Child_FindsChildren" methodname="Resolve_Child_FindsChildren" classname="MercuryMessaging.Tests.PathSpecificationTests" runstate="Runnable" seed="1659962586" result="Passed" start-time="2025-11-25 17:51:53Z" end-time="2025-11-25 17:51:53Z" duration="0.029878" asserts="0">
              <properties>
                <property name="_JOINTYPE" value="UnityCombinatorial" />
                <property name="retryIteration" value="0" />
                <property name="repeatIteration" value="0" />
              </properties>
            </test-case>
            <test-case id="1418" name="Resolve_Descendant_FindsAllDescendants" fullname="MercuryMessaging.Tests.PathSpecificationTests.Resolve_Descendant_FindsAllDescendants" methodname="Resolve_Descendant_FindsAllDescendants" classname="MercuryMessaging.Tests.PathSpecificationTests" runstate="Runnable" seed="2097690498" result="Passed" start-time="2025-11-25 17:51:53Z" end-time="2025-11-25 17:51:53Z" duration="0.031076" asserts="0">
              <properties>
                <property name="_JOINTYPE" value="UnityCombinatorial" />
                <property name="retryIteration" value="0" />
                <property name="repeatIteration" value="0" />
              </properties>
            </test-case>
            <test-case id="1413" name="Resolve_Parent_FindsParent" fullname="MercuryMessaging.Tests.PathSpecificationTests.Resolve_Parent_FindsParent" methodname="Resolve_Parent_FindsParent" classname="MercuryMessaging.Tests.PathSpecificationTests" runstate="Runnable" seed="132593832" result="Passed" start-time="2025-11-25 17:51:53Z" end-time="2025-11-25 17:51:53Z" duration="0.027486" asserts="0">
              <properties>
                <property name="_JOINTYPE" value="UnityCombinatorial" />
                <property name="retryIteration" value="0" />
                <property name="repeatIteration" value="0" />
              </properties>
            </test-case>
            <test-case id="1416" name="Resolve_ParentSibling_FindsParentsSiblings" fullname="MercuryMessaging.Tests.PathSpecificationTests.Resolve_ParentSibling_FindsParentsSiblings" methodname="Resolve_ParentSibling_FindsParentsSiblings" classname="MercuryMessaging.Tests.PathSpecificationTests" runstate="Runnable" seed="904664233" result="Passed" start-time="2025-11-25 17:51:53Z" end-time="2025-11-25 17:51:53Z" duration="0.027403" asserts="0">
              <properties>
                <property name="_JOINTYPE" value="UnityCombinatorial" />
                <property name="retryIteration" value="0" />
                <property name="repeatIteration" value="0" />
              </properties>
            </test-case>
            <test-case id="1417" name="Resolve_ParentSiblingChild_FindsCousins" fullname="MercuryMessaging.Tests.PathSpecificationTests.Resolve_ParentSiblingChild_FindsCousins" methodname="Resolve_ParentSiblingChild_FindsCousins" classname="MercuryMessaging.Tests.PathSpecificationTests" runstate="Runnable" seed="2031217607" result="Passed" start-time="2025-11-25 17:51:53Z" end-time="2025-11-25 17:51:53Z" duration="0.025994" asserts="0">
              <properties>
                <property name="_JOINTYPE" value="UnityCombinatorial" />
                <property name="retryIteration" value="0" />
                <property name="repeatIteration" value="0" />
              </properties>
            </test-case>
            <test-case id="1421" name="Resolve_ParentWildcardChild_FindsAllSiblingsChildren" fullname="MercuryMessaging.Tests.PathSpecificationTests.Resolve_ParentWildcardChild_FindsAllSiblingsChildren" methodname="Resolve_ParentWildcardChild_FindsAllSiblingsChildren" classname="MercuryMessaging.Tests.PathSpecificationTests" runstate="Runnable" seed="756212773" result="Passed" start-time="2025-11-25 17:51:53Z" end-time="2025-11-25 17:51:53Z" duration="0.025379" asserts="0">
              <properties>
                <property name="_JOINTYPE" value="UnityCombinatorial" />
                <property name="retryIteration" value="0" />
                <property name="repeatIteration" value="0" />
              </properties>
            </test-case>
            <test-case id="1420" name="Resolve_Self_FindsSelf" fullname="MercuryMessaging.Tests.PathSpecificationTests.Resolve_Self_FindsSelf" methodname="Resolve_Self_FindsSelf" classname="MercuryMessaging.Tests.PathSpecificationTests" runstate="Runnable" seed="426163907" result="Passed" start-time="2025-11-25 17:51:53Z" end-time="2025-11-25 17:51:53Z" duration="0.024770" asserts="0">
              <properties>
                <property name="_JOINTYPE" value="UnityCombinatorial" />
                <property name="retryIteration" value="0" />
                <property name="repeatIteration" value="0" />
              </properties>
            </test-case>
            <test-case id="1415" name="Resolve_Sibling_FindsSiblings" fullname="MercuryMessaging.Tests.PathSpecificationTests.Resolve_Sibling_FindsSiblings" methodname="Resolve_Sibling_FindsSiblings" classname="MercuryMessaging.Tests.PathSpecificationTests" runstate="Runnable" seed="376918883" result="Passed" start-time="2025-11-25 17:51:53Z" end-time="2025-11-25 17:51:53Z" duration="0.029006" asserts="0">
              <properties>
                <property name="_JOINTYPE" value="UnityCombinatorial" />
                <property name="retryIteration" value="0" />
                <property name="repeatIteration" value="0" />
              </properties>
            </test-case>
          </test-suite>
          <test-suite type="TestFixture" id="1428" name="ResponderBuilderTests" fullname="MercuryMessaging.Tests.ResponderBuilderTests" classname="MercuryMessaging.Tests.ResponderBuilderTests" runstate="Runnable" testcasecount="18" result="Passed" start-time="2025-11-25 17:51:53Z" end-time="2025-11-25 17:51:53Z" duration="0.022000" total="18" passed="18" failed="0" inconclusive="0" skipped="0" asserts="0">
            <properties />
            <test-case id="1432" name="ChainedCustomMethods_AllHandlersCalled" fullname="MercuryMessaging.Tests.ResponderBuilderTests.ChainedCustomMethods_AllHandlersCalled" methodname="ChainedCustomMethods_AllHandlersCalled" classname="MercuryMessaging.Tests.ResponderBuilderTests" runstate="Runnable" seed="1403716954" result="Passed" start-time="2025-11-25 17:51:53Z" end-time="2025-11-25 17:51:53Z" duration="0.003538" asserts="0">
              <properties>
                <property name="retryIteration" value="0" />
                <property name="repeatIteration" value="0" />
              </properties>
            </test-case>
            <test-case id="1429" name="ConfigureHandlers_ReturnsBuilder" fullname="MercuryMessaging.Tests.ResponderBuilderTests.ConfigureHandlers_ReturnsBuilder" methodname="ConfigureHandlers_ReturnsBuilder" classname="MercuryMessaging.Tests.ResponderBuilderTests" runstate="Runnable" seed="2129180445" result="Passed" start-time="2025-11-25 17:51:53Z" end-time="2025-11-25 17:51:53Z" duration="0.000299" asserts="0">
              <properties>
                <property name="retryIteration" value="0" />
                <property name="repeatIteration" value="0" />
              </properties>
            </test-case>
            <test-case id="1443" name="GetOrCreateRelayNode_CreatesWhenMissing" fullname="MercuryMessaging.Tests.ResponderBuilderTests.GetOrCreateRelayNode_CreatesWhenMissing" methodname="GetOrCreateRelayNode_CreatesWhenMissing" classname="MercuryMessaging.Tests.ResponderBuilderTests" runstate="Runnable" seed="1366450959" result="Passed" start-time="2025-11-25 17:51:53Z" end-time="2025-11-25 17:51:53Z" duration="0.000567" asserts="0">
              <properties>
                <property name="retryIteration" value="0" />
                <property name="repeatIteration" value="0" />
              </properties>
            </test-case>
            <test-case id="1444" name="GetOrCreateRelayNode_ReturnsExistingWhenPresent" fullname="MercuryMessaging.Tests.ResponderBuilderTests.GetOrCreateRelayNode_ReturnsExistingWhenPresent" methodname="GetOrCreateRelayNode_ReturnsExistingWhenPresent" classname="MercuryMessaging.Tests.ResponderBuilderTests" runstate="Runnable" seed="126039171" result="Passed" start-time="2025-11-25 17:51:53Z" end-time="2025-11-25 17:51:53Z" duration="0.000286" asserts="0">
              <properties>
                <property name="retryIteration" value="0" />
                <property name="repeatIteration" value="0" />
              </properties>
            </test-case>
            <test-case id="1441" name="GetRelayNode_ReturnsNullWhenNoRelay" fullname="MercuryMessaging.Tests.ResponderBuilderTests.GetRelayNode_ReturnsNullWhenNoRelay" methodname="GetRelayNode_ReturnsNullWhenNoRelay" classname="MercuryMessaging.Tests.ResponderBuilderTests" runstate="Runnable" seed="1120065913" result="Passed" start-time="2025-11-25 17:51:53Z" end-time="2025-11-25 17:51:53Z" duration="0.000217" asserts="0">
              <properties>
                <property name="retryIteration" value="0" />
                <property name="repeatIteration" value="0" />
              </properties>
            </test-case>
            <test-case id="1442" name="GetRelayNode_ReturnsRelayWhenPresent" fullname="MercuryMessaging.Tests.ResponderBuilderTests.GetRelayNode_ReturnsRelayWhenPresent" methodname="GetRelayNode_ReturnsRelayWhenPresent" classname="MercuryMessaging.Tests.ResponderBuilderTests" runstate="Runnable" seed="1163100214" result="Passed" start-time="2025-11-25 17:51:53Z" end-time="2025-11-25 17:51:53Z" duration="0.000269" asserts="0">
              <properties>
                <property name="retryIteration" value="0" />
                <property name="repeatIteration" value="0" />
              </properties>
            </test-case>
            <test-case id="1440" name="IsHandlerRegistered_ReturnsFalseAfterUnregister" fullname="MercuryMessaging.Tests.ResponderBuilderTests.IsHandlerRegistered_ReturnsFalseAfterUnregister" methodname="IsHandlerRegistered_ReturnsFalseAfterUnregister" classname="MercuryMessaging.Tests.ResponderBuilderTests" runstate="Runnable" seed="2072923045" result="Passed" start-time="2025-11-25 17:51:53Z" end-time="2025-11-25 17:51:53Z" duration="0.001054" asserts="0">
              <properties>
                <property name="retryIteration" value="0" />
                <property name="repeatIteration" value="0" />
              </properties>
            </test-case>
            <test-case id="1439" name="IsHandlerRegistered_ReturnsFalseForUnregistered" fullname="MercuryMessaging.Tests.ResponderBuilderTests.IsHandlerRegistered_ReturnsFalseForUnregistered" methodname="IsHandlerRegistered_ReturnsFalseForUnregistered" classname="MercuryMessaging.Tests.ResponderBuilderTests" runstate="Runnable" seed="318271852" result="Passed" start-time="2025-11-25 17:51:53Z" end-time="2025-11-25 17:51:53Z" duration="0.000302" asserts="0">
              <properties>
                <property name="retryIteration" value="0" />
                <property name="repeatIteration" value="0" />
              </properties>
            </test-case>
            <test-case id="1438" name="IsHandlerRegistered_ReturnsTrueForRegistered" fullname="MercuryMessaging.Tests.ResponderBuilderTests.IsHandlerRegistered_ReturnsTrueForRegistered" methodname="IsHandlerRegistered_ReturnsTrueForRegistered" classname="MercuryMessaging.Tests.ResponderBuilderTests" runstate="Runnable" seed="1627667155" result="Passed" start-time="2025-11-25 17:51:53Z" end-time="2025-11-25 17:51:53Z" duration="0.000371" asserts="0">
              <properties>
                <property name="retryIteration" value="0" />
                <property name="repeatIteration" value="0" />
              </properties>
            </test-case>
            <test-case id="1430" name="OnCustomMethod_AddsHandler" fullname="MercuryMessaging.Tests.ResponderBuilderTests.OnCustomMethod_AddsHandler" methodname="OnCustomMethod_AddsHandler" classname="MercuryMessaging.Tests.ResponderBuilderTests" runstate="Runnable" seed="1525392533" result="Passed" start-time="2025-11-25 17:51:53Z" end-time="2025-11-25 17:51:53Z" duration="0.001621" asserts="0">
              <properties>
                <property name="retryIteration" value="0" />
                <property name="repeatIteration" value="0" />
              </properties>
            </test-case>
            <test-case id="1431" name="OnCustomMethod_ThrowsForInvalidMethodId" fullname="MercuryMessaging.Tests.ResponderBuilderTests.OnCustomMethod_ThrowsForInvalidMethodId" methodname="OnCustomMethod_ThrowsForInvalidMethodId" classname="MercuryMessaging.Tests.ResponderBuilderTests" runstate="Runnable" seed="213108082" result="Passed" start-time="2025-11-25 17:51:53Z" end-time="2025-11-25 17:51:53Z" duration="0.000508" asserts="0">
              <properties>
                <property name="retryIteration" value="0" />
                <property name="repeatIteration" value="0" />
              </properties>
            </test-case>
            <test-case id="1433" name="QuickRegister_RegistersHandler" fullname="MercuryMessaging.Tests.ResponderBuilderTests.QuickRegister_RegistersHandler" methodname="QuickRegister_RegistersHandler" classname="MercuryMessaging.Tests.ResponderBuilderTests" runstate="Runnable" seed="1641917184" result="Passed" start-time="2025-11-25 17:51:53Z" end-time="2025-11-25 17:51:53Z" duration="0.000365" asserts="0">
              <properties>
                <property name="retryIteration" value="0" />
                <property name="repeatIteration" value="0" />
              </properties>
            </test-case>
            <test-case id="1434" name="QuickRegister_ThrowsForInvalidMethodId" fullname="MercuryMessaging.Tests.ResponderBuilderTests.QuickRegister_ThrowsForInvalidMethodId" methodname="QuickRegister_ThrowsForInvalidMethodId" classname="MercuryMessaging.Tests.ResponderBuilderTests" runstate="Runnable" seed="1957709846" result="Passed" start-time="2025-11-25 17:51:53Z" end-time="2025-11-25 17:51:53Z" duration="0.000378" asserts="0">
              <properties>
                <property name="retryIteration" value="0" />
                <property name="repeatIteration" value="0" />
              </properties>
            </test-case>
            <test-case id="1435" name="QuickUnregister_RemovesHandler" fullname="MercuryMessaging.Tests.ResponderBuilderTests.QuickUnregister_RemovesHandler" methodname="QuickUnregister_RemovesHandler" classname="MercuryMessaging.Tests.ResponderBuilderTests" runstate="Runnable" seed="295559794" result="Passed" start-time="2025-11-25 17:51:53Z" end-time="2025-11-25 17:51:53Z" duration="0.000377" asserts="0">
              <properties>
                <property name="retryIteration" value="0" />
                <property name="repeatIteration" value="0" />
              </properties>
            </test-case>
            <test-case id="1436" name="RegisterHandlers_RegistersMultiple" fullname="MercuryMessaging.Tests.ResponderBuilderTests.RegisterHandlers_RegistersMultiple" methodname="RegisterHandlers_RegistersMultiple" classname="MercuryMessaging.Tests.ResponderBuilderTests" runstate="Runnable" seed="1562595542" result="Passed" start-time="2025-11-25 17:51:53Z" end-time="2025-11-25 17:51:53Z" duration="0.000646" asserts="0">
              <properties>
                <property name="retryIteration" value="0" />
                <property name="repeatIteration" value="0" />
              </properties>
            </test-case>
            <test-case id="1445" name="Send_WithNoRelay_ReturnsDefault" fullname="MercuryMessaging.Tests.ResponderBuilderTests.Send_WithNoRelay_ReturnsDefault" methodname="Send_WithNoRelay_ReturnsDefault" classname="MercuryMessaging.Tests.ResponderBuilderTests" runstate="Runnable" seed="1182368667" result="Passed" start-time="2025-11-25 17:51:53Z" end-time="2025-11-25 17:51:53Z" duration="0.000824" asserts="0">
              <properties>
                <property name="retryIteration" value="0" />
                <property name="repeatIteration" value="0" />
              </properties>
              <reason>
                <message><![CDATA[Send without relay returns safely]]></message>
              </reason>
            </test-case>
            <test-case id="1446" name="Send_WithRelay_ReturnsFluentMessage" fullname="MercuryMessaging.Tests.ResponderBuilderTests.Send_WithRelay_ReturnsFluentMessage" methodname="Send_WithRelay_ReturnsFluentMessage" classname="MercuryMessaging.Tests.ResponderBuilderTests" runstate="Runnable" seed="1531734658" result="Passed" start-time="2025-11-25 17:51:53Z" end-time="2025-11-25 17:51:53Z" duration="0.000858" asserts="0">
              <properties>
                <property name="retryIteration" value="0" />
                <property name="repeatIteration" value="0" />
              </properties>
              <reason>
                <message><![CDATA[Send with relay returns fluent message]]></message>
              </reason>
            </test-case>
            <test-case id="1437" name="UnregisterHandlers_RemovesMultiple" fullname="MercuryMessaging.Tests.ResponderBuilderTests.UnregisterHandlers_RemovesMultiple" methodname="UnregisterHandlers_RemovesMultiple" classname="MercuryMessaging.Tests.ResponderBuilderTests" runstate="Runnable" seed="626705943" result="Passed" start-time="2025-11-25 17:51:53Z" end-time="2025-11-25 17:51:53Z" duration="0.000877" asserts="0">
              <properties>
                <property name="retryIteration" value="0" />
                <property name="repeatIteration" value="0" />
              </properties>
              <output><![CDATA[Saving results to: C:/Users/yangb/AppData/LocalLow/DefaultCompany/MercuryMessaging\TestResults.xml
]]></output>
            </test-case>
          </test-suite>
        </test-suite>
      </test-suite>
    </test-suite>
  </test-suite>
</test-run>