<?xml version="1.0" encoding="utf-8"?>
<test-run id="2" testcasecount="418" result="Passed" total="418" passed="418" failed="0" inconclusive="0" skipped="0" asserts="0" engine-version="3.5.0.0" clr-version="4.0.30319.42000" start-time="2025-11-25 18:14:35Z" end-time="2025-11-25 18:14:57Z" duration="21.294465">
  <test-suite type="TestSuite" id="1453" name="MercuryMessaging" fullname="MercuryMessaging" runstate="Runnable" testcasecount="418" result="Passed" start-time="2025-11-25 18:14:35Z" end-time="2025-11-25 18:14:57Z" duration="21.294465" total="418" passed="418" failed="0" inconclusive="0" skipped="0" asserts="0">
    <properties>
      <property name="platform" value="PlayMode" />
    </properties>
    <test-suite type="Assembly" id="1447" name="MercuryMessaging.Tests.dll" fullname="C:/Users/yangb/Research/MercuryMessaging/Library/ScriptAssemblies/MercuryMessaging.Tests.dll" runstate="Runnable" testcasecount="418" result="Passed" start-time="2025-11-25 18:14:35Z" end-time="2025-11-25 18:14:57Z" duration="21.268463" total="418" passed="418" failed="0" inconclusive="0" skipped="0" asserts="0">
      <properties>
        <property name="_PID" value="16856" />
        <property name="_APPDOMAIN" value="Unity Child Domain" />
        <property name="platform" value="PlayMode" />
        <property name="EditorOnly" value="False" />
      </properties>
      <test-suite type="TestSuite" id="1448" name="MercuryMessaging" fullname="MercuryMessaging" runstate="Runnable" testcasecount="418" result="Passed" start-time="2025-11-25 18:14:35Z" end-time="2025-11-25 18:14:57Z" duration="21.257196" total="418" passed="418" failed="0" inconclusive="0" skipped="0" asserts="0">
        <properties />
        <test-suite type="TestSuite" id="1449" name="Tests" fullname="MercuryMessaging.Tests" runstate="Runnable" testcasecount="418" result="Passed" start-time="2025-11-25 18:14:35Z" end-time="2025-11-25 18:14:57Z" duration="21.245517" total="418" passed="418" failed="0" inconclusive="0" skipped="0" asserts="0">
          <properties />
          <test-suite type="TestFixture" id="1001" name="AdvancedRoutingTests" fullname="MercuryMessaging.Tests.AdvancedRoutingTests" classname="MercuryMessaging.Tests.AdvancedRoutingTests" runstate="Runnable" testcasecount="9" result="Passed" start-time="2025-11-25 18:14:35Z" end-time="2025-11-25 18:14:37Z" duration="1.317500" total="9" passed="9" failed="0" inconclusive="0" skipped="0" asserts="0">
            <properties />
            <test-case id="1007" name="AncestorsRouting_ReachesAllParents" fullname="MercuryMessaging.Tests.AdvancedRoutingTests.AncestorsRouting_ReachesAllParents" methodname="AncestorsRouting_ReachesAllParents" classname="MercuryMessaging.Tests.AdvancedRoutingTests" runstate="Runnable" seed="389569949" result="Passed" start-time="2025-11-25 18:14:35Z" end-time="2025-11-25 18:14:36Z" duration="0.199709" asserts="0">
              <properties>
                <property name="_JOINTYPE" value="UnityCombinatorial" />
                <property name="retryIteration" value="0" />
                <property name="repeatIteration" value="0" />
              </properties>
              <output><![CDATA[[PASS] Ancestors routing reaches all ancestor nodes
]]></output>
            </test-case>
            <test-case id="1010" name="CombinedFilters_SelfAndSiblings_Works" fullname="MercuryMessaging.Tests.AdvancedRoutingTests.CombinedFilters_SelfAndSiblings_Works" methodname="CombinedFilters_SelfAndSiblings_Works" classname="MercuryMessaging.Tests.AdvancedRoutingTests" runstate="Runnable" seed="1105813717" result="Passed" start-time="2025-11-25 18:14:36Z" end-time="2025-11-25 18:14:36Z" duration="0.144396" asserts="0">
              <properties>
                <property name="_JOINTYPE" value="UnityCombinatorial" />
                <property name="retryIteration" value="0" />
                <property name="repeatIteration" value="0" />
              </properties>
              <output><![CDATA[[PASS] Combined filters (Self + Siblings) work correctly
]]></output>
            </test-case>
            <test-case id="1004" name="CousinsRouting_WithLateralEnabled_ReachesCousins" fullname="MercuryMessaging.Tests.AdvancedRoutingTests.CousinsRouting_WithLateralEnabled_ReachesCousins" methodname="CousinsRouting_WithLateralEnabled_ReachesCousins" classname="MercuryMessaging.Tests.AdvancedRoutingTests" runstate="Runnable" seed="1099357452" result="Passed" start-time="2025-11-25 18:14:36Z" end-time="2025-11-25 18:14:36Z" duration="0.139602" asserts="0">
              <properties>
                <property name="_JOINTYPE" value="UnityCombinatorial" />
                <property name="retryIteration" value="0" />
                <property name="repeatIteration" value="0" />
              </properties>
              <output><![CDATA[[PASS] Cousins routing reaches cousin nodes correctly
]]></output>
            </test-case>
            <test-case id="1009" name="CustomFilter_WithoutPredicate_Blocked" fullname="MercuryMessaging.Tests.AdvancedRoutingTests.CustomFilter_WithoutPredicate_Blocked" methodname="CustomFilter_WithoutPredicate_Blocked" classname="MercuryMessaging.Tests.AdvancedRoutingTests" runstate="Runnable" seed="454379910" result="Passed" start-time="2025-11-25 18:14:36Z" end-time="2025-11-25 18:14:36Z" duration="0.126824" asserts="0">
              <properties>
                <property name="_JOINTYPE" value="UnityCombinatorial" />
                <property name="retryIteration" value="0" />
                <property name="repeatIteration" value="0" />
              </properties>
              <output><![CDATA[[PASS] Custom filter blocked without predicate
]]></output>
            </test-case>
            <test-case id="1008" name="CustomFilter_WithPredicate_FiltersCorrectly" fullname="MercuryMessaging.Tests.AdvancedRoutingTests.CustomFilter_WithPredicate_FiltersCorrectly" methodname="CustomFilter_WithPredicate_FiltersCorrectly" classname="MercuryMessaging.Tests.AdvancedRoutingTests" runstate="Runnable" seed="1068328815" result="Passed" start-time="2025-11-25 18:14:36Z" end-time="2025-11-25 18:14:36Z" duration="0.138273" asserts="0">
              <properties>
                <property name="_JOINTYPE" value="UnityCombinatorial" />
                <property name="retryIteration" value="0" />
                <property name="repeatIteration" value="0" />
              </properties>
              <output><![CDATA[[PASS] Custom filter applies predicate correctly
]]></output>
            </test-case>
            <test-case id="1006" name="DescendantsRouting_PreventsCircularLoops" fullname="MercuryMessaging.Tests.AdvancedRoutingTests.DescendantsRouting_PreventsCircularLoops" methodname="DescendantsRouting_PreventsCircularLoops" classname="MercuryMessaging.Tests.AdvancedRoutingTests" runstate="Runnable" seed="853727747" result="Passed" start-time="2025-11-25 18:14:36Z" end-time="2025-11-25 18:14:36Z" duration="0.135762" asserts="0">
              <properties>
                <property name="_JOINTYPE" value="UnityCombinatorial" />
                <property name="retryIteration" value="0" />
                <property name="repeatIteration" value="0" />
              </properties>
              <output><![CDATA[[PASS] Descendants routing handles multiple sends correctly
]]></output>
            </test-case>
            <test-case id="1005" name="DescendantsRouting_ReachesAllChildren" fullname="MercuryMessaging.Tests.AdvancedRoutingTests.DescendantsRouting_ReachesAllChildren" methodname="DescendantsRouting_ReachesAllChildren" classname="MercuryMessaging.Tests.AdvancedRoutingTests" runstate="Runnable" seed="753932368" result="Passed" start-time="2025-11-25 18:14:36Z" end-time="2025-11-25 18:14:36Z" duration="0.133727" asserts="0">
              <properties>
                <property name="_JOINTYPE" value="UnityCombinatorial" />
                <property name="retryIteration" value="0" />
                <property name="repeatIteration" value="0" />
              </properties>
              <output><![CDATA[[PASS] Descendants routing reaches all descendant nodes
]]></output>
            </test-case>
            <test-case id="1002" name="SiblingsRouting_WithLateralEnabled_ReachesSiblings" fullname="MercuryMessaging.Tests.AdvancedRoutingTests.SiblingsRouting_WithLateralEnabled_ReachesSiblings" methodname="SiblingsRouting_WithLateralEnabled_ReachesSiblings" classname="MercuryMessaging.Tests.AdvancedRoutingTests" runstate="Runnable" seed="1038659758" result="Passed" start-time="2025-11-25 18:14:36Z" end-time="2025-11-25 18:14:37Z" duration="0.137045" asserts="0">
              <properties>
                <property name="_JOINTYPE" value="UnityCombinatorial" />
                <property name="retryIteration" value="0" />
                <property name="repeatIteration" value="0" />
              </properties>
              <output><![CDATA[[PASS] Siblings routing reaches sibling nodes correctly
]]></output>
            </test-case>
            <test-case id="1003" name="SiblingsRouting_WithoutLateralEnabled_Blocked" fullname="MercuryMessaging.Tests.AdvancedRoutingTests.SiblingsRouting_WithoutLateralEnabled_Blocked" methodname="SiblingsRouting_WithoutLateralEnabled_Blocked" classname="MercuryMessaging.Tests.AdvancedRoutingTests" runstate="Runnable" seed="789144898" result="Passed" start-time="2025-11-25 18:14:37Z" end-time="2025-11-25 18:14:37Z" duration="0.131376" asserts="0">
              <properties>
                <property name="_JOINTYPE" value="UnityCombinatorial" />
                <property name="retryIteration" value="0" />
                <property name="repeatIteration" value="0" />
              </properties>
              <output><![CDATA[[PASS] Siblings routing blocked without lateral routing enabled
]]></output>
            </test-case>
          </test-suite>
          <test-suite type="TestFixture" id="1011" name="AppStateBuilderTests" fullname="MercuryMessaging.Tests.AppStateBuilderTests" classname="MercuryMessaging.Tests.AppStateBuilderTests" runstate="Runnable" testcasecount="14" result="Passed" start-time="2025-11-25 18:14:37Z" end-time="2025-11-25 18:14:37Z" duration="0.023746" total="14" passed="14" failed="0" inconclusive="0" skipped="0" asserts="0">
            <properties />
            <test-case id="1015" name="ChainedDefinition_Works" fullname="MercuryMessaging.Tests.AppStateBuilderTests.ChainedDefinition_Works" methodname="ChainedDefinition_Works" classname="MercuryMessaging.Tests.AppStateBuilderTests" runstate="Runnable" seed="565898260" result="Passed" start-time="2025-11-25 18:14:37Z" end-time="2025-11-25 18:14:37Z" duration="0.009501" asserts="0">
              <properties>
                <property name="retryIteration" value="0" />
                <property name="repeatIteration" value="0" />
              </properties>
            </test-case>
            <test-case id="1012" name="Configure_ReturnsBuilder" fullname="MercuryMessaging.Tests.AppStateBuilderTests.Configure_ReturnsBuilder" methodname="Configure_ReturnsBuilder" classname="MercuryMessaging.Tests.AppStateBuilderTests" runstate="Runnable" seed="83853461" result="Passed" start-time="2025-11-25 18:14:37Z" end-time="2025-11-25 18:14:37Z" duration="0.000327" asserts="0">
              <properties>
                <property name="retryIteration" value="0" />
                <property name="repeatIteration" value="0" />
              </properties>
            </test-case>
            <test-case id="1013" name="ConfigureStates_ReturnsBuilder" fullname="MercuryMessaging.Tests.AppStateBuilderTests.ConfigureStates_ReturnsBuilder" methodname="ConfigureStates_ReturnsBuilder" classname="MercuryMessaging.Tests.AppStateBuilderTests" runstate="Runnable" seed="259172560" result="Passed" start-time="2025-11-25 18:14:37Z" end-time="2025-11-25 18:14:37Z" duration="0.000545" asserts="0">
              <properties>
                <property name="retryIteration" value="0" />
                <property name="repeatIteration" value="0" />
              </properties>
            </test-case>
            <test-case id="1014" name="DefineState_ReturnsBuilder" fullname="MercuryMessaging.Tests.AppStateBuilderTests.DefineState_ReturnsBuilder" methodname="DefineState_ReturnsBuilder" classname="MercuryMessaging.Tests.AppStateBuilderTests" runstate="Runnable" seed="2011301568" result="Passed" start-time="2025-11-25 18:14:37Z" end-time="2025-11-25 18:14:37Z" duration="0.000286" asserts="0">
              <properties>
                <property name="retryIteration" value="0" />
                <property name="repeatIteration" value="0" />
              </properties>
            </test-case>
            <test-case id="1023" name="GetCurrentStateName_ReturnsStateName" fullname="MercuryMessaging.Tests.AppStateBuilderTests.GetCurrentStateName_ReturnsStateName" methodname="GetCurrentStateName_ReturnsStateName" classname="MercuryMessaging.Tests.AppStateBuilderTests" runstate="Runnable" seed="1167520708" result="Passed" start-time="2025-11-25 18:14:37Z" end-time="2025-11-25 18:14:37Z" duration="0.000806" asserts="0">
              <properties>
                <property name="retryIteration" value="0" />
                <property name="repeatIteration" value="0" />
              </properties>
            </test-case>
            <test-case id="1024" name="GetPreviousStateName_ReturnsPreviousStateName" fullname="MercuryMessaging.Tests.AppStateBuilderTests.GetPreviousStateName_ReturnsPreviousStateName" methodname="GetPreviousStateName_ReturnsPreviousStateName" classname="MercuryMessaging.Tests.AppStateBuilderTests" runstate="Runnable" seed="2039438445" result="Passed" start-time="2025-11-25 18:14:37Z" end-time="2025-11-25 18:14:37Z" duration="0.000377" asserts="0">
              <properties>
                <property name="retryIteration" value="0" />
                <property name="repeatIteration" value="0" />
              </properties>
            </test-case>
            <test-case id="1021" name="GoBack_ReturnsToPreviousState" fullname="MercuryMessaging.Tests.AppStateBuilderTests.GoBack_ReturnsToPreviousState" methodname="GoBack_ReturnsToPreviousState" classname="MercuryMessaging.Tests.AppStateBuilderTests" runstate="Runnable" seed="2045455340" result="Passed" start-time="2025-11-25 18:14:37Z" end-time="2025-11-25 18:14:37Z" duration="0.000394" asserts="0">
              <properties>
                <property name="retryIteration" value="0" />
                <property name="repeatIteration" value="0" />
              </properties>
            </test-case>
            <test-case id="1020" name="GoTo_ChangesState" fullname="MercuryMessaging.Tests.AppStateBuilderTests.GoTo_ChangesState" methodname="GoTo_ChangesState" classname="MercuryMessaging.Tests.AppStateBuilderTests" runstate="Runnable" seed="831791569" result="Passed" start-time="2025-11-25 18:14:37Z" end-time="2025-11-25 18:14:37Z" duration="0.000303" asserts="0">
              <properties>
                <property name="retryIteration" value="0" />
                <property name="repeatIteration" value="0" />
              </properties>
            </test-case>
            <test-case id="1025" name="HasPreviousState_ReturnsTrueAfterTransition" fullname="MercuryMessaging.Tests.AppStateBuilderTests.HasPreviousState_ReturnsTrueAfterTransition" methodname="HasPreviousState_ReturnsTrueAfterTransition" classname="MercuryMessaging.Tests.AppStateBuilderTests" runstate="Runnable" seed="1298461564" result="Passed" start-time="2025-11-25 18:14:37Z" end-time="2025-11-25 18:14:37Z" duration="0.000343" asserts="0">
              <properties>
                <property name="retryIteration" value="0" />
                <property name="repeatIteration" value="0" />
              </properties>
            </test-case>
            <test-case id="1022" name="IsInState_ReturnsCorrectValue" fullname="MercuryMessaging.Tests.AppStateBuilderTests.IsInState_ReturnsCorrectValue" methodname="IsInState_ReturnsCorrectValue" classname="MercuryMessaging.Tests.AppStateBuilderTests" runstate="Runnable" seed="1850420462" result="Passed" start-time="2025-11-25 18:14:37Z" end-time="2025-11-25 18:14:37Z" duration="0.000683" asserts="0">
              <properties>
                <property name="retryIteration" value="0" />
                <property name="repeatIteration" value="0" />
              </properties>
            </test-case>
            <test-case id="1019" name="OnAnyStateEnter_CalledForAllStates" fullname="MercuryMessaging.Tests.AppStateBuilderTests.OnAnyStateEnter_CalledForAllStates" methodname="OnAnyStateEnter_CalledForAllStates" classname="MercuryMessaging.Tests.AppStateBuilderTests" runstate="Runnable" seed="815984979" result="Passed" start-time="2025-11-25 18:14:37Z" end-time="2025-11-25 18:14:37Z" duration="0.000478" asserts="0">
              <properties>
                <property name="retryIteration" value="0" />
                <property name="repeatIteration" value="0" />
              </properties>
            </test-case>
            <test-case id="1016" name="OnEnter_CallbackInvoked" fullname="MercuryMessaging.Tests.AppStateBuilderTests.OnEnter_CallbackInvoked" methodname="OnEnter_CallbackInvoked" classname="MercuryMessaging.Tests.AppStateBuilderTests" runstate="Runnable" seed="314412842" result="Passed" start-time="2025-11-25 18:14:37Z" end-time="2025-11-25 18:14:37Z" duration="0.000380" asserts="0">
              <properties>
                <property name="retryIteration" value="0" />
                <property name="repeatIteration" value="0" />
              </properties>
            </test-case>
            <test-case id="1017" name="OnExit_CallbackInvoked" fullname="MercuryMessaging.Tests.AppStateBuilderTests.OnExit_CallbackInvoked" methodname="OnExit_CallbackInvoked" classname="MercuryMessaging.Tests.AppStateBuilderTests" runstate="Runnable" seed="839978361" result="Passed" start-time="2025-11-25 18:14:37Z" end-time="2025-11-25 18:14:37Z" duration="0.000368" asserts="0">
              <properties>
                <property name="retryIteration" value="0" />
                <property name="repeatIteration" value="0" />
              </properties>
            </test-case>
            <test-case id="1018" name="OnTransition_SetsBothCallbacks" fullname="MercuryMessaging.Tests.AppStateBuilderTests.OnTransition_SetsBothCallbacks" methodname="OnTransition_SetsBothCallbacks" classname="MercuryMessaging.Tests.AppStateBuilderTests" runstate="Runnable" seed="465361151" result="Passed" start-time="2025-11-25 18:14:37Z" end-time="2025-11-25 18:14:37Z" duration="0.000422" asserts="0">
              <properties>
                <property name="retryIteration" value="0" />
                <property name="repeatIteration" value="0" />
              </properties>
            </test-case>
          </test-suite>
          <test-suite type="TestFixture" id="1060" name="CycleDetectionValidationTests" fullname="MercuryMessaging.Tests.CycleDetectionValidationTests" classname="MercuryMessaging.Tests.CycleDetectionValidationTests" runstate="Runnable" testcasecount="5" result="Passed" start-time="2025-11-25 18:14:37Z" end-time="2025-11-25 18:14:37Z" duration="0.369386" total="5" passed="5" failed="0" inconclusive="0" skipped="0" asserts="0">
            <properties />
            <output><![CDATA[
IgnoreFailingMessages:true
]]></output>
            <test-case id="1063" name="CycleDetection_CanBeDisabled" fullname="MercuryMessaging.Tests.CycleDetectionValidationTests.CycleDetection_CanBeDisabled" methodname="CycleDetection_CanBeDisabled" classname="MercuryMessaging.Tests.CycleDetectionValidationTests" runstate="Runnable" seed="1190786925" result="Passed" start-time="2025-11-25 18:14:37Z" end-time="2025-11-25 18:14:37Z" duration="0.030569" asserts="0">
              <properties>
                <property name="_JOINTYPE" value="UnityCombinatorial" />
                <property name="retryIteration" value="0" />
                <property name="repeatIteration" value="0" />
              </properties>
              <output><![CDATA[[QW-1 PASS] Cycle detection can be toggled via enableCycleDetection flag
]]></output>
            </test-case>
            <test-case id="1065" name="CycleDetection_IndependentMessageTracking" fullname="MercuryMessaging.Tests.CycleDetectionValidationTests.CycleDetection_IndependentMessageTracking" methodname="CycleDetection_IndependentMessageTracking" classname="MercuryMessaging.Tests.CycleDetectionValidationTests" runstate="Runnable" seed="140564211" result="Passed" start-time="2025-11-25 18:14:37Z" end-time="2025-11-25 18:14:37Z" duration="0.030877" asserts="0">
              <properties>
                <property name="_JOINTYPE" value="UnityCombinatorial" />
                <property name="retryIteration" value="0" />
                <property name="repeatIteration" value="0" />
              </properties>
              <output><![CDATA[[QW-1 PASS] Different messages have independent cycle tracking
]]></output>
            </test-case>
            <test-case id="1061" name="CycleDetection_InfrastructureExists" fullname="MercuryMessaging.Tests.CycleDetectionValidationTests.CycleDetection_InfrastructureExists" methodname="CycleDetection_InfrastructureExists" classname="MercuryMessaging.Tests.CycleDetectionValidationTests" runstate="Runnable" seed="1431325241" result="Passed" start-time="2025-11-25 18:14:37Z" end-time="2025-11-25 18:14:37Z" duration="0.134158" asserts="0">
              <properties>
                <property name="_JOINTYPE" value="UnityCombinatorial" />
                <property name="retryIteration" value="0" />
                <property name="repeatIteration" value="0" />
              </properties>
              <output><![CDATA[[QW-1 PASS] Cycle detection infrastructure working, tracked 1 visits
]]></output>
            </test-case>
            <test-case id="1062" name="CycleDetection_PreventsRevisits" fullname="MercuryMessaging.Tests.CycleDetectionValidationTests.CycleDetection_PreventsRevisits" methodname="CycleDetection_PreventsRevisits" classname="MercuryMessaging.Tests.CycleDetectionValidationTests" runstate="Runnable" seed="1096298071" result="Passed" start-time="2025-11-25 18:14:37Z" end-time="2025-11-25 18:14:37Z" duration="0.034044" asserts="0">
              <properties>
                <property name="_JOINTYPE" value="UnityCombinatorial" />
                <property name="retryIteration" value="0" />
                <property name="repeatIteration" value="0" />
              </properties>
              <output><![CDATA[[QW-1 PASS] Cycle detection prevents message re-entry
]]></output>
            </test-case>
            <test-case id="1064" name="CycleDetection_TracksMultipleNodes" fullname="MercuryMessaging.Tests.CycleDetectionValidationTests.CycleDetection_TracksMultipleNodes" methodname="CycleDetection_TracksMultipleNodes" classname="MercuryMessaging.Tests.CycleDetectionValidationTests" runstate="Runnable" seed="1467121395" result="Passed" start-time="2025-11-25 18:14:37Z" end-time="2025-11-25 18:14:37Z" duration="0.130773" asserts="0">
              <properties>
                <property name="_JOINTYPE" value="UnityCombinatorial" />
                <property name="retryIteration" value="0" />
                <property name="repeatIteration" value="0" />
              </properties>
              <output><![CDATA[[QW-1 PASS] Tracked 5 nodes in 5-node chain
]]></output>
            </test-case>
          </test-suite>
          <test-suite type="TestFixture" id="1066" name="DataCollectionBuilderTests" fullname="MercuryMessaging.Tests.DataCollectionBuilderTests" classname="MercuryMessaging.Tests.DataCollectionBuilderTests" runstate="Runnable" testcasecount="15" result="Passed" start-time="2025-11-25 18:14:37Z" end-time="2025-11-25 18:14:37Z" duration="0.020260" total="15" passed="15" failed="0" inconclusive="0" skipped="0" asserts="0">
            <properties />
            <test-case id="1076" name="AddData_AddsItem" fullname="MercuryMessaging.Tests.DataCollectionBuilderTests.AddData_AddsItem" methodname="AddData_AddsItem" classname="MercuryMessaging.Tests.DataCollectionBuilderTests" runstate="Runnable" seed="734043725" result="Passed" start-time="2025-11-25 18:14:37Z" end-time="2025-11-25 18:14:37Z" duration="0.004223" asserts="0">
              <properties>
                <property name="retryIteration" value="0" />
                <property name="repeatIteration" value="0" />
              </properties>
              <reason>
                <message><![CDATA[AddData completed successfully]]></message>
              </reason>
            </test-case>
            <test-case id="1073" name="ChainedConfiguration_Works" fullname="MercuryMessaging.Tests.DataCollectionBuilderTests.ChainedConfiguration_Works" methodname="ChainedConfiguration_Works" classname="MercuryMessaging.Tests.DataCollectionBuilderTests" runstate="Runnable" seed="228080870" result="Passed" start-time="2025-11-25 18:14:37Z" end-time="2025-11-25 18:14:37Z" duration="0.002154" asserts="0">
              <properties>
                <property name="retryIteration" value="0" />
                <property name="repeatIteration" value="0" />
              </properties>
            </test-case>
            <test-case id="1072" name="Collect_AddsDataItem" fullname="MercuryMessaging.Tests.DataCollectionBuilderTests.Collect_AddsDataItem" methodname="Collect_AddsDataItem" classname="MercuryMessaging.Tests.DataCollectionBuilderTests" runstate="Runnable" seed="92472721" result="Passed" start-time="2025-11-25 18:14:37Z" end-time="2025-11-25 18:14:37Z" duration="0.000395" asserts="0">
              <properties>
                <property name="retryIteration" value="0" />
                <property name="repeatIteration" value="0" />
              </properties>
              <reason>
                <message><![CDATA[Data item added successfully]]></message>
              </reason>
            </test-case>
            <test-case id="1067" name="Configure_ReturnsBuilder" fullname="MercuryMessaging.Tests.DataCollectionBuilderTests.Configure_ReturnsBuilder" methodname="Configure_ReturnsBuilder" classname="MercuryMessaging.Tests.DataCollectionBuilderTests" runstate="Runnable" seed="458176267" result="Passed" start-time="2025-11-25 18:14:37Z" end-time="2025-11-25 18:14:37Z" duration="0.000243" asserts="0">
              <properties>
                <property name="retryIteration" value="0" />
                <property name="repeatIteration" value="0" />
              </properties>
            </test-case>
            <test-case id="1070" name="EveryFrame_SetsFrequency" fullname="MercuryMessaging.Tests.DataCollectionBuilderTests.EveryFrame_SetsFrequency" methodname="EveryFrame_SetsFrequency" classname="MercuryMessaging.Tests.DataCollectionBuilderTests" runstate="Runnable" seed="679243684" result="Passed" start-time="2025-11-25 18:14:37Z" end-time="2025-11-25 18:14:37Z" duration="0.000300" asserts="0">
              <properties>
                <property name="retryIteration" value="0" />
                <property name="repeatIteration" value="0" />
              </properties>
            </test-case>
            <test-case id="1077" name="IsRecording_InitiallyFalse" fullname="MercuryMessaging.Tests.DataCollectionBuilderTests.IsRecording_InitiallyFalse" methodname="IsRecording_InitiallyFalse" classname="MercuryMessaging.Tests.DataCollectionBuilderTests" runstate="Runnable" seed="160872843" result="Passed" start-time="2025-11-25 18:14:37Z" end-time="2025-11-25 18:14:37Z" duration="0.000245" asserts="0">
              <properties>
                <property name="retryIteration" value="0" />
                <property name="repeatIteration" value="0" />
              </properties>
            </test-case>
            <test-case id="1071" name="Manually_SetsFrequency" fullname="MercuryMessaging.Tests.DataCollectionBuilderTests.Manually_SetsFrequency" methodname="Manually_SetsFrequency" classname="MercuryMessaging.Tests.DataCollectionBuilderTests" runstate="Runnable" seed="2048221981" result="Passed" start-time="2025-11-25 18:14:37Z" end-time="2025-11-25 18:14:37Z" duration="0.000259" asserts="0">
              <properties>
                <property name="retryIteration" value="0" />
                <property name="repeatIteration" value="0" />
              </properties>
            </test-case>
            <test-case id="1068" name="OutputAsCsv_SetsOutputType" fullname="MercuryMessaging.Tests.DataCollectionBuilderTests.OutputAsCsv_SetsOutputType" methodname="OutputAsCsv_SetsOutputType" classname="MercuryMessaging.Tests.DataCollectionBuilderTests" runstate="Runnable" seed="1062674948" result="Passed" start-time="2025-11-25 18:14:37Z" end-time="2025-11-25 18:14:37Z" duration="0.000202" asserts="0">
              <properties>
                <property name="retryIteration" value="0" />
                <property name="repeatIteration" value="0" />
              </properties>
            </test-case>
            <test-case id="1069" name="OutputAsXml_SetsOutputType" fullname="MercuryMessaging.Tests.DataCollectionBuilderTests.OutputAsXml_SetsOutputType" methodname="OutputAsXml_SetsOutputType" classname="MercuryMessaging.Tests.DataCollectionBuilderTests" runstate="Runnable" seed="787798678" result="Passed" start-time="2025-11-25 18:14:37Z" end-time="2025-11-25 18:14:37Z" duration="0.000256" asserts="0">
              <properties>
                <property name="retryIteration" value="0" />
                <property name="repeatIteration" value="0" />
              </properties>
            </test-case>
            <test-case id="1078" name="PauseRecording_StopsWriting" fullname="MercuryMessaging.Tests.DataCollectionBuilderTests.PauseRecording_StopsWriting" methodname="PauseRecording_StopsWriting" classname="MercuryMessaging.Tests.DataCollectionBuilderTests" runstate="Runnable" seed="527686569" result="Passed" start-time="2025-11-25 18:14:37Z" end-time="2025-11-25 18:14:37Z" duration="0.000184" asserts="0">
              <properties>
                <property name="retryIteration" value="0" />
                <property name="repeatIteration" value="0" />
              </properties>
            </test-case>
            <test-case id="1074" name="QuickCsv_SetsOutputTypeAndFile" fullname="MercuryMessaging.Tests.DataCollectionBuilderTests.QuickCsv_SetsOutputTypeAndFile" methodname="QuickCsv_SetsOutputTypeAndFile" classname="MercuryMessaging.Tests.DataCollectionBuilderTests" runstate="Runnable" seed="1712239863" result="Passed" start-time="2025-11-25 18:14:37Z" end-time="2025-11-25 18:14:37Z" duration="0.000265" asserts="0">
              <properties>
                <property name="retryIteration" value="0" />
                <property name="repeatIteration" value="0" />
              </properties>
            </test-case>
            <test-case id="1075" name="QuickXml_SetsOutputTypeAndFile" fullname="MercuryMessaging.Tests.DataCollectionBuilderTests.QuickXml_SetsOutputTypeAndFile" methodname="QuickXml_SetsOutputTypeAndFile" classname="MercuryMessaging.Tests.DataCollectionBuilderTests" runstate="Runnable" seed="872714960" result="Passed" start-time="2025-11-25 18:14:37Z" end-time="2025-11-25 18:14:37Z" duration="0.000239" asserts="0">
              <properties>
                <property name="retryIteration" value="0" />
                <property name="repeatIteration" value="0" />
              </properties>
            </test-case>
            <test-case id="1079" name="ResumeRecording_AllowsWriting" fullname="MercuryMessaging.Tests.DataCollectionBuilderTests.ResumeRecording_AllowsWriting" methodname="ResumeRecording_AllowsWriting" classname="MercuryMessaging.Tests.DataCollectionBuilderTests" runstate="Runnable" seed="1435363005" result="Passed" start-time="2025-11-25 18:14:37Z" end-time="2025-11-25 18:14:37Z" duration="0.000175" asserts="0">
              <properties>
                <property name="retryIteration" value="0" />
                <property name="repeatIteration" value="0" />
              </properties>
            </test-case>
            <test-case id="1080" name="SetEveryFrame_ChangesFrequency" fullname="MercuryMessaging.Tests.DataCollectionBuilderTests.SetEveryFrame_ChangesFrequency" methodname="SetEveryFrame_ChangesFrequency" classname="MercuryMessaging.Tests.DataCollectionBuilderTests" runstate="Runnable" seed="271309317" result="Passed" start-time="2025-11-25 18:14:37Z" end-time="2025-11-25 18:14:37Z" duration="0.000187" asserts="0">
              <properties>
                <property name="retryIteration" value="0" />
                <property name="repeatIteration" value="0" />
              </properties>
            </test-case>
            <test-case id="1081" name="SetManual_ChangesFrequency" fullname="MercuryMessaging.Tests.DataCollectionBuilderTests.SetManual_ChangesFrequency" methodname="SetManual_ChangesFrequency" classname="MercuryMessaging.Tests.DataCollectionBuilderTests" runstate="Runnable" seed="98624188" result="Passed" start-time="2025-11-25 18:14:37Z" end-time="2025-11-25 18:14:37Z" duration="0.000179" asserts="0">
              <properties>
                <property name="retryIteration" value="0" />
                <property name="repeatIteration" value="0" />
              </properties>
            </test-case>
          </test-suite>
          <test-suite type="TestFixture" id="1082" name="FilterCacheValidationTests" fullname="MercuryMessaging.Tests.FilterCacheValidationTests" classname="MercuryMessaging.Tests.FilterCacheValidationTests" runstate="Runnable" testcasecount="12" result="Passed" start-time="2025-11-25 18:14:37Z" end-time="2025-11-25 18:14:37Z" duration="0.036184" total="12" passed="12" failed="0" inconclusive="0" skipped="0" asserts="0">
            <properties />
            <test-case id="1092" name="Test_CacheHandles_EmptyRoutingTable" fullname="MercuryMessaging.Tests.FilterCacheValidationTests.Test_CacheHandles_EmptyRoutingTable" methodname="Test_CacheHandles_EmptyRoutingTable" classname="MercuryMessaging.Tests.FilterCacheValidationTests" runstate="Runnable" seed="951634923" result="Passed" start-time="2025-11-25 18:14:37Z" end-time="2025-11-25 18:14:37Z" duration="0.003972" asserts="0">
              <properties>
                <property name="retryIteration" value="0" />
                <property name="repeatIteration" value="0" />
              </properties>
            </test-case>
            <test-case id="1091" name="Test_CacheHitRate_Increases" fullname="MercuryMessaging.Tests.FilterCacheValidationTests.Test_CacheHitRate_Increases" methodname="Test_CacheHitRate_Increases" classname="MercuryMessaging.Tests.FilterCacheValidationTests" runstate="Runnable" seed="1967176660" result="Passed" start-time="2025-11-25 18:14:37Z" end-time="2025-11-25 18:14:37Z" duration="0.001562" asserts="0">
              <properties>
                <property name="retryIteration" value="0" />
                <property name="repeatIteration" value="0" />
              </properties>
            </test-case>
            <test-case id="1084" name="Test_CacheInvalidation_OnAdd" fullname="MercuryMessaging.Tests.FilterCacheValidationTests.Test_CacheInvalidation_OnAdd" methodname="Test_CacheInvalidation_OnAdd" classname="MercuryMessaging.Tests.FilterCacheValidationTests" runstate="Runnable" seed="951523032" result="Passed" start-time="2025-11-25 18:14:37Z" end-time="2025-11-25 18:14:37Z" duration="0.000570" asserts="0">
              <properties>
                <property name="retryIteration" value="0" />
                <property name="repeatIteration" value="0" />
              </properties>
            </test-case>
            <test-case id="1087" name="Test_CacheInvalidation_OnClear" fullname="MercuryMessaging.Tests.FilterCacheValidationTests.Test_CacheInvalidation_OnClear" methodname="Test_CacheInvalidation_OnClear" classname="MercuryMessaging.Tests.FilterCacheValidationTests" runstate="Runnable" seed="1965118680" result="Passed" start-time="2025-11-25 18:14:37Z" end-time="2025-11-25 18:14:37Z" duration="0.000470" asserts="0">
              <properties>
                <property name="retryIteration" value="0" />
                <property name="repeatIteration" value="0" />
              </properties>
            </test-case>
            <test-case id="1088" name="Test_CacheInvalidation_OnIndexerSet" fullname="MercuryMessaging.Tests.FilterCacheValidationTests.Test_CacheInvalidation_OnIndexerSet" methodname="Test_CacheInvalidation_OnIndexerSet" classname="MercuryMessaging.Tests.FilterCacheValidationTests" runstate="Runnable" seed="652125651" result="Passed" start-time="2025-11-25 18:14:37Z" end-time="2025-11-25 18:14:37Z" duration="0.000478" asserts="0">
              <properties>
                <property name="retryIteration" value="0" />
                <property name="repeatIteration" value="0" />
              </properties>
            </test-case>
            <test-case id="1094" name="Test_CacheInvalidation_OnInsert" fullname="MercuryMessaging.Tests.FilterCacheValidationTests.Test_CacheInvalidation_OnInsert" methodname="Test_CacheInvalidation_OnInsert" classname="MercuryMessaging.Tests.FilterCacheValidationTests" runstate="Runnable" seed="614796732" result="Passed" start-time="2025-11-25 18:14:37Z" end-time="2025-11-25 18:14:37Z" duration="0.000656" asserts="0">
              <properties>
                <property name="retryIteration" value="0" />
                <property name="repeatIteration" value="0" />
              </properties>
            </test-case>
            <test-case id="1085" name="Test_CacheInvalidation_OnRemove" fullname="MercuryMessaging.Tests.FilterCacheValidationTests.Test_CacheInvalidation_OnRemove" methodname="Test_CacheInvalidation_OnRemove" classname="MercuryMessaging.Tests.FilterCacheValidationTests" runstate="Runnable" seed="48781188" result="Passed" start-time="2025-11-25 18:14:37Z" end-time="2025-11-25 18:14:37Z" duration="0.000533" asserts="0">
              <properties>
                <property name="retryIteration" value="0" />
                <property name="repeatIteration" value="0" />
              </properties>
            </test-case>
            <test-case id="1086" name="Test_CacheInvalidation_OnRemoveAt" fullname="MercuryMessaging.Tests.FilterCacheValidationTests.Test_CacheInvalidation_OnRemoveAt" methodname="Test_CacheInvalidation_OnRemoveAt" classname="MercuryMessaging.Tests.FilterCacheValidationTests" runstate="Runnable" seed="996395642" result="Passed" start-time="2025-11-25 18:14:37Z" end-time="2025-11-25 18:14:37Z" duration="0.000359" asserts="0">
              <properties>
                <property name="retryIteration" value="0" />
                <property name="repeatIteration" value="0" />
              </properties>
            </test-case>
            <test-case id="1083" name="Test_CacheMiss_Then_CacheHit" fullname="MercuryMessaging.Tests.FilterCacheValidationTests.Test_CacheMiss_Then_CacheHit" methodname="Test_CacheMiss_Then_CacheHit" classname="MercuryMessaging.Tests.FilterCacheValidationTests" runstate="Runnable" seed="549725288" result="Passed" start-time="2025-11-25 18:14:37Z" end-time="2025-11-25 18:14:37Z" duration="0.000404" asserts="0">
              <properties>
                <property name="retryIteration" value="0" />
                <property name="repeatIteration" value="0" />
              </properties>
            </test-case>
            <test-case id="1090" name="Test_LRU_Eviction" fullname="MercuryMessaging.Tests.FilterCacheValidationTests.Test_LRU_Eviction" methodname="Test_LRU_Eviction" classname="MercuryMessaging.Tests.FilterCacheValidationTests" runstate="Runnable" seed="89566641" result="Passed" start-time="2025-11-25 18:14:37Z" end-time="2025-11-25 18:14:37Z" duration="0.002511" asserts="0">
              <properties>
                <property name="retryIteration" value="0" />
                <property name="repeatIteration" value="0" />
              </properties>
            </test-case>
            <test-case id="1093" name="Test_Performance_CachedVsUncached" fullname="MercuryMessaging.Tests.FilterCacheValidationTests.Test_Performance_CachedVsUncached" methodname="Test_Performance_CachedVsUncached" classname="MercuryMessaging.Tests.FilterCacheValidationTests" runstate="Runnable" seed="183902356" result="Passed" start-time="2025-11-25 18:14:37Z" end-time="2025-11-25 18:14:37Z" duration="0.009343" asserts="0">
              <properties>
                <property name="retryIteration" value="0" />
                <property name="repeatIteration" value="0" />
              </properties>
              <output><![CDATA[QW-3 Performance: Uncached=539 ticks, Cached=15 ticks, Speedup=35.93x
]]></output>
            </test-case>
            <test-case id="1089" name="Test_SeparateCacheEntries_ForDifferentFilters" fullname="MercuryMessaging.Tests.FilterCacheValidationTests.Test_SeparateCacheEntries_ForDifferentFilters" methodname="Test_SeparateCacheEntries_ForDifferentFilters" classname="MercuryMessaging.Tests.FilterCacheValidationTests" runstate="Runnable" seed="1319516996" result="Passed" start-time="2025-11-25 18:14:37Z" end-time="2025-11-25 18:14:37Z" duration="0.001404" asserts="0">
              <properties>
                <property name="retryIteration" value="0" />
                <property name="repeatIteration" value="0" />
              </properties>
            </test-case>
          </test-suite>
          <test-suite type="TestFixture" id="1095" name="FluentApiIntegrationTests" fullname="MercuryMessaging.Tests.FluentApiIntegrationTests" classname="MercuryMessaging.Tests.FluentApiIntegrationTests" runstate="Runnable" testcasecount="11" result="Passed" start-time="2025-11-25 18:14:37Z" end-time="2025-11-25 18:14:37Z" duration="0.031083" total="11" passed="11" failed="0" inconclusive="0" skipped="0" asserts="0">
            <properties />
            <test-case id="1097" name="Integration_BranchingHierarchy_AllBranchesReceive" fullname="MercuryMessaging.Tests.FluentApiIntegrationTests.Integration_BranchingHierarchy_AllBranchesReceive" methodname="Integration_BranchingHierarchy_AllBranchesReceive" classname="MercuryMessaging.Tests.FluentApiIntegrationTests" runstate="Runnable" seed="1936838114" result="Passed" start-time="2025-11-25 18:14:37Z" end-time="2025-11-25 18:14:37Z" duration="0.003229" asserts="0">
              <properties>
                <property name="retryIteration" value="0" />
                <property name="repeatIteration" value="0" />
              </properties>
            </test-case>
            <test-case id="1098" name="Integration_CombinedFilters_CorrectTargeting" fullname="MercuryMessaging.Tests.FluentApiIntegrationTests.Integration_CombinedFilters_CorrectTargeting" methodname="Integration_CombinedFilters_CorrectTargeting" classname="MercuryMessaging.Tests.FluentApiIntegrationTests" runstate="Runnable" seed="1242515036" result="Passed" start-time="2025-11-25 18:14:37Z" end-time="2025-11-25 18:14:37Z" duration="0.005054" asserts="0">
              <properties>
                <property name="retryIteration" value="0" />
                <property name="repeatIteration" value="0" />
              </properties>
            </test-case>
            <test-case id="1096" name="Integration_DeepHierarchy_MessageReachesAllLevels" fullname="MercuryMessaging.Tests.FluentApiIntegrationTests.Integration_DeepHierarchy_MessageReachesAllLevels" methodname="Integration_DeepHierarchy_MessageReachesAllLevels" classname="MercuryMessaging.Tests.FluentApiIntegrationTests" runstate="Runnable" seed="1492188567" result="Passed" start-time="2025-11-25 18:14:37Z" end-time="2025-11-25 18:14:37Z" duration="0.001577" asserts="0">
              <properties>
                <property name="retryIteration" value="0" />
                <property name="repeatIteration" value="0" />
              </properties>
            </test-case>
            <test-case id="1103" name="Integration_MessageFactory_AllTypesWork" fullname="MercuryMessaging.Tests.FluentApiIntegrationTests.Integration_MessageFactory_AllTypesWork" methodname="Integration_MessageFactory_AllTypesWork" classname="MercuryMessaging.Tests.FluentApiIntegrationTests" runstate="Runnable" seed="1239979893" result="Passed" start-time="2025-11-25 18:14:37Z" end-time="2025-11-25 18:14:37Z" duration="0.000998" asserts="0">
              <properties>
                <property name="retryIteration" value="0" />
                <property name="repeatIteration" value="0" />
              </properties>
            </test-case>
            <test-case id="1104" name="Integration_MessageFactory_CustomMethods" fullname="MercuryMessaging.Tests.FluentApiIntegrationTests.Integration_MessageFactory_CustomMethods" methodname="Integration_MessageFactory_CustomMethods" classname="MercuryMessaging.Tests.FluentApiIntegrationTests" runstate="Runnable" seed="1143628899" result="Passed" start-time="2025-11-25 18:14:37Z" end-time="2025-11-25 18:14:37Z" duration="0.003270" asserts="0">
              <properties>
                <property name="retryIteration" value="0" />
                <property name="repeatIteration" value="0" />
              </properties>
            </test-case>
            <test-case id="1106" name="Integration_MixedAPI_TraditionalAndDSLCoexist" fullname="MercuryMessaging.Tests.FluentApiIntegrationTests.Integration_MixedAPI_TraditionalAndDSLCoexist" methodname="Integration_MixedAPI_TraditionalAndDSLCoexist" classname="MercuryMessaging.Tests.FluentApiIntegrationTests" runstate="Runnable" seed="949504926" result="Passed" start-time="2025-11-25 18:14:37Z" end-time="2025-11-25 18:14:37Z" duration="0.000639" asserts="0">
              <properties>
                <property name="retryIteration" value="0" />
                <property name="repeatIteration" value="0" />
              </properties>
            </test-case>
            <test-case id="1099" name="Integration_NotifyParent_ReachesCorrectTarget" fullname="MercuryMessaging.Tests.FluentApiIntegrationTests.Integration_NotifyParent_ReachesCorrectTarget" methodname="Integration_NotifyParent_ReachesCorrectTarget" classname="MercuryMessaging.Tests.FluentApiIntegrationTests" runstate="Runnable" seed="1592986456" result="Passed" start-time="2025-11-25 18:14:37Z" end-time="2025-11-25 18:14:37Z" duration="0.000730" asserts="0">
              <properties>
                <property name="retryIteration" value="0" />
                <property name="repeatIteration" value="0" />
              </properties>
            </test-case>
            <test-case id="1100" name="Integration_NotifyWithValue_ParentReceivesValue" fullname="MercuryMessaging.Tests.FluentApiIntegrationTests.Integration_NotifyWithValue_ParentReceivesValue" methodname="Integration_NotifyWithValue_ParentReceivesValue" classname="MercuryMessaging.Tests.FluentApiIntegrationTests" runstate="Runnable" seed="1023093801" result="Passed" start-time="2025-11-25 18:14:37Z" end-time="2025-11-25 18:14:37Z" duration="0.000463" asserts="0">
              <properties>
                <property name="retryIteration" value="0" />
                <property name="repeatIteration" value="0" />
              </properties>
            </test-case>
            <test-case id="1105" name="Integration_QueryResponse_WorksAcrossHierarchy" fullname="MercuryMessaging.Tests.FluentApiIntegrationTests.Integration_QueryResponse_WorksAcrossHierarchy" methodname="Integration_QueryResponse_WorksAcrossHierarchy" classname="MercuryMessaging.Tests.FluentApiIntegrationTests" runstate="Runnable" seed="1608583309" result="Passed" start-time="2025-11-25 18:14:37Z" end-time="2025-11-25 18:14:37Z" duration="0.002821" asserts="0">
              <properties>
                <property name="retryIteration" value="0" />
                <property name="repeatIteration" value="0" />
              </properties>
            </test-case>
            <test-case id="1101" name="Integration_SendToNamed_FindsDeepTarget" fullname="MercuryMessaging.Tests.FluentApiIntegrationTests.Integration_SendToNamed_FindsDeepTarget" methodname="Integration_SendToNamed_FindsDeepTarget" classname="MercuryMessaging.Tests.FluentApiIntegrationTests" runstate="Runnable" seed="1736493189" result="Passed" start-time="2025-11-25 18:14:37Z" end-time="2025-11-25 18:14:37Z" duration="0.000807" asserts="0">
              <properties>
                <property name="retryIteration" value="0" />
                <property name="repeatIteration" value="0" />
              </properties>
            </test-case>
            <test-case id="1102" name="Integration_SendToWithValue_DeliverValue" fullname="MercuryMessaging.Tests.FluentApiIntegrationTests.Integration_SendToWithValue_DeliverValue" methodname="Integration_SendToWithValue_DeliverValue" classname="MercuryMessaging.Tests.FluentApiIntegrationTests" runstate="Runnable" seed="1236177672" result="Passed" start-time="2025-11-25 18:14:37Z" end-time="2025-11-25 18:14:37Z" duration="0.000499" asserts="0">
              <properties>
                <property name="retryIteration" value="0" />
                <property name="repeatIteration" value="0" />
              </properties>
            </test-case>
          </test-suite>
          <test-suite type="TestFixture" id="1107" name="FluentApiPerformanceTests" fullname="MercuryMessaging.Tests.FluentApiPerformanceTests" classname="MercuryMessaging.Tests.FluentApiPerformanceTests" runstate="Runnable" testcasecount="11" result="Passed" start-time="2025-11-25 18:14:37Z" end-time="2025-11-25 18:14:44Z" duration="7.011869" total="11" passed="11" failed="0" inconclusive="0" skipped="0" asserts="0">
            <properties />
            <test-case id="1112" name="Benchmark_Broadcast_FluentDSL" fullname="MercuryMessaging.Tests.FluentApiPerformanceTests.Benchmark_Broadcast_FluentDSL" methodname="Benchmark_Broadcast_FluentDSL" classname="MercuryMessaging.Tests.FluentApiPerformanceTests" runstate="Runnable" seed="103556677" result="Passed" start-time="2025-11-25 18:14:37Z" end-time="2025-11-25 18:14:37Z" duration="0.109989" asserts="0">
              <properties>
                <property name="Category" value="Performance" />
                <property name="retryIteration" value="0" />
                <property name="repeatIteration" value="0" />
              </properties>
              <output><![CDATA[[Fluent Broadcast] Avg time: 10299.04 ns/message (10000 iterations)
]]></output>
            </test-case>
            <test-case id="1111" name="Benchmark_Broadcast_Traditional" fullname="MercuryMessaging.Tests.FluentApiPerformanceTests.Benchmark_Broadcast_Traditional" methodname="Benchmark_Broadcast_Traditional" classname="MercuryMessaging.Tests.FluentApiPerformanceTests" runstate="Runnable" seed="1831606016" result="Passed" start-time="2025-11-25 18:14:37Z" end-time="2025-11-25 18:14:37Z" duration="0.160201" asserts="0">
              <properties>
                <property name="Category" value="Performance" />
                <property name="retryIteration" value="0" />
                <property name="repeatIteration" value="0" />
              </properties>
              <output><![CDATA[[Traditional Broadcast] Avg time: 15674.71 ns/message (10000 iterations)
]]></output>
            </test-case>
            <test-case id="1114" name="Benchmark_CompareOverhead_Broadcast" fullname="MercuryMessaging.Tests.FluentApiPerformanceTests.Benchmark_CompareOverhead_Broadcast" methodname="Benchmark_CompareOverhead_Broadcast" classname="MercuryMessaging.Tests.FluentApiPerformanceTests" runstate="Runnable" seed="1115076247" result="Passed" start-time="2025-11-25 18:14:37Z" end-time="2025-11-25 18:14:38Z" duration="0.691951" asserts="0">
              <properties>
                <property name="Category" value="Performance" />
                <property name="retryIteration" value="0" />
                <property name="repeatIteration" value="0" />
              </properties>
              <output><![CDATA[
=================================================================
Broadcast Performance Comparison
=================================================================
Traditional (MmInvoke): 56180.19 ns/message
Fluent (Broadcast):     10400.81 ns/message
Overhead:               -81.5%
=================================================================

]]></output>
            </test-case>
            <test-case id="1113" name="Benchmark_CompareOverhead_SimpleMessage" fullname="MercuryMessaging.Tests.FluentApiPerformanceTests.Benchmark_CompareOverhead_SimpleMessage" methodname="Benchmark_CompareOverhead_SimpleMessage" classname="MercuryMessaging.Tests.FluentApiPerformanceTests" runstate="Runnable" seed="311790551" result="Passed" start-time="2025-11-25 18:14:38Z" end-time="2025-11-25 18:14:39Z" duration="0.978834" asserts="0">
              <properties>
                <property name="Category" value="Performance" />
                <property name="retryIteration" value="0" />
                <property name="repeatIteration" value="0" />
              </properties>
              <output><![CDATA[
=================================================================
DSL vs Traditional API Performance Comparison
=================================================================
Traditional API:     10661.56 ns/message
Fluent DSL:          86285.50 ns/message
Overhead:            709.3%
=================================================================
Iterations: 10,000
Target: <2% overhead (or negative = DSL faster)
=================================================================

]]></output>
            </test-case>
            <test-case id="1118" name="Benchmark_FullSummary" fullname="MercuryMessaging.Tests.FluentApiPerformanceTests.Benchmark_FullSummary" methodname="Benchmark_FullSummary" classname="MercuryMessaging.Tests.FluentApiPerformanceTests" runstate="Runnable" seed="992236368" result="Passed" start-time="2025-11-25 18:14:39Z" end-time="2025-11-25 18:14:40Z" duration="1.124762" asserts="0">
              <properties>
                <property name="Category" value="Performance" />
                <property name="retryIteration" value="0" />
                <property name="repeatIteration" value="0" />
              </properties>
              <reason>
                <message><![CDATA[Performance benchmark completed - see log for detailed results]]></message>
              </reason>
              <output><![CDATA[
╔═══════════════════════════════════════════════════════════════╗
║        FLUENT DSL PERFORMANCE BENCHMARK SUMMARY               ║
╠═══════════════════════════════════════════════════════════════╣
║  Traditional MmInvoke:      10113.38 ns/msg              ║
║  Fluent DSL Send():         90379.66 ns/msg              ║
║  Broadcast():               10715.51 ns/msg              ║
║  MessageFactory.Create():     169.37 ns/call              ║
╠═══════════════════════════════════════════════════════════════╣
║  DSL Overhead:                 793.7%                    ║
║  Target:                        <2% (production)             ║
║  Note: Unity Editor adds 2-5x overhead                       ║
╠═══════════════════════════════════════════════════════════════╣
║  Iterations:                  10,000                    ║
║  Children:                        10                         ║
╚═══════════════════════════════════════════════════════════════╝

]]></output>
            </test-case>
            <test-case id="1115" name="Benchmark_MemoryAllocation_FluentBuilder" fullname="MercuryMessaging.Tests.FluentApiPerformanceTests.Benchmark_MemoryAllocation_FluentBuilder" methodname="Benchmark_MemoryAllocation_FluentBuilder" classname="MercuryMessaging.Tests.FluentApiPerformanceTests" runstate="Runnable" seed="1390848458" result="Passed" start-time="2025-11-25 18:14:40Z" end-time="2025-11-25 18:14:42Z" duration="1.539963" asserts="0">
              <properties>
                <property name="Category" value="Performance" />
                <property name="retryIteration" value="0" />
                <property name="repeatIteration" value="0" />
              </properties>
              <output><![CDATA[[Memory] Fluent builder: 0.00 bytes/operation (total: 0.00 KB)
]]></output>
            </test-case>
            <test-case id="1116" name="Benchmark_MemoryAllocation_MessageFactory" fullname="MercuryMessaging.Tests.FluentApiPerformanceTests.Benchmark_MemoryAllocation_MessageFactory" methodname="Benchmark_MemoryAllocation_MessageFactory" classname="MercuryMessaging.Tests.FluentApiPerformanceTests" runstate="Runnable" seed="1500969128" result="Passed" start-time="2025-11-25 18:14:42Z" end-time="2025-11-25 18:14:44Z" duration="1.710353" asserts="0">
              <properties>
                <property name="Category" value="Performance" />
                <property name="retryIteration" value="0" />
                <property name="repeatIteration" value="0" />
              </properties>
              <output><![CDATA[[Memory] MessageFactory.Int: 0.00 bytes/message (total: 0.00 KB)
]]></output>
            </test-case>
            <test-case id="1110" name="Benchmark_MessageFactory_Create" fullname="MercuryMessaging.Tests.FluentApiPerformanceTests.Benchmark_MessageFactory_Create" methodname="Benchmark_MessageFactory_Create" classname="MercuryMessaging.Tests.FluentApiPerformanceTests" runstate="Runnable" seed="50869307" result="Passed" start-time="2025-11-25 18:14:44Z" end-time="2025-11-25 18:14:44Z" duration="0.006278" asserts="0">
              <properties>
                <property name="Category" value="Performance" />
                <property name="retryIteration" value="0" />
                <property name="repeatIteration" value="0" />
              </properties>
              <output><![CDATA[[MessageFactory.Create] Avg time: 263.19 ns/call (10000 iterations)
]]></output>
            </test-case>
            <test-case id="1109" name="Benchmark_SimpleMessage_FluentDSL" fullname="MercuryMessaging.Tests.FluentApiPerformanceTests.Benchmark_SimpleMessage_FluentDSL" methodname="Benchmark_SimpleMessage_FluentDSL" classname="MercuryMessaging.Tests.FluentApiPerformanceTests" runstate="Runnable" seed="966164948" result="Passed" start-time="2025-11-25 18:14:44Z" end-time="2025-11-25 18:14:44Z" duration="0.563621" asserts="0">
              <properties>
                <property name="Category" value="Performance" />
                <property name="retryIteration" value="0" />
                <property name="repeatIteration" value="0" />
              </properties>
              <output><![CDATA[[Fluent DSL] Avg time: 55536.56 ns/message (10000 iterations)
]]></output>
            </test-case>
            <test-case id="1108" name="Benchmark_SimpleMessage_Traditional" fullname="MercuryMessaging.Tests.FluentApiPerformanceTests.Benchmark_SimpleMessage_Traditional" methodname="Benchmark_SimpleMessage_Traditional" classname="MercuryMessaging.Tests.FluentApiPerformanceTests" runstate="Runnable" seed="1539179565" result="Passed" start-time="2025-11-25 18:14:44Z" end-time="2025-11-25 18:14:44Z" duration="0.111163" asserts="0">
              <properties>
                <property name="Category" value="Performance" />
                <property name="retryIteration" value="0" />
                <property name="repeatIteration" value="0" />
              </properties>
              <output><![CDATA[[Traditional API] Avg time: 10795.13 ns/message (10000 iterations)
]]></output>
            </test-case>
            <test-case id="1117" name="CodeMetrics_LineCountComparison" fullname="MercuryMessaging.Tests.FluentApiPerformanceTests.CodeMetrics_LineCountComparison" methodname="CodeMetrics_LineCountComparison" classname="MercuryMessaging.Tests.FluentApiPerformanceTests" runstate="Runnable" seed="1664331982" result="Passed" start-time="2025-11-25 18:14:44Z" end-time="2025-11-25 18:14:44Z" duration="0.001995" asserts="0">
              <properties>
                <property name="Category" value="Metrics" />
                <property name="retryIteration" value="0" />
                <property name="repeatIteration" value="0" />
              </properties>
              <output><![CDATA[
=================================================================
Code Reduction Metrics
=================================================================
Traditional API:  7 lines
Fluent DSL:       1 lines
Reduction:        86%
=================================================================
Example - Send int to active children:

// Traditional API - 7 lines
var metadata = new MmMetadataBlock(
    MmLevelFilter.Child,
    MmActiveFilter.Active,
    MmSelectedFilter.All,
    MmNetworkFilter.Local
);
relay.MmInvoke(MmMethod.MessageInt, 42, metadata);


// Fluent DSL - 1 line
relay.Send(MmMethod.MessageInt, 42).ToChildren().Active().Execute();

=================================================================

]]></output>
            </test-case>
          </test-suite>
          <test-suite type="TestFixture" id="1119" name="FluentApiPhase2Tests" fullname="MercuryMessaging.Tests.FluentApiPhase2Tests" classname="MercuryMessaging.Tests.FluentApiPhase2Tests" runstate="Runnable" testcasecount="17" result="Passed" start-time="2025-11-25 18:14:44Z" end-time="2025-11-25 18:14:44Z" duration="0.050230" total="17" passed="17" failed="0" inconclusive="0" skipped="0" asserts="0">
            <properties />
            <test-case id="1132" name="CombinedFilters_SpatialAndCustom" fullname="MercuryMessaging.Tests.FluentApiPhase2Tests.CombinedFilters_SpatialAndCustom" methodname="CombinedFilters_SpatialAndCustom" classname="MercuryMessaging.Tests.FluentApiPhase2Tests" runstate="Runnable" seed="71107670" result="Passed" start-time="2025-11-25 18:14:44Z" end-time="2025-11-25 18:14:44Z" duration="0.005593" asserts="0">
              <properties>
                <property name="retryIteration" value="0" />
                <property name="repeatIteration" value="0" />
              </properties>
            </test-case>
            <test-case id="1131" name="CombinedFilters_SpatialAndType" fullname="MercuryMessaging.Tests.FluentApiPhase2Tests.CombinedFilters_SpatialAndType" methodname="CombinedFilters_SpatialAndType" classname="MercuryMessaging.Tests.FluentApiPhase2Tests" runstate="Runnable" seed="1663742187" result="Passed" start-time="2025-11-25 18:14:44Z" end-time="2025-11-25 18:14:44Z" duration="0.001701" asserts="0">
              <properties>
                <property name="retryIteration" value="0" />
                <property name="repeatIteration" value="0" />
              </properties>
            </test-case>
            <test-case id="1133" name="CombinedFilters_WithStandardFilters" fullname="MercuryMessaging.Tests.FluentApiPhase2Tests.CombinedFilters_WithStandardFilters" methodname="CombinedFilters_WithStandardFilters" classname="MercuryMessaging.Tests.FluentApiPhase2Tests" runstate="Runnable" seed="1521335031" result="Passed" start-time="2025-11-25 18:14:44Z" end-time="2025-11-25 18:14:44Z" duration="0.000989" asserts="0">
              <properties>
                <property name="retryIteration" value="0" />
                <property name="repeatIteration" value="0" />
              </properties>
            </test-case>
            <test-case id="1122" name="InBounds_FiltersObjectsByBoundingBox" fullname="MercuryMessaging.Tests.FluentApiPhase2Tests.InBounds_FiltersObjectsByBoundingBox" methodname="InBounds_FiltersObjectsByBoundingBox" classname="MercuryMessaging.Tests.FluentApiPhase2Tests" runstate="Runnable" seed="1655768666" result="Passed" start-time="2025-11-25 18:14:44Z" end-time="2025-11-25 18:14:44Z" duration="0.001157" asserts="0">
              <properties>
                <property name="retryIteration" value="0" />
                <property name="repeatIteration" value="0" />
              </properties>
            </test-case>
            <test-case id="1123" name="InCone_CombinesDirectionAndDistance" fullname="MercuryMessaging.Tests.FluentApiPhase2Tests.InCone_CombinesDirectionAndDistance" methodname="InCone_CombinesDirectionAndDistance" classname="MercuryMessaging.Tests.FluentApiPhase2Tests" runstate="Runnable" seed="1378138052" result="Passed" start-time="2025-11-25 18:14:44Z" end-time="2025-11-25 18:14:44Z" duration="0.001244" asserts="0">
              <properties>
                <property name="retryIteration" value="0" />
                <property name="repeatIteration" value="0" />
              </properties>
            </test-case>
            <test-case id="1121" name="InDirection_FiltersObjectsByAngle" fullname="MercuryMessaging.Tests.FluentApiPhase2Tests.InDirection_FiltersObjectsByAngle" methodname="InDirection_FiltersObjectsByAngle" classname="MercuryMessaging.Tests.FluentApiPhase2Tests" runstate="Runnable" seed="1197560720" result="Passed" start-time="2025-11-25 18:14:44Z" end-time="2025-11-25 18:14:44Z" duration="0.000900" asserts="0">
              <properties>
                <property name="retryIteration" value="0" />
                <property name="repeatIteration" value="0" />
              </properties>
            </test-case>
            <test-case id="1135" name="MmPredicate_InBounds_EvaluatesCorrectly" fullname="MercuryMessaging.Tests.FluentApiPhase2Tests.MmPredicate_InBounds_EvaluatesCorrectly" methodname="MmPredicate_InBounds_EvaluatesCorrectly" classname="MercuryMessaging.Tests.FluentApiPhase2Tests" runstate="Runnable" seed="886632838" result="Passed" start-time="2025-11-25 18:14:44Z" end-time="2025-11-25 18:14:44Z" duration="0.001473" asserts="0">
              <properties>
                <property name="retryIteration" value="0" />
                <property name="repeatIteration" value="0" />
              </properties>
            </test-case>
            <test-case id="1134" name="MmPredicate_Within_EvaluatesCorrectly" fullname="MercuryMessaging.Tests.FluentApiPhase2Tests.MmPredicate_Within_EvaluatesCorrectly" methodname="MmPredicate_Within_EvaluatesCorrectly" classname="MercuryMessaging.Tests.FluentApiPhase2Tests" runstate="Runnable" seed="591428553" result="Passed" start-time="2025-11-25 18:14:44Z" end-time="2025-11-25 18:14:44Z" duration="0.001386" asserts="0">
              <properties>
                <property name="retryIteration" value="0" />
                <property name="repeatIteration" value="0" />
              </properties>
            </test-case>
            <test-case id="1136" name="MmPredicateList_EvaluatesAllPredicates" fullname="MercuryMessaging.Tests.FluentApiPhase2Tests.MmPredicateList_EvaluatesAllPredicates" methodname="MmPredicateList_EvaluatesAllPredicates" classname="MercuryMessaging.Tests.FluentApiPhase2Tests" runstate="Runnable" seed="1784690928" result="Passed" start-time="2025-11-25 18:14:44Z" end-time="2025-11-25 18:14:44Z" duration="0.001784" asserts="0">
              <properties>
                <property name="retryIteration" value="0" />
                <property name="repeatIteration" value="0" />
              </properties>
            </test-case>
            <test-case id="1129" name="Named_FiltersObjectsByNamePattern" fullname="MercuryMessaging.Tests.FluentApiPhase2Tests.Named_FiltersObjectsByNamePattern" methodname="Named_FiltersObjectsByNamePattern" classname="MercuryMessaging.Tests.FluentApiPhase2Tests" runstate="Runnable" seed="567077753" result="Passed" start-time="2025-11-25 18:14:44Z" end-time="2025-11-25 18:14:44Z" duration="0.001044" asserts="0">
              <properties>
                <property name="retryIteration" value="0" />
                <property name="repeatIteration" value="0" />
              </properties>
            </test-case>
            <test-case id="1130" name="NamedExactly_FiltersObjectsByExactName" fullname="MercuryMessaging.Tests.FluentApiPhase2Tests.NamedExactly_FiltersObjectsByExactName" methodname="NamedExactly_FiltersObjectsByExactName" classname="MercuryMessaging.Tests.FluentApiPhase2Tests" runstate="Runnable" seed="31013821" result="Passed" start-time="2025-11-25 18:14:44Z" end-time="2025-11-25 18:14:44Z" duration="0.000904" asserts="0">
              <properties>
                <property name="retryIteration" value="0" />
                <property name="repeatIteration" value="0" />
              </properties>
            </test-case>
            <test-case id="1126" name="OfType_CanFilterByMmResponder" fullname="MercuryMessaging.Tests.FluentApiPhase2Tests.OfType_CanFilterByMmResponder" methodname="OfType_CanFilterByMmResponder" classname="MercuryMessaging.Tests.FluentApiPhase2Tests" runstate="Runnable" seed="298455042" result="Passed" start-time="2025-11-25 18:14:44Z" end-time="2025-11-25 18:14:44Z" duration="0.000844" asserts="0">
              <properties>
                <property name="retryIteration" value="0" />
                <property name="repeatIteration" value="0" />
              </properties>
            </test-case>
            <test-case id="1124" name="OfType_FiltersObjectsByComponent" fullname="MercuryMessaging.Tests.FluentApiPhase2Tests.OfType_FiltersObjectsByComponent" methodname="OfType_FiltersObjectsByComponent" classname="MercuryMessaging.Tests.FluentApiPhase2Tests" runstate="Runnable" seed="993265919" result="Passed" start-time="2025-11-25 18:14:44Z" end-time="2025-11-25 18:14:44Z" duration="0.000793" asserts="0">
              <properties>
                <property name="retryIteration" value="0" />
                <property name="repeatIteration" value="0" />
              </properties>
            </test-case>
            <test-case id="1128" name="OnLayer_FiltersObjectsByLayer" fullname="MercuryMessaging.Tests.FluentApiPhase2Tests.OnLayer_FiltersObjectsByLayer" methodname="OnLayer_FiltersObjectsByLayer" classname="MercuryMessaging.Tests.FluentApiPhase2Tests" runstate="Runnable" seed="144360213" result="Passed" start-time="2025-11-25 18:14:44Z" end-time="2025-11-25 18:14:44Z" duration="0.001426" asserts="0">
              <properties>
                <property name="retryIteration" value="0" />
                <property name="repeatIteration" value="0" />
              </properties>
            </test-case>
            <test-case id="1127" name="Where_GameObject_FiltersWithCustomLogic" fullname="MercuryMessaging.Tests.FluentApiPhase2Tests.Where_GameObject_FiltersWithCustomLogic" methodname="Where_GameObject_FiltersWithCustomLogic" classname="MercuryMessaging.Tests.FluentApiPhase2Tests" runstate="Runnable" seed="2029449853" result="Passed" start-time="2025-11-25 18:14:44Z" end-time="2025-11-25 18:14:44Z" duration="0.001638" asserts="0">
              <properties>
                <property name="retryIteration" value="0" />
                <property name="repeatIteration" value="0" />
              </properties>
            </test-case>
            <test-case id="1125" name="WithComponent_WorksAliasForOfType" fullname="MercuryMessaging.Tests.FluentApiPhase2Tests.WithComponent_WorksAliasForOfType" methodname="WithComponent_WorksAliasForOfType" classname="MercuryMessaging.Tests.FluentApiPhase2Tests" runstate="Runnable" seed="699427265" result="Passed" start-time="2025-11-25 18:14:44Z" end-time="2025-11-25 18:14:44Z" duration="0.000930" asserts="0">
              <properties>
                <property name="retryIteration" value="0" />
                <property name="repeatIteration" value="0" />
              </properties>
            </test-case>
            <test-case id="1120" name="Within_FiltersObjectsByDistance" fullname="MercuryMessaging.Tests.FluentApiPhase2Tests.Within_FiltersObjectsByDistance" methodname="Within_FiltersObjectsByDistance" classname="MercuryMessaging.Tests.FluentApiPhase2Tests" runstate="Runnable" seed="2145210236" result="Passed" start-time="2025-11-25 18:14:44Z" end-time="2025-11-25 18:14:44Z" duration="0.000915" asserts="0">
              <properties>
                <property name="retryIteration" value="0" />
                <property name="repeatIteration" value="0" />
              </properties>
            </test-case>
          </test-suite>
          <test-suite type="TestFixture" id="1137" name="FluentApiPhase3Tests" fullname="MercuryMessaging.Tests.FluentApiPhase3Tests" classname="MercuryMessaging.Tests.FluentApiPhase3Tests" runstate="Runnable" testcasecount="42" result="Passed" start-time="2025-11-25 18:14:44Z" end-time="2025-11-25 18:14:46Z" duration="1.537304" total="42" passed="42" failed="0" inconclusive="0" skipped="0" asserts="0">
            <properties />
            <test-case id="1169" name="After_CanBeCancelled" fullname="MercuryMessaging.Tests.FluentApiPhase3Tests.After_CanBeCancelled" methodname="After_CanBeCancelled" classname="MercuryMessaging.Tests.FluentApiPhase3Tests" runstate="Runnable" seed="1219201656" result="Passed" start-time="2025-11-25 18:14:44Z" end-time="2025-11-25 18:14:44Z" duration="0.184065" asserts="0">
              <properties>
                <property name="_JOINTYPE" value="UnityCombinatorial" />
                <property name="retryIteration" value="0" />
                <property name="repeatIteration" value="0" />
              </properties>
            </test-case>
            <test-case id="1168" name="After_DelaysMessage" fullname="MercuryMessaging.Tests.FluentApiPhase3Tests.After_DelaysMessage" methodname="After_DelaysMessage" classname="MercuryMessaging.Tests.FluentApiPhase3Tests" runstate="Runnable" seed="1576977322" result="Passed" start-time="2025-11-25 18:14:44Z" end-time="2025-11-25 18:14:45Z" duration="0.180852" asserts="0">
              <properties>
                <property name="_JOINTYPE" value="UnityCombinatorial" />
                <property name="retryIteration" value="0" />
                <property name="repeatIteration" value="0" />
              </properties>
            </test-case>
            <test-case id="1153" name="Broadcast_BoolValue_ReachesDescendants" fullname="MercuryMessaging.Tests.FluentApiPhase3Tests.Broadcast_BoolValue_ReachesDescendants" methodname="Broadcast_BoolValue_ReachesDescendants" classname="MercuryMessaging.Tests.FluentApiPhase3Tests" runstate="Runnable" seed="804183198" result="Passed" start-time="2025-11-25 18:14:45Z" end-time="2025-11-25 18:14:45Z" duration="0.001111" asserts="0">
              <properties>
                <property name="retryIteration" value="0" />
                <property name="repeatIteration" value="0" />
              </properties>
            </test-case>
            <test-case id="1152" name="Broadcast_SendsToAllDescendants" fullname="MercuryMessaging.Tests.FluentApiPhase3Tests.Broadcast_SendsToAllDescendants" methodname="Broadcast_SendsToAllDescendants" classname="MercuryMessaging.Tests.FluentApiPhase3Tests" runstate="Runnable" seed="1737128802" result="Passed" start-time="2025-11-25 18:14:45Z" end-time="2025-11-25 18:14:45Z" duration="0.000582" asserts="0">
              <properties>
                <property name="retryIteration" value="0" />
                <property name="repeatIteration" value="0" />
              </properties>
            </test-case>
            <test-case id="1155" name="BroadcastInitialize_ConvenienceMethod_Works" fullname="MercuryMessaging.Tests.FluentApiPhase3Tests.BroadcastInitialize_ConvenienceMethod_Works" methodname="BroadcastInitialize_ConvenienceMethod_Works" classname="MercuryMessaging.Tests.FluentApiPhase3Tests" runstate="Runnable" seed="848861879" result="Passed" start-time="2025-11-25 18:14:45Z" end-time="2025-11-25 18:14:45Z" duration="0.001071" asserts="0">
              <properties>
                <property name="retryIteration" value="0" />
                <property name="repeatIteration" value="0" />
              </properties>
            </test-case>
            <test-case id="1154" name="BroadcastSetActive_ConvenienceMethod_Works" fullname="MercuryMessaging.Tests.FluentApiPhase3Tests.BroadcastSetActive_ConvenienceMethod_Works" methodname="BroadcastSetActive_ConvenienceMethod_Works" classname="MercuryMessaging.Tests.FluentApiPhase3Tests" runstate="Runnable" seed="1894420176" result="Passed" start-time="2025-11-25 18:14:45Z" end-time="2025-11-25 18:14:45Z" duration="0.001290" asserts="0">
              <properties>
                <property name="retryIteration" value="0" />
                <property name="repeatIteration" value="0" />
              </properties>
            </test-case>
            <test-case id="1167" name="CancelQuery_RemovesPendingQuery" fullname="MercuryMessaging.Tests.FluentApiPhase3Tests.CancelQuery_RemovesPendingQuery" methodname="CancelQuery_RemovesPendingQuery" classname="MercuryMessaging.Tests.FluentApiPhase3Tests" runstate="Runnable" seed="766097072" result="Passed" start-time="2025-11-25 18:14:45Z" end-time="2025-11-25 18:14:45Z" duration="0.000834" asserts="0">
              <properties>
                <property name="retryIteration" value="0" />
                <property name="repeatIteration" value="0" />
              </properties>
            </test-case>
            <test-case id="1170" name="Every_RepeatsMessage" fullname="MercuryMessaging.Tests.FluentApiPhase3Tests.Every_RepeatsMessage" methodname="Every_RepeatsMessage" classname="MercuryMessaging.Tests.FluentApiPhase3Tests" runstate="Runnable" seed="926478442" result="Passed" start-time="2025-11-25 18:14:45Z" end-time="2025-11-25 18:14:45Z" duration="0.244642" asserts="0">
              <properties>
                <property name="_JOINTYPE" value="UnityCombinatorial" />
                <property name="retryIteration" value="0" />
                <property name="repeatIteration" value="0" />
              </properties>
            </test-case>
            <test-case id="1171" name="Every_StopsOnCancel" fullname="MercuryMessaging.Tests.FluentApiPhase3Tests.Every_StopsOnCancel" methodname="Every_StopsOnCancel" classname="MercuryMessaging.Tests.FluentApiPhase3Tests" runstate="Runnable" seed="637788353" result="Passed" start-time="2025-11-25 18:14:45Z" end-time="2025-11-25 18:14:45Z" duration="0.245960" asserts="0">
              <properties>
                <property name="_JOINTYPE" value="UnityCombinatorial" />
                <property name="retryIteration" value="0" />
                <property name="repeatIteration" value="0" />
              </properties>
            </test-case>
            <test-case id="1179" name="Factory_And_After_Integration" fullname="MercuryMessaging.Tests.FluentApiPhase3Tests.Factory_And_After_Integration" methodname="Factory_And_After_Integration" classname="MercuryMessaging.Tests.FluentApiPhase3Tests" runstate="Runnable" seed="643105734" result="Passed" start-time="2025-11-25 18:14:45Z" end-time="2025-11-25 18:14:45Z" duration="0.167789" asserts="0">
              <properties>
                <property name="_JOINTYPE" value="UnityCombinatorial" />
                <property name="retryIteration" value="0" />
                <property name="repeatIteration" value="0" />
              </properties>
            </test-case>
            <test-case id="1177" name="Factory_And_Broadcast_Integration" fullname="MercuryMessaging.Tests.FluentApiPhase3Tests.Factory_And_Broadcast_Integration" methodname="Factory_And_Broadcast_Integration" classname="MercuryMessaging.Tests.FluentApiPhase3Tests" runstate="Runnable" seed="990945019" result="Passed" start-time="2025-11-25 18:14:45Z" end-time="2025-11-25 18:14:45Z" duration="0.000847" asserts="0">
              <properties>
                <property name="retryIteration" value="0" />
                <property name="repeatIteration" value="0" />
              </properties>
            </test-case>
[...]
              </properties>
            </test-case>
            <test-case id="1409" name="Parse_WildcardMiddle_Success" fullname="MercuryMessaging.Tests.PathSpecificationTests.Parse_WildcardMiddle_Success" methodname="Parse_WildcardMiddle_Success" classname="MercuryMessaging.Tests.PathSpecificationTests" runstate="Runnable" seed="1385416688" result="Passed" start-time="2025-11-25 18:14:56Z" end-time="2025-11-25 18:14:56Z" duration="0.000338" asserts="0">
              <properties>
                <property name="retryIteration" value="0" />
                <property name="repeatIteration" value="0" />
              </properties>
            </test-case>
            <test-case id="1403" name="Parse_WithWhitespace_Success" fullname="MercuryMessaging.Tests.PathSpecificationTests.Parse_WithWhitespace_Success" methodname="Parse_WithWhitespace_Success" classname="MercuryMessaging.Tests.PathSpecificationTests" runstate="Runnable" seed="1243838898" result="Passed" start-time="2025-11-25 18:14:56Z" end-time="2025-11-25 18:14:56Z" duration="0.000223" asserts="0">
              <properties>
                <property name="retryIteration" value="0" />
                <property name="repeatIteration" value="0" />
              </properties>
            </test-case>
            <test-case id="1419" name="Resolve_Ancestor_FindsAllAncestors" fullname="MercuryMessaging.Tests.PathSpecificationTests.Resolve_Ancestor_FindsAllAncestors" methodname="Resolve_Ancestor_FindsAllAncestors" classname="MercuryMessaging.Tests.PathSpecificationTests" runstate="Runnable" seed="720012597" result="Passed" start-time="2025-11-25 18:14:56Z" end-time="2025-11-25 18:14:56Z" duration="0.046012" asserts="0">
              <properties>
                <property name="_JOINTYPE" value="UnityCombinatorial" />
                <property name="retryIteration" value="0" />
                <property name="repeatIteration" value="0" />
              </properties>
            </test-case>
            <test-case id="1414" name="Resolve_Child_FindsChildren" fullname="MercuryMessaging.Tests.PathSpecificationTests.Resolve_Child_FindsChildren" methodname="Resolve_Child_FindsChildren" classname="MercuryMessaging.Tests.PathSpecificationTests" runstate="Runnable" seed="1004860163" result="Passed" start-time="2025-11-25 18:14:56Z" end-time="2025-11-25 18:14:56Z" duration="0.035329" asserts="0">
              <properties>
                <property name="_JOINTYPE" value="UnityCombinatorial" />
                <property name="retryIteration" value="0" />
                <property name="repeatIteration" value="0" />
              </properties>
            </test-case>
            <test-case id="1418" name="Resolve_Descendant_FindsAllDescendants" fullname="MercuryMessaging.Tests.PathSpecificationTests.Resolve_Descendant_FindsAllDescendants" methodname="Resolve_Descendant_FindsAllDescendants" classname="MercuryMessaging.Tests.PathSpecificationTests" runstate="Runnable" seed="1677994598" result="Passed" start-time="2025-11-25 18:14:56Z" end-time="2025-11-25 18:14:56Z" duration="0.039354" asserts="0">
              <properties>
                <property name="_JOINTYPE" value="UnityCombinatorial" />
                <property name="retryIteration" value="0" />
                <property name="repeatIteration" value="0" />
              </properties>
            </test-case>
            <test-case id="1413" name="Resolve_Parent_FindsParent" fullname="MercuryMessaging.Tests.PathSpecificationTests.Resolve_Parent_FindsParent" methodname="Resolve_Parent_FindsParent" classname="MercuryMessaging.Tests.PathSpecificationTests" runstate="Runnable" seed="180918229" result="Passed" start-time="2025-11-25 18:14:56Z" end-time="2025-11-25 18:14:56Z" duration="0.046581" asserts="0">
              <properties>
                <property name="_JOINTYPE" value="UnityCombinatorial" />
                <property name="retryIteration" value="0" />
                <property name="repeatIteration" value="0" />
              </properties>
            </test-case>
            <test-case id="1416" name="Resolve_ParentSibling_FindsParentsSiblings" fullname="MercuryMessaging.Tests.PathSpecificationTests.Resolve_ParentSibling_FindsParentsSiblings" methodname="Resolve_ParentSibling_FindsParentsSiblings" classname="MercuryMessaging.Tests.PathSpecificationTests" runstate="Runnable" seed="981345885" result="Passed" start-time="2025-11-25 18:14:56Z" end-time="2025-11-25 18:14:56Z" duration="0.036473" asserts="0">
              <properties>
                <property name="_JOINTYPE" value="UnityCombinatorial" />
                <property name="retryIteration" value="0" />
                <property name="repeatIteration" value="0" />
              </properties>
            </test-case>
            <test-case id="1417" name="Resolve_ParentSiblingChild_FindsCousins" fullname="MercuryMessaging.Tests.PathSpecificationTests.Resolve_ParentSiblingChild_FindsCousins" methodname="Resolve_ParentSiblingChild_FindsCousins" classname="MercuryMessaging.Tests.PathSpecificationTests" runstate="Runnable" seed="799727812" result="Passed" start-time="2025-11-25 18:14:56Z" end-time="2025-11-25 18:14:57Z" duration="0.036337" asserts="0">
              <properties>
                <property name="_JOINTYPE" value="UnityCombinatorial" />
                <property name="retryIteration" value="0" />
                <property name="repeatIteration" value="0" />
              </properties>
            </test-case>
            <test-case id="1421" name="Resolve_ParentWildcardChild_FindsAllSiblingsChildren" fullname="MercuryMessaging.Tests.PathSpecificationTests.Resolve_ParentWildcardChild_FindsAllSiblingsChildren" methodname="Resolve_ParentWildcardChild_FindsAllSiblingsChildren" classname="MercuryMessaging.Tests.PathSpecificationTests" runstate="Runnable" seed="724296189" result="Passed" start-time="2025-11-25 18:14:57Z" end-time="2025-11-25 18:14:57Z" duration="0.028927" asserts="0">
              <properties>
                <property name="_JOINTYPE" value="UnityCombinatorial" />
                <property name="retryIteration" value="0" />
                <property name="repeatIteration" value="0" />
              </properties>
            </test-case>
            <test-case id="1420" name="Resolve_Self_FindsSelf" fullname="MercuryMessaging.Tests.PathSpecificationTests.Resolve_Self_FindsSelf" methodname="Resolve_Self_FindsSelf" classname="MercuryMessaging.Tests.PathSpecificationTests" runstate="Runnable" seed="21385457" result="Passed" start-time="2025-11-25 18:14:57Z" end-time="2025-11-25 18:14:57Z" duration="0.027528" asserts="0">
              <properties>
                <property name="_JOINTYPE" value="UnityCombinatorial" />
                <property name="retryIteration" value="0" />
                <property name="repeatIteration" value="0" />
              </properties>
            </test-case>
            <test-case id="1415" name="Resolve_Sibling_FindsSiblings" fullname="MercuryMessaging.Tests.PathSpecificationTests.Resolve_Sibling_FindsSiblings" methodname="Resolve_Sibling_FindsSiblings" classname="MercuryMessaging.Tests.PathSpecificationTests" runstate="Runnable" seed="1067745675" result="Passed" start-time="2025-11-25 18:14:57Z" end-time="2025-11-25 18:14:57Z" duration="0.054171" asserts="0">
              <properties>
                <property name="_JOINTYPE" value="UnityCombinatorial" />
                <property name="retryIteration" value="0" />
                <property name="repeatIteration" value="0" />
              </properties>
            </test-case>
          </test-suite>
          <test-suite type="TestFixture" id="1428" name="ResponderBuilderTests" fullname="MercuryMessaging.Tests.ResponderBuilderTests" classname="MercuryMessaging.Tests.ResponderBuilderTests" runstate="Runnable" testcasecount="18" result="Passed" start-time="2025-11-25 18:14:57Z" end-time="2025-11-25 18:14:57Z" duration="0.030231" total="18" passed="18" failed="0" inconclusive="0" skipped="0" asserts="0">
            <properties />
            <test-case id="1432" name="ChainedCustomMethods_AllHandlersCalled" fullname="MercuryMessaging.Tests.ResponderBuilderTests.ChainedCustomMethods_AllHandlersCalled" methodname="ChainedCustomMethods_AllHandlersCalled" classname="MercuryMessaging.Tests.ResponderBuilderTests" runstate="Runnable" seed="602513444" result="Passed" start-time="2025-11-25 18:14:57Z" end-time="2025-11-25 18:14:57Z" duration="0.005919" asserts="0">
              <properties>
                <property name="retryIteration" value="0" />
                <property name="repeatIteration" value="0" />
              </properties>
            </test-case>
            <test-case id="1429" name="ConfigureHandlers_ReturnsBuilder" fullname="MercuryMessaging.Tests.ResponderBuilderTests.ConfigureHandlers_ReturnsBuilder" methodname="ConfigureHandlers_ReturnsBuilder" classname="MercuryMessaging.Tests.ResponderBuilderTests" runstate="Runnable" seed="1055900626" result="Passed" start-time="2025-11-25 18:14:57Z" end-time="2025-11-25 18:14:57Z" duration="0.000357" asserts="0">
              <properties>
                <property name="retryIteration" value="0" />
                <property name="repeatIteration" value="0" />
              </properties>
            </test-case>
            <test-case id="1443" name="GetOrCreateRelayNode_CreatesWhenMissing" fullname="MercuryMessaging.Tests.ResponderBuilderTests.GetOrCreateRelayNode_CreatesWhenMissing" methodname="GetOrCreateRelayNode_CreatesWhenMissing" classname="MercuryMessaging.Tests.ResponderBuilderTests" runstate="Runnable" seed="1161361867" result="Passed" start-time="2025-11-25 18:14:57Z" end-time="2025-11-25 18:14:57Z" duration="0.000522" asserts="0">
              <properties>
                <property name="retryIteration" value="0" />
                <property name="repeatIteration" value="0" />
              </properties>
            </test-case>
            <test-case id="1444" name="GetOrCreateRelayNode_ReturnsExistingWhenPresent" fullname="MercuryMessaging.Tests.ResponderBuilderTests.GetOrCreateRelayNode_ReturnsExistingWhenPresent" methodname="GetOrCreateRelayNode_ReturnsExistingWhenPresent" classname="MercuryMessaging.Tests.ResponderBuilderTests" runstate="Runnable" seed="2114086601" result="Passed" start-time="2025-11-25 18:14:57Z" end-time="2025-11-25 18:14:57Z" duration="0.000255" asserts="0">
              <properties>
                <property name="retryIteration" value="0" />
                <property name="repeatIteration" value="0" />
              </properties>
            </test-case>
            <test-case id="1441" name="GetRelayNode_ReturnsNullWhenNoRelay" fullname="MercuryMessaging.Tests.ResponderBuilderTests.GetRelayNode_ReturnsNullWhenNoRelay" methodname="GetRelayNode_ReturnsNullWhenNoRelay" classname="MercuryMessaging.Tests.ResponderBuilderTests" runstate="Runnable" seed="192159162" result="Passed" start-time="2025-11-25 18:14:57Z" end-time="2025-11-25 18:14:57Z" duration="0.000219" asserts="0">
              <properties>
                <property name="retryIteration" value="0" />
                <property name="repeatIteration" value="0" />
              </properties>
            </test-case>
            <test-case id="1442" name="GetRelayNode_ReturnsRelayWhenPresent" fullname="MercuryMessaging.Tests.ResponderBuilderTests.GetRelayNode_ReturnsRelayWhenPresent" methodname="GetRelayNode_ReturnsRelayWhenPresent" classname="MercuryMessaging.Tests.ResponderBuilderTests" runstate="Runnable" seed="137908656" result="Passed" start-time="2025-11-25 18:14:57Z" end-time="2025-11-25 18:14:57Z" duration="0.000255" asserts="0">
              <properties>
                <property name="retryIteration" value="0" />
                <property name="repeatIteration" value="0" />
              </properties>
            </test-case>
            <test-case id="1440" name="IsHandlerRegistered_ReturnsFalseAfterUnregister" fullname="MercuryMessaging.Tests.ResponderBuilderTests.IsHandlerRegistered_ReturnsFalseAfterUnregister" methodname="IsHandlerRegistered_ReturnsFalseAfterUnregister" classname="MercuryMessaging.Tests.ResponderBuilderTests" runstate="Runnable" seed="778874578" result="Passed" start-time="2025-11-25 18:14:57Z" end-time="2025-11-25 18:14:57Z" duration="0.001396" asserts="0">
              <properties>
                <property name="retryIteration" value="0" />
                <property name="repeatIteration" value="0" />
              </properties>
            </test-case>
            <test-case id="1439" name="IsHandlerRegistered_ReturnsFalseForUnregistered" fullname="MercuryMessaging.Tests.ResponderBuilderTests.IsHandlerRegistered_ReturnsFalseForUnregistered" methodname="IsHandlerRegistered_ReturnsFalseForUnregistered" classname="MercuryMessaging.Tests.ResponderBuilderTests" runstate="Runnable" seed="784348107" result="Passed" start-time="2025-11-25 18:14:57Z" end-time="2025-11-25 18:14:57Z" duration="0.000244" asserts="0">
              <properties>
                <property name="retryIteration" value="0" />
                <property name="repeatIteration" value="0" />
              </properties>
            </test-case>
            <test-case id="1438" name="IsHandlerRegistered_ReturnsTrueForRegistered" fullname="MercuryMessaging.Tests.ResponderBuilderTests.IsHandlerRegistered_ReturnsTrueForRegistered" methodname="IsHandlerRegistered_ReturnsTrueForRegistered" classname="MercuryMessaging.Tests.ResponderBuilderTests" runstate="Runnable" seed="608825106" result="Passed" start-time="2025-11-25 18:14:57Z" end-time="2025-11-25 18:14:57Z" duration="0.000352" asserts="0">
              <properties>
                <property name="retryIteration" value="0" />
                <property name="repeatIteration" value="0" />
              </properties>
            </test-case>
            <test-case id="1430" name="OnCustomMethod_AddsHandler" fullname="MercuryMessaging.Tests.ResponderBuilderTests.OnCustomMethod_AddsHandler" methodname="OnCustomMethod_AddsHandler" classname="MercuryMessaging.Tests.ResponderBuilderTests" runstate="Runnable" seed="1917400071" result="Passed" start-time="2025-11-25 18:14:57Z" end-time="2025-11-25 18:14:57Z" duration="0.000427" asserts="0">
              <properties>
                <property name="retryIteration" value="0" />
                <property name="repeatIteration" value="0" />
              </properties>
            </test-case>
            <test-case id="1431" name="OnCustomMethod_ThrowsForInvalidMethodId" fullname="MercuryMessaging.Tests.ResponderBuilderTests.OnCustomMethod_ThrowsForInvalidMethodId" methodname="OnCustomMethod_ThrowsForInvalidMethodId" classname="MercuryMessaging.Tests.ResponderBuilderTests" runstate="Runnable" seed="918952868" result="Passed" start-time="2025-11-25 18:14:57Z" end-time="2025-11-25 18:14:57Z" duration="0.000398" asserts="0">
              <properties>
                <property name="retryIteration" value="0" />
                <property name="repeatIteration" value="0" />
              </properties>
            </test-case>
            <test-case id="1433" name="QuickRegister_RegistersHandler" fullname="MercuryMessaging.Tests.ResponderBuilderTests.QuickRegister_RegistersHandler" methodname="QuickRegister_RegistersHandler" classname="MercuryMessaging.Tests.ResponderBuilderTests" runstate="Runnable" seed="877965663" result="Passed" start-time="2025-11-25 18:14:57Z" end-time="2025-11-25 18:14:57Z" duration="0.000275" asserts="0">
              <properties>
                <property name="retryIteration" value="0" />
                <property name="repeatIteration" value="0" />
              </properties>
            </test-case>
            <test-case id="1434" name="QuickRegister_ThrowsForInvalidMethodId" fullname="MercuryMessaging.Tests.ResponderBuilderTests.QuickRegister_ThrowsForInvalidMethodId" methodname="QuickRegister_ThrowsForInvalidMethodId" classname="MercuryMessaging.Tests.ResponderBuilderTests" runstate="Runnable" seed="430801093" result="Passed" start-time="2025-11-25 18:14:57Z" end-time="2025-11-25 18:14:57Z" duration="0.000295" asserts="0">
              <properties>
                <property name="retryIteration" value="0" />
                <property name="repeatIteration" value="0" />
              </properties>
            </test-case>
            <test-case id="1435" name="QuickUnregister_RemovesHandler" fullname="MercuryMessaging.Tests.ResponderBuilderTests.QuickUnregister_RemovesHandler" methodname="QuickUnregister_RemovesHandler" classname="MercuryMessaging.Tests.ResponderBuilderTests" runstate="Runnable" seed="991883499" result="Passed" start-time="2025-11-25 18:14:57Z" end-time="2025-11-25 18:14:57Z" duration="0.000359" asserts="0">
              <properties>
                <property name="retryIteration" value="0" />
                <property name="repeatIteration" value="0" />
              </properties>
            </test-case>
            <test-case id="1436" name="RegisterHandlers_RegistersMultiple" fullname="MercuryMessaging.Tests.ResponderBuilderTests.RegisterHandlers_RegistersMultiple" methodname="RegisterHandlers_RegistersMultiple" classname="MercuryMessaging.Tests.ResponderBuilderTests" runstate="Runnable" seed="778068165" result="Passed" start-time="2025-11-25 18:14:57Z" end-time="2025-11-25 18:14:57Z" duration="0.000801" asserts="0">
              <properties>
                <property name="retryIteration" value="0" />
                <property name="repeatIteration" value="0" />
              </properties>
            </test-case>
            <test-case id="1445" name="Send_WithNoRelay_ReturnsDefault" fullname="MercuryMessaging.Tests.ResponderBuilderTests.Send_WithNoRelay_ReturnsDefault" methodname="Send_WithNoRelay_ReturnsDefault" classname="MercuryMessaging.Tests.ResponderBuilderTests" runstate="Runnable" seed="1129707491" result="Passed" start-time="2025-11-25 18:14:57Z" end-time="2025-11-25 18:14:57Z" duration="0.000498" asserts="0">
              <properties>
                <property name="retryIteration" value="0" />
                <property name="repeatIteration" value="0" />
              </properties>
              <reason>
                <message><![CDATA[Send without relay returns safely]]></message>
              </reason>
            </test-case>
            <test-case id="1446" name="Send_WithRelay_ReturnsFluentMessage" fullname="MercuryMessaging.Tests.ResponderBuilderTests.Send_WithRelay_ReturnsFluentMessage" methodname="Send_WithRelay_ReturnsFluentMessage" classname="MercuryMessaging.Tests.ResponderBuilderTests" runstate="Runnable" seed="1755373899" result="Passed" start-time="2025-11-25 18:14:57Z" end-time="2025-11-25 18:14:57Z" duration="0.000469" asserts="0">
              <properties>
                <property name="retryIteration" value="0" />
                <property name="repeatIteration" value="0" />
              </properties>
              <reason>
                <message><![CDATA[Send with relay returns fluent message]]></message>
              </reason>
            </test-case>
            <test-case id="1437" name="UnregisterHandlers_RemovesMultiple" fullname="MercuryMessaging.Tests.ResponderBuilderTests.UnregisterHandlers_RemovesMultiple" methodname="UnregisterHandlers_RemovesMultiple" classname="MercuryMessaging.Tests.ResponderBuilderTests" runstate="Runnable" seed="1468473652" result="Passed" start-time="2025-11-25 18:14:57Z" end-time="2025-11-25 18:14:57Z" duration="0.000528" asserts="0">
              <properties>
                <property name="retryIteration" value="0" />
                <property name="repeatIteration" value="0" />
              </properties>
              <output><![CDATA[Saving results to: C:/Users/yangb/AppData/LocalLow/DefaultCompany/MercuryMessaging\TestResults.xml
]]></output>
            </test-case>
          </test-suite>
        </test-suite>
      </test-suite>
    </test-suite>
  </test-suite>
</test-run>