<?xml version="1.0" encoding="utf-8"?>
<test-run id="2" testcasecount="292" result="Failed(Child)" total="292" passed="290" failed="2" inconclusive="0" skipped="0" asserts="0" engine-version="3.5.0.0" clr-version="4.0.30319.42000" start-time="2025-11-25 07:34:30Z" end-time="2025-11-25 07:34:47Z" duration="17.6173066">
  <test-suite type="TestSuite" id="1320" name="MercuryMessaging" fullname="MercuryMessaging" runstate="Runnable" testcasecount="292" result="Failed" site="Child" start-time="2025-11-25 07:34:30Z" end-time="2025-11-25 07:34:47Z" duration="17.617307" total="292" passed="290" failed="2" inconclusive="0" skipped="0" asserts="0">
    <properties>
      <property name="platform" value="PlayMode" />
    </properties>
    <failure>
      <message><![CDATA[One or more child tests had errors]]></message>
    </failure>
    <test-suite type="Assembly" id="1314" name="MercuryMessaging.Tests.dll" fullname="C:/Users/yangb/Research/MercuryMessaging/Library/ScriptAssemblies/MercuryMessaging.Tests.dll" runstate="Runnable" testcasecount="292" result="Failed" site="Child" start-time="2025-11-25 07:34:30Z" end-time="2025-11-25 07:34:47Z" duration="17.602234" total="292" passed="290" failed="2" inconclusive="0" skipped="0" asserts="0">
      <properties>
        <property name="_PID" value="16856" />
        <property name="_APPDOMAIN" value="Unity Child Domain" />
        <property name="platform" value="PlayMode" />
        <property name="EditorOnly" value="False" />
      </properties>
      <failure>
        <message><![CDATA[One or more child tests had errors]]></message>
      </failure>
      <test-suite type="TestSuite" id="1315" name="MercuryMessaging" fullname="MercuryMessaging" runstate="Runnable" testcasecount="292" result="Failed" site="Child" start-time="2025-11-25 07:34:30Z" end-time="2025-11-25 07:34:47Z" duration="17.593917" total="292" passed="290" failed="2" inconclusive="0" skipped="0" asserts="0">
        <properties />
        <failure>
          <message><![CDATA[One or more child tests had errors]]></message>
        </failure>
        <test-suite type="TestSuite" id="1316" name="Tests" fullname="MercuryMessaging.Tests" runstate="Runnable" testcasecount="292" result="Failed" site="Child" start-time="2025-11-25 07:34:30Z" end-time="2025-11-25 07:34:47Z" duration="17.585788" total="292" passed="290" failed="2" inconclusive="0" skipped="0" asserts="0">
          <properties />
          <failure>
            <message><![CDATA[One or more child tests had errors]]></message>
          </failure>
          <test-suite type="TestFixture" id="1001" name="AdvancedRoutingTests" fullname="MercuryMessaging.Tests.AdvancedRoutingTests" classname="MercuryMessaging.Tests.AdvancedRoutingTests" runstate="Runnable" testcasecount="9" result="Passed" start-time="2025-11-25 07:34:30Z" end-time="2025-11-25 07:34:31Z" duration="1.116750" total="9" passed="9" failed="0" inconclusive="0" skipped="0" asserts="0">
            <properties />
            <test-case id="1007" name="AncestorsRouting_ReachesAllParents" fullname="MercuryMessaging.Tests.AdvancedRoutingTests.AncestorsRouting_ReachesAllParents" methodname="AncestorsRouting_ReachesAllParents" classname="MercuryMessaging.Tests.AdvancedRoutingTests" runstate="Runnable" seed="1470402108" result="Passed" start-time="2025-11-25 07:34:30Z" end-time="2025-11-25 07:34:30Z" duration="0.151022" asserts="0">
              <properties>
                <property name="_JOINTYPE" value="UnityCombinatorial" />
                <property name="retryIteration" value="0" />
                <property name="repeatIteration" value="0" />
              </properties>
              <output><![CDATA[[PASS] Ancestors routing reaches all ancestor nodes
]]></output>
            </test-case>
            <test-case id="1010" name="CombinedFilters_SelfAndSiblings_Works" fullname="MercuryMessaging.Tests.AdvancedRoutingTests.CombinedFilters_SelfAndSiblings_Works" methodname="CombinedFilters_SelfAndSiblings_Works" classname="MercuryMessaging.Tests.AdvancedRoutingTests" runstate="Runnable" seed="949678963" result="Passed" start-time="2025-11-25 07:34:30Z" end-time="2025-11-25 07:34:30Z" duration="0.120311" asserts="0">
              <properties>
                <property name="_JOINTYPE" value="UnityCombinatorial" />
                <property name="retryIteration" value="0" />
                <property name="repeatIteration" value="0" />
              </properties>
              <output><![CDATA[[PASS] Combined filters (Self + Siblings) work correctly
]]></output>
            </test-case>
            <test-case id="1004" name="CousinsRouting_WithLateralEnabled_ReachesCousins" fullname="MercuryMessaging.Tests.AdvancedRoutingTests.CousinsRouting_WithLateralEnabled_ReachesCousins" methodname="CousinsRouting_WithLateralEnabled_ReachesCousins" classname="MercuryMessaging.Tests.AdvancedRoutingTests" runstate="Runnable" seed="18859466" result="Passed" start-time="2025-11-25 07:34:30Z" end-time="2025-11-25 07:34:30Z" duration="0.117744" asserts="0">
              <properties>
                <property name="_JOINTYPE" value="UnityCombinatorial" />
                <property name="retryIteration" value="0" />
                <property name="repeatIteration" value="0" />
              </properties>
              <output><![CDATA[[PASS] Cousins routing reaches cousin nodes correctly
]]></output>
            </test-case>
            <test-case id="1009" name="CustomFilter_WithoutPredicate_Blocked" fullname="MercuryMessaging.Tests.AdvancedRoutingTests.CustomFilter_WithoutPredicate_Blocked" methodname="CustomFilter_WithoutPredicate_Blocked" classname="MercuryMessaging.Tests.AdvancedRoutingTests" runstate="Runnable" seed="330284698" result="Passed" start-time="2025-11-25 07:34:30Z" end-time="2025-11-25 07:34:30Z" duration="0.116133" asserts="0">
              <properties>
                <property name="_JOINTYPE" value="UnityCombinatorial" />
                <property name="retryIteration" value="0" />
                <property name="repeatIteration" value="0" />
              </properties>
              <output><![CDATA[[PASS] Custom filter blocked without predicate
]]></output>
            </test-case>
            <test-case id="1008" name="CustomFilter_WithPredicate_FiltersCorrectly" fullname="MercuryMessaging.Tests.AdvancedRoutingTests.CustomFilter_WithPredicate_FiltersCorrectly" methodname="CustomFilter_WithPredicate_FiltersCorrectly" classname="MercuryMessaging.Tests.AdvancedRoutingTests" runstate="Runnable" seed="36417018" result="Passed" start-time="2025-11-25 07:34:30Z" end-time="2025-11-25 07:34:30Z" duration="0.119323" asserts="0">
              <properties>
                <property name="_JOINTYPE" value="UnityCombinatorial" />
                <property name="retryIteration" value="0" />
                <property name="repeatIteration" value="0" />
              </properties>
              <output><![CDATA[[PASS] Custom filter applies predicate correctly
]]></output>
            </test-case>
            <test-case id="1006" name="DescendantsRouting_PreventsCircularLoops" fullname="MercuryMessaging.Tests.AdvancedRoutingTests.DescendantsRouting_PreventsCircularLoops" methodname="DescendantsRouting_PreventsCircularLoops" classname="MercuryMessaging.Tests.AdvancedRoutingTests" runstate="Runnable" seed="1102100499" result="Passed" start-time="2025-11-25 07:34:30Z" end-time="2025-11-25 07:34:30Z" duration="0.118928" asserts="0">
              <properties>
                <property name="_JOINTYPE" value="UnityCombinatorial" />
                <property name="retryIteration" value="0" />
                <property name="repeatIteration" value="0" />
              </properties>
              <output><![CDATA[[PASS] Descendants routing handles multiple sends correctly
]]></output>
            </test-case>
            <test-case id="1005" name="DescendantsRouting_ReachesAllChildren" fullname="MercuryMessaging.Tests.AdvancedRoutingTests.DescendantsRouting_ReachesAllChildren" methodname="DescendantsRouting_ReachesAllChildren" classname="MercuryMessaging.Tests.AdvancedRoutingTests" runstate="Runnable" seed="895720336" result="Passed" start-time="2025-11-25 07:34:30Z" end-time="2025-11-25 07:34:31Z" duration="0.116083" asserts="0">
              <properties>
                <property name="_JOINTYPE" value="UnityCombinatorial" />
                <property name="retryIteration" value="0" />
                <property name="repeatIteration" value="0" />
              </properties>
              <output><![CDATA[[PASS] Descendants routing reaches all descendant nodes
]]></output>
            </test-case>
            <test-case id="1002" name="SiblingsRouting_WithLateralEnabled_ReachesSiblings" fullname="MercuryMessaging.Tests.AdvancedRoutingTests.SiblingsRouting_WithLateralEnabled_ReachesSiblings" methodname="SiblingsRouting_WithLateralEnabled_ReachesSiblings" classname="MercuryMessaging.Tests.AdvancedRoutingTests" runstate="Runnable" seed="972531592" result="Passed" start-time="2025-11-25 07:34:31Z" end-time="2025-11-25 07:34:31Z" duration="0.116599" asserts="0">
              <properties>
                <property name="_JOINTYPE" value="UnityCombinatorial" />
                <property name="retryIteration" value="0" />
                <property name="repeatIteration" value="0" />
              </properties>
              <output><![CDATA[[PASS] Siblings routing reaches sibling nodes correctly
]]></output>
            </test-case>
            <test-case id="1003" name="SiblingsRouting_WithoutLateralEnabled_Blocked" fullname="MercuryMessaging.Tests.AdvancedRoutingTests.SiblingsRouting_WithoutLateralEnabled_Blocked" methodname="SiblingsRouting_WithoutLateralEnabled_Blocked" classname="MercuryMessaging.Tests.AdvancedRoutingTests" runstate="Runnable" seed="233746577" result="Passed" start-time="2025-11-25 07:34:31Z" end-time="2025-11-25 07:34:31Z" duration="0.114898" asserts="0">
              <properties>
                <property name="_JOINTYPE" value="UnityCombinatorial" />
                <property name="retryIteration" value="0" />
                <property name="repeatIteration" value="0" />
              </properties>
              <output><![CDATA[[PASS] Siblings routing blocked without lateral routing enabled
]]></output>
            </test-case>
          </test-suite>
          <test-suite type="TestFixture" id="1045" name="CycleDetectionValidationTests" fullname="MercuryMessaging.Tests.CycleDetectionValidationTests" classname="MercuryMessaging.Tests.CycleDetectionValidationTests" runstate="Runnable" testcasecount="5" result="Passed" start-time="2025-11-25 07:34:31Z" end-time="2025-11-25 07:34:31Z" duration="0.299107" total="5" passed="5" failed="0" inconclusive="0" skipped="0" asserts="0">
            <properties />
            <output><![CDATA[
IgnoreFailingMessages:true
]]></output>
            <test-case id="1048" name="CycleDetection_CanBeDisabled" fullname="MercuryMessaging.Tests.CycleDetectionValidationTests.CycleDetection_CanBeDisabled" methodname="CycleDetection_CanBeDisabled" classname="MercuryMessaging.Tests.CycleDetectionValidationTests" runstate="Runnable" seed="1261652514" result="Passed" start-time="2025-11-25 07:34:31Z" end-time="2025-11-25 07:34:31Z" duration="0.021054" asserts="0">
              <properties>
                <property name="_JOINTYPE" value="UnityCombinatorial" />
                <property name="retryIteration" value="0" />
                <property name="repeatIteration" value="0" />
              </properties>
              <output><![CDATA[[QW-1 PASS] Cycle detection can be toggled via enableCycleDetection flag
]]></output>
            </test-case>
            <test-case id="1050" name="CycleDetection_IndependentMessageTracking" fullname="MercuryMessaging.Tests.CycleDetectionValidationTests.CycleDetection_IndependentMessageTracking" methodname="CycleDetection_IndependentMessageTracking" classname="MercuryMessaging.Tests.CycleDetectionValidationTests" runstate="Runnable" seed="1991308117" result="Passed" start-time="2025-11-25 07:34:31Z" end-time="2025-11-25 07:34:31Z" duration="0.027046" asserts="0">
              <properties>
                <property name="_JOINTYPE" value="UnityCombinatorial" />
                <property name="retryIteration" value="0" />
                <property name="repeatIteration" value="0" />
              </properties>
              <output><![CDATA[[QW-1 PASS] Different messages have independent cycle tracking
]]></output>
            </test-case>
            <test-case id="1046" name="CycleDetection_InfrastructureExists" fullname="MercuryMessaging.Tests.CycleDetectionValidationTests.CycleDetection_InfrastructureExists" methodname="CycleDetection_InfrastructureExists" classname="MercuryMessaging.Tests.CycleDetectionValidationTests" runstate="Runnable" seed="1833792863" result="Passed" start-time="2025-11-25 07:34:31Z" end-time="2025-11-25 07:34:31Z" duration="0.114403" asserts="0">
              <properties>
                <property name="_JOINTYPE" value="UnityCombinatorial" />
                <property name="retryIteration" value="0" />
                <property name="repeatIteration" value="0" />
              </properties>
              <output><![CDATA[[QW-1 PASS] Cycle detection infrastructure working, tracked 1 visits
]]></output>
            </test-case>
            <test-case id="1047" name="CycleDetection_PreventsRevisits" fullname="MercuryMessaging.Tests.CycleDetectionValidationTests.CycleDetection_PreventsRevisits" methodname="CycleDetection_PreventsRevisits" classname="MercuryMessaging.Tests.CycleDetectionValidationTests" runstate="Runnable" seed="443185545" result="Passed" start-time="2025-11-25 07:34:31Z" end-time="2025-11-25 07:34:31Z" duration="0.015273" asserts="0">
              <properties>
                <property name="_JOINTYPE" value="UnityCombinatorial" />
                <property name="retryIteration" value="0" />
                <property name="repeatIteration" value="0" />
              </properties>
              <output><![CDATA[[QW-1 PASS] Cycle detection prevents message re-entry
]]></output>
            </test-case>
            <test-case id="1049" name="CycleDetection_TracksMultipleNodes" fullname="MercuryMessaging.Tests.CycleDetectionValidationTests.CycleDetection_TracksMultipleNodes" methodname="CycleDetection_TracksMultipleNodes" classname="MercuryMessaging.Tests.CycleDetectionValidationTests" runstate="Runnable" seed="91622304" result="Passed" start-time="2025-11-25 07:34:31Z" end-time="2025-11-25 07:34:31Z" duration="0.115564" asserts="0">
              <properties>
                <property name="_JOINTYPE" value="UnityCombinatorial" />
                <property name="retryIteration" value="0" />
                <property name="repeatIteration" value="0" />
              </properties>
              <output><![CDATA[[QW-1 PASS] Tracked 5 nodes in 5-node chain
]]></output>
            </test-case>
          </test-suite>
          <test-suite type="TestFixture" id="1051" name="FilterCacheValidationTests" fullname="MercuryMessaging.Tests.FilterCacheValidationTests" classname="MercuryMessaging.Tests.FilterCacheValidationTests" runstate="Runnable" testcasecount="12" result="Passed" start-time="2025-11-25 07:34:31Z" end-time="2025-11-25 07:34:31Z" duration="0.029756" total="12" passed="12" failed="0" inconclusive="0" skipped="0" asserts="0">
            <properties />
            <test-case id="1061" name="Test_CacheHandles_EmptyRoutingTable" fullname="MercuryMessaging.Tests.FilterCacheValidationTests.Test_CacheHandles_EmptyRoutingTable" methodname="Test_CacheHandles_EmptyRoutingTable" classname="MercuryMessaging.Tests.FilterCacheValidationTests" runstate="Runnable" seed="856900442" result="Passed" start-time="2025-11-25 07:34:31Z" end-time="2025-11-25 07:34:31Z" duration="0.006049" asserts="0">
              <properties>
                <property name="retryIteration" value="0" />
                <property name="repeatIteration" value="0" />
              </properties>
            </test-case>
            <test-case id="1060" name="Test_CacheHitRate_Increases" fullname="MercuryMessaging.Tests.FilterCacheValidationTests.Test_CacheHitRate_Increases" methodname="Test_CacheHitRate_Increases" classname="MercuryMessaging.Tests.FilterCacheValidationTests" runstate="Runnable" seed="1024184288" result="Passed" start-time="2025-11-25 07:34:31Z" end-time="2025-11-25 07:34:31Z" duration="0.001709" asserts="0">
              <properties>
                <property name="retryIteration" value="0" />
                <property name="repeatIteration" value="0" />
              </properties>
            </test-case>
            <test-case id="1053" name="Test_CacheInvalidation_OnAdd" fullname="MercuryMessaging.Tests.FilterCacheValidationTests.Test_CacheInvalidation_OnAdd" methodname="Test_CacheInvalidation_OnAdd" classname="MercuryMessaging.Tests.FilterCacheValidationTests" runstate="Runnable" seed="1861546772" result="Passed" start-time="2025-11-25 07:34:31Z" end-time="2025-11-25 07:34:31Z" duration="0.000668" asserts="0">
              <properties>
                <property name="retryIteration" value="0" />
                <property name="repeatIteration" value="0" />
              </properties>
            </test-case>
            <test-case id="1056" name="Test_CacheInvalidation_OnClear" fullname="MercuryMessaging.Tests.FilterCacheValidationTests.Test_CacheInvalidation_OnClear" methodname="Test_CacheInvalidation_OnClear" classname="MercuryMessaging.Tests.FilterCacheValidationTests" runstate="Runnable" seed="1929147762" result="Passed" start-time="2025-11-25 07:34:31Z" end-time="2025-11-25 07:34:31Z" duration="0.000749" asserts="0">
              <properties>
                <property name="retryIteration" value="0" />
                <property name="repeatIteration" value="0" />
              </properties>
            </test-case>
            <test-case id="1057" name="Test_CacheInvalidation_OnIndexerSet" fullname="MercuryMessaging.Tests.FilterCacheValidationTests.Test_CacheInvalidation_OnIndexerSet" methodname="Test_CacheInvalidation_OnIndexerSet" classname="MercuryMessaging.Tests.FilterCacheValidationTests" runstate="Runnable" seed="1983505054" result="Passed" start-time="2025-11-25 07:34:31Z" end-time="2025-11-25 07:34:31Z" duration="0.000808" asserts="0">
              <properties>
                <property name="retryIteration" value="0" />
                <property name="repeatIteration" value="0" />
              </properties>
            </test-case>
            <test-case id="1063" name="Test_CacheInvalidation_OnInsert" fullname="MercuryMessaging.Tests.FilterCacheValidationTests.Test_CacheInvalidation_OnInsert" methodname="Test_CacheInvalidation_OnInsert" classname="MercuryMessaging.Tests.FilterCacheValidationTests" runstate="Runnable" seed="27217269" result="Passed" start-time="2025-11-25 07:34:31Z" end-time="2025-11-25 07:34:31Z" duration="0.001073" asserts="0">
              <properties>
                <property name="retryIteration" value="0" />
                <property name="repeatIteration" value="0" />
              </properties>
            </test-case>
            <test-case id="1054" name="Test_CacheInvalidation_OnRemove" fullname="MercuryMessaging.Tests.FilterCacheValidationTests.Test_CacheInvalidation_OnRemove" methodname="Test_CacheInvalidation_OnRemove" classname="MercuryMessaging.Tests.FilterCacheValidationTests" runstate="Runnable" seed="1285132802" result="Passed" start-time="2025-11-25 07:34:31Z" end-time="2025-11-25 07:34:31Z" duration="0.000820" asserts="0">
              <properties>
                <property name="retryIteration" value="0" />
                <property name="repeatIteration" value="0" />
              </properties>
            </test-case>
            <test-case id="1055" name="Test_CacheInvalidation_OnRemoveAt" fullname="MercuryMessaging.Tests.FilterCacheValidationTests.Test_CacheInvalidation_OnRemoveAt" methodname="Test_CacheInvalidation_OnRemoveAt" classname="MercuryMessaging.Tests.FilterCacheValidationTests" runstate="Runnable" seed="2010896691" result="Passed" start-time="2025-11-25 07:34:31Z" end-time="2025-11-25 07:34:31Z" duration="0.000530" asserts="0">
              <properties>
                <property name="retryIteration" value="0" />
                <property name="repeatIteration" value="0" />
              </properties>
            </test-case>
            <test-case id="1052" name="Test_CacheMiss_Then_CacheHit" fullname="MercuryMessaging.Tests.FilterCacheValidationTests.Test_CacheMiss_Then_CacheHit" methodname="Test_CacheMiss_Then_CacheHit" classname="MercuryMessaging.Tests.FilterCacheValidationTests" runstate="Runnable" seed="1447654196" result="Passed" start-time="2025-11-25 07:34:31Z" end-time="2025-11-25 07:34:31Z" duration="0.000536" asserts="0">
              <properties>
                <property name="retryIteration" value="0" />
                <property name="repeatIteration" value="0" />
              </properties>
            </test-case>
            <test-case id="1059" name="Test_LRU_Eviction" fullname="MercuryMessaging.Tests.FilterCacheValidationTests.Test_LRU_Eviction" methodname="Test_LRU_Eviction" classname="MercuryMessaging.Tests.FilterCacheValidationTests" runstate="Runnable" seed="821331641" result="Passed" start-time="2025-11-25 07:34:31Z" end-time="2025-11-25 07:34:31Z" duration="0.001347" asserts="0">
              <properties>
                <property name="retryIteration" value="0" />
                <property name="repeatIteration" value="0" />
              </properties>
            </test-case>
            <test-case id="1062" name="Test_Performance_CachedVsUncached" fullname="MercuryMessaging.Tests.FilterCacheValidationTests.Test_Performance_CachedVsUncached" methodname="Test_Performance_CachedVsUncached" classname="MercuryMessaging.Tests.FilterCacheValidationTests" runstate="Runnable" seed="792847070" result="Passed" start-time="2025-11-25 07:34:31Z" end-time="2025-11-25 07:34:31Z" duration="0.009327" asserts="0">
              <properties>
                <property name="retryIteration" value="0" />
                <property name="repeatIteration" value="0" />
              </properties>
              <output><![CDATA[QW-3 Performance: Uncached=450 ticks, Cached=14 ticks, Speedup=32.14x
]]></output>
            </test-case>
            <test-case id="1058" name="Test_SeparateCacheEntries_ForDifferentFilters" fullname="MercuryMessaging.Tests.FilterCacheValidationTests.Test_SeparateCacheEntries_ForDifferentFilters" methodname="Test_SeparateCacheEntries_ForDifferentFilters" classname="MercuryMessaging.Tests.FilterCacheValidationTests" runstate="Runnable" seed="1438786806" result="Passed" start-time="2025-11-25 07:34:31Z" end-time="2025-11-25 07:34:31Z" duration="0.000960" asserts="0">
              <properties>
                <property name="retryIteration" value="0" />
                <property name="repeatIteration" value="0" />
              </properties>
            </test-case>
          </test-suite>
          <test-suite type="TestFixture" id="1064" name="FluentApiIntegrationTests" fullname="MercuryMessaging.Tests.FluentApiIntegrationTests" classname="MercuryMessaging.Tests.FluentApiIntegrationTests" runstate="Runnable" testcasecount="11" result="Passed" start-time="2025-11-25 07:34:31Z" end-time="2025-11-25 07:34:31Z" duration="0.035473" total="11" passed="11" failed="0" inconclusive="0" skipped="0" asserts="0">
            <properties />
            <test-case id="1066" name="Integration_BranchingHierarchy_AllBranchesReceive" fullname="MercuryMessaging.Tests.FluentApiIntegrationTests.Integration_BranchingHierarchy_AllBranchesReceive" methodname="Integration_BranchingHierarchy_AllBranchesReceive" classname="MercuryMessaging.Tests.FluentApiIntegrationTests" runstate="Runnable" seed="777817188" result="Passed" start-time="2025-11-25 07:34:31Z" end-time="2025-11-25 07:34:31Z" duration="0.006012" asserts="0">
              <properties>
                <property name="retryIteration" value="0" />
                <property name="repeatIteration" value="0" />
              </properties>
            </test-case>
            <test-case id="1067" name="Integration_CombinedFilters_CorrectTargeting" fullname="MercuryMessaging.Tests.FluentApiIntegrationTests.Integration_CombinedFilters_CorrectTargeting" methodname="Integration_CombinedFilters_CorrectTargeting" classname="MercuryMessaging.Tests.FluentApiIntegrationTests" runstate="Runnable" seed="981807841" result="Passed" start-time="2025-11-25 07:34:31Z" end-time="2025-11-25 07:34:31Z" duration="0.006919" asserts="0">
              <properties>
                <property name="retryIteration" value="0" />
                <property name="repeatIteration" value="0" />
              </properties>
            </test-case>
            <test-case id="1065" name="Integration_DeepHierarchy_MessageReachesAllLevels" fullname="MercuryMessaging.Tests.FluentApiIntegrationTests.Integration_DeepHierarchy_MessageReachesAllLevels" methodname="Integration_DeepHierarchy_MessageReachesAllLevels" classname="MercuryMessaging.Tests.FluentApiIntegrationTests" runstate="Runnable" seed="831646620" result="Passed" start-time="2025-11-25 07:34:31Z" end-time="2025-11-25 07:34:31Z" duration="0.001189" asserts="0">
              <properties>
                <property name="retryIteration" value="0" />
                <property name="repeatIteration" value="0" />
              </properties>
            </test-case>
            <test-case id="1072" name="Integration_MessageFactory_AllTypesWork" fullname="MercuryMessaging.Tests.FluentApiIntegrationTests.Integration_MessageFactory_AllTypesWork" methodname="Integration_MessageFactory_AllTypesWork" classname="MercuryMessaging.Tests.FluentApiIntegrationTests" runstate="Runnable" seed="587256867" result="Passed" start-time="2025-11-25 07:34:31Z" end-time="2025-11-25 07:34:31Z" duration="0.002158" asserts="0">
              <properties>
                <property name="retryIteration" value="0" />
                <property name="repeatIteration" value="0" />
              </properties>
            </test-case>
            <test-case id="1073" name="Integration_MessageFactory_CustomMethods" fullname="MercuryMessaging.Tests.FluentApiIntegrationTests.Integration_MessageFactory_CustomMethods" methodname="Integration_MessageFactory_CustomMethods" classname="MercuryMessaging.Tests.FluentApiIntegrationTests" runstate="Runnable" seed="1925599854" result="Passed" start-time="2025-11-25 07:34:31Z" end-time="2025-11-25 07:34:31Z" duration="0.004581" asserts="0">
              <properties>
                <property name="retryIteration" value="0" />
                <property name="repeatIteration" value="0" />
              </properties>
            </test-case>
            <test-case id="1075" name="Integration_MixedAPI_TraditionalAndDSLCoexist" fullname="MercuryMessaging.Tests.FluentApiIntegrationTests.Integration_MixedAPI_TraditionalAndDSLCoexist" methodname="Integration_MixedAPI_TraditionalAndDSLCoexist" classname="MercuryMessaging.Tests.FluentApiIntegrationTests" runstate="Runnable" seed="1974466197" result="Passed" start-time="2025-11-25 07:34:31Z" end-time="2025-11-25 07:34:31Z" duration="0.000961" asserts="0">
              <properties>
                <property name="retryIteration" value="0" />
                <property name="repeatIteration" value="0" />
              </properties>
            </test-case>
            <test-case id="1068" name="Integration_NotifyParent_ReachesCorrectTarget" fullname="MercuryMessaging.Tests.FluentApiIntegrationTests.Integration_NotifyParent_ReachesCorrectTarget" methodname="Integration_NotifyParent_ReachesCorrectTarget" classname="MercuryMessaging.Tests.FluentApiIntegrationTests" runstate="Runnable" seed="1696502600" result="Passed" start-time="2025-11-25 07:34:31Z" end-time="2025-11-25 07:34:31Z" duration="0.001138" asserts="0">
              <properties>
                <property name="retryIteration" value="0" />
                <property name="repeatIteration" value="0" />
              </properties>
            </test-case>
            <test-case id="1069" name="Integration_NotifyWithValue_ParentReceivesValue" fullname="MercuryMessaging.Tests.FluentApiIntegrationTests.Integration_NotifyWithValue_ParentReceivesValue" methodname="Integration_NotifyWithValue_ParentReceivesValue" classname="MercuryMessaging.Tests.FluentApiIntegrationTests" runstate="Runnable" seed="1854791002" result="Passed" start-time="2025-11-25 07:34:31Z" end-time="2025-11-25 07:34:31Z" duration="0.000909" asserts="0">
              <properties>
                <property name="retryIteration" value="0" />
                <property name="repeatIteration" value="0" />
              </properties>
            </test-case>
            <test-case id="1074" name="Integration_QueryResponse_WorksAcrossHierarchy" fullname="MercuryMessaging.Tests.FluentApiIntegrationTests.Integration_QueryResponse_WorksAcrossHierarchy" methodname="Integration_QueryResponse_WorksAcrossHierarchy" classname="MercuryMessaging.Tests.FluentApiIntegrationTests" runstate="Runnable" seed="1847767064" result="Passed" start-time="2025-11-25 07:34:31Z" end-time="2025-11-25 07:34:31Z" duration="0.003210" asserts="0">
              <properties>
                <property name="retryIteration" value="0" />
                <property name="repeatIteration" value="0" />
              </properties>
            </test-case>
            <test-case id="1070" name="Integration_SendToNamed_FindsDeepTarget" fullname="MercuryMessaging.Tests.FluentApiIntegrationTests.Integration_SendToNamed_FindsDeepTarget" methodname="Integration_SendToNamed_FindsDeepTarget" classname="MercuryMessaging.Tests.FluentApiIntegrationTests" runstate="Runnable" seed="857838111" result="Passed" start-time="2025-11-25 07:34:31Z" end-time="2025-11-25 07:34:31Z" duration="0.001029" asserts="0">
              <properties>
                <property name="retryIteration" value="0" />
                <property name="repeatIteration" value="0" />
              </properties>
            </test-case>
            <test-case id="1071" name="Integration_SendToWithValue_DeliverValue" fullname="MercuryMessaging.Tests.FluentApiIntegrationTests.Integration_SendToWithValue_DeliverValue" methodname="Integration_SendToWithValue_DeliverValue" classname="MercuryMessaging.Tests.FluentApiIntegrationTests" runstate="Runnable" seed="45517727" result="Passed" start-time="2025-11-25 07:34:31Z" end-time="2025-11-25 07:34:31Z" duration="0.000621" asserts="0">
              <properties>
                <property name="retryIteration" value="0" />
                <property name="repeatIteration" value="0" />
              </properties>
            </test-case>
          </test-suite>
          <test-suite type="TestFixture" id="1076" name="FluentApiPerformanceTests" fullname="MercuryMessaging.Tests.FluentApiPerformanceTests" classname="MercuryMessaging.Tests.FluentApiPerformanceTests" runstate="Runnable" testcasecount="11" result="Failed" site="Child" start-time="2025-11-25 07:34:31Z" end-time="2025-11-25 07:34:38Z" duration="6.695969" total="11" passed="10" failed="1" inconclusive="0" skipped="0" asserts="0">
            <properties />
            <failure>
              <message><![CDATA[One or more child tests had errors]]></message>
            </failure>
            <test-case id="1081" name="Benchmark_Broadcast_FluentDSL" fullname="MercuryMessaging.Tests.FluentApiPerformanceTests.Benchmark_Broadcast_FluentDSL" methodname="Benchmark_Broadcast_FluentDSL" classname="MercuryMessaging.Tests.FluentApiPerformanceTests" runstate="Runnable" seed="1837762416" result="Passed" start-time="2025-11-25 07:34:31Z" end-time="2025-11-25 07:34:31Z" duration="0.156526" asserts="0">
              <properties>
                <property name="Category" value="Performance" />
                <property name="retryIteration" value="0" />
                <property name="repeatIteration" value="0" />
              </properties>
              <output><![CDATA[[Fluent Broadcast] Avg time: 14961.93 ns/message (10000 iterations)
]]></output>
            </test-case>
            <test-case id="1080" name="Benchmark_Broadcast_Traditional" fullname="MercuryMessaging.Tests.FluentApiPerformanceTests.Benchmark_Broadcast_Traditional" methodname="Benchmark_Broadcast_Traditional" classname="MercuryMessaging.Tests.FluentApiPerformanceTests" runstate="Runnable" seed="1155127982" result="Passed" start-time="2025-11-25 07:34:31Z" end-time="2025-11-25 07:34:32Z" duration="0.196269" asserts="0">
              <properties>
                <property name="Category" value="Performance" />
                <property name="retryIteration" value="0" />
                <property name="repeatIteration" value="0" />
              </properties>
              <output><![CDATA[[Traditional Broadcast] Avg time: 19183.80 ns/message (10000 iterations)
]]></output>
            </test-case>
            <test-case id="1083" name="Benchmark_CompareOverhead_Broadcast" fullname="MercuryMessaging.Tests.FluentApiPerformanceTests.Benchmark_CompareOverhead_Broadcast" methodname="Benchmark_CompareOverhead_Broadcast" classname="MercuryMessaging.Tests.FluentApiPerformanceTests" runstate="Runnable" seed="1543655572" result="Passed" start-time="2025-11-25 07:34:32Z" end-time="2025-11-25 07:34:32Z" duration="0.672912" asserts="0">
              <properties>
                <property name="Category" value="Performance" />
                <property name="retryIteration" value="0" />
                <property name="repeatIteration" value="0" />
              </properties>
              <output><![CDATA[
=================================================================
Broadcast Performance Comparison
=================================================================
Traditional (MmInvoke): 52965.20 ns/message
Fluent (Broadcast):     13598.93 ns/message
Overhead:               -74.3%
=================================================================

]]></output>
            </test-case>
            <test-case id="1082" name="Benchmark_CompareOverhead_SimpleMessage" fullname="MercuryMessaging.Tests.FluentApiPerformanceTests.Benchmark_CompareOverhead_SimpleMessage" methodname="Benchmark_CompareOverhead_SimpleMessage" classname="MercuryMessaging.Tests.FluentApiPerformanceTests" runstate="Runnable" seed="1815404794" result="Failed" start-time="2025-11-25 07:34:32Z" end-time="2025-11-25 07:34:33Z" duration="1.023351" asserts="0">
              <properties>
                <property name="Category" value="Performance" />
                <property name="retryIteration" value="0" />
                <property name="repeatIteration" value="0" />
              </properties>
              <failure>
                <message><![CDATA[  DSL overhead should be < 400% in Editor, got 750.9%
  Expected: less than 400.0d
  But was:  750.88034312162972d
]]></message>
                <stack-trace><![CDATA[at MercuryMessaging.Tests.FluentApiPerformanceTests.Benchmark_CompareOverhead_SimpleMessage () [0x00192] in C:\Users\yangb\Research\MercuryMessaging\Assets\MercuryMessaging\Tests\FluentApiPerformanceTests.cs:292
]]></stack-trace>
              </failure>
              <output><![CDATA[
=================================================================
DSL vs Traditional API Performance Comparison
=================================================================
Traditional API:     10603.82 ns/message
Fluent DSL:          90225.82 ns/message
Overhead:            750.9%
=================================================================
Iterations: 10,000
Target: <2% overhead (or negative = DSL faster)
=================================================================

]]></output>
            </test-case>
            <test-case id="1087" name="Benchmark_FullSummary" fullname="MercuryMessaging.Tests.FluentApiPerformanceTests.Benchmark_FullSummary" methodname="Benchmark_FullSummary" classname="MercuryMessaging.Tests.FluentApiPerformanceTests" runstate="Runnable" seed="1688037326" result="Passed" start-time="2025-11-25 07:34:33Z" end-time="2025-11-25 07:34:34Z" duration="1.104731" asserts="0">
              <properties>
                <property name="Category" value="Performance" />
                <property name="retryIteration" value="0" />
                <property name="repeatIteration" value="0" />
              </properties>
              <reason>
                <message><![CDATA[Performance benchmark completed - see log for detailed results]]></message>
              </reason>
              <output><![CDATA[
╔═══════════════════════════════════════════════════════════════╗
║        FLUENT DSL PERFORMANCE BENCHMARK SUMMARY               ║
╠═══════════════════════════════════════════════════════════════╣
║  Traditional MmInvoke:       9960.67 ns/msg              ║
║  Fluent DSL Send():         85045.01 ns/msg              ║
║  Broadcast():               13964.91 ns/msg              ║
║  MessageFactory.Create():     176.22 ns/call              ║
╠═══════════════════════════════════════════════════════════════╣
║  DSL Overhead:                 753.8%                    ║
║  Target:                        <2% (production)             ║
║  Note: Unity Editor adds 2-5x overhead                       ║
╠═══════════════════════════════════════════════════════════════╣
║  Iterations:                  10,000                    ║
║  Children:                        10                         ║
╚═══════════════════════════════════════════════════════════════╝

]]></output>
            </test-case>
            <test-case id="1084" name="Benchmark_MemoryAllocation_FluentBuilder" fullname="MercuryMessaging.Tests.FluentApiPerformanceTests.Benchmark_MemoryAllocation_FluentBuilder" methodname="Benchmark_MemoryAllocation_FluentBuilder" classname="MercuryMessaging.Tests.FluentApiPerformanceTests" runstate="Runnable" seed="1326464932" result="Passed" start-time="2025-11-25 07:34:34Z" end-time="2025-11-25 07:34:36Z" duration="1.484422" asserts="0">
              <properties>
                <property name="Category" value="Performance" />
                <property name="retryIteration" value="0" />
                <property name="repeatIteration" value="0" />
              </properties>
              <output><![CDATA[[Memory] Fluent builder: -1.64 bytes/operation (total: -16.00 KB)
]]></output>
            </test-case>
            <test-case id="1085" name="Benchmark_MemoryAllocation_MessageFactory" fullname="MercuryMessaging.Tests.FluentApiPerformanceTests.Benchmark_MemoryAllocation_MessageFactory" methodname="Benchmark_MemoryAllocation_MessageFactory" classname="MercuryMessaging.Tests.FluentApiPerformanceTests" runstate="Runnable" seed="687325728" result="Passed" start-time="2025-11-25 07:34:36Z" end-time="2025-11-25 07:34:37Z" duration="1.445722" asserts="0">
              <properties>
                <property name="Category" value="Performance" />
                <property name="retryIteration" value="0" />
                <property name="repeatIteration" value="0" />
              </properties>
              <output><![CDATA[[Memory] MessageFactory.Int: 0.00 bytes/message (total: 0.00 KB)
]]></output>
            </test-case>
            <test-case id="1079" name="Benchmark_MessageFactory_Create" fullname="MercuryMessaging.Tests.FluentApiPerformanceTests.Benchmark_MessageFactory_Create" methodname="Benchmark_MessageFactory_Create" classname="MercuryMessaging.Tests.FluentApiPerformanceTests" runstate="Runnable" seed="774293615" result="Passed" start-time="2025-11-25 07:34:37Z" end-time="2025-11-25 07:34:37Z" duration="0.003879" asserts="0">
              <properties>
                <property name="Category" value="Performance" />
                <property name="retryIteration" value="0" />
                <property name="repeatIteration" value="0" />
              </properties>
              <output><![CDATA[[MessageFactory.Create] Avg time: 163.19 ns/call (10000 iterations)
]]></output>
            </test-case>
            <test-case id="1078" name="Benchmark_SimpleMessage_FluentDSL" fullname="MercuryMessaging.Tests.FluentApiPerformanceTests.Benchmark_SimpleMessage_FluentDSL" methodname="Benchmark_SimpleMessage_FluentDSL" classname="MercuryMessaging.Tests.FluentApiPerformanceTests" runstate="Runnable" seed="1908201307" result="Passed" start-time="2025-11-25 07:34:37Z" end-time="2025-11-25 07:34:38Z" duration="0.501816" asserts="0">
              <properties>
                <property name="Category" value="Performance" />
                <property name="retryIteration" value="0" />
                <property name="repeatIteration" value="0" />
              </properties>
              <output><![CDATA[[Fluent DSL] Avg time: 49498.03 ns/message (10000 iterations)
]]></output>
            </test-case>
            <test-case id="1077" name="Benchmark_SimpleMessage_Traditional" fullname="MercuryMessaging.Tests.FluentApiPerformanceTests.Benchmark_SimpleMessage_Traditional" methodname="Benchmark_SimpleMessage_Traditional" classname="MercuryMessaging.Tests.FluentApiPerformanceTests" runstate="Runnable" seed="1451304788" result="Passed" start-time="2025-11-25 07:34:38Z" end-time="2025-11-25 07:34:38Z" duration="0.098258" asserts="0">
              <properties>
                <property name="Category" value="Performance" />
                <property name="retryIteration" value="0" />
                <property name="repeatIteration" value="0" />
              </properties>
              <output><![CDATA[[Traditional API] Avg time: 9529.23 ns/message (10000 iterations)
]]></output>
            </test-case>
            <test-case id="1086" name="CodeMetrics_LineCountComparison" fullname="MercuryMessaging.Tests.FluentApiPerformanceTests.CodeMetrics_LineCountComparison" methodname="CodeMetrics_LineCountComparison" classname="MercuryMessaging.Tests.FluentApiPerformanceTests" runstate="Runnable" seed="1128005224" result="Passed" start-time="2025-11-25 07:34:38Z" end-time="2025-11-25 07:34:38Z" duration="0.002346" asserts="0">
              <properties>
                <property name="Category" value="Metrics" />
                <property name="retryIteration" value="0" />
                <property name="repeatIteration" value="0" />
              </properties>
              <output><![CDATA[
=================================================================
Code Reduction Metrics
=================================================================
Traditional API:  7 lines
Fluent DSL:       1 lines
Reduction:        86%
=================================================================
Example - Send int to active children:

// Traditional API - 7 lines
var metadata = new MmMetadataBlock(
    MmLevelFilter.Child,
    MmActiveFilter.Active,
    MmSelectedFilter.All,
    MmNetworkFilter.Local
);
relay.MmInvoke(MmMethod.MessageInt, 42, metadata);


// Fluent DSL - 1 line
relay.Send(MmMethod.MessageInt, 42).ToChildren().Active().Execute();

=================================================================

]]></output>
            </test-case>
          </test-suite>
          <test-suite type="TestFixture" id="1088" name="FluentApiPhase2Tests" fullname="MercuryMessaging.Tests.FluentApiPhase2Tests" classname="MercuryMessaging.Tests.FluentApiPhase2Tests" runstate="Runnable" testcasecount="17" result="Passed" start-time="2025-11-25 07:34:38Z" end-time="2025-11-25 07:34:38Z" duration="0.068522" total="17" passed="17" failed="0" inconclusive="0" skipped="0" asserts="0">
            <properties />
            <test-case id="1101" name="CombinedFilters_SpatialAndCustom" fullname="MercuryMessaging.Tests.FluentApiPhase2Tests.CombinedFilters_SpatialAndCustom" methodname="CombinedFilters_SpatialAndCustom" classname="MercuryMessaging.Tests.FluentApiPhase2Tests" runstate="Runnable" seed="1402832281" result="Passed" start-time="2025-11-25 07:34:38Z" end-time="2025-11-25 07:34:38Z" duration="0.009639" asserts="0">
              <properties>
                <property name="retryIteration" value="0" />
                <property name="repeatIteration" value="0" />
              </properties>
            </test-case>
            <test-case id="1100" name="CombinedFilters_SpatialAndType" fullname="MercuryMessaging.Tests.FluentApiPhase2Tests.CombinedFilters_SpatialAndType" methodname="CombinedFilters_SpatialAndType" classname="MercuryMessaging.Tests.FluentApiPhase2Tests" runstate="Runnable" seed="1928478314" result="Passed" start-time="2025-11-25 07:34:38Z" end-time="2025-11-25 07:34:38Z" duration="0.008436" asserts="0">
              <properties>
                <property name="retryIteration" value="0" />
                <property name="repeatIteration" value="0" />
              </properties>
            </test-case>
            <test-case id="1102" name="CombinedFilters_WithStandardFilters" fullname="MercuryMessaging.Tests.FluentApiPhase2Tests.CombinedFilters_WithStandardFilters" methodname="CombinedFilters_WithStandardFilters" classname="MercuryMessaging.Tests.FluentApiPhase2Tests" runstate="Runnable" seed="223665093" result="Passed" start-time="2025-11-25 07:34:38Z" end-time="2025-11-25 07:34:38Z" duration="0.001385" asserts="0">
              <properties>
                <property name="retryIteration" value="0" />
                <property name="repeatIteration" value="0" />
              </properties>
            </test-case>
            <test-case id="1091" name="InBounds_FiltersObjectsByBoundingBox" fullname="MercuryMessaging.Tests.FluentApiPhase2Tests.InBounds_FiltersObjectsByBoundingBox" methodname="InBounds_FiltersObjectsByBoundingBox" classname="MercuryMessaging.Tests.FluentApiPhase2Tests" runstate="Runnable" seed="20273233" result="Passed" start-time="2025-11-25 07:34:38Z" end-time="2025-11-25 07:34:38Z" duration="0.001557" asserts="0">
              <properties>
                <property name="retryIteration" value="0" />
                <property name="repeatIteration" value="0" />
              </properties>
            </test-case>
            <test-case id="1092" name="InCone_CombinesDirectionAndDistance" fullname="MercuryMessaging.Tests.FluentApiPhase2Tests.InCone_CombinesDirectionAndDistance" methodname="InCone_CombinesDirectionAndDistance" classname="MercuryMessaging.Tests.FluentApiPhase2Tests" runstate="Runnable" seed="1277892157" result="Passed" start-time="2025-11-25 07:34:38Z" end-time="2025-11-25 07:34:38Z" duration="0.001871" asserts="0">
              <properties>
                <property name="retryIteration" value="0" />
                <property name="repeatIteration" value="0" />
              </properties>
            </test-case>
            <test-case id="1090" name="InDirection_FiltersObjectsByAngle" fullname="MercuryMessaging.Tests.FluentApiPhase2Tests.InDirection_FiltersObjectsByAngle" methodname="InDirection_FiltersObjectsByAngle" classname="MercuryMessaging.Tests.FluentApiPhase2Tests" runstate="Runnable" seed="1255952687" result="Passed" start-time="2025-11-25 07:34:38Z" end-time="2025-11-25 07:34:38Z" duration="0.001178" asserts="0">
              <properties>
                <property name="retryIteration" value="0" />
                <property name="repeatIteration" value="0" />
              </properties>
            </test-case>
            <test-case id="1104" name="MmPredicate_InBounds_EvaluatesCorrectly" fullname="MercuryMessaging.Tests.FluentApiPhase2Tests.MmPredicate_InBounds_EvaluatesCorrectly" methodname="MmPredicate_InBounds_EvaluatesCorrectly" classname="MercuryMessaging.Tests.FluentApiPhase2Tests" runstate="Runnable" seed="45512654" result="Passed" start-time="2025-11-25 07:34:38Z" end-time="2025-11-25 07:34:38Z" duration="0.004156" asserts="0">
              <properties>
                <property name="retryIteration" value="0" />
                <property name="repeatIteration" value="0" />
              </properties>
            </test-case>
            <test-case id="1103" name="MmPredicate_Within_EvaluatesCorrectly" fullname="MercuryMessaging.Tests.FluentApiPhase2Tests.MmPredicate_Within_EvaluatesCorrectly" methodname="MmPredicate_Within_EvaluatesCorrectly" classname="MercuryMessaging.Tests.FluentApiPhase2Tests" runstate="Runnable" seed="1180393379" result="Passed" start-time="2025-11-25 07:34:38Z" end-time="2025-11-25 07:34:38Z" duration="0.002196" asserts="0">
              <properties>
                <property name="retryIteration" value="0" />
                <property name="repeatIteration" value="0" />
              </properties>
            </test-case>
            <test-case id="1105" name="MmPredicateList_EvaluatesAllPredicates" fullname="MercuryMessaging.Tests.FluentApiPhase2Tests.MmPredicateList_EvaluatesAllPredicates" methodname="MmPredicateList_EvaluatesAllPredicates" classname="MercuryMessaging.Tests.FluentApiPhase2Tests" runstate="Runnable" seed="340855302" result="Passed" start-time="2025-11-25 07:34:38Z" end-time="2025-11-25 07:34:38Z" duration="0.002372" asserts="0">
              <properties>
                <property name="retryIteration" value="0" />
                <property name="repeatIteration" value="0" />
              </properties>
            </test-case>
            <test-case id="1098" name="Named_FiltersObjectsByNamePattern" fullname="MercuryMessaging.Tests.FluentApiPhase2Tests.Named_FiltersObjectsByNamePattern" methodname="Named_FiltersObjectsByNamePattern" classname="MercuryMessaging.Tests.FluentApiPhase2Tests" runstate="Runnable" seed="1408183860" result="Passed" start-time="2025-11-25 07:34:38Z" end-time="2025-11-25 07:34:38Z" duration="0.001262" asserts="0">
              <properties>
                <property name="retryIteration" value="0" />
                <property name="repeatIteration" value="0" />
              </properties>
            </test-case>
            <test-case id="1099" name="NamedExactly_FiltersObjectsByExactName" fullname="MercuryMessaging.Tests.FluentApiPhase2Tests.NamedExactly_FiltersObjectsByExactName" methodname="NamedExactly_FiltersObjectsByExactName" classname="MercuryMessaging.Tests.FluentApiPhase2Tests" runstate="Runnable" seed="3018772" result="Passed" start-time="2025-11-25 07:34:38Z" end-time="2025-11-25 07:34:38Z" duration="0.001203" asserts="0">
              <properties>
                <property name="retryIteration" value="0" />
                <property name="repeatIteration" value="0" />
              </properties>
            </test-case>
            <test-case id="1095" name="OfType_CanFilterByMmResponder" fullname="MercuryMessaging.Tests.FluentApiPhase2Tests.OfType_CanFilterByMmResponder" methodname="OfType_CanFilterByMmResponder" classname="MercuryMessaging.Tests.FluentApiPhase2Tests" runstate="Runnable" seed="1881596613" result="Passed" start-time="2025-11-25 07:34:38Z" end-time="2025-11-25 07:34:38Z" duration="0.001028" asserts="0">
              <properties>
                <property name="retryIteration" value="0" />
                <property name="repeatIteration" value="0" />
              </properties>
            </test-case>
            <test-case id="1093" name="OfType_FiltersObjectsByComponent" fullname="MercuryMessaging.Tests.FluentApiPhase2Tests.OfType_FiltersObjectsByComponent" methodname="OfType_FiltersObjectsByComponent" classname="MercuryMessaging.Tests.FluentApiPhase2Tests" runstate="Runnable" seed="469097673" result="Passed" start-time="2025-11-25 07:34:38Z" end-time="2025-11-25 07:34:38Z" duration="0.002190" asserts="0">
              <properties>
                <property name="retryIteration" value="0" />
                <property name="repeatIteration" value="0" />
              </properties>
            </test-case>
            <test-case id="1097" name="OnLayer_FiltersObjectsByLayer" fullname="MercuryMessaging.Tests.FluentApiPhase2Tests.OnLayer_FiltersObjectsByLayer" methodname="OnLayer_FiltersObjectsByLayer" classname="MercuryMessaging.Tests.FluentApiPhase2Tests" runstate="Runnable" seed="1453311061" result="Passed" start-time="2025-11-25 07:34:38Z" end-time="2025-11-25 07:34:38Z" duration="0.001492" asserts="0">
              <properties>
                <property name="retryIteration" value="0" />
                <property name="repeatIteration" value="0" />
              </properties>
            </test-case>
            <test-case id="1096" name="Where_GameObject_FiltersWithCustomLogic" fullname="MercuryMessaging.Tests.FluentApiPhase2Tests.Where_GameObject_FiltersWithCustomLogic" methodname="Where_GameObject_FiltersWithCustomLogic" classname="MercuryMessaging.Tests.FluentApiPhase2Tests" runstate="Runnable" seed="507120521" result="Passed" start-time="2025-11-25 07:34:38Z" end-time="2025-11-25 07:34:38Z" duration="0.001466" asserts="0">
              <properties>
                <property name="retryIteration" value="0" />
                <property name="repeatIteration" value="0" />
              </properties>
            </test-case>
            <test-case id="1094" name="WithComponent_WorksAliasForOfType" fullname="MercuryMessaging.Tests.FluentApiPhase2Tests.WithComponent_WorksAliasForOfType" methodname="WithComponent_WorksAliasForOfType" classname="MercuryMessaging.Tests.FluentApiPhase2Tests" runstate="Runnable" seed="364280382" result="Passed" start-time="2025-11-25 07:34:38Z" end-time="2025-11-25 07:34:38Z" duration="0.004325" asserts="0">
              <properties>
                <property name="retryIteration" value="0" />
                <property name="repeatIteration" value="0" />
              </properties>
            </test-case>
            <test-case id="1089" name="Within_FiltersObjectsByDistance" fullname="MercuryMessaging.Tests.FluentApiPhase2Tests.Within_FiltersObjectsByDistance" methodname="Within_FiltersObjectsByDistance" classname="MercuryMessaging.Tests.FluentApiPhase2Tests" runstate="Runnable" seed="908510981" result="Passed" start-time="2025-11-25 07:34:38Z" end-time="2025-11-25 07:34:38Z" duration="0.001743" asserts="0">
              <properties>
                <property name="retryIteration" value="0" />
                <property name="repeatIteration" value="0" />
              </properties>
            </test-case>
          </test-suite>
          <test-suite type="TestFixture" id="1106" name="FluentApiPhase3Tests" fullname="MercuryMessaging.Tests.FluentApiPhase3Tests" classname="MercuryMessaging.Tests.FluentApiPhase3Tests" runstate="Runnable" testcasecount="42" result="Failed" site="Child" start-time="2025-11-25 07:34:38Z" end-time="2025-11-25 07:34:39Z" duration="1.472831" total="42" passed="41" failed="1" inconclusive="0" skipped="0" asserts="0">
            <properties />
            <failure>
              <message><![CDATA[One or more child tests had errors]]></message>
            </failure>
            <test-case id="1138" name="After_CanBeCancelled" fullname="MercuryMessaging.Tests.FluentApiPhase3Tests.After_CanBeCancelled" methodname="After_CanBeCancelled" classname="MercuryMessaging.Tests.FluentApiPhase3Tests" runstate="Runnable" seed="438275834" result="Passed" start-time="2025-11-25 07:34:38Z" end-time="2025-11-25 07:34:38Z" duration="0.173950" asserts="0">
              <properties>
                <property name="_JOINTYPE" value="UnityCombinatorial" />
                <property name="retryIteration" value="0" />
                <property name="repeatIteration" value="0" />
              </properties>
            </test-case>
            <test-case id="1137" name="After_DelaysMessage" fullname="MercuryMessaging.Tests.FluentApiPhase3Tests.After_DelaysMessage" methodname="After_DelaysMessage" classname="MercuryMessaging.Tests.FluentApiPhase3Tests" runstate="Runnable" seed="1663611731" result="Passed" start-time="2025-11-25 07:34:38Z" end-time="2025-11-25 07:34:38Z" duration="0.160189" asserts="0">
              <properties>
                <property name="_JOINTYPE" value="UnityCombinatorial" />
                <property name="retryIteration" value="0" />
                <property name="repeatIteration" value="0" />
              </properties>
            </test-case>
            <test-case id="1122" name="Broadcast_BoolValue_ReachesDescendants" fullname="MercuryMessaging.Tests.FluentApiPhase3Tests.Broadcast_BoolValue_ReachesDescendants" methodname="Broadcast_BoolValue_ReachesDescendants" classname="MercuryMessaging.Tests.FluentApiPhase3Tests" runstate="Runnable" seed="171347270" result="Passed" start-time="2025-11-25 07:34:38Z" end-time="2025-11-25 07:34:38Z" duration="0.001232" asserts="0">
              <properties>
                <property name="retryIteration" value="0" />
                <property name="repeatIteration" value="0" />
              </properties>
            </test-case>
            <test-case id="1121" name="Broadcast_SendsToAllDescendants" fullname="MercuryMessaging.Tests.FluentApiPhase3Tests.Broadcast_SendsToAllDescendants" methodname="Broadcast_SendsToAllDescendants" classname="MercuryMessaging.Tests.FluentApiPhase3Tests" runstate="Runnable" seed="1377685952" result="Passed" start-time="2025-11-25 07:34:38Z" end-time="2025-11-25 07:34:38Z" duration="0.000799" asserts="0">
              <properties>
                <property name="retryIteration" value="0" />
                <property name="repeatIteration" value="0" />
              </properties>
            </test-case>
            <test-case id="1124" name="BroadcastInitialize_ConvenienceMethod_Works" fullname="MercuryMessaging.Tests.FluentApiPhase3Tests.BroadcastInitialize_ConvenienceMethod_Works" methodname="BroadcastInitialize_ConvenienceMethod_Works" classname="MercuryMessaging.Tests.FluentApiPhase3Tests" runstate="Runnable" seed="1237873067" result="Failed" start-time="2025-11-25 07:34:38Z" end-time="2025-11-25 07:34:38Z" duration="0.001942" asserts="0">
              <properties>
                <property name="retryIteration" value="0" />
                <property name="repeatIteration" value="0" />
              </properties>
              <failure>
                <message><![CDATA[  Responder should receive Initialize
  Expected: 1
  But was:  0
]]></message>
                <stack-trace><![CDATA[at MercuryMessaging.Tests.FluentApiPhase3Tests.BroadcastInitialize_ConvenienceMethod_Works () [0x00021] in C:\Users\yangb\Research\MercuryMessaging\Assets\MercuryMessaging\Tests\FluentApiPhase3Tests.cs:308
]]></stack-trace>
              </failure>
            </test-case>
            <test-case id="1123" name="BroadcastSetActive_ConvenienceMethod_Works" fullname="MercuryMessaging.Tests.FluentApiPhase3Tests.BroadcastSetActive_ConvenienceMethod_Works" methodname="BroadcastSetActive_ConvenienceMethod_Works" classname="MercuryMessaging.Tests.FluentApiPhase3Tests" runstate="Runnable" seed="1635625562" result="Passed" start-time="2025-11-25 07:34:38Z" end-time="2025-11-25 07:34:38Z" duration="0.001320" asserts="0">
              <properties>
                <property name="retryIteration" value="0" />
                <property name="repeatIteration" value="0" />
              </properties>
            </test-case>
            <test-case id="1136" name="CancelQuery_RemovesPendingQuery" fullname="MercuryMessaging.Tests.FluentApiPhase3Tests.CancelQuery_RemovesPendingQuery" methodname="CancelQuery_RemovesPendingQuery" classname="MercuryMessaging.Tests.FluentApiPhase3Tests" runstate="Runnable" seed="251145898" result="Passed" start-time="2025-11-25 07:34:38Z" end-time="2025-11-25 07:34:38Z" duration="0.001017" asserts="0">
              <properties>
                <property name="retryIteration" value="0" />
                <property name="repeatIteration" value="0" />
              </properties>
            </test-case>
            <test-case id="1139" name="Every_RepeatsMessage" fullname="MercuryMessaging.Tests.FluentApiPhase3Tests.Every_RepeatsMessage" methodname="Every_RepeatsMessage" classname="MercuryMessaging.Tests.FluentApiPhase3Tests" runstate="Runnable" seed="687716892" result="Passed" start-time="2025-11-25 07:34:38Z" end-time="2025-11-25 07:34:39Z" duration="0.220618" asserts="0">
              <properties>
                <property name="_JOINTYPE" value="UnityCombinatorial" />
                <property name="retryIteration" value="0" />
                <property name="repeatIteration" value="0" />
              </properties>
            </test-case>
            <test-case id="1140" name="Every_StopsOnCancel" fullname="MercuryMessaging.Tests.FluentApiPhase3Tests.Every_StopsOnCancel" methodname="Every_StopsOnCancel" classname="MercuryMessaging.Tests.FluentApiPhase3Tests" runstate="Runnable" seed="1107134148" result="Passed" start-time="2025-11-25 07:34:39Z" end-time="2025-11-25 07:34:39Z" duration="0.231260" asserts="0">
              <properties>
                <property name="_JOINTYPE" value="UnityCombinatorial" />
                <property name="retryIteration" value="0" />
                <property name="repeatIteration" value="0" />
              </properties>
            </test-case>
            <test-case id="1148" name="Factory_And_After_Integration" fullname="MercuryMessaging.Tests.FluentApiPhase3Tests.Factory_And_After_Integration" methodname="Factory_And_After_Integration" classname="MercuryMessaging.Tests.FluentApiPhase3Tests" runstate="Runnable" seed="1790943604" result="Passed" start-time="2025-11-25 07:34:39Z" end-time="2025-11-25 07:34:39Z" duration="0.158908" asserts="0">
              <properties>
                <property name="_JOINTYPE" value="UnityCombinatorial" />
                <property name="retryIteration" value="0" />
                <property name="repeatIteration" value="0" />
              </properties>
            </test-case>
            <test-case id="1146" name="Factory_And_Broadcast_Integration" fullname="MercuryMessaging.Tests.FluentApiPhase3Tests.Factory_And_Broadcast_Integration" methodname="Factory_And_Broadcast_Integration" classname="MercuryMessaging.Tests.FluentApiPhase3Tests" runstate="Runnable" seed="367281236" result="Passed" start-time="2025-11-25 07:34:39Z" end-time="2025-11-25 07:34:39Z" duration="0.001164" asserts="0">
              <properties>
                <property name="retryIteration" value="0" />
                <property name="repeatIteration" value="0" />
              </properties>
            </test-case>
            <test-case id="1147" name="Factory_And_SendTo_Integration" fullname="MercuryMessaging.Tests.FluentApiPhase3Tests.Factory_And_SendTo_Integration" methodname="Factory_And_SendTo_Integration" classname="MercuryMessaging.Tests.FluentApiPhase3Tests" runstate="Runnable" seed="1021102478" result="Passed" start-time="2025-11-25 07:34:39Z" end-time="2025-11-25 07:34:39Z" duration="0.000642" asserts="0">
              <properties>
                <property name="retryIteration" value="0" />
                <property name="repeatIteration" value="0" />
              </properties>
            </test-case>
            <test-case id="1134" name="HasTarget_ReturnsCorrectly" fullname="MercuryMessaging.Tests.FluentApiPhase3Tests.HasTarget_ReturnsCorrectly" methodname="HasTarget_ReturnsCorrectly" classname="MercuryMessaging.Tests.FluentApiPhase3Tests" runstate="Runnable" seed="1892876556" result="Passed" start-time="2025-11-25 07:34:39Z" end-time="2025-11-25 07:34:39Z" duration="0.000626" asserts="0">
              <properties>
                <property name="retryIteration" value="0" />
                <property name="repeatIteration" value="0" />
              </properties>
            </test-case>
            <test-case id="1107" name="MessageFactory_CreateBool_ReturnsCorrectType" fullname="MercuryMessaging.Tests.FluentApiPhase3Tests.MessageFactory_CreateBool_ReturnsCorrectType" methodname="MessageFactory_CreateBool_ReturnsCorrectType" classname="MercuryMessaging.Tests.FluentApiPhase3Tests" runstate="Runnable" seed="1722750164" result="Passed" start-time="2025-11-25 07:34:39Z" end-time="2025-11-25 07:34:39Z" duration="0.003128" asserts="0">
              <properties>
                <property name="retryIteration" value="0" />
                <property name="repeatIteration" value="0" />
              </properties>
            </test-case>
            <test-case id="1109" name="MessageFactory_CreateFloat_ReturnsCorrectType" fullname="MercuryMessaging.Tests.FluentApiPhase3Tests.MessageFactory_CreateFloat_ReturnsCorrectType" methodname="MessageFactory_CreateFloat_ReturnsCorrectType" classname="MercuryMessaging.Tests.FluentApiPhase3Tests" runstate="Runnable" seed="662145348" result="Passed" start-time="2025-11-25 07:34:39Z" end-time="2025-11-25 07:34:39Z" duration="0.000759" asserts="0">
              <properties>
                <property name="retryIteration" value="0" />
                <property name="repeatIteration" value="0" />
              </properties>
            </test-case>
            <test-case id="1108" name="MessageFactory_CreateInt_ReturnsCorrectType" fullname="MercuryMessaging.Tests.FluentApiPhase3Tests.MessageFactory_CreateInt_ReturnsCorrectType" methodname="MessageFactory_CreateInt_ReturnsCorrectType" classname="MercuryMessaging.Tests.FluentApiPhase3Tests" runstate="Runnable" seed="1013623701" result="Passed" start-time="2025-11-25 07:34:39Z" end-time="2025-11-25 07:34:39Z" duration="0.000451" asserts="0">
              <properties>
                <property name="retryIteration" value="0" />
                <property name="repeatIteration" value="0" />
              </properties>
            </test-case>
            <test-case id="1110" name="MessageFactory_CreateString_ReturnsCorrectType" fullname="MercuryMessaging.Tests.FluentApiPhase3Tests.MessageFactory_CreateString_ReturnsCorrectType" methodname="MessageFactory_CreateString_ReturnsCorrectType" classname="MercuryMessaging.Tests.FluentApiPhase3Tests" runstate="Runnable" seed="1473456489" result="Passed" start-time="2025-11-25 07:34:39Z" end-time="2025-11-25 07:34:39Z" duration="0.000403" asserts="0">
              <properties>
                <property name="retryIteration" value="0" />
                <property name="repeatIteration" value="0" />
              </properties>
            </test-case>
            <test-case id="1111" name="MessageFactory_CreateVector3_ReturnsCorrectType" fullname="MercuryMessaging.Tests.FluentApiPhase3Tests.MessageFactory_CreateVector3_ReturnsCorrectType" methodname="MessageFactory_CreateVector3_ReturnsCorrectType" classname="MercuryMessaging.Tests.FluentApiPhase3Tests" runstate="Runnable" seed="1974531672" result="Passed" start-time="2025-11-25 07:34:39Z" end-time="2025-11-25 07:34:39Z" duration="0.001442" asserts="0">
              <properties>
                <property name="retryIteration" value="0" />
                <property name="repeatIteration" value="0" />
              </properties>
            </test-case>
            <test-case id="1116" name="MessageFactory_Custom_CreatesWithMethodId" fullname="MercuryMessaging.Tests.FluentApiPhase3Tests.MessageFactory_Custom_CreatesWithMethodId" methodname="MessageFactory_Custom_CreatesWithMethodId" classname="MercuryMessaging.Tests.FluentApiPhase3Tests" runstate="Runnable" seed="1901000212" result="Passed" start-time="2025-11-25 07:34:39Z" end-time="2025-11-25 07:34:39Z" duration="0.000576" asserts="0">
              <properties>
                <property name="retryIteration" value="0" />
                <property name="repeatIteration" value="0" />
              </properties>
            </test-case>
            <test-case id="1117" name="MessageFactory_CustomWithPayload_CreatesWithMethodAndValue" fullname="MercuryMessaging.Tests.FluentApiPhase3Tests.MessageFactory_CustomWithPayload_CreatesWithMethodAndValue" methodname="MessageFactory_CustomWithPayload_CreatesWithMethodAndValue" classname="MercuryMessaging.Tests.FluentApiPhase3Tests" runstate="Runnable" seed="2137563489" result="Passed" start-time="2025-11-25 07:34:39Z" end-time="2025-11-25 07:34:39Z" duration="0.000812" asserts="0">
              <properties>
                <property name="retryIteration" value="0" />
                <property name="repeatIteration" value="0" />
              </properties>
            </test-case>
            <test-case id="1112" name="MessageFactory_GenericCreate_InfersType" fullname="MercuryMessaging.Tests.FluentApiPhase3Tests.MessageFactory_GenericCreate_InfersType" methodname="MessageFactory_GenericCreate_InfersType" classname="MercuryMessaging.Tests.FluentApiPhase3Tests" runstate="Runnable" seed="1084321437" result="Passed" start-time="2025-11-25 07:34:39Z" end-time="2025-11-25 07:34:39Z" duration="0.002410" asserts="0">
              <properties>
                <property name="retryIteration" value="0" />
                <property name="repeatIteration" value="0" />
              </properties>
            </test-case>
            <test-case id="1113" name="MessageFactory_Initialize_CreatesCorrectCommand" fullname="MercuryMessaging.Tests.FluentApiPhase3Tests.MessageFactory_Initialize_CreatesCorrectCommand" methodname="MessageFactory_Initialize_CreatesCorrectCommand" classname="MercuryMessaging.Tests.FluentApiPhase3Tests" runstate="Runnable" seed="488782695" result="Passed" start-time="2025-11-25 07:34:39Z" end-time="2025-11-25 07:34:39Z" duration="0.000695" asserts="0">
              <properties>
                <property name="retryIteration" value="0" />
                <property name="repeatIteration" value="0" />
              </properties>
            </test-case>
            <test-case id="1114" name="MessageFactory_SetActive_CreatesCorrectCommand" fullname="MercuryMessaging.Tests.FluentApiPhase3Tests.MessageFactory_SetActive_CreatesCorrectCommand" methodname="MessageFactory_SetActive_CreatesCorrectCommand" classname="MercuryMessaging.Tests.FluentApiPhase3Tests" runstate="Runnable" seed="2109184432" result="Passed" start-time="2025-11-25 07:34:39Z" end-time="2025-11-25 07:34:39Z" duration="0.000502" asserts="0">
              <properties>
                <property name="retryIteration" value="0" />
                <property name="repeatIteration" value="0" />
              </properties>
            </test-case>
            <test-case id="1115" name="MessageFactory_Switch_ByName_CreatesCorrectCommand" fullname="MercuryMessaging.Tests.FluentApiPhase3Tests.MessageFactory_Switch_ByName_CreatesCorrectCommand" methodname="MessageFactory_Switch_ByName_CreatesCorrectCommand" classname="MercuryMessaging.Tests.FluentApiPhase3Tests" runstate="Runnable" seed="921041890" result="Passed" start-time="2025-11-25 07:34:39Z" end-time="2025-11-25 07:34:39Z" duration="0.000611" asserts="0">
              <properties>
                <property name="retryIteration" value="0" />
                <property name="repeatIteration" value="0" />
              </properties>
            </test-case>
            <test-case id="1119" name="MessageFactory_ToChildren_SetsLevelFilter" fullname="MercuryMessaging.Tests.FluentApiPhase3Tests.MessageFactory_ToChildren_SetsLevelFilter" methodname="MessageFactory_ToChildren_SetsLevelFilter" classname="MercuryMessaging.Tests.FluentApiPhase3Tests" runstate="Runnable" seed="1347735970" result="Passed" start-time="2025-11-25 07:34:39Z" end-time="2025-11-25 07:34:39Z" duration="0.000563" asserts="0">
              <properties>
                <property name="retryIteration" value="0" />
                <property name="repeatIteration" value="0" />
              </properties>
            </test-case>
            <test-case id="1120" name="MessageFactory_ToDescendants_SetsLevelFilter" fullname="MercuryMessaging.Tests.FluentApiPhase3Tests.MessageFactory_ToDescendants_SetsLevelFilter" methodname="MessageFactory_ToDescendants_SetsLevelFilter" classname="MercuryMessaging.Tests.FluentApiPhase3Tests" runstate="Runnable" seed="1319231684" result="Passed" start-time="2025-11-25 07:34:39Z" end-time="2025-11-25 07:34:39Z" duration="0.000426" asserts="0">
              <properties>
                <property name="retryIteration" value="0" />
                <property name="repeatIteration" value="0" />
              </properties>
            </test-case>
            <test-case id="1118" name="MessageFactory_WithMetadata_AppliesMetadata" fullname="MercuryMessaging.Tests.FluentApiPhase3Tests.MessageFactory_WithMetadata_AppliesMetadata" methodname="MessageFactory_WithMetadata_AppliesMetadata" classname="MercuryMessaging.Tests.FluentApiPhase3Tests" runstate="Runnable" seed="892150078" result="Passed" start-time="2025-11-25 07:34:39Z" end-time="2025-11-25 07:34:39Z" duration="0.000439" asserts="0">
              <properties>
                <property name="retryIteration" value="0" />
                <property name="repeatIteration" value="0" />
              </properties>
            </test-case>
            <test-case id="1125" name="Notify_SendsToParent" fullname="MercuryMessaging.Tests.FluentApiPhase3Tests.Notify_SendsToParent" methodname="Notify_SendsToParent" classname="MercuryMessaging.Tests.FluentApiPhase3Tests" runstate="Runnable" seed="2053073792" result="Passed" start-time="2025-11-25 07:34:39Z" end-time="2025-11-25 07:34:39Z" duration="0.000797" asserts="0">
              <properties>
                <property name="retryIteration" value="0" />
                <property name="repeatIteration" value="0" />
              </properties>
            </test-case>
            <test-case id="1126" name="Notify_WithValue_SendsToParent" fullname="MercuryMessaging.Tests.FluentApiPhase3Tests.Notify_WithValue_SendsToParent" methodname="Notify_WithValue_SendsToParent" classname="MercuryMessaging.Tests.FluentApiPhase3Tests" runstate="Runnable" seed="93213889" result="Passed" start-time="2025-11-25 07:34:39Z" end-time="2025-11-25 07:34:39Z" duration="0.000794" asserts="0">
              <properties>
                <property name="retryIteration" value="0" />
                <property name="repeatIteration" value="0" />
              </properties>
            </test-case>
            <test-case id="1127" name="NotifyComplete_ConvenienceMethod_Works" fullname="MercuryMessaging.Tests.FluentApiPhase3Tests.NotifyComplete_ConvenienceMethod_Works" methodname="NotifyComplete_ConvenienceMethod_Works" classname="MercuryMessaging.Tests.FluentApiPhase3Tests" runstate="Runnable" seed="1092379869" result="Passed" start-time="2025-11-25 07:34:39Z" end-time="2025-11-25 07:34:39Z" duration="0.000745" asserts="0">
              <properties>
                <property name="retryIteration" value="0" />
                <property name="repeatIteration" value="0" />
              </properties>
            </test-case>
            <test-case id="1135" name="Query_RegistersCallback" fullname="MercuryMessaging.Tests.FluentApiPhase3Tests.Query_RegistersCallback" methodname="Query_RegistersCallback" classname="MercuryMessaging.Tests.FluentApiPhase3Tests" runstate="Runnable" seed="815637318" result="Passed" start-time="2025-11-25 07:34:39Z" end-time="2025-11-25 07:34:39Z" duration="0.000547" asserts="0">
              <properties>
                <property name="retryIteration" value="0" />
                <property name="repeatIteration" value="0" />
              </properties>
            </test-case>
            <test-case id="1143" name="Schedule_FluentBuilder_Works" fullname="MercuryMessaging.Tests.FluentApiPhase3Tests.Schedule_FluentBuilder_Works" methodname="Schedule_FluentBuilder_Works" classname="MercuryMessaging.Tests.FluentApiPhase3Tests" runstate="Runnable" seed="611863804" result="Passed" start-time="2025-11-25 07:34:39Z" end-time="2025-11-25 07:34:39Z" duration="0.000657" asserts="0">
              <properties>
                <property name="retryIteration" value="0" />
                <property name="repeatIteration" value="0" />
              </properties>
            </test-case>
            <test-case id="1144" name="Schedule_WithDelay_DelaysExecution" fullname="MercuryMessaging.Tests.FluentApiPhase3Tests.Schedule_WithDelay_DelaysExecution" methodname="Schedule_WithDelay_DelaysExecution" classname="MercuryMessaging.Tests.FluentApiPhase3Tests" runstate="Runnable" seed="1708655853" result="Passed" start-time="2025-11-25 07:34:39Z" end-time="2025-11-25 07:34:39Z" duration="0.162209" asserts="0">
              <properties>
                <property name="_JOINTYPE" value="UnityCombinatorial" />
                <property name="retryIteration" value="0" />
                <property name="repeatIteration" value="0" />
              </properties>
            </test-case>
            <test-case id="1128" name="SendTo_ByName_FindsTarget" fullname="MercuryMessaging.Tests.FluentApiPhase3Tests.SendTo_ByName_FindsTarget" methodname="SendTo_ByName_FindsTarget" classname="MercuryMessaging.Tests.FluentApiPhase3Tests" runstate="Runnable" seed="2086336313" result="Passed" start-time="2025-11-25 07:34:39Z" end-time="2025-11-25 07:34:39Z" duration="0.000931" asserts="0">
              <properties>
                <property name="retryIteration" value="0" />
                <property name="repeatIteration" value="0" />
              </properties>
            </test-case>
            <test-case id="1129" name="SendTo_ByName_WithValue_Works" fullname="MercuryMessaging.Tests.FluentApiPhase3Tests.SendTo_ByName_WithValue_Works" methodname="SendTo_ByName_WithValue_Works" classname="MercuryMessaging.Tests.FluentApiPhase3Tests" runstate="Runnable" seed="1720692827" result="Passed" start-time="2025-11-25 07:34:39Z" end-time="2025-11-25 07:34:39Z" duration="0.000855" asserts="0">
              <properties>
                <property name="retryIteration" value="0" />
                <property name="repeatIteration" value="0" />
              </properties>
            </test-case>
            <test-case id="1131" name="SendTo_DirectReference_Works" fullname="MercuryMessaging.Tests.FluentApiPhase3Tests.SendTo_DirectReference_Works" methodname="SendTo_DirectReference_Works" classname="MercuryMessaging.Tests.FluentApiPhase3Tests" runstate="Runnable" seed="1634263711" result="Passed" start-time="2025-11-25 07:34:39Z" end-time="2025-11-25 07:34:39Z" duration="0.000660" asserts="0">
              <properties>
                <property name="retryIteration" value="0" />
                <property name="repeatIteration" value="0" />
              </properties>
            </test-case>
            <test-case id="1130" name="SendTo_NonExistent_LogsWarning" fullname="MercuryMessaging.Tests.FluentApiPhase3Tests.SendTo_NonExistent_LogsWarning" methodname="SendTo_NonExistent_LogsWarning" classname="MercuryMessaging.Tests.FluentApiPhase3Tests" runstate="Runnable" seed="623982113" result="Passed" start-time="2025-11-25 07:34:39Z" end-time="2025-11-25 07:34:39Z" duration="0.002212" asserts="0">
              <properties>
                <property name="retryIteration" value="0" />
                <property name="repeatIteration" value="0" />
              </properties>
              <output><![CDATA[MmRelayNodeExtensions.SendTo: Target 'NonExistent' not found in hierarchy
]]></output>
            </test-case>
            <test-case id="1145" name="TemporalHandle_IsCancelled_ReflectsState" fullname="MercuryMessaging.Tests.FluentApiPhase3Tests.TemporalHandle_IsCancelled_ReflectsState" methodname="TemporalHandle_IsCancelled_ReflectsState" classname="MercuryMessaging.Tests.FluentApiPhase3Tests" runstate="Runnable" seed="2011687266" result="Passed" start-time="2025-11-25 07:34:39Z" end-time="2025-11-25 07:34:39Z" duration="0.000539" asserts="0">
              <properties>
                <property name="retryIteration" value="0" />
                <property name="repeatIteration" value="0" />
              </properties>
            </test-case>
[...]
            <properties />
            <test-case id="1311" name="InvokeWithPath_Descendant_ReachesAllDescendants" fullname="MercuryMessaging.Tests.PathSpecificationTests.InvokeWithPath_Descendant_ReachesAllDescendants" methodname="InvokeWithPath_Descendant_ReachesAllDescendants" classname="MercuryMessaging.Tests.PathSpecificationTests" runstate="Runnable" seed="725446304" result="Passed" start-time="2025-11-25 07:34:47Z" end-time="2025-11-25 07:34:47Z" duration="0.117511" asserts="0">
              <properties>
                <property name="_JOINTYPE" value="UnityCombinatorial" />
                <property name="retryIteration" value="0" />
                <property name="repeatIteration" value="0" />
              </properties>
            </test-case>
            <test-case id="1313" name="InvokeWithPath_EmptyPath_ThrowsException" fullname="MercuryMessaging.Tests.PathSpecificationTests.InvokeWithPath_EmptyPath_ThrowsException" methodname="InvokeWithPath_EmptyPath_ThrowsException" classname="MercuryMessaging.Tests.PathSpecificationTests" runstate="Runnable" seed="901308074" result="Passed" start-time="2025-11-25 07:34:47Z" end-time="2025-11-25 07:34:47Z" duration="0.014537" asserts="0">
              <properties>
                <property name="_JOINTYPE" value="UnityCombinatorial" />
                <property name="retryIteration" value="0" />
                <property name="repeatIteration" value="0" />
              </properties>
            </test-case>
            <test-case id="1312" name="InvokeWithPath_InvalidPath_ThrowsException" fullname="MercuryMessaging.Tests.PathSpecificationTests.InvokeWithPath_InvalidPath_ThrowsException" methodname="InvokeWithPath_InvalidPath_ThrowsException" classname="MercuryMessaging.Tests.PathSpecificationTests" runstate="Runnable" seed="1134630448" result="Passed" start-time="2025-11-25 07:34:47Z" end-time="2025-11-25 07:34:47Z" duration="0.008543" asserts="0">
              <properties>
                <property name="_JOINTYPE" value="UnityCombinatorial" />
                <property name="retryIteration" value="0" />
                <property name="repeatIteration" value="0" />
              </properties>
            </test-case>
            <test-case id="1308" name="InvokeWithPath_Parent_DeliversToParent" fullname="MercuryMessaging.Tests.PathSpecificationTests.InvokeWithPath_Parent_DeliversToParent" methodname="InvokeWithPath_Parent_DeliversToParent" classname="MercuryMessaging.Tests.PathSpecificationTests" runstate="Runnable" seed="116257146" result="Passed" start-time="2025-11-25 07:34:47Z" end-time="2025-11-25 07:34:47Z" duration="0.113053" asserts="0">
              <properties>
                <property name="_JOINTYPE" value="UnityCombinatorial" />
                <property name="retryIteration" value="0" />
                <property name="repeatIteration" value="0" />
              </properties>
            </test-case>
            <test-case id="1309" name="InvokeWithPath_ParentSiblingChild_DeliversToCousins" fullname="MercuryMessaging.Tests.PathSpecificationTests.InvokeWithPath_ParentSiblingChild_DeliversToCousins" methodname="InvokeWithPath_ParentSiblingChild_DeliversToCousins" classname="MercuryMessaging.Tests.PathSpecificationTests" runstate="Runnable" seed="1240945262" result="Passed" start-time="2025-11-25 07:34:47Z" end-time="2025-11-25 07:34:47Z" duration="0.117763" asserts="0">
              <properties>
                <property name="_JOINTYPE" value="UnityCombinatorial" />
                <property name="retryIteration" value="0" />
                <property name="repeatIteration" value="0" />
              </properties>
            </test-case>
            <test-case id="1310" name="InvokeWithPath_WithParameter_DeliversCorrectly" fullname="MercuryMessaging.Tests.PathSpecificationTests.InvokeWithPath_WithParameter_DeliversCorrectly" methodname="InvokeWithPath_WithParameter_DeliversCorrectly" classname="MercuryMessaging.Tests.PathSpecificationTests" runstate="Runnable" seed="318339088" result="Passed" start-time="2025-11-25 07:34:47Z" end-time="2025-11-25 07:34:47Z" duration="0.116650" asserts="0">
              <properties>
                <property name="_JOINTYPE" value="UnityCombinatorial" />
                <property name="retryIteration" value="0" />
                <property name="repeatIteration" value="0" />
              </properties>
            </test-case>
            <test-case id="1287" name="Parse_AllSegmentTypes_Success" fullname="MercuryMessaging.Tests.PathSpecificationTests.Parse_AllSegmentTypes_Success" methodname="Parse_AllSegmentTypes_Success" classname="MercuryMessaging.Tests.PathSpecificationTests" runstate="Runnable" seed="490799625" result="Passed" start-time="2025-11-25 07:34:47Z" end-time="2025-11-25 07:34:47Z" duration="0.000802" asserts="0">
              <properties>
                <property name="retryIteration" value="0" />
                <property name="repeatIteration" value="0" />
              </properties>
            </test-case>
            <test-case id="1294" name="Parse_Caching_WorksCorrectly" fullname="MercuryMessaging.Tests.PathSpecificationTests.Parse_Caching_WorksCorrectly" methodname="Parse_Caching_WorksCorrectly" classname="MercuryMessaging.Tests.PathSpecificationTests" runstate="Runnable" seed="1690798698" result="Passed" start-time="2025-11-25 07:34:47Z" end-time="2025-11-25 07:34:47Z" duration="0.000303" asserts="0">
              <properties>
                <property name="retryIteration" value="0" />
                <property name="repeatIteration" value="0" />
              </properties>
            </test-case>
            <test-case id="1288" name="Parse_CaseInsensitive_Success" fullname="MercuryMessaging.Tests.PathSpecificationTests.Parse_CaseInsensitive_Success" methodname="Parse_CaseInsensitive_Success" classname="MercuryMessaging.Tests.PathSpecificationTests" runstate="Runnable" seed="1013760468" result="Passed" start-time="2025-11-25 07:34:47Z" end-time="2025-11-25 07:34:47Z" duration="0.000357" asserts="0">
              <properties>
                <property name="retryIteration" value="0" />
                <property name="repeatIteration" value="0" />
              </properties>
            </test-case>
            <test-case id="1298" name="Parse_ConsecutiveWildcards_ThrowsException" fullname="MercuryMessaging.Tests.PathSpecificationTests.Parse_ConsecutiveWildcards_ThrowsException" methodname="Parse_ConsecutiveWildcards_ThrowsException" classname="MercuryMessaging.Tests.PathSpecificationTests" runstate="Runnable" seed="1057667558" result="Passed" start-time="2025-11-25 07:34:47Z" end-time="2025-11-25 07:34:47Z" duration="0.000473" asserts="0">
              <properties>
                <property name="retryIteration" value="0" />
                <property name="repeatIteration" value="0" />
              </properties>
            </test-case>
            <test-case id="1290" name="Parse_EmptyPath_ThrowsException" fullname="MercuryMessaging.Tests.PathSpecificationTests.Parse_EmptyPath_ThrowsException" methodname="Parse_EmptyPath_ThrowsException" classname="MercuryMessaging.Tests.PathSpecificationTests" runstate="Runnable" seed="1404805212" result="Passed" start-time="2025-11-25 07:34:47Z" end-time="2025-11-25 07:34:47Z" duration="0.000229" asserts="0">
              <properties>
                <property name="retryIteration" value="0" />
                <property name="repeatIteration" value="0" />
              </properties>
            </test-case>
            <test-case id="1293" name="Parse_InvalidSegment_ThrowsException" fullname="MercuryMessaging.Tests.PathSpecificationTests.Parse_InvalidSegment_ThrowsException" methodname="Parse_InvalidSegment_ThrowsException" classname="MercuryMessaging.Tests.PathSpecificationTests" runstate="Runnable" seed="1900483449" result="Passed" start-time="2025-11-25 07:34:47Z" end-time="2025-11-25 07:34:47Z" duration="0.000251" asserts="0">
              <properties>
                <property name="retryIteration" value="0" />
                <property name="repeatIteration" value="0" />
              </properties>
            </test-case>
            <test-case id="1291" name="Parse_NullPath_ThrowsException" fullname="MercuryMessaging.Tests.PathSpecificationTests.Parse_NullPath_ThrowsException" methodname="Parse_NullPath_ThrowsException" classname="MercuryMessaging.Tests.PathSpecificationTests" runstate="Runnable" seed="1481775290" result="Passed" start-time="2025-11-25 07:34:47Z" end-time="2025-11-25 07:34:47Z" duration="0.000205" asserts="0">
              <properties>
                <property name="retryIteration" value="0" />
                <property name="repeatIteration" value="0" />
              </properties>
            </test-case>
            <test-case id="1292" name="Parse_TrailingSlash_ThrowsException" fullname="MercuryMessaging.Tests.PathSpecificationTests.Parse_TrailingSlash_ThrowsException" methodname="Parse_TrailingSlash_ThrowsException" classname="MercuryMessaging.Tests.PathSpecificationTests" runstate="Runnable" seed="497815142" result="Passed" start-time="2025-11-25 07:34:47Z" end-time="2025-11-25 07:34:47Z" duration="0.000284" asserts="0">
              <properties>
                <property name="retryIteration" value="0" />
                <property name="repeatIteration" value="0" />
              </properties>
            </test-case>
            <test-case id="1286" name="Parse_ValidMultipleSegments_Success" fullname="MercuryMessaging.Tests.PathSpecificationTests.Parse_ValidMultipleSegments_Success" methodname="Parse_ValidMultipleSegments_Success" classname="MercuryMessaging.Tests.PathSpecificationTests" runstate="Runnable" seed="168949039" result="Passed" start-time="2025-11-25 07:34:47Z" end-time="2025-11-25 07:34:47Z" duration="0.000267" asserts="0">
              <properties>
                <property name="retryIteration" value="0" />
                <property name="repeatIteration" value="0" />
              </properties>
            </test-case>
            <test-case id="1285" name="Parse_ValidSingleSegment_Success" fullname="MercuryMessaging.Tests.PathSpecificationTests.Parse_ValidSingleSegment_Success" methodname="Parse_ValidSingleSegment_Success" classname="MercuryMessaging.Tests.PathSpecificationTests" runstate="Runnable" seed="866360856" result="Passed" start-time="2025-11-25 07:34:47Z" end-time="2025-11-25 07:34:47Z" duration="0.000185" asserts="0">
              <properties>
                <property name="retryIteration" value="0" />
                <property name="repeatIteration" value="0" />
              </properties>
            </test-case>
            <test-case id="1296" name="Parse_WildcardFirst_ThrowsException" fullname="MercuryMessaging.Tests.PathSpecificationTests.Parse_WildcardFirst_ThrowsException" methodname="Parse_WildcardFirst_ThrowsException" classname="MercuryMessaging.Tests.PathSpecificationTests" runstate="Runnable" seed="1687921554" result="Passed" start-time="2025-11-25 07:34:47Z" end-time="2025-11-25 07:34:47Z" duration="0.000217" asserts="0">
              <properties>
                <property name="retryIteration" value="0" />
                <property name="repeatIteration" value="0" />
              </properties>
            </test-case>
            <test-case id="1297" name="Parse_WildcardLast_ThrowsException" fullname="MercuryMessaging.Tests.PathSpecificationTests.Parse_WildcardLast_ThrowsException" methodname="Parse_WildcardLast_ThrowsException" classname="MercuryMessaging.Tests.PathSpecificationTests" runstate="Runnable" seed="616923454" result="Passed" start-time="2025-11-25 07:34:47Z" end-time="2025-11-25 07:34:47Z" duration="0.000233" asserts="0">
              <properties>
                <property name="retryIteration" value="0" />
                <property name="repeatIteration" value="0" />
              </properties>
            </test-case>
            <test-case id="1295" name="Parse_WildcardMiddle_Success" fullname="MercuryMessaging.Tests.PathSpecificationTests.Parse_WildcardMiddle_Success" methodname="Parse_WildcardMiddle_Success" classname="MercuryMessaging.Tests.PathSpecificationTests" runstate="Runnable" seed="1853166078" result="Passed" start-time="2025-11-25 07:34:47Z" end-time="2025-11-25 07:34:47Z" duration="0.000219" asserts="0">
              <properties>
                <property name="retryIteration" value="0" />
                <property name="repeatIteration" value="0" />
              </properties>
            </test-case>
            <test-case id="1289" name="Parse_WithWhitespace_Success" fullname="MercuryMessaging.Tests.PathSpecificationTests.Parse_WithWhitespace_Success" methodname="Parse_WithWhitespace_Success" classname="MercuryMessaging.Tests.PathSpecificationTests" runstate="Runnable" seed="1533672600" result="Passed" start-time="2025-11-25 07:34:47Z" end-time="2025-11-25 07:34:47Z" duration="0.000185" asserts="0">
              <properties>
                <property name="retryIteration" value="0" />
                <property name="repeatIteration" value="0" />
              </properties>
            </test-case>
            <test-case id="1305" name="Resolve_Ancestor_FindsAllAncestors" fullname="MercuryMessaging.Tests.PathSpecificationTests.Resolve_Ancestor_FindsAllAncestors" methodname="Resolve_Ancestor_FindsAllAncestors" classname="MercuryMessaging.Tests.PathSpecificationTests" runstate="Runnable" seed="1867097335" result="Passed" start-time="2025-11-25 07:34:47Z" end-time="2025-11-25 07:34:47Z" duration="0.013486" asserts="0">
              <properties>
                <property name="_JOINTYPE" value="UnityCombinatorial" />
                <property name="retryIteration" value="0" />
                <property name="repeatIteration" value="0" />
              </properties>
            </test-case>
            <test-case id="1300" name="Resolve_Child_FindsChildren" fullname="MercuryMessaging.Tests.PathSpecificationTests.Resolve_Child_FindsChildren" methodname="Resolve_Child_FindsChildren" classname="MercuryMessaging.Tests.PathSpecificationTests" runstate="Runnable" seed="1351071741" result="Passed" start-time="2025-11-25 07:34:47Z" end-time="2025-11-25 07:34:47Z" duration="0.012911" asserts="0">
              <properties>
                <property name="_JOINTYPE" value="UnityCombinatorial" />
                <property name="retryIteration" value="0" />
                <property name="repeatIteration" value="0" />
              </properties>
            </test-case>
            <test-case id="1304" name="Resolve_Descendant_FindsAllDescendants" fullname="MercuryMessaging.Tests.PathSpecificationTests.Resolve_Descendant_FindsAllDescendants" methodname="Resolve_Descendant_FindsAllDescendants" classname="MercuryMessaging.Tests.PathSpecificationTests" runstate="Runnable" seed="1584437271" result="Passed" start-time="2025-11-25 07:34:47Z" end-time="2025-11-25 07:34:47Z" duration="0.011148" asserts="0">
              <properties>
                <property name="_JOINTYPE" value="UnityCombinatorial" />
                <property name="retryIteration" value="0" />
                <property name="repeatIteration" value="0" />
              </properties>
            </test-case>
            <test-case id="1299" name="Resolve_Parent_FindsParent" fullname="MercuryMessaging.Tests.PathSpecificationTests.Resolve_Parent_FindsParent" methodname="Resolve_Parent_FindsParent" classname="MercuryMessaging.Tests.PathSpecificationTests" runstate="Runnable" seed="1958279830" result="Passed" start-time="2025-11-25 07:34:47Z" end-time="2025-11-25 07:34:47Z" duration="0.011073" asserts="0">
              <properties>
                <property name="_JOINTYPE" value="UnityCombinatorial" />
                <property name="retryIteration" value="0" />
                <property name="repeatIteration" value="0" />
              </properties>
            </test-case>
            <test-case id="1302" name="Resolve_ParentSibling_FindsParentsSiblings" fullname="MercuryMessaging.Tests.PathSpecificationTests.Resolve_ParentSibling_FindsParentsSiblings" methodname="Resolve_ParentSibling_FindsParentsSiblings" classname="MercuryMessaging.Tests.PathSpecificationTests" runstate="Runnable" seed="947762583" result="Passed" start-time="2025-11-25 07:34:47Z" end-time="2025-11-25 07:34:47Z" duration="0.010538" asserts="0">
              <properties>
                <property name="_JOINTYPE" value="UnityCombinatorial" />
                <property name="retryIteration" value="0" />
                <property name="repeatIteration" value="0" />
              </properties>
            </test-case>
            <test-case id="1303" name="Resolve_ParentSiblingChild_FindsCousins" fullname="MercuryMessaging.Tests.PathSpecificationTests.Resolve_ParentSiblingChild_FindsCousins" methodname="Resolve_ParentSiblingChild_FindsCousins" classname="MercuryMessaging.Tests.PathSpecificationTests" runstate="Runnable" seed="565068871" result="Passed" start-time="2025-11-25 07:34:47Z" end-time="2025-11-25 07:34:47Z" duration="0.010415" asserts="0">
              <properties>
                <property name="_JOINTYPE" value="UnityCombinatorial" />
                <property name="retryIteration" value="0" />
                <property name="repeatIteration" value="0" />
              </properties>
            </test-case>
            <test-case id="1307" name="Resolve_ParentWildcardChild_FindsAllSiblingsChildren" fullname="MercuryMessaging.Tests.PathSpecificationTests.Resolve_ParentWildcardChild_FindsAllSiblingsChildren" methodname="Resolve_ParentWildcardChild_FindsAllSiblingsChildren" classname="MercuryMessaging.Tests.PathSpecificationTests" runstate="Runnable" seed="502110772" result="Passed" start-time="2025-11-25 07:34:47Z" end-time="2025-11-25 07:34:47Z" duration="0.013581" asserts="0">
              <properties>
                <property name="_JOINTYPE" value="UnityCombinatorial" />
                <property name="retryIteration" value="0" />
                <property name="repeatIteration" value="0" />
              </properties>
            </test-case>
            <test-case id="1306" name="Resolve_Self_FindsSelf" fullname="MercuryMessaging.Tests.PathSpecificationTests.Resolve_Self_FindsSelf" methodname="Resolve_Self_FindsSelf" classname="MercuryMessaging.Tests.PathSpecificationTests" runstate="Runnable" seed="1162776426" result="Passed" start-time="2025-11-25 07:34:47Z" end-time="2025-11-25 07:34:47Z" duration="0.013288" asserts="0">
              <properties>
                <property name="_JOINTYPE" value="UnityCombinatorial" />
                <property name="retryIteration" value="0" />
                <property name="repeatIteration" value="0" />
              </properties>
            </test-case>
            <test-case id="1301" name="Resolve_Sibling_FindsSiblings" fullname="MercuryMessaging.Tests.PathSpecificationTests.Resolve_Sibling_FindsSiblings" methodname="Resolve_Sibling_FindsSiblings" classname="MercuryMessaging.Tests.PathSpecificationTests" runstate="Runnable" seed="671561499" result="Passed" start-time="2025-11-25 07:34:47Z" end-time="2025-11-25 07:34:47Z" duration="0.011685" asserts="0">
              <properties>
                <property name="_JOINTYPE" value="UnityCombinatorial" />
                <property name="retryIteration" value="0" />
                <property name="repeatIteration" value="0" />
              </properties>
              <output><![CDATA[Saving results to: C:/Users/yangb/AppData/LocalLow/DefaultCompany/MercuryMessaging\TestResults.xml
]]></output>
            </test-case>
          </test-suite>
        </test-suite>
      </test-suite>
    </test-suite>
  </test-suite>
</test-run>