<?xml version="1.0" encoding="utf-8"?>
<test-run id="2" testcasecount="646" result="Failed(Child)" total="646" passed="641" failed="5" inconclusive="0" skipped="0" asserts="0" engine-version="3.5.0.0" clr-version="4.0.30319.42000" start-time="2025-11-27 17:29:25Z" end-time="2025-11-27 17:29:43Z" duration="18.1804118">
  <test-suite type="TestSuite" id="1703" name="MercuryMessaging" fullname="MercuryMessaging" runstate="Runnable" testcasecount="646" result="Failed" site="Child" start-time="2025-11-27 17:29:25Z" end-time="2025-11-27 17:29:43Z" duration="18.180412" total="646" passed="641" failed="5" inconclusive="0" skipped="0" asserts="0">
    <properties>
      <property name="platform" value="PlayMode" />
    </properties>
    <failure>
      <message><![CDATA[One or more child tests had errors]]></message>
    </failure>
    <test-suite type="Assembly" id="1687" name="MercuryMessaging.Tests.dll" fullname="C:/Users/yangb/Research/MercuryMessaging/Library/ScriptAssemblies/MercuryMessaging.Tests.dll" runstate="Runnable" testcasecount="646" result="Failed" site="Child" start-time="2025-11-27 17:29:25Z" end-time="2025-11-27 17:29:43Z" duration="18.169206" total="646" passed="641" failed="5" inconclusive="0" skipped="0" asserts="0">
      <properties>
        <property name="_PID" value="8676" />
        <property name="_APPDOMAIN" value="Unity Child Domain" />
        <property name="platform" value="PlayMode" />
        <property name="EditorOnly" value="False" />
      </properties>
      <failure>
        <message><![CDATA[One or more child tests had errors]]></message>
      </failure>
      <test-suite type="TestSuite" id="1688" name="MercuryMessaging" fullname="MercuryMessaging" runstate="Runnable" testcasecount="646" result="Failed" site="Child" start-time="2025-11-27 17:29:25Z" end-time="2025-11-27 17:29:43Z" duration="18.159753" total="646" passed="641" failed="5" inconclusive="0" skipped="0" asserts="0">
        <properties />
        <failure>
          <message><![CDATA[One or more child tests had errors]]></message>
        </failure>
        <test-suite type="TestSuite" id="1689" name="Tests" fullname="MercuryMessaging.Tests" runstate="Runnable" testcasecount="646" result="Failed" site="Child" start-time="2025-11-27 17:29:25Z" end-time="2025-11-27 17:29:43Z" duration="18.149560" total="646" passed="641" failed="5" inconclusive="0" skipped="0" asserts="0">
          <properties />
          <failure>
            <message><![CDATA[One or more child tests had errors]]></message>
          </failure>
          <test-suite type="TestFixture" id="1001" name="AdvancedRoutingTests" fullname="MercuryMessaging.Tests.AdvancedRoutingTests" classname="MercuryMessaging.Tests.AdvancedRoutingTests" runstate="Runnable" testcasecount="9" result="Passed" start-time="2025-11-27 17:29:25Z" end-time="2025-11-27 17:29:26Z" duration="1.018144" total="9" passed="9" failed="0" inconclusive="0" skipped="0" asserts="0">
            <properties />
            <test-case id="1007" name="AncestorsRouting_ReachesAllParents" fullname="MercuryMessaging.Tests.AdvancedRoutingTests.AncestorsRouting_ReachesAllParents" methodname="AncestorsRouting_ReachesAllParents" classname="MercuryMessaging.Tests.AdvancedRoutingTests" runstate="Runnable" seed="1142183007" result="Passed" start-time="2025-11-27 17:29:25Z" end-time="2025-11-27 17:29:25Z" duration="0.117580" asserts="0">
              <properties>
                <property name="_JOINTYPE" value="UnityCombinatorial" />
                <property name="retryIteration" value="0" />
                <property name="repeatIteration" value="0" />
              </properties>
              <output><![CDATA[[PASS] Ancestors routing reaches all ancestor nodes
]]></output>
            </test-case>
            <test-case id="1010" name="CombinedFilters_SelfAndSiblings_Works" fullname="MercuryMessaging.Tests.AdvancedRoutingTests.CombinedFilters_SelfAndSiblings_Works" methodname="CombinedFilters_SelfAndSiblings_Works" classname="MercuryMessaging.Tests.AdvancedRoutingTests" runstate="Runnable" seed="71953342" result="Passed" start-time="2025-11-27 17:29:25Z" end-time="2025-11-27 17:29:25Z" duration="0.112750" asserts="0">
              <properties>
                <property name="_JOINTYPE" value="UnityCombinatorial" />
                <property name="retryIteration" value="0" />
                <property name="repeatIteration" value="0" />
              </properties>
              <output><![CDATA[[PASS] Combined filters (Self + Siblings) work correctly
]]></output>
            </test-case>
            <test-case id="1004" name="CousinsRouting_WithLateralEnabled_ReachesCousins" fullname="MercuryMessaging.Tests.AdvancedRoutingTests.CousinsRouting_WithLateralEnabled_ReachesCousins" methodname="CousinsRouting_WithLateralEnabled_ReachesCousins" classname="MercuryMessaging.Tests.AdvancedRoutingTests" runstate="Runnable" seed="1314794843" result="Passed" start-time="2025-11-27 17:29:25Z" end-time="2025-11-27 17:29:25Z" duration="0.117014" asserts="0">
              <properties>
                <property name="_JOINTYPE" value="UnityCombinatorial" />
                <property name="retryIteration" value="0" />
                <property name="repeatIteration" value="0" />
              </properties>
              <output><![CDATA[[PASS] Cousins routing reaches cousin nodes correctly
]]></output>
            </test-case>
            <test-case id="1009" name="CustomFilter_WithoutPredicate_Blocked" fullname="MercuryMessaging.Tests.AdvancedRoutingTests.CustomFilter_WithoutPredicate_Blocked" methodname="CustomFilter_WithoutPredicate_Blocked" classname="MercuryMessaging.Tests.AdvancedRoutingTests" runstate="Runnable" seed="768746654" result="Passed" start-time="2025-11-27 17:29:25Z" end-time="2025-11-27 17:29:26Z" duration="0.111863" asserts="0">
              <properties>
                <property name="_JOINTYPE" value="UnityCombinatorial" />
                <property name="retryIteration" value="0" />
                <property name="repeatIteration" value="0" />
              </properties>
              <output><![CDATA[[PASS] Custom filter blocked without predicate
]]></output>
            </test-case>
            <test-case id="1008" name="CustomFilter_WithPredicate_FiltersCorrectly" fullname="MercuryMessaging.Tests.AdvancedRoutingTests.CustomFilter_WithPredicate_FiltersCorrectly" methodname="CustomFilter_WithPredicate_FiltersCorrectly" classname="MercuryMessaging.Tests.AdvancedRoutingTests" runstate="Runnable" seed="1639801114" result="Passed" start-time="2025-11-27 17:29:26Z" end-time="2025-11-27 17:29:26Z" duration="0.111021" asserts="0">
              <properties>
                <property name="_JOINTYPE" value="UnityCombinatorial" />
                <property name="retryIteration" value="0" />
                <property name="repeatIteration" value="0" />
              </properties>
              <output><![CDATA[[PASS] Custom filter applies predicate correctly
]]></output>
            </test-case>
            <test-case id="1006" name="DescendantsRouting_PreventsCircularLoops" fullname="MercuryMessaging.Tests.AdvancedRoutingTests.DescendantsRouting_PreventsCircularLoops" methodname="DescendantsRouting_PreventsCircularLoops" classname="MercuryMessaging.Tests.AdvancedRoutingTests" runstate="Runnable" seed="1058316883" result="Passed" start-time="2025-11-27 17:29:26Z" end-time="2025-11-27 17:29:26Z" duration="0.110212" asserts="0">
              <properties>
                <property name="_JOINTYPE" value="UnityCombinatorial" />
                <property name="retryIteration" value="0" />
                <property name="repeatIteration" value="0" />
              </properties>
              <output><![CDATA[[PASS] Descendants routing handles multiple sends correctly
]]></output>
            </test-case>
            <test-case id="1005" name="DescendantsRouting_ReachesAllChildren" fullname="MercuryMessaging.Tests.AdvancedRoutingTests.DescendantsRouting_ReachesAllChildren" methodname="DescendantsRouting_ReachesAllChildren" classname="MercuryMessaging.Tests.AdvancedRoutingTests" runstate="Runnable" seed="1775683454" result="Passed" start-time="2025-11-27 17:29:26Z" end-time="2025-11-27 17:29:26Z" duration="0.115520" asserts="0">
              <properties>
                <property name="_JOINTYPE" value="UnityCombinatorial" />
                <property name="retryIteration" value="0" />
                <property name="repeatIteration" value="0" />
              </properties>
              <output><![CDATA[[PASS] Descendants routing reaches all descendant nodes
]]></output>
            </test-case>
            <test-case id="1002" name="SiblingsRouting_WithLateralEnabled_ReachesSiblings" fullname="MercuryMessaging.Tests.AdvancedRoutingTests.SiblingsRouting_WithLateralEnabled_ReachesSiblings" methodname="SiblingsRouting_WithLateralEnabled_ReachesSiblings" classname="MercuryMessaging.Tests.AdvancedRoutingTests" runstate="Runnable" seed="948212321" result="Passed" start-time="2025-11-27 17:29:26Z" end-time="2025-11-27 17:29:26Z" duration="0.109261" asserts="0">
              <properties>
                <property name="_JOINTYPE" value="UnityCombinatorial" />
                <property name="retryIteration" value="0" />
                <property name="repeatIteration" value="0" />
              </properties>
              <output><![CDATA[[PASS] Siblings routing reaches sibling nodes correctly
]]></output>
            </test-case>
            <test-case id="1003" name="SiblingsRouting_WithoutLateralEnabled_Blocked" fullname="MercuryMessaging.Tests.AdvancedRoutingTests.SiblingsRouting_WithoutLateralEnabled_Blocked" methodname="SiblingsRouting_WithoutLateralEnabled_Blocked" classname="MercuryMessaging.Tests.AdvancedRoutingTests" runstate="Runnable" seed="253681697" result="Passed" start-time="2025-11-27 17:29:26Z" end-time="2025-11-27 17:29:26Z" duration="0.108085" asserts="0">
              <properties>
                <property name="_JOINTYPE" value="UnityCombinatorial" />
                <property name="retryIteration" value="0" />
                <property name="repeatIteration" value="0" />
              </properties>
              <output><![CDATA[[PASS] Siblings routing blocked without lateral routing enabled
]]></output>
            </test-case>
          </test-suite>
          <test-suite type="TestFixture" id="1011" name="AppStateBuilderTests" fullname="MercuryMessaging.Tests.AppStateBuilderTests" classname="MercuryMessaging.Tests.AppStateBuilderTests" runstate="Runnable" testcasecount="14" result="Passed" start-time="2025-11-27 17:29:26Z" end-time="2025-11-27 17:29:26Z" duration="0.005971" total="14" passed="14" failed="0" inconclusive="0" skipped="0" asserts="0">
            <properties />
            <test-case id="1015" name="ChainedDefinition_Works" fullname="MercuryMessaging.Tests.AppStateBuilderTests.ChainedDefinition_Works" methodname="ChainedDefinition_Works" classname="MercuryMessaging.Tests.AppStateBuilderTests" runstate="Runnable" seed="571146899" result="Passed" start-time="2025-11-27 17:29:26Z" end-time="2025-11-27 17:29:26Z" duration="0.000345" asserts="0">
              <properties>
                <property name="retryIteration" value="0" />
                <property name="repeatIteration" value="0" />
              </properties>
            </test-case>
            <test-case id="1012" name="Configure_ReturnsBuilder" fullname="MercuryMessaging.Tests.AppStateBuilderTests.Configure_ReturnsBuilder" methodname="Configure_ReturnsBuilder" classname="MercuryMessaging.Tests.AppStateBuilderTests" runstate="Runnable" seed="1407715084" result="Passed" start-time="2025-11-27 17:29:26Z" end-time="2025-11-27 17:29:26Z" duration="0.000246" asserts="0">
              <properties>
                <property name="retryIteration" value="0" />
                <property name="repeatIteration" value="0" />
              </properties>
            </test-case>
            <test-case id="1013" name="ConfigureStates_ReturnsBuilder" fullname="MercuryMessaging.Tests.AppStateBuilderTests.ConfigureStates_ReturnsBuilder" methodname="ConfigureStates_ReturnsBuilder" classname="MercuryMessaging.Tests.AppStateBuilderTests" runstate="Runnable" seed="208593613" result="Passed" start-time="2025-11-27 17:29:26Z" end-time="2025-11-27 17:29:26Z" duration="0.000251" asserts="0">
              <properties>
                <property name="retryIteration" value="0" />
                <property name="repeatIteration" value="0" />
              </properties>
            </test-case>
            <test-case id="1014" name="DefineState_ReturnsBuilder" fullname="MercuryMessaging.Tests.AppStateBuilderTests.DefineState_ReturnsBuilder" methodname="DefineState_ReturnsBuilder" classname="MercuryMessaging.Tests.AppStateBuilderTests" runstate="Runnable" seed="1464889726" result="Passed" start-time="2025-11-27 17:29:26Z" end-time="2025-11-27 17:29:26Z" duration="0.000223" asserts="0">
              <properties>
                <property name="retryIteration" value="0" />
                <property name="repeatIteration" value="0" />
              </properties>
            </test-case>
            <test-case id="1023" name="GetCurrentStateName_ReturnsStateName" fullname="MercuryMessaging.Tests.AppStateBuilderTests.GetCurrentStateName_ReturnsStateName" methodname="GetCurrentStateName_ReturnsStateName" classname="MercuryMessaging.Tests.AppStateBuilderTests" runstate="Runnable" seed="1426343233" result="Passed" start-time="2025-11-27 17:29:26Z" end-time="2025-11-27 17:29:26Z" duration="0.000220" asserts="0">
              <properties>
                <property name="retryIteration" value="0" />
                <property name="repeatIteration" value="0" />
              </properties>
            </test-case>
            <test-case id="1024" name="GetPreviousStateName_ReturnsPreviousStateName" fullname="MercuryMessaging.Tests.AppStateBuilderTests.GetPreviousStateName_ReturnsPreviousStateName" methodname="GetPreviousStateName_ReturnsPreviousStateName" classname="MercuryMessaging.Tests.AppStateBuilderTests" runstate="Runnable" seed="1714875606" result="Passed" start-time="2025-11-27 17:29:26Z" end-time="2025-11-27 17:29:26Z" duration="0.000238" asserts="0">
              <properties>
                <property name="retryIteration" value="0" />
                <property name="repeatIteration" value="0" />
              </properties>
            </test-case>
            <test-case id="1021" name="GoBack_ReturnsToPreviousState" fullname="MercuryMessaging.Tests.AppStateBuilderTests.GoBack_ReturnsToPreviousState" methodname="GoBack_ReturnsToPreviousState" classname="MercuryMessaging.Tests.AppStateBuilderTests" runstate="Runnable" seed="345227419" result="Passed" start-time="2025-11-27 17:29:26Z" end-time="2025-11-27 17:29:26Z" duration="0.000220" asserts="0">
              <properties>
                <property name="retryIteration" value="0" />
                <property name="repeatIteration" value="0" />
              </properties>
            </test-case>
            <test-case id="1020" name="GoTo_ChangesState" fullname="MercuryMessaging.Tests.AppStateBuilderTests.GoTo_ChangesState" methodname="GoTo_ChangesState" classname="MercuryMessaging.Tests.AppStateBuilderTests" runstate="Runnable" seed="1092181332" result="Passed" start-time="2025-11-27 17:29:26Z" end-time="2025-11-27 17:29:26Z" duration="0.000225" asserts="0">
              <properties>
                <property name="retryIteration" value="0" />
                <property name="repeatIteration" value="0" />
              </properties>
            </test-case>
            <test-case id="1025" name="HasPreviousState_ReturnsTrueAfterTransition" fullname="MercuryMessaging.Tests.AppStateBuilderTests.HasPreviousState_ReturnsTrueAfterTransition" methodname="HasPreviousState_ReturnsTrueAfterTransition" classname="MercuryMessaging.Tests.AppStateBuilderTests" runstate="Runnable" seed="1624226212" result="Passed" start-time="2025-11-27 17:29:26Z" end-time="2025-11-27 17:29:26Z" duration="0.000216" asserts="0">
              <properties>
                <property name="retryIteration" value="0" />
                <property name="repeatIteration" value="0" />
              </properties>
            </test-case>
            <test-case id="1022" name="IsInState_ReturnsCorrectValue" fullname="MercuryMessaging.Tests.AppStateBuilderTests.IsInState_ReturnsCorrectValue" methodname="IsInState_ReturnsCorrectValue" classname="MercuryMessaging.Tests.AppStateBuilderTests" runstate="Runnable" seed="2030026290" result="Passed" start-time="2025-11-27 17:29:26Z" end-time="2025-11-27 17:29:26Z" duration="0.000209" asserts="0">
              <properties>
                <property name="retryIteration" value="0" />
                <property name="repeatIteration" value="0" />
              </properties>
            </test-case>
            <test-case id="1019" name="OnAnyStateEnter_CalledForAllStates" fullname="MercuryMessaging.Tests.AppStateBuilderTests.OnAnyStateEnter_CalledForAllStates" methodname="OnAnyStateEnter_CalledForAllStates" classname="MercuryMessaging.Tests.AppStateBuilderTests" runstate="Runnable" seed="1187606300" result="Passed" start-time="2025-11-27 17:29:26Z" end-time="2025-11-27 17:29:26Z" duration="0.000215" asserts="0">
              <properties>
                <property name="retryIteration" value="0" />
                <property name="repeatIteration" value="0" />
              </properties>
            </test-case>
            <test-case id="1016" name="OnEnter_CallbackInvoked" fullname="MercuryMessaging.Tests.AppStateBuilderTests.OnEnter_CallbackInvoked" methodname="OnEnter_CallbackInvoked" classname="MercuryMessaging.Tests.AppStateBuilderTests" runstate="Runnable" seed="1661565119" result="Passed" start-time="2025-11-27 17:29:26Z" end-time="2025-11-27 17:29:26Z" duration="0.000210" asserts="0">
              <properties>
                <property name="retryIteration" value="0" />
                <property name="repeatIteration" value="0" />
              </properties>
            </test-case>
            <test-case id="1017" name="OnExit_CallbackInvoked" fullname="MercuryMessaging.Tests.AppStateBuilderTests.OnExit_CallbackInvoked" methodname="OnExit_CallbackInvoked" classname="MercuryMessaging.Tests.AppStateBuilderTests" runstate="Runnable" seed="706744232" result="Passed" start-time="2025-11-27 17:29:26Z" end-time="2025-11-27 17:29:26Z" duration="0.000200" asserts="0">
              <properties>
                <property name="retryIteration" value="0" />
                <property name="repeatIteration" value="0" />
              </properties>
            </test-case>
            <test-case id="1018" name="OnTransition_SetsBothCallbacks" fullname="MercuryMessaging.Tests.AppStateBuilderTests.OnTransition_SetsBothCallbacks" methodname="OnTransition_SetsBothCallbacks" classname="MercuryMessaging.Tests.AppStateBuilderTests" runstate="Runnable" seed="660519836" result="Passed" start-time="2025-11-27 17:29:26Z" end-time="2025-11-27 17:29:26Z" duration="0.000202" asserts="0">
              <properties>
                <property name="retryIteration" value="0" />
                <property name="repeatIteration" value="0" />
              </properties>
            </test-case>
          </test-suite>
          <test-suite type="TestFixture" id="1060" name="CycleDetectionValidationTests" fullname="MercuryMessaging.Tests.CycleDetectionValidationTests" classname="MercuryMessaging.Tests.CycleDetectionValidationTests" runstate="Runnable" testcasecount="5" result="Passed" start-time="2025-11-27 17:29:26Z" end-time="2025-11-27 17:29:26Z" duration="0.265706" total="5" passed="5" failed="0" inconclusive="0" skipped="0" asserts="0">
            <properties />
            <output><![CDATA[
IgnoreFailingMessages:true
]]></output>
            <test-case id="1063" name="CycleDetection_CanBeDisabled" fullname="MercuryMessaging.Tests.CycleDetectionValidationTests.CycleDetection_CanBeDisabled" methodname="CycleDetection_CanBeDisabled" classname="MercuryMessaging.Tests.CycleDetectionValidationTests" runstate="Runnable" seed="643361073" result="Passed" start-time="2025-11-27 17:29:26Z" end-time="2025-11-27 17:29:26Z" duration="0.008591" asserts="0">
              <properties>
                <property name="_JOINTYPE" value="UnityCombinatorial" />
                <property name="retryIteration" value="0" />
                <property name="repeatIteration" value="0" />
              </properties>
              <output><![CDATA[[QW-1 PASS] Cycle detection can be toggled via enableCycleDetection flag
]]></output>
            </test-case>
            <test-case id="1065" name="CycleDetection_IndependentMessageTracking" fullname="MercuryMessaging.Tests.CycleDetectionValidationTests.CycleDetection_IndependentMessageTracking" methodname="CycleDetection_IndependentMessageTracking" classname="MercuryMessaging.Tests.CycleDetectionValidationTests" runstate="Runnable" seed="247009734" result="Passed" start-time="2025-11-27 17:29:26Z" end-time="2025-11-27 17:29:26Z" duration="0.009094" asserts="0">
              <properties>
                <property name="_JOINTYPE" value="UnityCombinatorial" />
                <property name="retryIteration" value="0" />
                <property name="repeatIteration" value="0" />
              </properties>
              <output><![CDATA[[QW-1 PASS] Different messages have independent cycle tracking
]]></output>
            </test-case>
            <test-case id="1061" name="CycleDetection_InfrastructureExists" fullname="MercuryMessaging.Tests.CycleDetectionValidationTests.CycleDetection_InfrastructureExists" methodname="CycleDetection_InfrastructureExists" classname="MercuryMessaging.Tests.CycleDetectionValidationTests" runstate="Runnable" seed="510589895" result="Passed" start-time="2025-11-27 17:29:26Z" end-time="2025-11-27 17:29:26Z" duration="0.113937" asserts="0">
              <properties>
                <property name="_JOINTYPE" value="UnityCombinatorial" />
                <property name="retryIteration" value="0" />
                <property name="repeatIteration" value="0" />
              </properties>
              <output><![CDATA[[QW-1 PASS] Cycle detection infrastructure working, tracked 1 visits
]]></output>
            </test-case>
            <test-case id="1062" name="CycleDetection_PreventsRevisits" fullname="MercuryMessaging.Tests.CycleDetectionValidationTests.CycleDetection_PreventsRevisits" methodname="CycleDetection_PreventsRevisits" classname="MercuryMessaging.Tests.CycleDetectionValidationTests" runstate="Runnable" seed="1925563979" result="Passed" start-time="2025-11-27 17:29:26Z" end-time="2025-11-27 17:29:26Z" duration="0.017740" asserts="0">
              <properties>
                <property name="_JOINTYPE" value="UnityCombinatorial" />
                <property name="retryIteration" value="0" />
                <property name="repeatIteration" value="0" />
              </properties>
              <output><![CDATA[[QW-1 PASS] Cycle detection prevents message re-entry
]]></output>
            </test-case>
            <test-case id="1064" name="CycleDetection_TracksMultipleNodes" fullname="MercuryMessaging.Tests.CycleDetectionValidationTests.CycleDetection_TracksMultipleNodes" methodname="CycleDetection_TracksMultipleNodes" classname="MercuryMessaging.Tests.CycleDetectionValidationTests" runstate="Runnable" seed="132869054" result="Passed" start-time="2025-11-27 17:29:26Z" end-time="2025-11-27 17:29:26Z" duration="0.113003" asserts="0">
              <properties>
                <property name="_JOINTYPE" value="UnityCombinatorial" />
                <property name="retryIteration" value="0" />
                <property name="repeatIteration" value="0" />
              </properties>
              <output><![CDATA[[QW-1 PASS] Tracked 5 nodes in 5-node chain
]]></output>
            </test-case>
          </test-suite>
          <test-suite type="TestFixture" id="1066" name="DataCollectionBuilderTests" fullname="MercuryMessaging.Tests.DataCollectionBuilderTests" classname="MercuryMessaging.Tests.DataCollectionBuilderTests" runstate="Runnable" testcasecount="15" result="Passed" start-time="2025-11-27 17:29:26Z" end-time="2025-11-27 17:29:26Z" duration="0.005702" total="15" passed="15" failed="0" inconclusive="0" skipped="0" asserts="0">
            <properties />
            <test-case id="1076" name="AddData_AddsItem" fullname="MercuryMessaging.Tests.DataCollectionBuilderTests.AddData_AddsItem" methodname="AddData_AddsItem" classname="MercuryMessaging.Tests.DataCollectionBuilderTests" runstate="Runnable" seed="324925786" result="Passed" start-time="2025-11-27 17:29:26Z" end-time="2025-11-27 17:29:26Z" duration="0.000455" asserts="0">
              <properties>
                <property name="retryIteration" value="0" />
                <property name="repeatIteration" value="0" />
              </properties>
              <reason>
                <message><![CDATA[AddData completed successfully]]></message>
              </reason>
            </test-case>
            <test-case id="1073" name="ChainedConfiguration_Works" fullname="MercuryMessaging.Tests.DataCollectionBuilderTests.ChainedConfiguration_Works" methodname="ChainedConfiguration_Works" classname="MercuryMessaging.Tests.DataCollectionBuilderTests" runstate="Runnable" seed="1166969183" result="Passed" start-time="2025-11-27 17:29:26Z" end-time="2025-11-27 17:29:26Z" duration="0.000237" asserts="0">
              <properties>
                <property name="retryIteration" value="0" />
                <property name="repeatIteration" value="0" />
              </properties>
            </test-case>
            <test-case id="1072" name="Collect_AddsDataItem" fullname="MercuryMessaging.Tests.DataCollectionBuilderTests.Collect_AddsDataItem" methodname="Collect_AddsDataItem" classname="MercuryMessaging.Tests.DataCollectionBuilderTests" runstate="Runnable" seed="946555005" result="Passed" start-time="2025-11-27 17:29:26Z" end-time="2025-11-27 17:29:26Z" duration="0.000286" asserts="0">
              <properties>
                <property name="retryIteration" value="0" />
                <property name="repeatIteration" value="0" />
              </properties>
              <reason>
                <message><![CDATA[Data item added successfully]]></message>
              </reason>
            </test-case>
            <test-case id="1067" name="Configure_ReturnsBuilder" fullname="MercuryMessaging.Tests.DataCollectionBuilderTests.Configure_ReturnsBuilder" methodname="Configure_ReturnsBuilder" classname="MercuryMessaging.Tests.DataCollectionBuilderTests" runstate="Runnable" seed="1116715330" result="Passed" start-time="2025-11-27 17:29:26Z" end-time="2025-11-27 17:29:26Z" duration="0.000151" asserts="0">
              <properties>
                <property name="retryIteration" value="0" />
                <property name="repeatIteration" value="0" />
              </properties>
            </test-case>
            <test-case id="1070" name="EveryFrame_SetsFrequency" fullname="MercuryMessaging.Tests.DataCollectionBuilderTests.EveryFrame_SetsFrequency" methodname="EveryFrame_SetsFrequency" classname="MercuryMessaging.Tests.DataCollectionBuilderTests" runstate="Runnable" seed="49536658" result="Passed" start-time="2025-11-27 17:29:26Z" end-time="2025-11-27 17:29:26Z" duration="0.000140" asserts="0">
              <properties>
                <property name="retryIteration" value="0" />
                <property name="repeatIteration" value="0" />
              </properties>
            </test-case>
            <test-case id="1077" name="IsRecording_InitiallyFalse" fullname="MercuryMessaging.Tests.DataCollectionBuilderTests.IsRecording_InitiallyFalse" methodname="IsRecording_InitiallyFalse" classname="MercuryMessaging.Tests.DataCollectionBuilderTests" runstate="Runnable" seed="1386458355" result="Passed" start-time="2025-11-27 17:29:26Z" end-time="2025-11-27 17:29:26Z" duration="0.000095" asserts="0">
              <properties>
                <property name="retryIteration" value="0" />
                <property name="repeatIteration" value="0" />
              </properties>
            </test-case>
            <test-case id="1071" name="Manually_SetsFrequency" fullname="MercuryMessaging.Tests.DataCollectionBuilderTests.Manually_SetsFrequency" methodname="Manually_SetsFrequency" classname="MercuryMessaging.Tests.DataCollectionBuilderTests" runstate="Runnable" seed="646699838" result="Passed" start-time="2025-11-27 17:29:26Z" end-time="2025-11-27 17:29:26Z" duration="0.000137" asserts="0">
              <properties>
                <property name="retryIteration" value="0" />
                <property name="repeatIteration" value="0" />
              </properties>
            </test-case>
            <test-case id="1068" name="OutputAsCsv_SetsOutputType" fullname="MercuryMessaging.Tests.DataCollectionBuilderTests.OutputAsCsv_SetsOutputType" methodname="OutputAsCsv_SetsOutputType" classname="MercuryMessaging.Tests.DataCollectionBuilderTests" runstate="Runnable" seed="740493964" result="Passed" start-time="2025-11-27 17:29:26Z" end-time="2025-11-27 17:29:26Z" duration="0.000139" asserts="0">
              <properties>
                <property name="retryIteration" value="0" />
                <property name="repeatIteration" value="0" />
              </properties>
            </test-case>
            <test-case id="1069" name="OutputAsXml_SetsOutputType" fullname="MercuryMessaging.Tests.DataCollectionBuilderTests.OutputAsXml_SetsOutputType" methodname="OutputAsXml_SetsOutputType" classname="MercuryMessaging.Tests.DataCollectionBuilderTests" runstate="Runnable" seed="1126147081" result="Passed" start-time="2025-11-27 17:29:26Z" end-time="2025-11-27 17:29:26Z" duration="0.000141" asserts="0">
              <properties>
                <property name="retryIteration" value="0" />
                <property name="repeatIteration" value="0" />
              </properties>
            </test-case>
            <test-case id="1078" name="PauseRecording_StopsWriting" fullname="MercuryMessaging.Tests.DataCollectionBuilderTests.PauseRecording_StopsWriting" methodname="PauseRecording_StopsWriting" classname="MercuryMessaging.Tests.DataCollectionBuilderTests" runstate="Runnable" seed="1436566529" result="Passed" start-time="2025-11-27 17:29:26Z" end-time="2025-11-27 17:29:26Z" duration="0.000093" asserts="0">
              <properties>
                <property name="retryIteration" value="0" />
                <property name="repeatIteration" value="0" />
              </properties>
            </test-case>
            <test-case id="1074" name="QuickCsv_SetsOutputTypeAndFile" fullname="MercuryMessaging.Tests.DataCollectionBuilderTests.QuickCsv_SetsOutputTypeAndFile" methodname="QuickCsv_SetsOutputTypeAndFile" classname="MercuryMessaging.Tests.DataCollectionBuilderTests" runstate="Runnable" seed="851343839" result="Passed" start-time="2025-11-27 17:29:26Z" end-time="2025-11-27 17:29:26Z" duration="0.000136" asserts="0">
              <properties>
                <property name="retryIteration" value="0" />
                <property name="repeatIteration" value="0" />
              </properties>
            </test-case>
            <test-case id="1075" name="QuickXml_SetsOutputTypeAndFile" fullname="MercuryMessaging.Tests.DataCollectionBuilderTests.QuickXml_SetsOutputTypeAndFile" methodname="QuickXml_SetsOutputTypeAndFile" classname="MercuryMessaging.Tests.DataCollectionBuilderTests" runstate="Runnable" seed="1480536482" result="Passed" start-time="2025-11-27 17:29:26Z" end-time="2025-11-27 17:29:26Z" duration="0.000137" asserts="0">
              <properties>
                <property name="retryIteration" value="0" />
                <property name="repeatIteration" value="0" />
              </properties>
            </test-case>
            <test-case id="1079" name="ResumeRecording_AllowsWriting" fullname="MercuryMessaging.Tests.DataCollectionBuilderTests.ResumeRecording_AllowsWriting" methodname="ResumeRecording_AllowsWriting" classname="MercuryMessaging.Tests.DataCollectionBuilderTests" runstate="Runnable" seed="1541751860" result="Passed" start-time="2025-11-27 17:29:26Z" end-time="2025-11-27 17:29:26Z" duration="0.000094" asserts="0">
              <properties>
                <property name="retryIteration" value="0" />
                <property name="repeatIteration" value="0" />
              </properties>
            </test-case>
            <test-case id="1080" name="SetEveryFrame_ChangesFrequency" fullname="MercuryMessaging.Tests.DataCollectionBuilderTests.SetEveryFrame_ChangesFrequency" methodname="SetEveryFrame_ChangesFrequency" classname="MercuryMessaging.Tests.DataCollectionBuilderTests" runstate="Runnable" seed="1608919818" result="Passed" start-time="2025-11-27 17:29:26Z" end-time="2025-11-27 17:29:26Z" duration="0.000097" asserts="0">
              <properties>
                <property name="retryIteration" value="0" />
                <property name="repeatIteration" value="0" />
              </properties>
            </test-case>
            <test-case id="1081" name="SetManual_ChangesFrequency" fullname="MercuryMessaging.Tests.DataCollectionBuilderTests.SetManual_ChangesFrequency" methodname="SetManual_ChangesFrequency" classname="MercuryMessaging.Tests.DataCollectionBuilderTests" runstate="Runnable" seed="1277478963" result="Passed" start-time="2025-11-27 17:29:26Z" end-time="2025-11-27 17:29:26Z" duration="0.000098" asserts="0">
              <properties>
                <property name="retryIteration" value="0" />
                <property name="repeatIteration" value="0" />
              </properties>
            </test-case>
          </test-suite>
          <test-suite type="TestFixture" id="1082" name="DelegateDispatchTests" fullname="MercuryMessaging.Tests.DelegateDispatchTests" classname="MercuryMessaging.Tests.DelegateDispatchTests" runstate="Runnable" testcasecount="22" result="Failed" site="Child" start-time="2025-11-27 17:29:26Z" end-time="2025-11-27 17:29:26Z" duration="0.131859" total="22" passed="21" failed="1" inconclusive="0" skipped="0" asserts="0">
            <properties />
            <failure>
              <message><![CDATA[One or more child tests had errors]]></message>
            </failure>
            <test-case id="1098" name="BackwardCompatibility_NoHandlers_StillWorks" fullname="MercuryMessaging.Tests.DelegateDispatchTests.BackwardCompatibility_NoHandlers_StillWorks" methodname="BackwardCompatibility_NoHandlers_StillWorks" classname="MercuryMessaging.Tests.DelegateDispatchTests" runstate="Runnable" seed="638634773" result="Passed" start-time="2025-11-27 17:29:26Z" end-time="2025-11-27 17:29:26Z" duration="0.019100" asserts="0">
              <properties>
                <property name="_JOINTYPE" value="UnityCombinatorial" />
                <property name="retryIteration" value="0" />
                <property name="repeatIteration" value="0" />
              </properties>
            </test-case>
            <test-case id="1090" name="ClearFastHandler_RemovesHandler" fullname="MercuryMessaging.Tests.DelegateDispatchTests.ClearFastHandler_RemovesHandler" methodname="ClearFastHandler_RemovesHandler" classname="MercuryMessaging.Tests.DelegateDispatchTests" runstate="Runnable" seed="256367153" result="Passed" start-time="2025-11-27 17:29:26Z" end-time="2025-11-27 17:29:26Z" duration="0.000352" asserts="0">
              <properties>
                <property name="retryIteration" value="0" />
                <property name="repeatIteration" value="0" />
              </properties>
            </test-case>
            <test-case id="1100" name="ClearingHandler_RevertsToMmInvoke" fullname="MercuryMessaging.Tests.DelegateDispatchTests.ClearingHandler_RevertsToMmInvoke" methodname="ClearingHandler_RevertsToMmInvoke" classname="MercuryMessaging.Tests.DelegateDispatchTests" runstate="Runnable" seed="1297918415" result="Passed" start-time="2025-11-27 17:29:26Z" end-time="2025-11-27 17:29:26Z" duration="0.013070" asserts="0">
              <properties>
                <property name="_JOINTYPE" value="UnityCombinatorial" />
                <property name="retryIteration" value="0" />
                <property name="repeatIteration" value="0" />
              </properties>
            </test-case>
            <test-case id="1096" name="Dispatch_Handler_ReceivesCorrectMessage" fullname="MercuryMessaging.Tests.DelegateDispatchTests.Dispatch_Handler_ReceivesCorrectMessage" methodname="Dispatch_Handler_ReceivesCorrectMessage" classname="MercuryMessaging.Tests.DelegateDispatchTests" runstate="Runnable" seed="569628067" result="Passed" start-time="2025-11-27 17:29:26Z" end-time="2025-11-27 17:29:26Z" duration="0.018543" asserts="0">
              <properties>
                <property name="_JOINTYPE" value="UnityCombinatorial" />
                <property name="retryIteration" value="0" />
                <property name="repeatIteration" value="0" />
              </properties>
            </test-case>
            <test-case id="1097" name="Dispatch_MixedHandlers_AllReceiveMessages" fullname="MercuryMessaging.Tests.DelegateDispatchTests.Dispatch_MixedHandlers_AllReceiveMessages" methodname="Dispatch_MixedHandlers_AllReceiveMessages" classname="MercuryMessaging.Tests.DelegateDispatchTests" runstate="Runnable" seed="1216611615" result="Passed" start-time="2025-11-27 17:29:26Z" end-time="2025-11-27 17:29:26Z" duration="0.011590" asserts="0">
              <properties>
                <property name="_JOINTYPE" value="UnityCombinatorial" />
                <property name="retryIteration" value="0" />
                <property name="repeatIteration" value="0" />
              </properties>
            </test-case>
            <test-case id="1094" name="Dispatch_UsesHandler_WhenSet" fullname="MercuryMessaging.Tests.DelegateDispatchTests.Dispatch_UsesHandler_WhenSet" methodname="Dispatch_UsesHandler_WhenSet" classname="MercuryMessaging.Tests.DelegateDispatchTests" runstate="Runnable" seed="1070667380" result="Passed" start-time="2025-11-27 17:29:26Z" end-time="2025-11-27 17:29:26Z" duration="0.012623" asserts="0">
              <properties>
                <property name="_JOINTYPE" value="UnityCombinatorial" />
                <property name="retryIteration" value="0" />
                <property name="repeatIteration" value="0" />
              </properties>
            </test-case>
            <test-case id="1095" name="Dispatch_UsesMmInvoke_WhenHandlerNotSet" fullname="MercuryMessaging.Tests.DelegateDispatchTests.Dispatch_UsesMmInvoke_WhenHandlerNotSet" methodname="Dispatch_UsesMmInvoke_WhenHandlerNotSet" classname="MercuryMessaging.Tests.DelegateDispatchTests" runstate="Runnable" seed="1817086959" result="Passed" start-time="2025-11-27 17:29:26Z" end-time="2025-11-27 17:29:26Z" duration="0.010584" asserts="0">
              <properties>
                <property name="_JOINTYPE" value="UnityCombinatorial" />
                <property name="retryIteration" value="0" />
                <property name="repeatIteration" value="0" />
              </properties>
            </test-case>
            <test-case id="1099" name="Handler_CanBeChangedAtRuntime" fullname="MercuryMessaging.Tests.DelegateDispatchTests.Handler_CanBeChangedAtRuntime" methodname="Handler_CanBeChangedAtRuntime" classname="MercuryMessaging.Tests.DelegateDispatchTests" runstate="Runnable" seed="2025153388" result="Passed" start-time="2025-11-27 17:29:26Z" end-time="2025-11-27 17:29:26Z" duration="0.012551" asserts="0">
              <properties>
                <property name="_JOINTYPE" value="UnityCombinatorial" />
                <property name="retryIteration" value="0" />
                <property name="repeatIteration" value="0" />
              </properties>
            </test-case>
            <test-case id="1085" name="Handler_CanBeCleared" fullname="MercuryMessaging.Tests.DelegateDispatchTests.Handler_CanBeCleared" methodname="Handler_CanBeCleared" classname="MercuryMessaging.Tests.DelegateDispatchTests" runstate="Runnable" seed="1853880138" result="Passed" start-time="2025-11-27 17:29:26Z" end-time="2025-11-27 17:29:26Z" duration="0.000264" asserts="0">
              <properties>
                <property name="retryIteration" value="0" />
                <property name="repeatIteration" value="0" />
              </properties>
            </test-case>
            <test-case id="1084" name="Handler_CanBeSetAndRetrieved" fullname="MercuryMessaging.Tests.DelegateDispatchTests.Handler_CanBeSetAndRetrieved" methodname="Handler_CanBeSetAndRetrieved" classname="MercuryMessaging.Tests.DelegateDispatchTests" runstate="Runnable" seed="1259725112" result="Passed" start-time="2025-11-27 17:29:26Z" end-time="2025-11-27 17:29:26Z" duration="0.000202" asserts="0">
              <properties>
                <property name="retryIteration" value="0" />
                <property name="repeatIteration" value="0" />
              </properties>
            </test-case>
            <test-case id="1103" name="Handler_Exception_DoesNotBreakRouting" fullname="MercuryMessaging.Tests.DelegateDispatchTests.Handler_Exception_DoesNotBreakRouting" methodname="Handler_Exception_DoesNotBreakRouting" classname="MercuryMessaging.Tests.DelegateDispatchTests" runstate="Runnable" seed="1385994402" result="Failed" label="Error" start-time="2025-11-27 17:29:26Z" end-time="2025-11-27 17:29:26Z" duration="0.008686" asserts="0">
              <properties>
                <property name="_JOINTYPE" value="UnityCombinatorial" />
                <property name="retryIteration" value="0" />
                <property name="repeatIteration" value="0" />
              </properties>
              <failure>
                <message><![CDATA[System.Exception : Test exception]]></message>
                <stack-trace><![CDATA[  at MercuryMessaging.Tests.DelegateDispatchTests+<>c.<Handler_Exception_DoesNotBreakRouting>b__27_0 (MercuryMessaging.MmMessage msg) [0x00000] in C:\Users\yangb\Research\MercuryMessaging\Assets\Framework\MercuryMessaging\Tests\DelegateDispatchTests.cs:599 
  at MercuryMessaging.MmRelayNode.MmInvoke (MercuryMessaging.MmMessage message) [0x00333] in C:\Users\yangb\Research\MercuryMessaging\Assets\Framework\MercuryMessaging\Protocol\MmRelayNode.cs:907 
  at MercuryMessaging.MmRelayNode.MmInvoke (MercuryMessaging.MmMethod mmMethod, MercuryMessaging.MmMetadataBlock metadataBlock) [0x00008] in C:\Users\yangb\Research\MercuryMessaging\Assets\Framework\MercuryMessaging\Protocol\MmRelayNode.cs:966 
  at MercuryMessaging.Tests.DelegateDispatchTests+<Handler_Exception_DoesNotBreakRouting>d__27.MoveNext () [0x000be] in C:\Users\yangb\Research\MercuryMessaging\Assets\Framework\MercuryMessaging\Tests\DelegateDispatchTests.cs:612 
  at UnityEngine.TestTools.TestEnumerator+<Execute>d__7.MoveNext () [0x0003a] in .\Library\PackageCache\com.unity.test-framework@d97b7cd61ded\UnityEngine.TestRunner\NUnitExtensions\Attributes\TestEnumerator.cs:44 ]]></stack-trace>
              </failure>
              <output><![CDATA[
IgnoreFailingMessages:true
]]></output>
            </test-case>
            <test-case id="1083" name="Handler_IsNullByDefault" fullname="MercuryMessaging.Tests.DelegateDispatchTests.Handler_IsNullByDefault" methodname="Handler_IsNullByDefault" classname="MercuryMessaging.Tests.DelegateDispatchTests" runstate="Runnable" seed="589603776" result="Passed" start-time="2025-11-27 17:29:26Z" end-time="2025-11-27 17:29:26Z" duration="0.000253" asserts="0">
              <properties>
                <property name="retryIteration" value="0" />
                <property name="repeatIteration" value="0" />
              </properties>
            </test-case>
            <test-case id="1104" name="Handler_WorksWithDifferentMessageTypes" fullname="MercuryMessaging.Tests.DelegateDispatchTests.Handler_WorksWithDifferentMessageTypes" methodname="Handler_WorksWithDifferentMessageTypes" classname="MercuryMessaging.Tests.DelegateDispatchTests" runstate="Runnable" seed="719733708" result="Passed" start-time="2025-11-27 17:29:26Z" end-time="2025-11-27 17:29:26Z" duration="0.011051" asserts="0">
              <properties>
                <property name="_JOINTYPE" value="UnityCombinatorial" />
                <property name="retryIteration" value="0" />
                <property name="repeatIteration" value="0" />
              </properties>
            </test-case>
            <test-case id="1091" name="HasFastHandler_ReturnsCorrectState" fullname="MercuryMessaging.Tests.DelegateDispatchTests.HasFastHandler_ReturnsCorrectState" methodname="HasFastHandler_ReturnsCorrectState" classname="MercuryMessaging.Tests.DelegateDispatchTests" runstate="Runnable" seed="867584708" result="Passed" start-time="2025-11-27 17:29:26Z" end-time="2025-11-27 17:29:26Z" duration="0.000344" asserts="0">
              <properties>
                <property name="retryIteration" value="0" />
                <property name="repeatIteration" value="0" />
              </properties>
            </test-case>
            <test-case id="1092" name="HasFastHandler_ReturnsFalse_ForNullResponder" fullname="MercuryMessaging.Tests.DelegateDispatchTests.HasFastHandler_ReturnsFalse_ForNullResponder" methodname="HasFastHandler_ReturnsFalse_ForNullResponder" classname="MercuryMessaging.Tests.DelegateDispatchTests" runstate="Runnable" seed="900871394" result="Passed" start-time="2025-11-27 17:29:26Z" end-time="2025-11-27 17:29:26Z" duration="0.000156" asserts="0">
              <properties>
                <property name="retryIteration" value="0" />
                <property name="repeatIteration" value="0" />
              </properties>
            </test-case>
            <test-case id="1093" name="HasFastHandler_ReturnsFalse_ForUnregisteredResponder" fullname="MercuryMessaging.Tests.DelegateDispatchTests.HasFastHandler_ReturnsFalse_ForUnregisteredResponder" methodname="HasFastHandler_ReturnsFalse_ForUnregisteredResponder" classname="MercuryMessaging.Tests.DelegateDispatchTests" runstate="Runnable" seed="160480922" result="Passed" start-time="2025-11-27 17:29:26Z" end-time="2025-11-27 17:29:26Z" duration="0.000176" asserts="0">
              <properties>
                <property name="retryIteration" value="0" />
                <property name="repeatIteration" value="0" />
              </properties>
            </test-case>
            <test-case id="1086" name="HasHandler_ReflectsHandlerState" fullname="MercuryMessaging.Tests.DelegateDispatchTests.HasHandler_ReflectsHandlerState" methodname="HasHandler_ReflectsHandlerState" classname="MercuryMessaging.Tests.DelegateDispatchTests" runstate="Runnable" seed="1361802751" result="Passed" start-time="2025-11-27 17:29:26Z" end-time="2025-11-27 17:29:26Z" duration="0.000135" asserts="0">
              <properties>
                <property name="retryIteration" value="0" />
                <property name="repeatIteration" value="0" />
              </properties>
            </test-case>
            <test-case id="1101" name="Performance_HandlerDispatch_IsFaster" fullname="MercuryMessaging.Tests.DelegateDispatchTests.Performance_HandlerDispatch_IsFaster" methodname="Performance_HandlerDispatch_IsFaster" classname="MercuryMessaging.Tests.DelegateDispatchTests" runstate="Runnable" seed="402317384" result="Passed" start-time="2025-11-27 17:29:26Z" end-time="2025-11-27 17:29:26Z" duration="0.002991" asserts="0">
              <properties>
                <property name="retryIteration" value="0" />
                <property name="repeatIteration" value="0" />
              </properties>
              <output><![CDATA[Handler dispatch: 2592 ticks (0.03 ticks/call)
Virtual dispatch: 4757 ticks (0.05 ticks/call)
Handler is 1.84x faster
]]></output>
            </test-case>
            <test-case id="1102" name="Performance_HasHandler_IsFast" fullname="MercuryMessaging.Tests.DelegateDispatchTests.Performance_HasHandler_IsFast" methodname="Performance_HasHandler_IsFast" classname="MercuryMessaging.Tests.DelegateDispatchTests" runstate="Runnable" seed="311051069" result="Passed" start-time="2025-11-27 17:29:26Z" end-time="2025-11-27 17:29:26Z" duration="0.001413" asserts="0">
              <properties>
                <property name="retryIteration" value="0" />
                <property name="repeatIteration" value="0" />
              </properties>
              <output><![CDATA[HasHandler check: 4741 ticks for 1000000 iterations (0.0047 ticks/check)
]]></output>
            </test-case>
            <test-case id="1088" name="SetFastHandler_ReturnsFalse_ForNullResponder" fullname="MercuryMessaging.Tests.DelegateDispatchTests.SetFastHandler_ReturnsFalse_ForNullResponder" methodname="SetFastHandler_ReturnsFalse_ForNullResponder" classname="MercuryMessaging.Tests.DelegateDispatchTests" runstate="Runnable" seed="1011129482" result="Passed" start-time="2025-11-27 17:29:26Z" end-time="2025-11-27 17:29:26Z" duration="0.000175" asserts="0">
              <properties>
                <property name="retryIteration" value="0" />
                <property name="repeatIteration" value="0" />
              </properties>
            </test-case>
            <test-case id="1089" name="SetFastHandler_ReturnsFalse_ForUnregisteredResponder" fullname="MercuryMessaging.Tests.DelegateDispatchTests.SetFastHandler_ReturnsFalse_ForUnregisteredResponder" methodname="SetFastHandler_ReturnsFalse_ForUnregisteredResponder" classname="MercuryMessaging.Tests.DelegateDispatchTests" runstate="Runnable" seed="336854723" result="Passed" start-time="2025-11-27 17:29:26Z" end-time="2025-11-27 17:29:26Z" duration="0.000211" asserts="0">
              <properties>
                <property name="retryIteration" value="0" />
                <property name="repeatIteration" value="0" />
              </properties>
            </test-case>
            <test-case id="1087" name="SetFastHandler_SetsHandlerOnRoutingTableItem" fullname="MercuryMessaging.Tests.DelegateDispatchTests.SetFastHandler_SetsHandlerOnRoutingTableItem" methodname="SetFastHandler_SetsHandlerOnRoutingTableItem" classname="MercuryMessaging.Tests.DelegateDispatchTests" runstate="Runnable" seed="1360171420" result="Passed" start-time="2025-11-27 17:29:26Z" end-time="2025-11-27 17:29:26Z" duration="0.000262" asserts="0">
              <properties>
                <property name="retryIteration" value="0" />
                <property name="repeatIteration" value="0" />
              </properties>
            </test-case>
          </test-suite>
          <test-suite type="TestFixture" id="1105" name="FilterCacheValidationTests" fullname="MercuryMessaging.Tests.FilterCacheValidationTests" classname="MercuryMessaging.Tests.FilterCacheValidationTests" runstate="Runnable" testcasecount="12" result="Passed" start-time="2025-11-27 17:29:26Z" end-time="2025-11-27 17:29:26Z" duration="0.013527" total="12" passed="12" failed="0" inconclusive="0" skipped="0" asserts="0">
            <properties />
            <test-case id="1115" name="Test_CacheHandles_EmptyRoutingTable" fullname="MercuryMessaging.Tests.FilterCacheValidationTests.Test_CacheHandles_EmptyRoutingTable" methodname="Test_CacheHandles_EmptyRoutingTable" classname="MercuryMessaging.Tests.FilterCacheValidationTests" runstate="Runnable" seed="20308891" result="Passed" start-time="2025-11-27 17:29:26Z" end-time="2025-11-27 17:29:26Z" duration="0.000376" asserts="0">
              <properties>
                <property name="retryIteration" value="0" />
                <property name="repeatIteration" value="0" />
              </properties>
            </test-case>
            <test-case id="1114" name="Test_CacheHitRate_Increases" fullname="MercuryMessaging.Tests.FilterCacheValidationTests.Test_CacheHitRate_Increases" methodname="Test_CacheHitRate_Increases" classname="MercuryMessaging.Tests.FilterCacheValidationTests" runstate="Runnable" seed="96420023" result="Passed" start-time="2025-11-27 17:29:26Z" end-time="2025-11-27 17:29:26Z" duration="0.000266" asserts="0">
              <properties>
                <property name="retryIteration" value="0" />
                <property name="repeatIteration" value="0" />
              </properties>
            </test-case>
            <test-case id="1107" name="Test_CacheInvalidation_OnAdd" fullname="MercuryMessaging.Tests.FilterCacheValidationTests.Test_CacheInvalidation_OnAdd" methodname="Test_CacheInvalidation_OnAdd" classname="MercuryMessaging.Tests.FilterCacheValidationTests" runstate="Runnable" seed="363620704" result="Passed" start-time="2025-11-27 17:29:26Z" end-time="2025-11-27 17:29:26Z" duration="0.000247" asserts="0">
              <properties>
                <property name="retryIteration" value="0" />
                <property name="repeatIteration" value="0" />
              </properties>
            </test-case>
            <test-case id="1110" name="Test_CacheInvalidation_OnClear" fullname="MercuryMessaging.Tests.FilterCacheValidationTests.Test_CacheInvalidation_OnClear" methodname="Test_CacheInvalidation_OnClear" classname="MercuryMessaging.Tests.FilterCacheValidationTests" runstate="Runnable" seed="978874121" result="Passed" start-time="2025-11-27 17:29:26Z" end-time="2025-11-27 17:29:26Z" duration="0.000195" asserts="0">
              <properties>
                <property name="retryIteration" value="0" />
                <property name="repeatIteration" value="0" />
              </properties>
            </test-case>
            <test-case id="1111" name="Test_CacheInvalidation_OnIndexerSet" fullname="MercuryMessaging.Tests.FilterCacheValidationTests.Test_CacheInvalidation_OnIndexerSet" methodname="Test_CacheInvalidation_OnIndexerSet" classname="MercuryMessaging.Tests.FilterCacheValidationTests" runstate="Runnable" seed="664975418" result="Passed" start-time="2025-11-27 17:29:26Z" end-time="2025-11-27 17:29:26Z" duration="0.000187" asserts="0">
              <properties>
                <property name="retryIteration" value="0" />
                <property name="repeatIteration" value="0" />
              </properties>
            </test-case>
            <test-case id="1117" name="Test_CacheInvalidation_OnInsert" fullname="MercuryMessaging.Tests.FilterCacheValidationTests.Test_CacheInvalidation_OnInsert" methodname="Test_CacheInvalidation_OnInsert" classname="MercuryMessaging.Tests.FilterCacheValidationTests" runstate="Runnable" seed="1161909355" result="Passed" start-time="2025-11-27 17:29:26Z" end-time="2025-11-27 17:29:26Z" duration="0.000226" asserts="0">
              <properties>
                <property name="retryIteration" value="0" />
                <property name="repeatIteration" value="0" />
              </properties>
            </test-case>
            <test-case id="1108" name="Test_CacheInvalidation_OnRemove" fullname="MercuryMessaging.Tests.FilterCacheValidationTests.Test_CacheInvalidation_OnRemove" methodname="Test_CacheInvalidation_OnRemove" classname="MercuryMessaging.Tests.FilterCacheValidationTests" runstate="Runnable" seed="243540694" result="Passed" start-time="2025-11-27 17:29:26Z" end-time="2025-11-27 17:29:26Z" duration="0.000198" asserts="0">
              <properties>
                <property name="retryIteration" value="0" />
                <property name="repeatIteration" value="0" />
              </properties>
            </test-case>
            <test-case id="1109" name="Test_CacheInvalidation_OnRemoveAt" fullname="MercuryMessaging.Tests.FilterCacheValidationTests.Test_CacheInvalidation_OnRemoveAt" methodname="Test_CacheInvalidation_OnRemoveAt" classname="MercuryMessaging.Tests.FilterCacheValidationTests" runstate="Runnable" seed="822915704" result="Passed" start-time="2025-11-27 17:29:26Z" end-time="2025-11-27 17:29:26Z" duration="0.000198" asserts="0">
              <properties>
                <property name="retryIteration" value="0" />
                <property name="repeatIteration" value="0" />
              </properties>
            </test-case>
            <test-case id="1106" name="Test_CacheMiss_Then_CacheHit" fullname="MercuryMessaging.Tests.FilterCacheValidationTests.Test_CacheMiss_Then_CacheHit" methodname="Test_CacheMiss_Then_CacheHit" classname="MercuryMessaging.Tests.FilterCacheValidationTests" runstate="Runnable" seed="1572622313" result="Passed" start-time="2025-11-27 17:29:26Z" end-time="2025-11-27 17:29:26Z" duration="0.000235" asserts="0">
              <properties>
                <property name="retryIteration" value="0" />
                <property name="repeatIteration" value="0" />
              </properties>
            </test-case>
            <test-case id="1113" name="Test_LRU_Eviction" fullname="MercuryMessaging.Tests.FilterCacheValidationTests.Test_LRU_Eviction" methodname="Test_LRU_Eviction" classname="MercuryMessaging.Tests.FilterCacheValidationTests" runstate="Runnable" seed="1391961451" result="Passed" start-time="2025-11-27 17:29:26Z" end-time="2025-11-27 17:29:26Z" duration="0.000193" asserts="0">
              <properties>
                <property name="retryIteration" value="0" />
                <property name="repeatIteration" value="0" />
              </properties>
            </test-case>
            <test-case id="1116" name="Test_Performance_CachedVsUncached" fullname="MercuryMessaging.Tests.FilterCacheValidationTests.Test_Performance_CachedVsUncached" methodname="Test_Performance_CachedVsUncached" classname="MercuryMessaging.Tests.FilterCacheValidationTests" runstate="Runnable" seed="421094799" result="Passed" start-time="2025-11-27 17:29:26Z" end-time="2025-11-27 17:29:26Z" duration="0.006556" asserts="0">
              <properties>
                <property name="retryIteration" value="0" />
                <property name="repeatIteration" value="0" />
              </properties>
              <output><![CDATA[QW-3 Performance: Uncached=109 ticks, Cached=8 ticks, Speedup=13.63x
]]></output>
            </test-case>
            <test-case id="1112" name="Test_SeparateCacheEntries_ForDifferentFilters" fullname="MercuryMessaging.Tests.FilterCacheValidationTests.Test_SeparateCacheEntries_ForDifferentFilters" methodname="Test_SeparateCacheEntries_ForDifferentFilters" classname="MercuryMessaging.Tests.FilterCacheValidationTests" runstate="Runnable" seed="1577393930" result="Passed" start-time="2025-11-27 17:29:26Z" end-time="2025-11-27 17:29:26Z" duration="0.000402" asserts="0">
              <properties>
                <property name="retryIteration" value="0" />
                <property name="repeatIteration" value="0" />
              </properties>
            </test-case>
          </test-suite>
          <test-suite type="TestFixture" id="1118" name="FluentApiIntegrationTests" fullname="MercuryMessaging.Tests.FluentApiIntegrationTests" classname="MercuryMessaging.Tests.FluentApiIntegrationTests" runstate="Runnable" testcasecount="11" result="Passed" start-time="2025-11-27 17:29:26Z" end-time="2025-11-27 17:29:27Z" duration="0.013195" total="11" passed="11" failed="0" inconclusive="0" skipped="0" asserts="0">
            <properties />
            <test-case id="1120" name="Integration_BranchingHierarchy_AllBranchesReceive" fullname="MercuryMessaging.Tests.FluentApiIntegrationTests.Integration_BranchingHierarchy_AllBranchesReceive" methodname="Integration_BranchingHierarchy_AllBranchesReceive" classname="MercuryMessaging.Tests.FluentApiIntegrationTests" runstate="Runnable" seed="384288294" result="Passed" start-time="2025-11-27 17:29:27Z" end-time="2025-11-27 17:29:27Z" duration="0.002197" asserts="0">
              <properties>
                <property name="retryIteration" value="0" />
                <property name="repeatIteration" value="0" />
              </properties>
            </test-case>
            <test-case id="1121" name="Integration_CombinedFilters_CorrectTargeting" fullname="MercuryMessaging.Tests.FluentApiIntegrationTests.Integration_CombinedFilters_CorrectTargeting" methodname="Integration_CombinedFilters_CorrectTargeting" classname="MercuryMessaging.Tests.FluentApiIntegrationTests" runstate="Runnable" seed="636127305" result="Passed" start-time="2025-11-27 17:29:27Z" end-time="2025-11-27 17:29:27Z" duration="0.000342" asserts="0">
              <properties>
                <property name="retryIteration" value="0" />
                <property name="repeatIteration" value="0" />
              </properties>
            </test-case>
            <test-case id="1119" name="Integration_DeepHierarchy_MessageReachesAllLevels" fullname="MercuryMessaging.Tests.FluentApiIntegrationTests.Integration_DeepHierarchy_MessageReachesAllLevels" methodname="Integration_DeepHierarchy_MessageReachesAllLevels" classname="MercuryMessaging.Tests.FluentApiIntegrationTests" runstate="Runnable" seed="1952061567" result="Passed" start-time="2025-11-27 17:29:27Z" end-time="2025-11-27 17:29:27Z" duration="0.000406" asserts="0">
              <properties>
                <property name="retryIteration" value="0" />
                <property name="repeatIteration" value="0" />
              </properties>
            </test-case>
            <test-case id="1126" name="Integration_MessageFactory_AllTypesWork" fullname="MercuryMessaging.Tests.FluentApiIntegrationTests.Integration_MessageFactory_AllTypesWork" methodname="Integration_MessageFactory_AllTypesWork" classname="MercuryMessaging.Tests.FluentApiIntegrationTests" runstate="Runnable" seed="633221365" result="Passed" start-time="2025-11-27 17:29:27Z" end-time="2025-11-27 17:29:27Z" duration="0.000227" asserts="0">
              <properties>
                <property name="retryIteration" value="0" />
                <property name="repeatIteration" value="0" />
              </properties>
            </test-case>
            <test-case id="1127" name="Integration_MessageFactory_CustomMethods" fullname="MercuryMessaging.Tests.FluentApiIntegrationTests.Integration_MessageFactory_CustomMethods" methodname="Integration_MessageFactory_CustomMethods" classname="MercuryMessaging.Tests.FluentApiIntegrationTests" runstate="Runnable" seed="883766806" result="Passed" start-time="2025-11-27 17:29:27Z" end-time="2025-11-27 17:29:27Z" duration="0.001458" asserts="0">
              <properties>
                <property name="retryIteration" value="0" />
                <property name="repeatIteration" value="0" />
              </properties>
            </test-case>
            <test-case id="1129" name="Integration_MixedAPI_TraditionalAndDSLCoexist" fullname="MercuryMessaging.Tests.FluentApiIntegrationTests.Integration_MixedAPI_TraditionalAndDSLCoexist" methodname="Integration_MixedAPI_TraditionalAndDSLCoexist" classname="MercuryMessaging.Tests.FluentApiIntegrationTests" runstate="Runnable" seed="347930140" result="Passed" start-time="2025-11-27 17:29:27Z" end-time="2025-11-27 17:29:27Z" duration="0.000228" asserts="0">
              <properties>
                <property name="retryIteration" value="0" />
                <property name="repeatIteration" value="0" />
              </properties>
            </test-case>
            <test-case id="1122" name="Integration_NotifyParent_ReachesCorrectTarget" fullname="MercuryMessaging.Tests.FluentApiIntegrationTests.Integration_NotifyParent_ReachesCorrectTarget" methodname="Integration_NotifyParent_ReachesCorrectTarget" classname="MercuryMessaging.Tests.FluentApiIntegrationTests" runstate="Runnable" seed="1925354792" result="Passed" start-time="2025-11-27 17:29:27Z" end-time="2025-11-27 17:29:27Z" duration="0.000265" asserts="0">
              <properties>
                <property name="retryIteration" value="0" />
                <property name="repeatIteration" value="0" />
              </properties>
            </test-case>
            <test-case id="1123" name="Integration_NotifyWithValue_ParentReceivesValue" fullname="MercuryMessaging.Tests.FluentApiIntegrationTests.Integration_NotifyWithValue_ParentReceivesValue" methodname="Integration_NotifyWithValue_ParentReceivesValue" classname="MercuryMessaging.Tests.FluentApiIntegrationTests" runstate="Runnable" seed="1184489768" result="Passed" start-time="2025-11-27 17:29:27Z" end-time="2025-11-27 17:29:27Z" duration="0.000213" asserts="0">
              <properties>
                <property name="retryIteration" value="0" />
                <property name="repeatIteration" value="0" />
              </properties>
            </test-case>
            <test-case id="1128" name="Integration_QueryResponse_WorksAcrossHierarchy" fullname="MercuryMessaging.Tests.FluentApiIntegrationTests.Integration_QueryResponse_WorksAcrossHierarchy" methodname="Integration_QueryResponse_WorksAcrossHierarchy" classname="MercuryMessaging.Tests.FluentApiIntegrationTests" runstate="Runnable" seed="796948180" result="Passed" start-time="2025-11-27 17:29:27Z" end-time="2025-11-27 17:29:27Z" duration="0.001293" asserts="0">
              <properties>
                <property name="retryIteration" value="0" />
                <property name="repeatIteration" value="0" />
              </properties>
            </test-case>
            <test-case id="1124" name="Integration_SendToNamed_FindsDeepTarget" fullname="MercuryMessaging.Tests.FluentApiIntegrationTests.Integration_SendToNamed_FindsDeepTarget" methodname="Integration_SendToNamed_FindsDeepTarget" classname="MercuryMessaging.Tests.FluentApiIntegrationTests" runstate="Runnable" seed="1074721515" result="Passed" start-time="2025-11-27 17:29:27Z" end-time="2025-11-27 17:29:27Z" duration="0.000268" asserts="0">
              <properties>
                <property name="retryIteration" value="0" />
                <property name="repeatIteration" value="0" />
              </properties>
            </test-case>
            <test-case id="1125" name="Integration_SendToWithValue_DeliverValue" fullname="MercuryMessaging.Tests.FluentApiIntegrationTests.Integration_SendToWithValue_DeliverValue" methodname="Integration_SendToWithValue_DeliverValue" classname="MercuryMessaging.Tests.FluentApiIntegrationTests" runstate="Runnable" seed="751466193" result="Passed" start-time="2025-11-27 17:29:27Z" end-time="2025-11-27 17:29:27Z" duration="0.000186" asserts="0">
              <properties>
                <property name="retryIteration" value="0" />
                <property name="repeatIteration" value="0" />
              </properties>
            </test-case>
          </test-suite>
          <test-suite type="TestFixture" id="1130" name="FluentApiPerformanceTests" fullname="MercuryMessaging.Tests.FluentApiPerformanceTests" classname="MercuryMessaging.Tests.FluentApiPerformanceTests" runstate="Runnable" testcasecount="11" result="Passed" start-time="2025-11-27 17:29:27Z" end-time="2025-11-27 17:29:33Z" duration="6.242570" total="11" passed="11" failed="0" inconclusive="0" skipped="0" asserts="0">
            <properties />
            <test-case id="1135" name="Benchmark_Broadcast_FluentDSL" fullname="MercuryMessaging.Tests.FluentApiPerformanceTests.Benchmark_Broadcast_FluentDSL" methodname="Benchmark_Broadcast_FluentDSL" classname="MercuryMessaging.Tests.FluentApiPerformanceTests" runstate="Runnable" seed="18104352" result="Passed" start-time="2025-11-27 17:29:27Z" end-time="2025-11-27 17:29:27Z" duration="0.099043" asserts="0">
              <properties>
                <property name="Category" value="Performance" />
                <property name="retryIteration" value="0" />
                <property name="repeatIteration" value="0" />
              </properties>
              <output><![CDATA[[Fluent Broadcast] Avg time: 9543.13 ns/message (10000 iterations)
]]></output>
            </test-case>
            <test-case id="1134" name="Benchmark_Broadcast_Traditional" fullname="MercuryMessaging.Tests.FluentApiPerformanceTests.Benchmark_Broadcast_Traditional" methodname="Benchmark_Broadcast_Traditional" classname="MercuryMessaging.Tests.FluentApiPerformanceTests" runstate="Runnable" seed="1122849102" result="Passed" start-time="2025-11-27 17:29:27Z" end-time="2025-11-27 17:29:27Z" duration="0.132777" asserts="0">
              <properties>
                <property name="Category" value="Performance" />
                <property name="retryIteration" value="0" />
                <property name="repeatIteration" value="0" />
              </properties>
              <output><![CDATA[[Traditional Broadcast] Avg time: 13002.31 ns/message (10000 iterations)
]]></output>
            </test-case>
            <test-case id="1137" name="Benchmark_CompareOverhead_Broadcast" fullname="MercuryMessaging.Tests.FluentApiPerformanceTests.Benchmark_CompareOverhead_Broadcast" methodname="Benchmark_CompareOverhead_Broadcast" classname="MercuryMessaging.Tests.FluentApiPerformanceTests" runstate="Runnable" seed="378964495" result="Passed" start-time="2025-11-27 17:29:27Z" end-time="2025-11-27 17:29:27Z" duration="0.599665" asserts="0">
              <properties>
                <property name="Category" value="Performance" />
                <property name="retryIteration" value="0" />
                <property name="repeatIteration" value="0" />
              </properties>
              <output><![CDATA[
=================================================================
Broadcast Performance Comparison
=================================================================
Traditional (MmInvoke): 50218.97 ns/message
Fluent (Broadcast):     8609.09 ns/message
Overhead:               -82.9%
=================================================================

]]></output>
            </test-case>
            <test-case id="1136" name="Benchmark_CompareOverhead_SimpleMessage" fullname="MercuryMessaging.Tests.FluentApiPerformanceTests.Benchmark_CompareOverhead_SimpleMessage" methodname="Benchmark_CompareOverhead_SimpleMessage" classname="MercuryMessaging.Tests.FluentApiPerformanceTests" runstate="Runnable" seed="368952829" result="Passed" start-time="2025-11-27 17:29:27Z" end-time="2025-11-27 17:29:28Z" duration="0.949153" asserts="0">
              <properties>
                <property name="Category" value="Performance" />
                <property name="retryIteration" value="0" />
                <property name="repeatIteration" value="0" />
              </properties>
              <output><![CDATA[
=================================================================
DSL vs Traditional API Performance Comparison
=================================================================
Traditional API:     8349.99 ns/message
Fluent DSL:          85870.07 ns/message
Overhead:            928.4%
=================================================================
Iterations: 10,000
Target: <2% overhead (or negative = DSL faster)
=================================================================

]]></output>
            </test-case>
            <test-case id="1141" name="Benchmark_FullSummary" fullname="MercuryMessaging.Tests.FluentApiPerformanceTests.Benchmark_FullSummary" methodname="Benchmark_FullSummary" classname="MercuryMessaging.Tests.FluentApiPerformanceTests" runstate="Runnable" seed="162698114" result="Passed" start-time="2025-11-27 17:29:28Z" end-time="2025-11-27 17:29:29Z" duration="1.013865" asserts="0">
              <properties>
                <property name="Category" value="Performance" />
                <property name="retryIteration" value="0" />
                <property name="repeatIteration" value="0" />
              </properties>
              <reason>
                <message><![CDATA[Performance benchmark completed - see log for detailed results]]></message>
              </reason>
              <output><![CDATA[
╔═══════════════════════════════════════════════════════════════╗
║        FLUENT DSL PERFORMANCE BENCHMARK SUMMARY               ║
╠═══════════════════════════════════════════════════════════════╣
║  Traditional MmInvoke:       9343.74 ns/msg              ║
║  Fluent DSL Send():         45229.64 ns/msg              ║
║  Broadcast():               45758.50 ns/msg              ║
║  MessageFactory.Create():     184.78 ns/call              ║
╠═══════════════════════════════════════════════════════════════╣
║  DSL Overhead:                 384.1%                    ║
║  Target:                        <2% (production)             ║
║  Note: Unity Editor adds 2-5x overhead                       ║
╠═══════════════════════════════════════════════════════════════╣
║  Iterations:                  10,000                    ║
║  Children:                        10                         ║
╚═══════════════════════════════════════════════════════════════╝

]]></output>
            </test-case>
            <test-case id="1138" name="Benchmark_MemoryAllocation_FluentBuilder" fullname="MercuryMessaging.Tests.FluentApiPerformanceTests.Benchmark_MemoryAllocation_FluentBuilder" methodname="Benchmark_MemoryAllocation_FluentBuilder" classname="MercuryMessaging.Tests.FluentApiPerformanceTests" runstate="Runnable" seed="1472506945" result="Passed" start-time="2025-11-27 17:29:29Z" end-time="2025-11-27 17:29:31Z" duration="1.447583" asserts="0">
              <properties>
                <property name="Category" value="Performance" />
                <property name="retryIteration" value="0" />
                <property name="repeatIteration" value="0" />
              </properties>
              <output><![CDATA[[Memory] Fluent builder: 0.00 bytes/operation (total: 0.00 KB)
]]></output>
            </test-case>
            <test-case id="1139" name="Benchmark_MemoryAllocation_MessageFactory" fullname="MercuryMessaging.Tests.FluentApiPerformanceTests.Benchmark_MemoryAllocation_MessageFactory" methodname="Benchmark_MemoryAllocation_MessageFactory" classname="MercuryMessaging.Tests.FluentApiPerformanceTests" runstate="Runnable" seed="1036142503" result="Passed" start-time="2025-11-27 17:29:31Z" end-time="2025-11-27 17:29:32Z" duration="1.446321" asserts="0">
              <properties>
                <property name="Category" value="Performance" />
                <property name="retryIteration" value="0" />
                <property name="repeatIteration" value="0" />
              </properties>
              <output><![CDATA[[Memory] MessageFactory.Int: 0.00 bytes/message (total: 0.00 KB)
]]></output>
            </test-case>
            <test-case id="1133" name="Benchmark_MessageFactory_Create" fullname="MercuryMessaging.Tests.FluentApiPerformanceTests.Benchmark_MessageFactory_Create" methodname="Benchmark_MessageFactory_Create" classname="MercuryMessaging.Tests.FluentApiPerformanceTests" runstate="Runnable" seed="322879468" result="Passed" start-time="2025-11-27 17:29:32Z" end-time="2025-11-27 17:29:32Z" duration="0.003770" asserts="0">
              <properties>
                <property name="Category" value="Performance" />
                <property name="retryIteration" value="0" />
                <property name="repeatIteration" value="0" />
              </properties>
              <output><![CDATA[[MessageFactory.Create] Avg time: 224.39 ns/call (10000 iterations)
]]></output>
            </test-case>
            <test-case id="1132" name="Benchmark_SimpleMessage_FluentDSL" fullname="MercuryMessaging.Tests.FluentApiPerformanceTests.Benchmark_SimpleMessage_FluentDSL" methodname="Benchmark_SimpleMessage_FluentDSL" classname="MercuryMessaging.Tests.FluentApiPerformanceTests" runstate="Runnable" seed="68043561" result="Passed" start-time="2025-11-27 17:29:32Z" end-time="2025-11-27 17:29:33Z" duration="0.457922" asserts="0">
              <properties>
                <property name="Category" value="Performance" />
                <property name="retryIteration" value="0" />
                <property name="repeatIteration" value="0" />
              </properties>
              <output><![CDATA[[Fluent DSL] Avg time: 45161.35 ns/message (10000 iterations)
]]></output>
            </test-case>
            <test-case id="1131" name="Benchmark_SimpleMessage_Traditional" fullname="MercuryMessaging.Tests.FluentApiPerformanceTests.Benchmark_SimpleMessage_Traditional" methodname="Benchmark_SimpleMessage_Traditional" classname="MercuryMessaging.Tests.FluentApiPerformanceTests" runstate="Runnable" seed="1550191046" result="Passed" start-time="2025-11-27 17:29:33Z" end-time="2025-11-27 17:29:33Z" duration="0.086648" asserts="0">
              <properties>
                <property name="Category" value="Performance" />
                <property name="retryIteration" value="0" />
                <property name="repeatIteration" value="0" />
              </properties>
              <output><![CDATA[[Traditional API] Avg time: 8290.14 ns/message (10000 iterations)
]]></output>
            </test-case>
            <test-case id="1140" name="CodeMetrics_LineCountComparison" fullname="MercuryMessaging.Tests.FluentApiPerformanceTests.CodeMetrics_LineCountComparison" methodname="CodeMetrics_LineCountComparison" classname="MercuryMessaging.Tests.FluentApiPerformanceTests" runstate="Runnable" seed="1487710199" result="Passed" start-time="2025-11-27 17:29:33Z" end-time="2025-11-27 17:29:33Z" duration="0.001079" asserts="0">
              <properties>
                <property name="Category" value="Metrics" />
                <property name="retryIteration" value="0" />
                <property name="repeatIteration" value="0" />
              </properties>
              <output><![CDATA[
=================================================================
Code Reduction Metrics
=================================================================
Traditional API:  7 lines
Fluent DSL:       1 lines
Reduction:        86%
=================================================================
Example - Send int to active children:

// Traditional API - 7 lines
var metadata = new MmMetadataBlock(
    MmLevelFilter.Child,
    MmActiveFilter.Active,
    MmSelectedFilter.All,
    MmNetworkFilter.Local
);
relay.MmInvoke(MmMethod.MessageInt, 42, metadata);


// Fluent DSL - 1 line
relay.Send(MmMethod.MessageInt, 42).ToChildren().Active().Execute();

=================================================================

]]></output>
            </test-case>
          </test-suite>
          <test-suite type="TestFixture" id="1142" name="FluentApiPhase2Tests" fullname="MercuryMessaging.Tests.FluentApiPhase2Tests" classname="MercuryMessaging.Tests.FluentApiPhase2Tests" runstate="Runnable" testcasecount="17" result="Passed" start-time="2025-11-27 17:29:33Z" end-time="2025-11-27 17:29:33Z" duration="0.014597" total="17" passed="17" failed="0" inconclusive="0" skipped="0" asserts="0">
            <properties />
            <test-case id="1155" name="CombinedFilters_SpatialAndCustom" fullname="MercuryMessaging.Tests.FluentApiPhase2Tests.CombinedFilters_SpatialAndCustom" methodname="CombinedFilters_SpatialAndCustom" classname="MercuryMessaging.Tests.FluentApiPhase2Tests" runstate="Runnable" seed="1135117674" result="Passed" start-time="2025-11-27 17:29:33Z" end-time="2025-11-27 17:29:33Z" duration="0.001484" asserts="0">
              <properties>
                <property name="retryIteration" value="0" />
                <property name="repeatIteration" value="0" />
              </properties>
            </test-case>
            <test-case id="1154" name="CombinedFilters_SpatialAndType" fullname="MercuryMessaging.Tests.FluentApiPhase2Tests.CombinedFilters_SpatialAndType" methodname="CombinedFilters_SpatialAndType" classname="MercuryMessaging.Tests.FluentApiPhase2Tests" runstate="Runnable" seed="1905671649" result="Passed" start-time="2025-11-27 17:29:33Z" end-time="2025-11-27 17:29:33Z" duration="0.000358" asserts="0">
              <properties>
                <property name="retryIteration" value="0" />
[...]
              <properties />
              <test-case id="1667" name="Axis_IsReceived" fullname="MercuryMessaging.Tests.StandardLibrary.InputMessageTests.Axis_IsReceived" methodname="Axis_IsReceived" classname="MercuryMessaging.Tests.StandardLibrary.InputMessageTests" runstate="Runnable" seed="1214902569" result="Passed" start-time="2025-11-27 17:29:43Z" end-time="2025-11-27 17:29:43Z" duration="0.009125" asserts="0">
                <properties>
                  <property name="_JOINTYPE" value="UnityCombinatorial" />
                  <property name="retryIteration" value="0" />
                  <property name="repeatIteration" value="0" />
                </properties>
              </test-case>
              <test-case id="1665" name="Button_Press_IsReceived" fullname="MercuryMessaging.Tests.StandardLibrary.InputMessageTests.Button_Press_IsReceived" methodname="Button_Press_IsReceived" classname="MercuryMessaging.Tests.StandardLibrary.InputMessageTests" runstate="Runnable" seed="1761227063" result="Passed" start-time="2025-11-27 17:29:43Z" end-time="2025-11-27 17:29:43Z" duration="0.005523" asserts="0">
                <properties>
                  <property name="_JOINTYPE" value="UnityCombinatorial" />
                  <property name="retryIteration" value="0" />
                  <property name="repeatIteration" value="0" />
                </properties>
              </test-case>
              <test-case id="1666" name="Button_Release_IsReceived" fullname="MercuryMessaging.Tests.StandardLibrary.InputMessageTests.Button_Release_IsReceived" methodname="Button_Release_IsReceived" classname="MercuryMessaging.Tests.StandardLibrary.InputMessageTests" runstate="Runnable" seed="1828338880" result="Passed" start-time="2025-11-27 17:29:43Z" end-time="2025-11-27 17:29:43Z" duration="0.006108" asserts="0">
                <properties>
                  <property name="_JOINTYPE" value="UnityCombinatorial" />
                  <property name="retryIteration" value="0" />
                  <property name="repeatIteration" value="0" />
                </properties>
              </test-case>
              <test-case id="1669" name="ControllerState_Connected_IsReceived" fullname="MercuryMessaging.Tests.StandardLibrary.InputMessageTests.ControllerState_Connected_IsReceived" methodname="ControllerState_Connected_IsReceived" classname="MercuryMessaging.Tests.StandardLibrary.InputMessageTests" runstate="Runnable" seed="1299404444" result="Passed" start-time="2025-11-27 17:29:43Z" end-time="2025-11-27 17:29:43Z" duration="0.005645" asserts="0">
                <properties>
                  <property name="_JOINTYPE" value="UnityCombinatorial" />
                  <property name="retryIteration" value="0" />
                  <property name="repeatIteration" value="0" />
                </properties>
              </test-case>
              <test-case id="1670" name="Gaze_IsReceived" fullname="MercuryMessaging.Tests.StandardLibrary.InputMessageTests.Gaze_IsReceived" methodname="Gaze_IsReceived" classname="MercuryMessaging.Tests.StandardLibrary.InputMessageTests" runstate="Runnable" seed="1901453455" result="Passed" start-time="2025-11-27 17:29:43Z" end-time="2025-11-27 17:29:43Z" duration="0.010096" asserts="0">
                <properties>
                  <property name="_JOINTYPE" value="UnityCombinatorial" />
                  <property name="retryIteration" value="0" />
                  <property name="repeatIteration" value="0" />
                </properties>
              </test-case>
              <test-case id="1662" name="Gesture_CustomType_Works" fullname="MercuryMessaging.Tests.StandardLibrary.InputMessageTests.Gesture_CustomType_Works" methodname="Gesture_CustomType_Works" classname="MercuryMessaging.Tests.StandardLibrary.InputMessageTests" runstate="Runnable" seed="691585398" result="Passed" start-time="2025-11-27 17:29:43Z" end-time="2025-11-27 17:29:43Z" duration="0.006913" asserts="0">
                <properties>
                  <property name="_JOINTYPE" value="UnityCombinatorial" />
                  <property name="retryIteration" value="0" />
                  <property name="repeatIteration" value="0" />
                </properties>
              </test-case>
              <test-case id="1661" name="Gesture_IsReceived" fullname="MercuryMessaging.Tests.StandardLibrary.InputMessageTests.Gesture_IsReceived" methodname="Gesture_IsReceived" classname="MercuryMessaging.Tests.StandardLibrary.InputMessageTests" runstate="Runnable" seed="940006909" result="Passed" start-time="2025-11-27 17:29:43Z" end-time="2025-11-27 17:29:43Z" duration="0.008664" asserts="0">
                <properties>
                  <property name="_JOINTYPE" value="UnityCombinatorial" />
                  <property name="retryIteration" value="0" />
                  <property name="repeatIteration" value="0" />
                </properties>
              </test-case>
              <test-case id="1664" name="Haptic_IntensityClamped" fullname="MercuryMessaging.Tests.StandardLibrary.InputMessageTests.Haptic_IntensityClamped" methodname="Haptic_IntensityClamped" classname="MercuryMessaging.Tests.StandardLibrary.InputMessageTests" runstate="Runnable" seed="1542565256" result="Passed" start-time="2025-11-27 17:29:43Z" end-time="2025-11-27 17:29:43Z" duration="0.005828" asserts="0">
                <properties>
                  <property name="_JOINTYPE" value="UnityCombinatorial" />
                  <property name="retryIteration" value="0" />
                  <property name="repeatIteration" value="0" />
                </properties>
              </test-case>
              <test-case id="1663" name="Haptic_IsReceived" fullname="MercuryMessaging.Tests.StandardLibrary.InputMessageTests.Haptic_IsReceived" methodname="Haptic_IsReceived" classname="MercuryMessaging.Tests.StandardLibrary.InputMessageTests" runstate="Runnable" seed="1164692105" result="Passed" start-time="2025-11-27 17:29:43Z" end-time="2025-11-27 17:29:43Z" duration="0.006662" asserts="0">
                <properties>
                  <property name="_JOINTYPE" value="UnityCombinatorial" />
                  <property name="retryIteration" value="0" />
                  <property name="repeatIteration" value="0" />
                </properties>
              </test-case>
              <test-case id="1659" name="Input6DOF_IsReceived" fullname="MercuryMessaging.Tests.StandardLibrary.InputMessageTests.Input6DOF_IsReceived" methodname="Input6DOF_IsReceived" classname="MercuryMessaging.Tests.StandardLibrary.InputMessageTests" runstate="Runnable" seed="819079773" result="Passed" start-time="2025-11-27 17:29:43Z" end-time="2025-11-27 17:29:43Z" duration="0.008102" asserts="0">
                <properties>
                  <property name="_JOINTYPE" value="UnityCombinatorial" />
                  <property name="retryIteration" value="0" />
                  <property name="repeatIteration" value="0" />
                </properties>
              </test-case>
              <test-case id="1660" name="Input6DOF_Serialization_RoundTrips" fullname="MercuryMessaging.Tests.StandardLibrary.InputMessageTests.Input6DOF_Serialization_RoundTrips" methodname="Input6DOF_Serialization_RoundTrips" classname="MercuryMessaging.Tests.StandardLibrary.InputMessageTests" runstate="Runnable" seed="1569341605" result="Passed" start-time="2025-11-27 17:29:43Z" end-time="2025-11-27 17:29:43Z" duration="0.008776" asserts="0">
                <properties>
                  <property name="_JOINTYPE" value="UnityCombinatorial" />
                  <property name="retryIteration" value="0" />
                  <property name="repeatIteration" value="0" />
                </properties>
              </test-case>
              <test-case id="1671" name="StandardMessage_PassesToBaseClass" fullname="MercuryMessaging.Tests.StandardLibrary.InputMessageTests.StandardMessage_PassesToBaseClass" methodname="StandardMessage_PassesToBaseClass" classname="MercuryMessaging.Tests.StandardLibrary.InputMessageTests" runstate="Runnable" seed="1623774487" result="Passed" start-time="2025-11-27 17:29:43Z" end-time="2025-11-27 17:29:43Z" duration="0.010777" asserts="0">
                <properties>
                  <property name="_JOINTYPE" value="UnityCombinatorial" />
                  <property name="retryIteration" value="0" />
                  <property name="repeatIteration" value="0" />
                </properties>
              </test-case>
              <test-case id="1668" name="Touch_IsReceived" fullname="MercuryMessaging.Tests.StandardLibrary.InputMessageTests.Touch_IsReceived" methodname="Touch_IsReceived" classname="MercuryMessaging.Tests.StandardLibrary.InputMessageTests" runstate="Runnable" seed="30663974" result="Passed" start-time="2025-11-27 17:29:43Z" end-time="2025-11-27 17:29:43Z" duration="0.006993" asserts="0">
                <properties>
                  <property name="_JOINTYPE" value="UnityCombinatorial" />
                  <property name="retryIteration" value="0" />
                  <property name="repeatIteration" value="0" />
                </properties>
              </test-case>
            </test-suite>
            <test-suite type="TestFixture" id="1672" name="UIMessageTests" fullname="MercuryMessaging.Tests.StandardLibrary.UIMessageTests" classname="MercuryMessaging.Tests.StandardLibrary.UIMessageTests" runstate="Runnable" testcasecount="14" result="Passed" start-time="2025-11-27 17:29:43Z" end-time="2025-11-27 17:29:43Z" duration="0.106283" total="14" passed="14" failed="0" inconclusive="0" skipped="0" asserts="0">
              <properties />
              <test-case id="1685" name="CancelMessage_IsReceived" fullname="MercuryMessaging.Tests.StandardLibrary.UIMessageTests.CancelMessage_IsReceived" methodname="CancelMessage_IsReceived" classname="MercuryMessaging.Tests.StandardLibrary.UIMessageTests" runstate="Runnable" seed="1376165604" result="Passed" start-time="2025-11-27 17:29:43Z" end-time="2025-11-27 17:29:43Z" duration="0.011201" asserts="0">
                <properties>
                  <property name="_JOINTYPE" value="UnityCombinatorial" />
                  <property name="retryIteration" value="0" />
                  <property name="repeatIteration" value="0" />
                </properties>
              </test-case>
              <test-case id="1674" name="ClickMessage_DoubleClick_IsDetected" fullname="MercuryMessaging.Tests.StandardLibrary.UIMessageTests.ClickMessage_DoubleClick_IsDetected" methodname="ClickMessage_DoubleClick_IsDetected" classname="MercuryMessaging.Tests.StandardLibrary.UIMessageTests" runstate="Runnable" seed="2133004360" result="Passed" start-time="2025-11-27 17:29:43Z" end-time="2025-11-27 17:29:43Z" duration="0.006288" asserts="0">
                <properties>
                  <property name="_JOINTYPE" value="UnityCombinatorial" />
                  <property name="retryIteration" value="0" />
                  <property name="repeatIteration" value="0" />
                </properties>
              </test-case>
              <test-case id="1673" name="ClickMessage_IsReceived" fullname="MercuryMessaging.Tests.StandardLibrary.UIMessageTests.ClickMessage_IsReceived" methodname="ClickMessage_IsReceived" classname="MercuryMessaging.Tests.StandardLibrary.UIMessageTests" runstate="Runnable" seed="1494095082" result="Passed" start-time="2025-11-27 17:29:43Z" end-time="2025-11-27 17:29:43Z" duration="0.008342" asserts="0">
                <properties>
                  <property name="_JOINTYPE" value="UnityCombinatorial" />
                  <property name="retryIteration" value="0" />
                  <property name="repeatIteration" value="0" />
                </properties>
              </test-case>
              <test-case id="1675" name="ClickMessage_RightClick_IsDetected" fullname="MercuryMessaging.Tests.StandardLibrary.UIMessageTests.ClickMessage_RightClick_IsDetected" methodname="ClickMessage_RightClick_IsDetected" classname="MercuryMessaging.Tests.StandardLibrary.UIMessageTests" runstate="Runnable" seed="2005635414" result="Passed" start-time="2025-11-27 17:29:43Z" end-time="2025-11-27 17:29:43Z" duration="0.005992" asserts="0">
                <properties>
                  <property name="_JOINTYPE" value="UnityCombinatorial" />
                  <property name="retryIteration" value="0" />
                  <property name="repeatIteration" value="0" />
                </properties>
              </test-case>
              <test-case id="1676" name="ClickMessage_Serialization_RoundTrips" fullname="MercuryMessaging.Tests.StandardLibrary.UIMessageTests.ClickMessage_Serialization_RoundTrips" methodname="ClickMessage_Serialization_RoundTrips" classname="MercuryMessaging.Tests.StandardLibrary.UIMessageTests" runstate="Runnable" seed="602124745" result="Passed" start-time="2025-11-27 17:29:43Z" end-time="2025-11-27 17:29:43Z" duration="0.009687" asserts="0">
                <properties>
                  <property name="_JOINTYPE" value="UnityCombinatorial" />
                  <property name="retryIteration" value="0" />
                  <property name="repeatIteration" value="0" />
                </properties>
              </test-case>
              <test-case id="1679" name="DragMessage_Begin_IsReceived" fullname="MercuryMessaging.Tests.StandardLibrary.UIMessageTests.DragMessage_Begin_IsReceived" methodname="DragMessage_Begin_IsReceived" classname="MercuryMessaging.Tests.StandardLibrary.UIMessageTests" runstate="Runnable" seed="774448025" result="Passed" start-time="2025-11-27 17:29:43Z" end-time="2025-11-27 17:29:43Z" duration="0.006436" asserts="0">
                <properties>
                  <property name="_JOINTYPE" value="UnityCombinatorial" />
                  <property name="retryIteration" value="0" />
                  <property name="repeatIteration" value="0" />
                </properties>
              </test-case>
              <test-case id="1680" name="DragMessage_Move_UpdatesDelta" fullname="MercuryMessaging.Tests.StandardLibrary.UIMessageTests.DragMessage_Move_UpdatesDelta" methodname="DragMessage_Move_UpdatesDelta" classname="MercuryMessaging.Tests.StandardLibrary.UIMessageTests" runstate="Runnable" seed="79900958" result="Passed" start-time="2025-11-27 17:29:43Z" end-time="2025-11-27 17:29:43Z" duration="0.007907" asserts="0">
                <properties>
                  <property name="_JOINTYPE" value="UnityCombinatorial" />
                  <property name="retryIteration" value="0" />
                  <property name="repeatIteration" value="0" />
                </properties>
              </test-case>
              <test-case id="1682" name="FocusMessage_Gained_IsReceived" fullname="MercuryMessaging.Tests.StandardLibrary.UIMessageTests.FocusMessage_Gained_IsReceived" methodname="FocusMessage_Gained_IsReceived" classname="MercuryMessaging.Tests.StandardLibrary.UIMessageTests" runstate="Runnable" seed="1292728422" result="Passed" start-time="2025-11-27 17:29:43Z" end-time="2025-11-27 17:29:43Z" duration="0.006465" asserts="0">
                <properties>
                  <property name="_JOINTYPE" value="UnityCombinatorial" />
                  <property name="retryIteration" value="0" />
                  <property name="repeatIteration" value="0" />
                </properties>
              </test-case>
              <test-case id="1677" name="HoverMessage_Enter_IsReceived" fullname="MercuryMessaging.Tests.StandardLibrary.UIMessageTests.HoverMessage_Enter_IsReceived" methodname="HoverMessage_Enter_IsReceived" classname="MercuryMessaging.Tests.StandardLibrary.UIMessageTests" runstate="Runnable" seed="727812843" result="Passed" start-time="2025-11-27 17:29:43Z" end-time="2025-11-27 17:29:43Z" duration="0.007104" asserts="0">
                <properties>
                  <property name="_JOINTYPE" value="UnityCombinatorial" />
                  <property name="retryIteration" value="0" />
                  <property name="repeatIteration" value="0" />
                </properties>
              </test-case>
              <test-case id="1678" name="HoverMessage_Exit_IsReceived" fullname="MercuryMessaging.Tests.StandardLibrary.UIMessageTests.HoverMessage_Exit_IsReceived" methodname="HoverMessage_Exit_IsReceived" classname="MercuryMessaging.Tests.StandardLibrary.UIMessageTests" runstate="Runnable" seed="719685052" result="Passed" start-time="2025-11-27 17:29:43Z" end-time="2025-11-27 17:29:43Z" duration="0.005638" asserts="0">
                <properties>
                  <property name="_JOINTYPE" value="UnityCombinatorial" />
                  <property name="retryIteration" value="0" />
                  <property name="repeatIteration" value="0" />
                </properties>
              </test-case>
              <test-case id="1681" name="ScrollMessage_IsReceived" fullname="MercuryMessaging.Tests.StandardLibrary.UIMessageTests.ScrollMessage_IsReceived" methodname="ScrollMessage_IsReceived" classname="MercuryMessaging.Tests.StandardLibrary.UIMessageTests" runstate="Runnable" seed="651117881" result="Passed" start-time="2025-11-27 17:29:43Z" end-time="2025-11-27 17:29:43Z" duration="0.006845" asserts="0">
                <properties>
                  <property name="_JOINTYPE" value="UnityCombinatorial" />
                  <property name="retryIteration" value="0" />
                  <property name="repeatIteration" value="0" />
                </properties>
              </test-case>
              <test-case id="1683" name="SelectMessage_IsReceived" fullname="MercuryMessaging.Tests.StandardLibrary.UIMessageTests.SelectMessage_IsReceived" methodname="SelectMessage_IsReceived" classname="MercuryMessaging.Tests.StandardLibrary.UIMessageTests" runstate="Runnable" seed="650177377" result="Passed" start-time="2025-11-27 17:29:43Z" end-time="2025-11-27 17:29:43Z" duration="0.005806" asserts="0">
                <properties>
                  <property name="_JOINTYPE" value="UnityCombinatorial" />
                  <property name="retryIteration" value="0" />
                  <property name="repeatIteration" value="0" />
                </properties>
              </test-case>
              <test-case id="1686" name="StandardMessage_PassesToBaseClass" fullname="MercuryMessaging.Tests.StandardLibrary.UIMessageTests.StandardMessage_PassesToBaseClass" methodname="StandardMessage_PassesToBaseClass" classname="MercuryMessaging.Tests.StandardLibrary.UIMessageTests" runstate="Runnable" seed="291657726" result="Passed" start-time="2025-11-27 17:29:43Z" end-time="2025-11-27 17:29:43Z" duration="0.006096" asserts="0">
                <properties>
                  <property name="_JOINTYPE" value="UnityCombinatorial" />
                  <property name="retryIteration" value="0" />
                  <property name="repeatIteration" value="0" />
                </properties>
              </test-case>
              <test-case id="1684" name="SubmitMessage_IsReceived" fullname="MercuryMessaging.Tests.StandardLibrary.UIMessageTests.SubmitMessage_IsReceived" methodname="SubmitMessage_IsReceived" classname="MercuryMessaging.Tests.StandardLibrary.UIMessageTests" runstate="Runnable" seed="406295722" result="Passed" start-time="2025-11-27 17:29:43Z" end-time="2025-11-27 17:29:43Z" duration="0.007037" asserts="0">
                <properties>
                  <property name="_JOINTYPE" value="UnityCombinatorial" />
                  <property name="retryIteration" value="0" />
                  <property name="repeatIteration" value="0" />
                </properties>
                <output><![CDATA[Saving results to: C:/Users/yangb/AppData/LocalLow/DefaultCompany/MercuryMessaging\TestResults.xml
]]></output>
              </test-case>
            </test-suite>
          </test-suite>
        </test-suite>
      </test-suite>
    </test-suite>
  </test-suite>
</test-run>