<?xml version="1.0" encoding="utf-8"?>
<test-run id="2" testcasecount="292" result="Failed(Child)" total="292" passed="263" failed="29" inconclusive="0" skipped="0" asserts="0" engine-version="3.5.0.0" clr-version="4.0.30319.42000" start-time="2025-11-25 03:35:08Z" end-time="2025-11-25 03:35:25Z" duration="17.4604282">
  <test-suite type="TestSuite" id="1320" name="MercuryMessaging" fullname="MercuryMessaging" runstate="Runnable" testcasecount="292" result="Failed" site="Child" start-time="2025-11-25 03:35:08Z" end-time="2025-11-25 03:35:25Z" duration="17.460428" total="292" passed="263" failed="29" inconclusive="0" skipped="0" asserts="0">
    <properties>
      <property name="platform" value="PlayMode" />
    </properties>
    <failure>
      <message><![CDATA[One or more child tests had errors]]></message>
    </failure>
    <test-suite type="Assembly" id="1314" name="MercuryMessaging.Tests.dll" fullname="C:/Users/yangb/Research/MercuryMessaging/Library/ScriptAssemblies/MercuryMessaging.Tests.dll" runstate="Runnable" testcasecount="292" result="Failed" site="Child" start-time="2025-11-25 03:35:08Z" end-time="2025-11-25 03:35:25Z" duration="17.439649" total="292" passed="263" failed="29" inconclusive="0" skipped="0" asserts="0">
      <properties>
        <property name="_PID" value="19132" />
        <property name="_APPDOMAIN" value="Unity Child Domain" />
        <property name="platform" value="PlayMode" />
        <property name="EditorOnly" value="False" />
      </properties>
      <failure>
        <message><![CDATA[One or more child tests had errors]]></message>
      </failure>
      <test-suite type="TestSuite" id="1315" name="MercuryMessaging" fullname="MercuryMessaging" runstate="Runnable" testcasecount="292" result="Failed" site="Child" start-time="2025-11-25 03:35:08Z" end-time="2025-11-25 03:35:25Z" duration="17.429062" total="292" passed="263" failed="29" inconclusive="0" skipped="0" asserts="0">
        <properties />
        <failure>
          <message><![CDATA[One or more child tests had errors]]></message>
        </failure>
        <test-suite type="TestSuite" id="1316" name="Tests" fullname="MercuryMessaging.Tests" runstate="Runnable" testcasecount="292" result="Failed" site="Child" start-time="2025-11-25 03:35:08Z" end-time="2025-11-25 03:35:25Z" duration="17.419252" total="292" passed="263" failed="29" inconclusive="0" skipped="0" asserts="0">
          <properties />
          <failure>
            <message><![CDATA[One or more child tests had errors]]></message>
          </failure>
          <test-suite type="TestFixture" id="1001" name="AdvancedRoutingTests" fullname="MercuryMessaging.Tests.AdvancedRoutingTests" classname="MercuryMessaging.Tests.AdvancedRoutingTests" runstate="Runnable" testcasecount="9" result="Passed" start-time="2025-11-25 03:35:08Z" end-time="2025-11-25 03:35:09Z" duration="1.272826" total="9" passed="9" failed="0" inconclusive="0" skipped="0" asserts="0">
            <properties />
            <test-case id="1007" name="AncestorsRouting_ReachesAllParents" fullname="MercuryMessaging.Tests.AdvancedRoutingTests.AncestorsRouting_ReachesAllParents" methodname="AncestorsRouting_ReachesAllParents" classname="MercuryMessaging.Tests.AdvancedRoutingTests" runstate="Runnable" seed="1111992831" result="Passed" start-time="2025-11-25 03:35:08Z" end-time="2025-11-25 03:35:08Z" duration="0.171145" asserts="0">
              <properties>
                <property name="_JOINTYPE" value="UnityCombinatorial" />
                <property name="retryIteration" value="0" />
                <property name="repeatIteration" value="0" />
              </properties>
              <output><![CDATA[[PASS] Ancestors routing reaches all ancestor nodes
]]></output>
            </test-case>
            <test-case id="1010" name="CombinedFilters_SelfAndSiblings_Works" fullname="MercuryMessaging.Tests.AdvancedRoutingTests.CombinedFilters_SelfAndSiblings_Works" methodname="CombinedFilters_SelfAndSiblings_Works" classname="MercuryMessaging.Tests.AdvancedRoutingTests" runstate="Runnable" seed="1085502948" result="Passed" start-time="2025-11-25 03:35:08Z" end-time="2025-11-25 03:35:08Z" duration="0.135834" asserts="0">
              <properties>
                <property name="_JOINTYPE" value="UnityCombinatorial" />
                <property name="retryIteration" value="0" />
                <property name="repeatIteration" value="0" />
              </properties>
              <output><![CDATA[[PASS] Combined filters (Self + Siblings) work correctly
]]></output>
            </test-case>
            <test-case id="1004" name="CousinsRouting_WithLateralEnabled_ReachesCousins" fullname="MercuryMessaging.Tests.AdvancedRoutingTests.CousinsRouting_WithLateralEnabled_ReachesCousins" methodname="CousinsRouting_WithLateralEnabled_ReachesCousins" classname="MercuryMessaging.Tests.AdvancedRoutingTests" runstate="Runnable" seed="419256876" result="Passed" start-time="2025-11-25 03:35:08Z" end-time="2025-11-25 03:35:09Z" duration="0.140249" asserts="0">
              <properties>
                <property name="_JOINTYPE" value="UnityCombinatorial" />
                <property name="retryIteration" value="0" />
                <property name="repeatIteration" value="0" />
              </properties>
              <output><![CDATA[[PASS] Cousins routing reaches cousin nodes correctly
]]></output>
            </test-case>
            <test-case id="1009" name="CustomFilter_WithoutPredicate_Blocked" fullname="MercuryMessaging.Tests.AdvancedRoutingTests.CustomFilter_WithoutPredicate_Blocked" methodname="CustomFilter_WithoutPredicate_Blocked" classname="MercuryMessaging.Tests.AdvancedRoutingTests" runstate="Runnable" seed="1226566974" result="Passed" start-time="2025-11-25 03:35:09Z" end-time="2025-11-25 03:35:09Z" duration="0.138498" asserts="0">
              <properties>
                <property name="_JOINTYPE" value="UnityCombinatorial" />
                <property name="retryIteration" value="0" />
                <property name="repeatIteration" value="0" />
              </properties>
              <output><![CDATA[[PASS] Custom filter blocked without predicate
]]></output>
            </test-case>
            <test-case id="1008" name="CustomFilter_WithPredicate_FiltersCorrectly" fullname="MercuryMessaging.Tests.AdvancedRoutingTests.CustomFilter_WithPredicate_FiltersCorrectly" methodname="CustomFilter_WithPredicate_FiltersCorrectly" classname="MercuryMessaging.Tests.AdvancedRoutingTests" runstate="Runnable" seed="2135627143" result="Passed" start-time="2025-11-25 03:35:09Z" end-time="2025-11-25 03:35:09Z" duration="0.144575" asserts="0">
              <properties>
                <property name="_JOINTYPE" value="UnityCombinatorial" />
                <property name="retryIteration" value="0" />
                <property name="repeatIteration" value="0" />
              </properties>
              <output><![CDATA[[PASS] Custom filter applies predicate correctly
]]></output>
            </test-case>
            <test-case id="1006" name="DescendantsRouting_PreventsCircularLoops" fullname="MercuryMessaging.Tests.AdvancedRoutingTests.DescendantsRouting_PreventsCircularLoops" methodname="DescendantsRouting_PreventsCircularLoops" classname="MercuryMessaging.Tests.AdvancedRoutingTests" runstate="Runnable" seed="914430143" result="Passed" start-time="2025-11-25 03:35:09Z" end-time="2025-11-25 03:35:09Z" duration="0.130415" asserts="0">
              <properties>
                <property name="_JOINTYPE" value="UnityCombinatorial" />
                <property name="retryIteration" value="0" />
                <property name="repeatIteration" value="0" />
              </properties>
              <output><![CDATA[[PASS] Descendants routing handles multiple sends correctly
]]></output>
            </test-case>
            <test-case id="1005" name="DescendantsRouting_ReachesAllChildren" fullname="MercuryMessaging.Tests.AdvancedRoutingTests.DescendantsRouting_ReachesAllChildren" methodname="DescendantsRouting_ReachesAllChildren" classname="MercuryMessaging.Tests.AdvancedRoutingTests" runstate="Runnable" seed="145567179" result="Passed" start-time="2025-11-25 03:35:09Z" end-time="2025-11-25 03:35:09Z" duration="0.131315" asserts="0">
              <properties>
                <property name="_JOINTYPE" value="UnityCombinatorial" />
                <property name="retryIteration" value="0" />
                <property name="repeatIteration" value="0" />
              </properties>
              <output><![CDATA[[PASS] Descendants routing reaches all descendant nodes
]]></output>
            </test-case>
            <test-case id="1002" name="SiblingsRouting_WithLateralEnabled_ReachesSiblings" fullname="MercuryMessaging.Tests.AdvancedRoutingTests.SiblingsRouting_WithLateralEnabled_ReachesSiblings" methodname="SiblingsRouting_WithLateralEnabled_ReachesSiblings" classname="MercuryMessaging.Tests.AdvancedRoutingTests" runstate="Runnable" seed="526811624" result="Passed" start-time="2025-11-25 03:35:09Z" end-time="2025-11-25 03:35:09Z" duration="0.128068" asserts="0">
              <properties>
                <property name="_JOINTYPE" value="UnityCombinatorial" />
                <property name="retryIteration" value="0" />
                <property name="repeatIteration" value="0" />
              </properties>
              <output><![CDATA[[PASS] Siblings routing reaches sibling nodes correctly
]]></output>
            </test-case>
            <test-case id="1003" name="SiblingsRouting_WithoutLateralEnabled_Blocked" fullname="MercuryMessaging.Tests.AdvancedRoutingTests.SiblingsRouting_WithoutLateralEnabled_Blocked" methodname="SiblingsRouting_WithoutLateralEnabled_Blocked" classname="MercuryMessaging.Tests.AdvancedRoutingTests" runstate="Runnable" seed="215649829" result="Passed" start-time="2025-11-25 03:35:09Z" end-time="2025-11-25 03:35:09Z" duration="0.128165" asserts="0">
              <properties>
                <property name="_JOINTYPE" value="UnityCombinatorial" />
                <property name="retryIteration" value="0" />
                <property name="repeatIteration" value="0" />
              </properties>
              <output><![CDATA[[PASS] Siblings routing blocked without lateral routing enabled
]]></output>
            </test-case>
          </test-suite>
          <test-suite type="TestFixture" id="1045" name="CycleDetectionValidationTests" fullname="MercuryMessaging.Tests.CycleDetectionValidationTests" classname="MercuryMessaging.Tests.CycleDetectionValidationTests" runstate="Runnable" testcasecount="5" result="Passed" start-time="2025-11-25 03:35:09Z" end-time="2025-11-25 03:35:10Z" duration="0.374617" total="5" passed="5" failed="0" inconclusive="0" skipped="0" asserts="0">
            <properties />
            <output><![CDATA[
IgnoreFailingMessages:true
]]></output>
            <test-case id="1048" name="CycleDetection_CanBeDisabled" fullname="MercuryMessaging.Tests.CycleDetectionValidationTests.CycleDetection_CanBeDisabled" methodname="CycleDetection_CanBeDisabled" classname="MercuryMessaging.Tests.CycleDetectionValidationTests" runstate="Runnable" seed="2107305249" result="Passed" start-time="2025-11-25 03:35:09Z" end-time="2025-11-25 03:35:09Z" duration="0.033839" asserts="0">
              <properties>
                <property name="_JOINTYPE" value="UnityCombinatorial" />
                <property name="retryIteration" value="0" />
                <property name="repeatIteration" value="0" />
              </properties>
              <output><![CDATA[[QW-1 PASS] Cycle detection can be toggled via enableCycleDetection flag
]]></output>
            </test-case>
            <test-case id="1050" name="CycleDetection_IndependentMessageTracking" fullname="MercuryMessaging.Tests.CycleDetectionValidationTests.CycleDetection_IndependentMessageTracking" methodname="CycleDetection_IndependentMessageTracking" classname="MercuryMessaging.Tests.CycleDetectionValidationTests" runstate="Runnable" seed="678311997" result="Passed" start-time="2025-11-25 03:35:09Z" end-time="2025-11-25 03:35:09Z" duration="0.035144" asserts="0">
              <properties>
                <property name="_JOINTYPE" value="UnityCombinatorial" />
                <property name="retryIteration" value="0" />
                <property name="repeatIteration" value="0" />
              </properties>
              <output><![CDATA[[QW-1 PASS] Different messages have independent cycle tracking
]]></output>
            </test-case>
            <test-case id="1046" name="CycleDetection_InfrastructureExists" fullname="MercuryMessaging.Tests.CycleDetectionValidationTests.CycleDetection_InfrastructureExists" methodname="CycleDetection_InfrastructureExists" classname="MercuryMessaging.Tests.CycleDetectionValidationTests" runstate="Runnable" seed="1492489206" result="Passed" start-time="2025-11-25 03:35:09Z" end-time="2025-11-25 03:35:10Z" duration="0.132015" asserts="0">
              <properties>
                <property name="_JOINTYPE" value="UnityCombinatorial" />
                <property name="retryIteration" value="0" />
                <property name="repeatIteration" value="0" />
              </properties>
              <output><![CDATA[[QW-1 PASS] Cycle detection infrastructure working, tracked 1 visits
]]></output>
            </test-case>
            <test-case id="1047" name="CycleDetection_PreventsRevisits" fullname="MercuryMessaging.Tests.CycleDetectionValidationTests.CycleDetection_PreventsRevisits" methodname="CycleDetection_PreventsRevisits" classname="MercuryMessaging.Tests.CycleDetectionValidationTests" runstate="Runnable" seed="628955377" result="Passed" start-time="2025-11-25 03:35:10Z" end-time="2025-11-25 03:35:10Z" duration="0.030948" asserts="0">
              <properties>
                <property name="_JOINTYPE" value="UnityCombinatorial" />
                <property name="retryIteration" value="0" />
                <property name="repeatIteration" value="0" />
              </properties>
              <output><![CDATA[[QW-1 PASS] Cycle detection prevents message re-entry
]]></output>
            </test-case>
            <test-case id="1049" name="CycleDetection_TracksMultipleNodes" fullname="MercuryMessaging.Tests.CycleDetectionValidationTests.CycleDetection_TracksMultipleNodes" methodname="CycleDetection_TracksMultipleNodes" classname="MercuryMessaging.Tests.CycleDetectionValidationTests" runstate="Runnable" seed="1604492188" result="Passed" start-time="2025-11-25 03:35:10Z" end-time="2025-11-25 03:35:10Z" duration="0.129348" asserts="0">
              <properties>
                <property name="_JOINTYPE" value="UnityCombinatorial" />
                <property name="retryIteration" value="0" />
                <property name="repeatIteration" value="0" />
              </properties>
              <output><![CDATA[[QW-1 PASS] Tracked 5 nodes in 5-node chain
]]></output>
            </test-case>
          </test-suite>
          <test-suite type="TestFixture" id="1051" name="FilterCacheValidationTests" fullname="MercuryMessaging.Tests.FilterCacheValidationTests" classname="MercuryMessaging.Tests.FilterCacheValidationTests" runstate="Runnable" testcasecount="12" result="Passed" start-time="2025-11-25 03:35:10Z" end-time="2025-11-25 03:35:10Z" duration="0.031624" total="12" passed="12" failed="0" inconclusive="0" skipped="0" asserts="0">
            <properties />
            <test-case id="1061" name="Test_CacheHandles_EmptyRoutingTable" fullname="MercuryMessaging.Tests.FilterCacheValidationTests.Test_CacheHandles_EmptyRoutingTable" methodname="Test_CacheHandles_EmptyRoutingTable" classname="MercuryMessaging.Tests.FilterCacheValidationTests" runstate="Runnable" seed="1345324818" result="Passed" start-time="2025-11-25 03:35:10Z" end-time="2025-11-25 03:35:10Z" duration="0.006024" asserts="0">
              <properties>
                <property name="retryIteration" value="0" />
                <property name="repeatIteration" value="0" />
              </properties>
            </test-case>
            <test-case id="1060" name="Test_CacheHitRate_Increases" fullname="MercuryMessaging.Tests.FilterCacheValidationTests.Test_CacheHitRate_Increases" methodname="Test_CacheHitRate_Increases" classname="MercuryMessaging.Tests.FilterCacheValidationTests" runstate="Runnable" seed="637094835" result="Passed" start-time="2025-11-25 03:35:10Z" end-time="2025-11-25 03:35:10Z" duration="0.001414" asserts="0">
              <properties>
                <property name="retryIteration" value="0" />
                <property name="repeatIteration" value="0" />
              </properties>
            </test-case>
            <test-case id="1053" name="Test_CacheInvalidation_OnAdd" fullname="MercuryMessaging.Tests.FilterCacheValidationTests.Test_CacheInvalidation_OnAdd" methodname="Test_CacheInvalidation_OnAdd" classname="MercuryMessaging.Tests.FilterCacheValidationTests" runstate="Runnable" seed="770083600" result="Passed" start-time="2025-11-25 03:35:10Z" end-time="2025-11-25 03:35:10Z" duration="0.000682" asserts="0">
              <properties>
                <property name="retryIteration" value="0" />
                <property name="repeatIteration" value="0" />
              </properties>
            </test-case>
            <test-case id="1056" name="Test_CacheInvalidation_OnClear" fullname="MercuryMessaging.Tests.FilterCacheValidationTests.Test_CacheInvalidation_OnClear" methodname="Test_CacheInvalidation_OnClear" classname="MercuryMessaging.Tests.FilterCacheValidationTests" runstate="Runnable" seed="127850784" result="Passed" start-time="2025-11-25 03:35:10Z" end-time="2025-11-25 03:35:10Z" duration="0.000521" asserts="0">
              <properties>
                <property name="retryIteration" value="0" />
                <property name="repeatIteration" value="0" />
              </properties>
            </test-case>
            <test-case id="1057" name="Test_CacheInvalidation_OnIndexerSet" fullname="MercuryMessaging.Tests.FilterCacheValidationTests.Test_CacheInvalidation_OnIndexerSet" methodname="Test_CacheInvalidation_OnIndexerSet" classname="MercuryMessaging.Tests.FilterCacheValidationTests" runstate="Runnable" seed="57882368" result="Passed" start-time="2025-11-25 03:35:10Z" end-time="2025-11-25 03:35:10Z" duration="0.000598" asserts="0">
              <properties>
                <property name="retryIteration" value="0" />
                <property name="repeatIteration" value="0" />
              </properties>
            </test-case>
            <test-case id="1063" name="Test_CacheInvalidation_OnInsert" fullname="MercuryMessaging.Tests.FilterCacheValidationTests.Test_CacheInvalidation_OnInsert" methodname="Test_CacheInvalidation_OnInsert" classname="MercuryMessaging.Tests.FilterCacheValidationTests" runstate="Runnable" seed="2008005788" result="Passed" start-time="2025-11-25 03:35:10Z" end-time="2025-11-25 03:35:10Z" duration="0.000728" asserts="0">
              <properties>
                <property name="retryIteration" value="0" />
                <property name="repeatIteration" value="0" />
              </properties>
            </test-case>
            <test-case id="1054" name="Test_CacheInvalidation_OnRemove" fullname="MercuryMessaging.Tests.FilterCacheValidationTests.Test_CacheInvalidation_OnRemove" methodname="Test_CacheInvalidation_OnRemove" classname="MercuryMessaging.Tests.FilterCacheValidationTests" runstate="Runnable" seed="1689471294" result="Passed" start-time="2025-11-25 03:35:10Z" end-time="2025-11-25 03:35:10Z" duration="0.000628" asserts="0">
              <properties>
                <property name="retryIteration" value="0" />
                <property name="repeatIteration" value="0" />
              </properties>
            </test-case>
            <test-case id="1055" name="Test_CacheInvalidation_OnRemoveAt" fullname="MercuryMessaging.Tests.FilterCacheValidationTests.Test_CacheInvalidation_OnRemoveAt" methodname="Test_CacheInvalidation_OnRemoveAt" classname="MercuryMessaging.Tests.FilterCacheValidationTests" runstate="Runnable" seed="314463981" result="Passed" start-time="2025-11-25 03:35:10Z" end-time="2025-11-25 03:35:10Z" duration="0.000524" asserts="0">
              <properties>
                <property name="retryIteration" value="0" />
                <property name="repeatIteration" value="0" />
              </properties>
            </test-case>
            <test-case id="1052" name="Test_CacheMiss_Then_CacheHit" fullname="MercuryMessaging.Tests.FilterCacheValidationTests.Test_CacheMiss_Then_CacheHit" methodname="Test_CacheMiss_Then_CacheHit" classname="MercuryMessaging.Tests.FilterCacheValidationTests" runstate="Runnable" seed="522682257" result="Passed" start-time="2025-11-25 03:35:10Z" end-time="2025-11-25 03:35:10Z" duration="0.000510" asserts="0">
              <properties>
                <property name="retryIteration" value="0" />
                <property name="repeatIteration" value="0" />
              </properties>
            </test-case>
            <test-case id="1059" name="Test_LRU_Eviction" fullname="MercuryMessaging.Tests.FilterCacheValidationTests.Test_LRU_Eviction" methodname="Test_LRU_Eviction" classname="MercuryMessaging.Tests.FilterCacheValidationTests" runstate="Runnable" seed="778555391" result="Passed" start-time="2025-11-25 03:35:10Z" end-time="2025-11-25 03:35:10Z" duration="0.000960" asserts="0">
              <properties>
                <property name="retryIteration" value="0" />
                <property name="repeatIteration" value="0" />
              </properties>
            </test-case>
            <test-case id="1062" name="Test_Performance_CachedVsUncached" fullname="MercuryMessaging.Tests.FilterCacheValidationTests.Test_Performance_CachedVsUncached" methodname="Test_Performance_CachedVsUncached" classname="MercuryMessaging.Tests.FilterCacheValidationTests" runstate="Runnable" seed="1655412680" result="Passed" start-time="2025-11-25 03:35:10Z" end-time="2025-11-25 03:35:10Z" duration="0.009593" asserts="0">
              <properties>
                <property name="retryIteration" value="0" />
                <property name="repeatIteration" value="0" />
              </properties>
              <output><![CDATA[QW-3 Performance: Uncached=463 ticks, Cached=15 ticks, Speedup=30.87x
]]></output>
            </test-case>
            <test-case id="1058" name="Test_SeparateCacheEntries_ForDifferentFilters" fullname="MercuryMessaging.Tests.FilterCacheValidationTests.Test_SeparateCacheEntries_ForDifferentFilters" methodname="Test_SeparateCacheEntries_ForDifferentFilters" classname="MercuryMessaging.Tests.FilterCacheValidationTests" runstate="Runnable" seed="1045760343" result="Passed" start-time="2025-11-25 03:35:10Z" end-time="2025-11-25 03:35:10Z" duration="0.000628" asserts="0">
              <properties>
                <property name="retryIteration" value="0" />
                <property name="repeatIteration" value="0" />
              </properties>
            </test-case>
          </test-suite>
          <test-suite type="TestFixture" id="1064" name="FluentApiIntegrationTests" fullname="MercuryMessaging.Tests.FluentApiIntegrationTests" classname="MercuryMessaging.Tests.FluentApiIntegrationTests" runstate="Runnable" testcasecount="11" result="Failed" site="Child" start-time="2025-11-25 03:35:10Z" end-time="2025-11-25 03:35:10Z" duration="0.043216" total="11" passed="1" failed="10" inconclusive="0" skipped="0" asserts="0">
            <properties />
            <failure>
              <message><![CDATA[One or more child tests had errors]]></message>
            </failure>
            <test-case id="1066" name="Integration_BranchingHierarchy_AllBranchesReceive" fullname="MercuryMessaging.Tests.FluentApiIntegrationTests.Integration_BranchingHierarchy_AllBranchesReceive" methodname="Integration_BranchingHierarchy_AllBranchesReceive" classname="MercuryMessaging.Tests.FluentApiIntegrationTests" runstate="Runnable" seed="466567124" result="Failed" start-time="2025-11-25 03:35:10Z" end-time="2025-11-25 03:35:10Z" duration="0.009039" asserts="0">
              <properties>
                <property name="retryIteration" value="0" />
                <property name="repeatIteration" value="0" />
              </properties>
              <failure>
                <message><![CDATA[  Responder A should receive Initialize
  Expected: 1
  But was:  0
]]></message>
                <stack-trace><![CDATA[at MercuryMessaging.Tests.FluentApiIntegrationTests.Integration_BranchingHierarchy_AllBranchesReceive () [0x00140] in C:\Users\yangb\Research\MercuryMessaging\Assets\MercuryMessaging\Tests\FluentApiIntegrationTests.cs:134
]]></stack-trace>
              </failure>
            </test-case>
            <test-case id="1067" name="Integration_CombinedFilters_CorrectTargeting" fullname="MercuryMessaging.Tests.FluentApiIntegrationTests.Integration_CombinedFilters_CorrectTargeting" methodname="Integration_CombinedFilters_CorrectTargeting" classname="MercuryMessaging.Tests.FluentApiIntegrationTests" runstate="Runnable" seed="574844277" result="Failed" start-time="2025-11-25 03:35:10Z" end-time="2025-11-25 03:35:10Z" duration="0.003381" asserts="0">
              <properties>
                <property name="retryIteration" value="0" />
                <property name="repeatIteration" value="0" />
              </properties>
              <failure>
                <message><![CDATA[  ActiveTag0 should receive
  Expected: 1
  But was:  0
]]></message>
                <stack-trace><![CDATA[at MercuryMessaging.Tests.FluentApiIntegrationTests.Integration_CombinedFilters_CorrectTargeting () [0x00099] in C:\Users\yangb\Research\MercuryMessaging\Assets\MercuryMessaging\Tests\FluentApiIntegrationTests.cs:169
]]></stack-trace>
              </failure>
              <output><![CDATA[MmFluentMessage: Unsupported method Message or invalid payload
]]></output>
            </test-case>
            <test-case id="1065" name="Integration_DeepHierarchy_MessageReachesAllLevels" fullname="MercuryMessaging.Tests.FluentApiIntegrationTests.Integration_DeepHierarchy_MessageReachesAllLevels" methodname="Integration_DeepHierarchy_MessageReachesAllLevels" classname="MercuryMessaging.Tests.FluentApiIntegrationTests" runstate="Runnable" seed="1780622497" result="Failed" start-time="2025-11-25 03:35:10Z" end-time="2025-11-25 03:35:10Z" duration="0.000989" asserts="0">
              <properties>
                <property name="retryIteration" value="0" />
                <property name="repeatIteration" value="0" />
              </properties>
              <failure>
                <message><![CDATA[  Level 0 should receive Initialize message
  Expected: 1
  But was:  0
]]></message>
                <stack-trace><![CDATA[at MercuryMessaging.Tests.FluentApiIntegrationTests.Integration_DeepHierarchy_MessageReachesAllLevels () [0x000a4] in C:\Users\yangb\Research\MercuryMessaging\Assets\MercuryMessaging\Tests\FluentApiIntegrationTests.cs:79
]]></stack-trace>
              </failure>
            </test-case>
            <test-case id="1072" name="Integration_MessageFactory_AllTypesWork" fullname="MercuryMessaging.Tests.FluentApiIntegrationTests.Integration_MessageFactory_AllTypesWork" methodname="Integration_MessageFactory_AllTypesWork" classname="MercuryMessaging.Tests.FluentApiIntegrationTests" runstate="Runnable" seed="680913868" result="Failed" start-time="2025-11-25 03:35:10Z" end-time="2025-11-25 03:35:10Z" duration="0.002161" asserts="0">
              <properties>
                <property name="retryIteration" value="0" />
                <property name="repeatIteration" value="0" />
              </properties>
              <failure>
                <message><![CDATA[  Bool message should work
  Expected: True
  But was:  False
]]></message>
                <stack-trace><![CDATA[at MercuryMessaging.Tests.FluentApiIntegrationTests.Integration_MessageFactory_AllTypesWork () [0x00058] in C:\Users\yangb\Research\MercuryMessaging\Assets\MercuryMessaging\Tests\FluentApiIntegrationTests.cs:302
]]></stack-trace>
              </failure>
            </test-case>
            <test-case id="1073" name="Integration_MessageFactory_CustomMethods" fullname="MercuryMessaging.Tests.FluentApiIntegrationTests.Integration_MessageFactory_CustomMethods" methodname="Integration_MessageFactory_CustomMethods" classname="MercuryMessaging.Tests.FluentApiIntegrationTests" runstate="Runnable" seed="1631143106" result="Failed" start-time="2025-11-25 03:35:10Z" end-time="2025-11-25 03:35:10Z" duration="0.003682" asserts="0">
              <properties>
                <property name="retryIteration" value="0" />
                <property name="repeatIteration" value="0" />
              </properties>
              <failure>
                <message><![CDATA[  Custom method via factory should work
  Expected: 1
  But was:  0
]]></message>
                <stack-trace><![CDATA[at MercuryMessaging.Tests.FluentApiIntegrationTests.Integration_MessageFactory_CustomMethods () [0x0005e] in C:\Users\yangb\Research\MercuryMessaging\Assets\MercuryMessaging\Tests\FluentApiIntegrationTests.cs:329
]]></stack-trace>
              </failure>
            </test-case>
            <test-case id="1075" name="Integration_MixedAPI_TraditionalAndDSLCoexist" fullname="MercuryMessaging.Tests.FluentApiIntegrationTests.Integration_MixedAPI_TraditionalAndDSLCoexist" methodname="Integration_MixedAPI_TraditionalAndDSLCoexist" classname="MercuryMessaging.Tests.FluentApiIntegrationTests" runstate="Runnable" seed="905438263" result="Failed" start-time="2025-11-25 03:35:10Z" end-time="2025-11-25 03:35:10Z" duration="0.006207" asserts="0">
              <properties>
                <property name="retryIteration" value="0" />
                <property name="repeatIteration" value="0" />
              </properties>
              <failure>
                <message><![CDATA[  DSL should override traditional value
  Expected: 200
  But was:  0
]]></message>
                <stack-trace><![CDATA[at MercuryMessaging.Tests.FluentApiIntegrationTests.Integration_MixedAPI_TraditionalAndDSLCoexist () [0x00083] in C:\Users\yangb\Research\MercuryMessaging\Assets\MercuryMessaging\Tests\FluentApiIntegrationTests.cs:390
]]></stack-trace>
              </failure>
            </test-case>
            <test-case id="1068" name="Integration_NotifyParent_ReachesCorrectTarget" fullname="MercuryMessaging.Tests.FluentApiIntegrationTests.Integration_NotifyParent_ReachesCorrectTarget" methodname="Integration_NotifyParent_ReachesCorrectTarget" classname="MercuryMessaging.Tests.FluentApiIntegrationTests" runstate="Runnable" seed="1787117904" result="Failed" start-time="2025-11-25 03:35:10Z" end-time="2025-11-25 03:35:10Z" duration="0.000888" asserts="0">
              <properties>
                <property name="retryIteration" value="0" />
                <property name="repeatIteration" value="0" />
              </properties>
              <failure>
                <message><![CDATA[  Parent should receive Complete notification
  Expected: 1
  But was:  0
]]></message>
                <stack-trace><![CDATA[at MercuryMessaging.Tests.FluentApiIntegrationTests.Integration_NotifyParent_ReachesCorrectTarget () [0x0005a] in C:\Users\yangb\Research\MercuryMessaging\Assets\MercuryMessaging\Tests\FluentApiIntegrationTests.cs:214
]]></stack-trace>
              </failure>
            </test-case>
            <test-case id="1069" name="Integration_NotifyWithValue_ParentReceivesValue" fullname="MercuryMessaging.Tests.FluentApiIntegrationTests.Integration_NotifyWithValue_ParentReceivesValue" methodname="Integration_NotifyWithValue_ParentReceivesValue" classname="MercuryMessaging.Tests.FluentApiIntegrationTests" runstate="Runnable" seed="454289114" result="Failed" start-time="2025-11-25 03:35:10Z" end-time="2025-11-25 03:35:10Z" duration="0.000597" asserts="0">
              <properties>
                <property name="retryIteration" value="0" />
                <property name="repeatIteration" value="0" />
              </properties>
              <failure>
                <message><![CDATA[  Parent should receive int value
  Expected: 42
  But was:  0
]]></message>
                <stack-trace><![CDATA[at MercuryMessaging.Tests.FluentApiIntegrationTests.Integration_NotifyWithValue_ParentReceivesValue () [0x00056] in C:\Users\yangb\Research\MercuryMessaging\Assets\MercuryMessaging\Tests\FluentApiIntegrationTests.cs:232
]]></stack-trace>
              </failure>
            </test-case>
            <test-case id="1074" name="Integration_QueryResponse_WorksAcrossHierarchy" fullname="MercuryMessaging.Tests.FluentApiIntegrationTests.Integration_QueryResponse_WorksAcrossHierarchy" methodname="Integration_QueryResponse_WorksAcrossHierarchy" classname="MercuryMessaging.Tests.FluentApiIntegrationTests" runstate="Runnable" seed="192331694" result="Passed" start-time="2025-11-25 03:35:10Z" end-time="2025-11-25 03:35:10Z" duration="0.002854" asserts="0">
              <properties>
                <property name="retryIteration" value="0" />
                <property name="repeatIteration" value="0" />
              </properties>
            </test-case>
            <test-case id="1070" name="Integration_SendToNamed_FindsDeepTarget" fullname="MercuryMessaging.Tests.FluentApiIntegrationTests.Integration_SendToNamed_FindsDeepTarget" methodname="Integration_SendToNamed_FindsDeepTarget" classname="MercuryMessaging.Tests.FluentApiIntegrationTests" runstate="Runnable" seed="1616130276" result="Failed" start-time="2025-11-25 03:35:10Z" end-time="2025-11-25 03:35:10Z" duration="0.001064" asserts="0">
              <properties>
                <property name="retryIteration" value="0" />
                <property name="repeatIteration" value="0" />
              </properties>
              <failure>
                <message><![CDATA[  Deep target should receive message via SendTo
  Expected: 1
  But was:  0
]]></message>
                <stack-trace><![CDATA[at MercuryMessaging.Tests.FluentApiIntegrationTests.Integration_SendToNamed_FindsDeepTarget () [0x000c2] in C:\Users\yangb\Research\MercuryMessaging\Assets\MercuryMessaging\Tests\FluentApiIntegrationTests.cs:265
]]></stack-trace>
              </failure>
            </test-case>
            <test-case id="1071" name="Integration_SendToWithValue_DeliverValue" fullname="MercuryMessaging.Tests.FluentApiIntegrationTests.Integration_SendToWithValue_DeliverValue" methodname="Integration_SendToWithValue_DeliverValue" classname="MercuryMessaging.Tests.FluentApiIntegrationTests" runstate="Runnable" seed="438130502" result="Failed" start-time="2025-11-25 03:35:10Z" end-time="2025-11-25 03:35:10Z" duration="0.001387" asserts="0">
              <properties>
                <property name="retryIteration" value="0" />
                <property name="repeatIteration" value="0" />
              </properties>
              <failure>
                <message><![CDATA[  Expected: 3.1400001049041748d +/- 0.0010000000474974513d
  But was:  0.0d
]]></message>
                <stack-trace><![CDATA[at MercuryMessaging.Tests.FluentApiIntegrationTests.Integration_SendToWithValue_DeliverValue () [0x0005e] in C:\Users\yangb\Research\MercuryMessaging\Assets\MercuryMessaging\Tests\FluentApiIntegrationTests.cs:282
]]></stack-trace>
              </failure>
            </test-case>
          </test-suite>
          <test-suite type="TestFixture" id="1076" name="FluentApiPerformanceTests" fullname="MercuryMessaging.Tests.FluentApiPerformanceTests" classname="MercuryMessaging.Tests.FluentApiPerformanceTests" runstate="Runnable" testcasecount="11" result="Failed" site="Child" start-time="2025-11-25 03:35:10Z" end-time="2025-11-25 03:35:15Z" duration="5.370529" total="11" passed="10" failed="1" inconclusive="0" skipped="0" asserts="0">
            <properties />
            <failure>
              <message><![CDATA[One or more child tests had errors]]></message>
            </failure>
            <test-case id="1081" name="Benchmark_Broadcast_FluentDSL" fullname="MercuryMessaging.Tests.FluentApiPerformanceTests.Benchmark_Broadcast_FluentDSL" methodname="Benchmark_Broadcast_FluentDSL" classname="MercuryMessaging.Tests.FluentApiPerformanceTests" runstate="Runnable" seed="1447932276" result="Passed" start-time="2025-11-25 03:35:10Z" end-time="2025-11-25 03:35:10Z" duration="0.496121" asserts="0">
              <properties>
                <property name="Category" value="Performance" />
                <property name="retryIteration" value="0" />
                <property name="repeatIteration" value="0" />
              </properties>
              <output><![CDATA[[Fluent Broadcast] Avg time: 46380.69 ns/message (10000 iterations)
]]></output>
            </test-case>
            <test-case id="1080" name="Benchmark_Broadcast_Traditional" fullname="MercuryMessaging.Tests.FluentApiPerformanceTests.Benchmark_Broadcast_Traditional" methodname="Benchmark_Broadcast_Traditional" classname="MercuryMessaging.Tests.FluentApiPerformanceTests" runstate="Runnable" seed="49234604" result="Passed" start-time="2025-11-25 03:35:10Z" end-time="2025-11-25 03:35:10Z" duration="0.123394" asserts="0">
              <properties>
                <property name="Category" value="Performance" />
                <property name="retryIteration" value="0" />
                <property name="repeatIteration" value="0" />
              </properties>
              <output><![CDATA[[Traditional Broadcast] Avg time: 12050.54 ns/message (10000 iterations)
]]></output>
            </test-case>
            <test-case id="1083" name="Benchmark_CompareOverhead_Broadcast" fullname="MercuryMessaging.Tests.FluentApiPerformanceTests.Benchmark_CompareOverhead_Broadcast" methodname="Benchmark_CompareOverhead_Broadcast" classname="MercuryMessaging.Tests.FluentApiPerformanceTests" runstate="Runnable" seed="772480383" result="Passed" start-time="2025-11-25 03:35:10Z" end-time="2025-11-25 03:35:11Z" duration="0.201102" asserts="0">
              <properties>
                <property name="Category" value="Performance" />
                <property name="retryIteration" value="0" />
                <property name="repeatIteration" value="0" />
              </properties>
              <output><![CDATA[
=================================================================
Broadcast Performance Comparison
=================================================================
Traditional (MmInvoke): 11224.98 ns/message
Fluent (Broadcast):     8442.60 ns/message
Overhead:               -24.8%
=================================================================

]]></output>
            </test-case>
            <test-case id="1082" name="Benchmark_CompareOverhead_SimpleMessage" fullname="MercuryMessaging.Tests.FluentApiPerformanceTests.Benchmark_CompareOverhead_SimpleMessage" methodname="Benchmark_CompareOverhead_SimpleMessage" classname="MercuryMessaging.Tests.FluentApiPerformanceTests" runstate="Runnable" seed="636356513" result="Failed" start-time="2025-11-25 03:35:11Z" end-time="2025-11-25 03:35:11Z" duration="0.858735" asserts="0">
              <properties>
                <property name="Category" value="Performance" />
                <property name="retryIteration" value="0" />
                <property name="repeatIteration" value="0" />
              </properties>
              <failure>
                <message><![CDATA[  DSL overhead should be < 50% in Editor, got 7450.7%
  Expected: less than 50.0d
  But was:  7450.6931778362768d
]]></message>
                <stack-trace><![CDATA[at MercuryMessaging.Tests.FluentApiPerformanceTests.Benchmark_CompareOverhead_SimpleMessage () [0x00192] in C:\Users\yangb\Research\MercuryMessaging\Assets\MercuryMessaging\Tests\FluentApiPerformanceTests.cs:287
]]></stack-trace>
              </failure>
              <output><![CDATA[
=================================================================
DSL vs Traditional API Performance Comparison
=================================================================
Traditional API:     1112.99 ns/message
Fluent DSL:          84038.46 ns/message
Overhead:            7450.7%
=================================================================
Iterations: 10,000
Target: <2% overhead (or negative = DSL faster)
=================================================================

]]></output>
            </test-case>
            <test-case id="1087" name="Benchmark_FullSummary" fullname="MercuryMessaging.Tests.FluentApiPerformanceTests.Benchmark_FullSummary" methodname="Benchmark_FullSummary" classname="MercuryMessaging.Tests.FluentApiPerformanceTests" runstate="Runnable" seed="280916326" result="Passed" start-time="2025-11-25 03:35:11Z" end-time="2025-11-25 03:35:12Z" duration="0.528918" asserts="0">
              <properties>
                <property name="Category" value="Performance" />
                <property name="retryIteration" value="0" />
                <property name="repeatIteration" value="0" />
              </properties>
              <reason>
                <message><![CDATA[Performance benchmark completed - see log for detailed results]]></message>
              </reason>
              <output><![CDATA[
╔═══════════════════════════════════════════════════════════════╗
║        FLUENT DSL PERFORMANCE BENCHMARK SUMMARY               ║
╠═══════════════════════════════════════════════════════════════╣
║  Traditional MmInvoke:       1301.98 ns/msg              ║
║  Fluent DSL Send():         41601.25 ns/msg              ║
║  Broadcast():                8764.19 ns/msg              ║
║  MessageFactory.Create():     172.60 ns/call              ║
╠═══════════════════════════════════════════════════════════════╣
║  DSL Overhead:                3095.2%                    ║
║  Target:                        <2% (production)             ║
║  Note: Unity Editor adds 2-5x overhead                       ║
╠═══════════════════════════════════════════════════════════════╣
║  Iterations:                  10,000                    ║
║  Children:                        10                         ║
╚═══════════════════════════════════════════════════════════════╝

]]></output>
            </test-case>
            <test-case id="1084" name="Benchmark_MemoryAllocation_FluentBuilder" fullname="MercuryMessaging.Tests.FluentApiPerformanceTests.Benchmark_MemoryAllocation_FluentBuilder" methodname="Benchmark_MemoryAllocation_FluentBuilder" classname="MercuryMessaging.Tests.FluentApiPerformanceTests" runstate="Runnable" seed="1095896140" result="Passed" start-time="2025-11-25 03:35:12Z" end-time="2025-11-25 03:35:13Z" duration="1.359826" asserts="0">
              <properties>
                <property name="Category" value="Performance" />
                <property name="retryIteration" value="0" />
                <property name="repeatIteration" value="0" />
              </properties>
              <output><![CDATA[[Memory] Fluent builder: 0.00 bytes/operation (total: 0.00 KB)
]]></output>
            </test-case>
            <test-case id="1085" name="Benchmark_MemoryAllocation_MessageFactory" fullname="MercuryMessaging.Tests.FluentApiPerformanceTests.Benchmark_MemoryAllocation_MessageFactory" methodname="Benchmark_MemoryAllocation_MessageFactory" classname="MercuryMessaging.Tests.FluentApiPerformanceTests" runstate="Runnable" seed="1837601484" result="Passed" start-time="2025-11-25 03:35:13Z" end-time="2025-11-25 03:35:15Z" duration="1.354883" asserts="0">
              <properties>
                <property name="Category" value="Performance" />
                <property name="retryIteration" value="0" />
                <property name="repeatIteration" value="0" />
              </properties>
              <output><![CDATA[[Memory] MessageFactory.Int: 0.00 bytes/message (total: 0.00 KB)
]]></output>
            </test-case>
            <test-case id="1079" name="Benchmark_MessageFactory_Create" fullname="MercuryMessaging.Tests.FluentApiPerformanceTests.Benchmark_MessageFactory_Create" methodname="Benchmark_MessageFactory_Create" classname="MercuryMessaging.Tests.FluentApiPerformanceTests" runstate="Runnable" seed="1415429255" result="Passed" start-time="2025-11-25 03:35:15Z" end-time="2025-11-25 03:35:15Z" duration="0.004496" asserts="0">
              <properties>
                <property name="Category" value="Performance" />
                <property name="retryIteration" value="0" />
                <property name="repeatIteration" value="0" />
              </properties>
              <output><![CDATA[[MessageFactory.Create] Avg time: 206.33 ns/call (10000 iterations)
]]></output>
            </test-case>
            <test-case id="1078" name="Benchmark_SimpleMessage_FluentDSL" fullname="MercuryMessaging.Tests.FluentApiPerformanceTests.Benchmark_SimpleMessage_FluentDSL" methodname="Benchmark_SimpleMessage_FluentDSL" classname="MercuryMessaging.Tests.FluentApiPerformanceTests" runstate="Runnable" seed="607001206" result="Passed" start-time="2025-11-25 03:35:15Z" end-time="2025-11-25 03:35:15Z" duration="0.415221" asserts="0">
              <properties>
                <property name="Category" value="Performance" />
                <property name="retryIteration" value="0" />
                <property name="repeatIteration" value="0" />
              </properties>
              <output><![CDATA[[Fluent DSL] Avg time: 40925.02 ns/message (10000 iterations)
]]></output>
            </test-case>
            <test-case id="1077" name="Benchmark_SimpleMessage_Traditional" fullname="MercuryMessaging.Tests.FluentApiPerformanceTests.Benchmark_SimpleMessage_Traditional" methodname="Benchmark_SimpleMessage_Traditional" classname="MercuryMessaging.Tests.FluentApiPerformanceTests" runstate="Runnable" seed="1872745150" result="Passed" start-time="2025-11-25 03:35:15Z" end-time="2025-11-25 03:35:15Z" duration="0.013097" asserts="0">
              <properties>
                <property name="Category" value="Performance" />
                <property name="retryIteration" value="0" />
                <property name="repeatIteration" value="0" />
              </properties>
              <output><![CDATA[[Traditional API] Avg time: 1121.80 ns/message (10000 iterations)
]]></output>
            </test-case>
            <test-case id="1086" name="CodeMetrics_LineCountComparison" fullname="MercuryMessaging.Tests.FluentApiPerformanceTests.CodeMetrics_LineCountComparison" methodname="CodeMetrics_LineCountComparison" classname="MercuryMessaging.Tests.FluentApiPerformanceTests" runstate="Runnable" seed="767389646" result="Passed" start-time="2025-11-25 03:35:15Z" end-time="2025-11-25 03:35:15Z" duration="0.001536" asserts="0">
              <properties>
                <property name="Category" value="Metrics" />
                <property name="retryIteration" value="0" />
                <property name="repeatIteration" value="0" />
              </properties>
              <output><![CDATA[
=================================================================
Code Reduction Metrics
=================================================================
Traditional API:  7 lines
Fluent DSL:       1 lines
Reduction:        86%
=================================================================
Example - Send int to active children:

// Traditional API - 7 lines
var metadata = new MmMetadataBlock(
    MmLevelFilter.Child,
    MmActiveFilter.Active,
    MmSelectedFilter.All,
    MmNetworkFilter.Local
);
relay.MmInvoke(MmMethod.MessageInt, 42, metadata);


// Fluent DSL - 1 line
relay.Send(MmMethod.MessageInt, 42).ToChildren().Active().Execute();

=================================================================

]]></output>
            </test-case>
          </test-suite>
          <test-suite type="TestFixture" id="1088" name="FluentApiPhase2Tests" fullname="MercuryMessaging.Tests.FluentApiPhase2Tests" classname="MercuryMessaging.Tests.FluentApiPhase2Tests" runstate="Runnable" testcasecount="17" result="Passed" start-time="2025-11-25 03:35:15Z" end-time="2025-11-25 03:35:15Z" duration="0.051856" total="17" passed="17" failed="0" inconclusive="0" skipped="0" asserts="0">
            <properties />
            <test-case id="1101" name="CombinedFilters_SpatialAndCustom" fullname="MercuryMessaging.Tests.FluentApiPhase2Tests.CombinedFilters_SpatialAndCustom" methodname="CombinedFilters_SpatialAndCustom" classname="MercuryMessaging.Tests.FluentApiPhase2Tests" runstate="Runnable" seed="751872372" result="Passed" start-time="2025-11-25 03:35:15Z" end-time="2025-11-25 03:35:15Z" duration="0.005420" asserts="0">
              <properties>
                <property name="retryIteration" value="0" />
                <property name="repeatIteration" value="0" />
              </properties>
            </test-case>
            <test-case id="1100" name="CombinedFilters_SpatialAndType" fullname="MercuryMessaging.Tests.FluentApiPhase2Tests.CombinedFilters_SpatialAndType" methodname="CombinedFilters_SpatialAndType" classname="MercuryMessaging.Tests.FluentApiPhase2Tests" runstate="Runnable" seed="1882018758" result="Passed" start-time="2025-11-25 03:35:15Z" end-time="2025-11-25 03:35:15Z" duration="0.007172" asserts="0">
              <properties>
                <property name="retryIteration" value="0" />
                <property name="repeatIteration" value="0" />
              </properties>
            </test-case>
            <test-case id="1102" name="CombinedFilters_WithStandardFilters" fullname="MercuryMessaging.Tests.FluentApiPhase2Tests.CombinedFilters_WithStandardFilters" methodname="CombinedFilters_WithStandardFilters" classname="MercuryMessaging.Tests.FluentApiPhase2Tests" runstate="Runnable" seed="242012339" result="Passed" start-time="2025-11-25 03:35:15Z" end-time="2025-11-25 03:35:15Z" duration="0.000774" asserts="0">
              <properties>
                <property name="retryIteration" value="0" />
                <property name="repeatIteration" value="0" />
              </properties>
            </test-case>
            <test-case id="1091" name="InBounds_FiltersObjectsByBoundingBox" fullname="MercuryMessaging.Tests.FluentApiPhase2Tests.InBounds_FiltersObjectsByBoundingBox" methodname="InBounds_FiltersObjectsByBoundingBox" classname="MercuryMessaging.Tests.FluentApiPhase2Tests" runstate="Runnable" seed="1207191546" result="Passed" start-time="2025-11-25 03:35:15Z" end-time="2025-11-25 03:35:15Z" duration="0.000985" asserts="0">
              <properties>
                <property name="retryIteration" value="0" />
                <property name="repeatIteration" value="0" />
              </properties>
            </test-case>
            <test-case id="1092" name="InCone_CombinesDirectionAndDistance" fullname="MercuryMessaging.Tests.FluentApiPhase2Tests.InCone_CombinesDirectionAndDistance" methodname="InCone_CombinesDirectionAndDistance" classname="MercuryMessaging.Tests.FluentApiPhase2Tests" runstate="Runnable" seed="1916918231" result="Passed" start-time="2025-11-25 03:35:15Z" end-time="2025-11-25 03:35:15Z" duration="0.001355" asserts="0">
              <properties>
                <property name="retryIteration" value="0" />
                <property name="repeatIteration" value="0" />
              </properties>
            </test-case>
            <test-case id="1090" name="InDirection_FiltersObjectsByAngle" fullname="MercuryMessaging.Tests.FluentApiPhase2Tests.InDirection_FiltersObjectsByAngle" methodname="InDirection_FiltersObjectsByAngle" classname="MercuryMessaging.Tests.FluentApiPhase2Tests" runstate="Runnable" seed="1289609689" result="Passed" start-time="2025-11-25 03:35:15Z" end-time="2025-11-25 03:35:15Z" duration="0.000819" asserts="0">
              <properties>
                <property name="retryIteration" value="0" />
                <property name="repeatIteration" value="0" />
              </properties>
            </test-case>
            <test-case id="1104" name="MmPredicate_InBounds_EvaluatesCorrectly" fullname="MercuryMessaging.Tests.FluentApiPhase2Tests.MmPredicate_InBounds_EvaluatesCorrectly" methodname="MmPredicate_InBounds_EvaluatesCorrectly" classname="MercuryMessaging.Tests.FluentApiPhase2Tests" runstate="Runnable" seed="45758921" result="Passed" start-time="2025-11-25 03:35:15Z" end-time="2025-11-25 03:35:15Z" duration="0.001508" asserts="0">
              <properties>
                <property name="retryIteration" value="0" />
                <property name="repeatIteration" value="0" />
              </properties>
            </test-case>
            <test-case id="1103" name="MmPredicate_Within_EvaluatesCorrectly" fullname="MercuryMessaging.Tests.FluentApiPhase2Tests.MmPredicate_Within_EvaluatesCorrectly" methodname="MmPredicate_Within_EvaluatesCorrectly" classname="MercuryMessaging.Tests.FluentApiPhase2Tests" runstate="Runnable" seed="452850959" result="Passed" start-time="2025-11-25 03:35:15Z" end-time="2025-11-25 03:35:15Z" duration="0.001314" asserts="0">
              <properties>
                <property name="retryIteration" value="0" />
                <property name="repeatIteration" value="0" />
              </properties>
            </test-case>
            <test-case id="1105" name="MmPredicateList_EvaluatesAllPredicates" fullname="MercuryMessaging.Tests.FluentApiPhase2Tests.MmPredicateList_EvaluatesAllPredicates" methodname="MmPredicateList_EvaluatesAllPredicates" classname="MercuryMessaging.Tests.FluentApiPhase2Tests" runstate="Runnable" seed="826477861" result="Passed" start-time="2025-11-25 03:35:15Z" end-time="2025-11-25 03:35:15Z" duration="0.002793" asserts="0">
              <properties>
                <property name="retryIteration" value="0" />
                <property name="repeatIteration" value="0" />
              </properties>
            </test-case>
            <test-case id="1098" name="Named_FiltersObjectsByNamePattern" fullname="MercuryMessaging.Tests.FluentApiPhase2Tests.Named_FiltersObjectsByNamePattern" methodname="Named_FiltersObjectsByNamePattern" classname="MercuryMessaging.Tests.FluentApiPhase2Tests" runstate="Runnable" seed="662657573" result="Passed" start-time="2025-11-25 03:35:15Z" end-time="2025-11-25 03:35:15Z" duration="0.000956" asserts="0">
              <properties>
                <property name="retryIteration" value="0" />
                <property name="repeatIteration" value="0" />
              </properties>
            </test-case>
            <test-case id="1099" name="NamedExactly_FiltersObjectsByExactName" fullname="MercuryMessaging.Tests.FluentApiPhase2Tests.NamedExactly_FiltersObjectsByExactName" methodname="NamedExactly_FiltersObjectsByExactName" classname="MercuryMessaging.Tests.FluentApiPhase2Tests" runstate="Runnable" seed="993096625" result="Passed" start-time="2025-11-25 03:35:15Z" end-time="2025-11-25 03:35:15Z" duration="0.000826" asserts="0">
              <properties>
                <property name="retryIteration" value="0" />
                <property name="repeatIteration" value="0" />
              </properties>
            </test-case>
            <test-case id="1095" name="OfType_CanFilterByMmResponder" fullname="MercuryMessaging.Tests.FluentApiPhase2Tests.OfType_CanFilterByMmResponder" methodname="OfType_CanFilterByMmResponder" classname="MercuryMessaging.Tests.FluentApiPhase2Tests" runstate="Runnable" seed="846071871" result="Passed" start-time="2025-11-25 03:35:15Z" end-time="2025-11-25 03:35:15Z" duration="0.000725" asserts="0">
              <properties>
                <property name="retryIteration" value="0" />
                <property name="repeatIteration" value="0" />
              </properties>
            </test-case>
            <test-case id="1093" name="OfType_FiltersObjectsByComponent" fullname="MercuryMessaging.Tests.FluentApiPhase2Tests.OfType_FiltersObjectsByComponent" methodname="OfType_FiltersObjectsByComponent" classname="MercuryMessaging.Tests.FluentApiPhase2Tests" runstate="Runnable" seed="1533938182" result="Passed" start-time="2025-11-25 03:35:15Z" end-time="2025-11-25 03:35:15Z" duration="0.000758" asserts="0">
              <properties>
                <property name="retryIteration" value="0" />
                <property name="repeatIteration" value="0" />
              </properties>
            </test-case>
            <test-case id="1097" name="OnLayer_FiltersObjectsByLayer" fullname="MercuryMessaging.Tests.FluentApiPhase2Tests.OnLayer_FiltersObjectsByLayer" methodname="OnLayer_FiltersObjectsByLayer" classname="MercuryMessaging.Tests.FluentApiPhase2Tests" runstate="Runnable" seed="1219524411" result="Passed" start-time="2025-11-25 03:35:15Z" end-time="2025-11-25 03:35:15Z" duration="0.001501" asserts="0">
              <properties>
                <property name="retryIteration" value="0" />
                <property name="repeatIteration" value="0" />
              </properties>
            </test-case>
            <test-case id="1096" name="Where_GameObject_FiltersWithCustomLogic" fullname="MercuryMessaging.Tests.FluentApiPhase2Tests.Where_GameObject_FiltersWithCustomLogic" methodname="Where_GameObject_FiltersWithCustomLogic" classname="MercuryMessaging.Tests.FluentApiPhase2Tests" runstate="Runnable" seed="2136262711" result="Passed" start-time="2025-11-25 03:35:15Z" end-time="2025-11-25 03:35:15Z" duration="0.001181" asserts="0">
              <properties>
                <property name="retryIteration" value="0" />
                <property name="repeatIteration" value="0" />
              </properties>
            </test-case>
            <test-case id="1094" name="WithComponent_WorksAliasForOfType" fullname="MercuryMessaging.Tests.FluentApiPhase2Tests.WithComponent_WorksAliasForOfType" methodname="WithComponent_WorksAliasForOfType" classname="MercuryMessaging.Tests.FluentApiPhase2Tests" runstate="Runnable" seed="747848992" result="Passed" start-time="2025-11-25 03:35:15Z" end-time="2025-11-25 03:35:15Z" duration="0.003388" asserts="0">
              <properties>
                <property name="retryIteration" value="0" />
                <property name="repeatIteration" value="0" />
              </properties>
            </test-case>
            <test-case id="1089" name="Within_FiltersObjectsByDistance" fullname="MercuryMessaging.Tests.FluentApiPhase2Tests.Within_FiltersObjectsByDistance" methodname="Within_FiltersObjectsByDistance" classname="MercuryMessaging.Tests.FluentApiPhase2Tests" runstate="Runnable" seed="279719683" result="Passed" start-time="2025-11-25 03:35:15Z" end-time="2025-11-25 03:35:15Z" duration="0.000827" asserts="0">
              <properties>
                <property name="retryIteration" value="0" />
                <property name="repeatIteration" value="0" />
              </properties>
            </test-case>
          </test-suite>
          <test-suite type="TestFixture" id="1106" name="FluentApiPhase3Tests" fullname="MercuryMessaging.Tests.FluentApiPhase3Tests" classname="MercuryMessaging.Tests.FluentApiPhase3Tests" runstate="Runnable" testcasecount="42" result="Failed" site="Child" start-time="2025-11-25 03:35:15Z" end-time="2025-11-25 03:35:17Z" duration="1.524826" total="42" passed="25" failed="17" inconclusive="0" skipped="0" asserts="0">
            <properties />
            <failure>
              <message><![CDATA[One or more child tests had errors]]></message>
            </failure>
            <test-case id="1138" name="After_CanBeCancelled" fullname="MercuryMessaging.Tests.FluentApiPhase3Tests.After_CanBeCancelled" methodname="After_CanBeCancelled" classname="MercuryMessaging.Tests.FluentApiPhase3Tests" runstate="Runnable" seed="479145558" result="Passed" start-time="2025-11-25 03:35:15Z" end-time="2025-11-25 03:35:15Z" duration="0.180077" asserts="0">
              <properties>
                <property name="_JOINTYPE" value="UnityCombinatorial" />
                <property name="retryIteration" value="0" />
                <property name="repeatIteration" value="0" />
              </properties>
            </test-case>
            <test-case id="1137" name="After_DelaysMessage" fullname="MercuryMessaging.Tests.FluentApiPhase3Tests.After_DelaysMessage" methodname="After_DelaysMessage" classname="MercuryMessaging.Tests.FluentApiPhase3Tests" runstate="Runnable" seed="547078366" result="Failed" start-time="2025-11-25 03:35:15Z" end-time="2025-11-25 03:35:16Z" duration="0.171998" asserts="0">
              <properties>
                <property name="_JOINTYPE" value="UnityCombinatorial" />
                <property name="retryIteration" value="0" />
                <property name="repeatIteration" value="0" />
              </properties>
              <failure>
                <message><![CDATA[  Expected: 1
  But was:  0
]]></message>
                <stack-trace><![CDATA[at MercuryMessaging.Tests.FluentApiPhase3Tests+<After_DelaysMessage>d__37.MoveNext () [0x0007b] in C:\Users\yangb\Research\MercuryMessaging\Assets\MercuryMessaging\Tests\FluentApiPhase3Tests.cs:458
at UnityEngine.TestTools.TestEnumerator+<Execute>d__7.MoveNext () [0x0003a] in .\Library\PackageCache\com.unity.test-framework@d97b7cd61ded\UnityEngine.TestRunner\NUnitExtensions\Attributes\TestEnumerator.cs:44
]]></stack-trace>
              </failure>
            </test-case>
            <test-case id="1122" name="Broadcast_BoolValue_ReachesDescendants" fullname="MercuryMessaging.Tests.FluentApiPhase3Tests.Broadcast_BoolValue_ReachesDescendants" methodname="Broadcast_BoolValue_ReachesDescendants" classname="MercuryMessaging.Tests.FluentApiPhase3Tests" runstate="Runnable" seed="1904554117" result="Failed" start-time="2025-11-25 03:35:16Z" end-time="2025-11-25 03:35:16Z" duration="0.001464" asserts="0">
              <properties>
                <property name="retryIteration" value="0" />
                <property name="repeatIteration" value="0" />
              </properties>
              <failure>
                <message><![CDATA[  Responder should receive SetActive true
  Expected: True
  But was:  False
]]></message>
                <stack-trace><![CDATA[at MercuryMessaging.Tests.FluentApiPhase3Tests.Broadcast_BoolValue_ReachesDescendants () [0x00022] in C:\Users\yangb\Research\MercuryMessaging\Assets\MercuryMessaging\Tests\FluentApiPhase3Tests.cs:283
]]></stack-trace>
              </failure>
            </test-case>
            <test-case id="1121" name="Broadcast_SendsToAllDescendants" fullname="MercuryMessaging.Tests.FluentApiPhase3Tests.Broadcast_SendsToAllDescendants" methodname="Broadcast_SendsToAllDescendants" classname="MercuryMessaging.Tests.FluentApiPhase3Tests" runstate="Runnable" seed="1167969340" result="Failed" start-time="2025-11-25 03:35:16Z" end-time="2025-11-25 03:35:16Z" duration="0.000866" asserts="0">
              <properties>
                <property name="retryIteration" value="0" />
                <property name="repeatIteration" value="0" />
              </properties>
              <failure>
                <message><![CDATA[  Responder should receive Initialize
  Expected: 1
  But was:  0
]]></message>
                <stack-trace><![CDATA[at MercuryMessaging.Tests.FluentApiPhase3Tests.Broadcast_SendsToAllDescendants () [0x00022] in C:\Users\yangb\Research\MercuryMessaging\Assets\MercuryMessaging\Tests\FluentApiPhase3Tests.cs:272
]]></stack-trace>
              </failure>
            </test-case>
            <test-case id="1124" name="BroadcastInitialize_ConvenienceMethod_Works" fullname="MercuryMessaging.Tests.FluentApiPhase3Tests.BroadcastInitialize_ConvenienceMethod_Works" methodname="BroadcastInitialize_ConvenienceMethod_Works" classname="MercuryMessaging.Tests.FluentApiPhase3Tests" runstate="Runnable" seed="1420164978" result="Failed" start-time="2025-11-25 03:35:16Z" end-time="2025-11-25 03:35:16Z" duration="0.000735" asserts="0">
              <properties>
                <property name="retryIteration" value="0" />
                <property name="repeatIteration" value="0" />
              </properties>
              <failure>
                <message><![CDATA[  Responder should receive Initialize
  Expected: 1
  But was:  0
]]></message>
                <stack-trace><![CDATA[at MercuryMessaging.Tests.FluentApiPhase3Tests.BroadcastInitialize_ConvenienceMethod_Works () [0x00021] in C:\Users\yangb\Research\MercuryMessaging\Assets\MercuryMessaging\Tests\FluentApiPhase3Tests.cs:305
]]></stack-trace>
              </failure>
            </test-case>
            <test-case id="1123" name="BroadcastSetActive_ConvenienceMethod_Works" fullname="MercuryMessaging.Tests.FluentApiPhase3Tests.BroadcastSetActive_ConvenienceMethod_Works" methodname="BroadcastSetActive_ConvenienceMethod_Works" classname="MercuryMessaging.Tests.FluentApiPhase3Tests" runstate="Runnable" seed="1939394448" result="Passed" start-time="2025-11-25 03:35:16Z" end-time="2025-11-25 03:35:16Z" duration="0.000586" asserts="0">
              <properties>
                <property name="retryIteration" value="0" />
                <property name="repeatIteration" value="0" />
              </properties>
            </test-case>
            <test-case id="1136" name="CancelQuery_RemovesPendingQuery" fullname="MercuryMessaging.Tests.FluentApiPhase3Tests.CancelQuery_RemovesPendingQuery" methodname="CancelQuery_RemovesPendingQuery" classname="MercuryMessaging.Tests.FluentApiPhase3Tests" runstate="Runnable" seed="695365313" result="Passed" start-time="2025-11-25 03:35:16Z" end-time="2025-11-25 03:35:16Z" duration="0.000671" asserts="0">
              <properties>
                <property name="retryIteration" value="0" />
                <property name="repeatIteration" value="0" />
              </properties>
            </test-case>
            <test-case id="1139" name="Every_RepeatsMessage" fullname="MercuryMessaging.Tests.FluentApiPhase3Tests.Every_RepeatsMessage" methodname="Every_RepeatsMessage" classname="MercuryMessaging.Tests.FluentApiPhase3Tests" runstate="Runnable" seed="280675483" result="Failed" start-time="2025-11-25 03:35:16Z" end-time="2025-11-25 03:35:16Z" duration="0.227960" asserts="0">
              <properties>
                <property name="_JOINTYPE" value="UnityCombinatorial" />
                <property name="retryIteration" value="0" />
                <property name="repeatIteration" value="0" />
              </properties>
              <failure>
                <message><![CDATA[  Expected: 3
  But was:  0
]]></message>
                <stack-trace><![CDATA[at MercuryMessaging.Tests.FluentApiPhase3Tests+<Every_RepeatsMessage>d__39.MoveNext () [0x0005b] in C:\Users\yangb\Research\MercuryMessaging\Assets\MercuryMessaging\Tests\FluentApiPhase3Tests.cs:484
at UnityEngine.TestTools.TestEnumerator+<Execute>d__7.MoveNext () [0x0003a] in .\Library\PackageCache\com.unity.test-framework@d97b7cd61ded\UnityEngine.TestRunner\NUnitExtensions\Attributes\TestEnumerator.cs:44
]]></stack-trace>
              </failure>
            </test-case>
            <test-case id="1140" name="Every_StopsOnCancel" fullname="MercuryMessaging.Tests.FluentApiPhase3Tests.Every_StopsOnCancel" methodname="Every_StopsOnCancel" classname="MercuryMessaging.Tests.FluentApiPhase3Tests" runstate="Runnable" seed="1233691408" result="Passed" start-time="2025-11-25 03:35:16Z" end-time="2025-11-25 03:35:16Z" duration="0.251064" asserts="0">
              <properties>
                <property name="_JOINTYPE" value="UnityCombinatorial" />
                <property name="retryIteration" value="0" />
                <property name="repeatIteration" value="0" />
              </properties>
            </test-case>
            <test-case id="1148" name="Factory_And_After_Integration" fullname="MercuryMessaging.Tests.FluentApiPhase3Tests.Factory_And_After_Integration" methodname="Factory_And_After_Integration" classname="MercuryMessaging.Tests.FluentApiPhase3Tests" runstate="Runnable" seed="590615274" result="Failed" start-time="2025-11-25 03:35:16Z" end-time="2025-11-25 03:35:16Z" duration="0.170264" asserts="0">
              <properties>
                <property name="_JOINTYPE" value="UnityCombinatorial" />
                <property name="retryIteration" value="0" />
                <property name="repeatIteration" value="0" />
              </properties>
              <failure>
                <message><![CDATA[  Expected: True
  But was:  False
]]></message>
                <stack-trace><![CDATA[at MercuryMessaging.Tests.FluentApiPhase3Tests+<Factory_And_After_Integration>d__48.MoveNext () [0x00067] in C:\Users\yangb\Research\MercuryMessaging\Assets\MercuryMessaging\Tests\FluentApiPhase3Tests.cs:606
at UnityEngine.TestTools.TestEnumerator+<Execute>d__7.MoveNext () [0x0003a] in .\Library\PackageCache\com.unity.test-framework@d97b7cd61ded\UnityEngine.TestRunner\NUnitExtensions\Attributes\TestEnumerator.cs:44
]]></stack-trace>
              </failure>
            </test-case>
            <test-case id="1146" name="Factory_And_Broadcast_Integration" fullname="MercuryMessaging.Tests.FluentApiPhase3Tests.Factory_And_Broadcast_Integration" methodname="Factory_And_Broadcast_Integration" classname="MercuryMessaging.Tests.FluentApiPhase3Tests" runstate="Runnable" seed="1389076159" result="Failed" start-time="2025-11-25 03:35:16Z" end-time="2025-11-25 03:35:16Z" duration="0.001036" asserts="0">
              <properties>
                <property name="retryIteration" value="0" />
                <property name="repeatIteration" value="0" />
              </properties>
              <failure>
                <message><![CDATA[  Expected: 100
  But was:  0
]]></message>
                <stack-trace><![CDATA[at MercuryMessaging.Tests.FluentApiPhase3Tests.Factory_And_Broadcast_Integration () [0x0002a] in C:\Users\yangb\Research\MercuryMessaging\Assets\MercuryMessaging\Tests\FluentApiPhase3Tests.cs:581
]]></stack-trace>
              </failure>
            </test-case>
            <test-case id="1147" name="Factory_And_SendTo_Integration" fullname="MercuryMessaging.Tests.FluentApiPhase3Tests.Factory_And_SendTo_Integration" methodname="Factory_And_SendTo_Integration" classname="MercuryMessaging.Tests.FluentApiPhase3Tests" runstate="Runnable" seed="1901785187" result="Failed" start-time="2025-11-25 03:35:16Z" end-time="2025-11-25 03:35:16Z" duration="0.000859" asserts="0">
              <properties>
                <property name="retryIteration" value="0" />
                <property name="repeatIteration" value="0" />
              </properties>
              <failure>
                <message><![CDATA[  Expected: "Hello"
  But was:  null
]]></message>
                <stack-trace><![CDATA[at MercuryMessaging.Tests.FluentApiPhase3Tests.Factory_And_SendTo_Integration () [0x00032] in C:\Users\yangb\Research\MercuryMessaging\Assets\MercuryMessaging\Tests\FluentApiPhase3Tests.cs:593
]]></stack-trace>
              </failure>
            </test-case>
            <test-case id="1134" name="HasTarget_ReturnsCorrectly" fullname="MercuryMessaging.Tests.FluentApiPhase3Tests.HasTarget_ReturnsCorrectly" methodname="HasTarget_ReturnsCorrectly" classname="MercuryMessaging.Tests.FluentApiPhase3Tests" runstate="Runnable" seed="2036953337" result="Passed" start-time="2025-11-25 03:35:16Z" end-time="2025-11-25 03:35:16Z" duration="0.000503" asserts="0">
              <properties>
                <property name="retryIteration" value="0" />
                <property name="repeatIteration" value="0" />
              </properties>
            </test-case>
            <test-case id="1107" name="MessageFactory_CreateBool_ReturnsCorrectType" fullname="MercuryMessaging.Tests.FluentApiPhase3Tests.MessageFactory_CreateBool_ReturnsCorrectType" methodname="MessageFactory_CreateBool_ReturnsCorrectType" classname="MercuryMessaging.Tests.FluentApiPhase3Tests" runstate="Runnable" seed="123591354" result="Passed" start-time="2025-11-25 03:35:16Z" end-time="2025-11-25 03:35:16Z" duration="0.002277" asserts="0">
              <properties>
                <property name="retryIteration" value="0" />
                <property name="repeatIteration" value="0" />
              </properties>
            </test-case>
            <test-case id="1109" name="MessageFactory_CreateFloat_ReturnsCorrectType" fullname="MercuryMessaging.Tests.FluentApiPhase3Tests.MessageFactory_CreateFloat_ReturnsCorrectType" methodname="MessageFactory_CreateFloat_ReturnsCorrectType" classname="MercuryMessaging.Tests.FluentApiPhase3Tests" runstate="Runnable" seed="316514166" result="Passed" start-time="2025-11-25 03:35:16Z" end-time="2025-11-25 03:35:16Z" duration="0.000540" asserts="0">
              <properties>
                <property name="retryIteration" value="0" />
                <property name="repeatIteration" value="0" />
              </properties>
            </test-case>
            <test-case id="1108" name="MessageFactory_CreateInt_ReturnsCorrectType" fullname="MercuryMessaging.Tests.FluentApiPhase3Tests.MessageFactory_CreateInt_ReturnsCorrectType" methodname="MessageFactory_CreateInt_ReturnsCorrectType" classname="MercuryMessaging.Tests.FluentApiPhase3Tests" runstate="Runnable" seed="2080378293" result="Passed" start-time="2025-11-25 03:35:16Z" end-time="2025-11-25 03:35:16Z" duration="0.000427" asserts="0">
              <properties>
                <property name="retryIteration" value="0" />
                <property name="repeatIteration" value="0" />
              </properties>
            </test-case>
            <test-case id="1110" name="MessageFactory_CreateString_ReturnsCorrectType" fullname="MercuryMessaging.Tests.FluentApiPhase3Tests.MessageFactory_CreateString_ReturnsCorrectType" methodname="MessageFactory_CreateString_ReturnsCorrectType" classname="MercuryMessaging.Tests.FluentApiPhase3Tests" runstate="Runnable" seed="1586075056" result="Passed" start-time="2025-11-25 03:35:16Z" end-time="2025-11-25 03:35:16Z" duration="0.000452" asserts="0">
              <properties>
                <property name="retryIteration" value="0" />
                <property name="repeatIteration" value="0" />
              </properties>
            </test-case>
            <test-case id="1111" name="MessageFactory_CreateVector3_ReturnsCorrectType" fullname="MercuryMessaging.Tests.FluentApiPhase3Tests.MessageFactory_CreateVector3_ReturnsCorrectType" methodname="MessageFactory_CreateVector3_ReturnsCorrectType" classname="MercuryMessaging.Tests.FluentApiPhase3Tests" runstate="Runnable" seed="509692715" result="Passed" start-time="2025-11-25 03:35:16Z" end-time="2025-11-25 03:35:16Z" duration="0.001411" asserts="0">
              <properties>
                <property name="retryIteration" value="0" />
                <property name="repeatIteration" value="0" />
              </properties>
            </test-case>
            <test-case id="1116" name="MessageFactory_Custom_CreatesWithMethodId" fullname="MercuryMessaging.Tests.FluentApiPhase3Tests.MessageFactory_Custom_CreatesWithMethodId" methodname="MessageFactory_Custom_CreatesWithMethodId" classname="MercuryMessaging.Tests.FluentApiPhase3Tests" runstate="Runnable" seed="1329059957" result="Passed" start-time="2025-11-25 03:35:16Z" end-time="2025-11-25 03:35:16Z" duration="0.000420" asserts="0">
              <properties>
                <property name="retryIteration" value="0" />
                <property name="repeatIteration" value="0" />
              </properties>
            </test-case>
            <test-case id="1117" name="MessageFactory_CustomWithPayload_CreatesWithMethodAndValue" fullname="MercuryMessaging.Tests.FluentApiPhase3Tests.MessageFactory_CustomWithPayload_CreatesWithMethodAndValue" methodname="MessageFactory_CustomWithPayload_CreatesWithMethodAndValue" classname="MercuryMessaging.Tests.FluentApiPhase3Tests" runstate="Runnable" seed="1241387172" result="Passed" start-time="2025-11-25 03:35:16Z" end-time="2025-11-25 03:35:16Z" duration="0.000824" asserts="0">
              <properties>
                <property name="retryIteration" value="0" />
                <property name="repeatIteration" value="0" />
              </properties>
            </test-case>
            <test-case id="1112" name="MessageFactory_GenericCreate_InfersType" fullname="MercuryMessaging.Tests.FluentApiPhase3Tests.MessageFactory_GenericCreate_InfersType" methodname="MessageFactory_GenericCreate_InfersType" classname="MercuryMessaging.Tests.FluentApiPhase3Tests" runstate="Runnable" seed="1922029501" result="Passed" start-time="2025-11-25 03:35:16Z" end-time="2025-11-25 03:35:16Z" duration="0.003265" asserts="0">
              <properties>
                <property name="retryIteration" value="0" />
                <property name="repeatIteration" value="0" />
              </properties>
            </test-case>
            <test-case id="1113" name="MessageFactory_Initialize_CreatesCorrectCommand" fullname="MercuryMessaging.Tests.FluentApiPhase3Tests.MessageFactory_Initialize_CreatesCorrectCommand" methodname="MessageFactory_Initialize_CreatesCorrectCommand" classname="MercuryMessaging.Tests.FluentApiPhase3Tests" runstate="Runnable" seed="2062227816" result="Passed" start-time="2025-11-25 03:35:16Z" end-time="2025-11-25 03:35:16Z" duration="0.000831" asserts="0">
              <properties>
                <property name="retryIteration" value="0" />
                <property name="repeatIteration" value="0" />
              </properties>
            </test-case>
            <test-case id="1114" name="MessageFactory_SetActive_CreatesCorrectCommand" fullname="MercuryMessaging.Tests.FluentApiPhase3Tests.MessageFactory_SetActive_CreatesCorrectCommand" methodname="MessageFactory_SetActive_CreatesCorrectCommand" classname="MercuryMessaging.Tests.FluentApiPhase3Tests" runstate="Runnable" seed="31401178" result="Passed" start-time="2025-11-25 03:35:16Z" end-time="2025-11-25 03:35:16Z" duration="0.000605" asserts="0">
              <properties>
                <property name="retryIteration" value="0" />
                <property name="repeatIteration" value="0" />
              </properties>
            </test-case>
            <test-case id="1115" name="MessageFactory_Switch_ByName_CreatesCorrectCommand" fullname="MercuryMessaging.Tests.FluentApiPhase3Tests.MessageFactory_Switch_ByName_CreatesCorrectCommand" methodname="MessageFactory_Switch_ByName_CreatesCorrectCommand" classname="MercuryMessaging.Tests.FluentApiPhase3Tests" runstate="Runnable" seed="1665171894" result="Passed" start-time="2025-11-25 03:35:16Z" end-time="2025-11-25 03:35:16Z" duration="0.000806" asserts="0">
              <properties>
                <property name="retryIteration" value="0" />
                <property name="repeatIteration" value="0" />
              </properties>
            </test-case>
            <test-case id="1119" name="MessageFactory_ToChildren_SetsLevelFilter" fullname="MercuryMessaging.Tests.FluentApiPhase3Tests.MessageFactory_ToChildren_SetsLevelFilter" methodname="MessageFactory_ToChildren_SetsLevelFilter" classname="MercuryMessaging.Tests.FluentApiPhase3Tests" runstate="Runnable" seed="739431934" result="Passed" start-time="2025-11-25 03:35:16Z" end-time="2025-11-25 03:35:16Z" duration="0.000686" asserts="0">
              <properties>
                <property name="retryIteration" value="0" />
                <property name="repeatIteration" value="0" />
              </properties>
            </test-case>
[...]
            <properties />
            <test-case id="1311" name="InvokeWithPath_Descendant_ReachesAllDescendants" fullname="MercuryMessaging.Tests.PathSpecificationTests.InvokeWithPath_Descendant_ReachesAllDescendants" methodname="InvokeWithPath_Descendant_ReachesAllDescendants" classname="MercuryMessaging.Tests.PathSpecificationTests" runstate="Runnable" seed="702713856" result="Passed" start-time="2025-11-25 03:35:25Z" end-time="2025-11-25 03:35:25Z" duration="0.145889" asserts="0">
              <properties>
                <property name="_JOINTYPE" value="UnityCombinatorial" />
                <property name="retryIteration" value="0" />
                <property name="repeatIteration" value="0" />
              </properties>
            </test-case>
            <test-case id="1313" name="InvokeWithPath_EmptyPath_ThrowsException" fullname="MercuryMessaging.Tests.PathSpecificationTests.InvokeWithPath_EmptyPath_ThrowsException" methodname="InvokeWithPath_EmptyPath_ThrowsException" classname="MercuryMessaging.Tests.PathSpecificationTests" runstate="Runnable" seed="544372144" result="Passed" start-time="2025-11-25 03:35:25Z" end-time="2025-11-25 03:35:25Z" duration="0.030130" asserts="0">
              <properties>
                <property name="_JOINTYPE" value="UnityCombinatorial" />
                <property name="retryIteration" value="0" />
                <property name="repeatIteration" value="0" />
              </properties>
            </test-case>
            <test-case id="1312" name="InvokeWithPath_InvalidPath_ThrowsException" fullname="MercuryMessaging.Tests.PathSpecificationTests.InvokeWithPath_InvalidPath_ThrowsException" methodname="InvokeWithPath_InvalidPath_ThrowsException" classname="MercuryMessaging.Tests.PathSpecificationTests" runstate="Runnable" seed="1486148978" result="Passed" start-time="2025-11-25 03:35:25Z" end-time="2025-11-25 03:35:25Z" duration="0.042829" asserts="0">
              <properties>
                <property name="_JOINTYPE" value="UnityCombinatorial" />
                <property name="retryIteration" value="0" />
                <property name="repeatIteration" value="0" />
              </properties>
            </test-case>
            <test-case id="1308" name="InvokeWithPath_Parent_DeliversToParent" fullname="MercuryMessaging.Tests.PathSpecificationTests.InvokeWithPath_Parent_DeliversToParent" methodname="InvokeWithPath_Parent_DeliversToParent" classname="MercuryMessaging.Tests.PathSpecificationTests" runstate="Runnable" seed="384997766" result="Passed" start-time="2025-11-25 03:35:25Z" end-time="2025-11-25 03:35:25Z" duration="0.151318" asserts="0">
              <properties>
                <property name="_JOINTYPE" value="UnityCombinatorial" />
                <property name="retryIteration" value="0" />
                <property name="repeatIteration" value="0" />
              </properties>
            </test-case>
            <test-case id="1309" name="InvokeWithPath_ParentSiblingChild_DeliversToCousins" fullname="MercuryMessaging.Tests.PathSpecificationTests.InvokeWithPath_ParentSiblingChild_DeliversToCousins" methodname="InvokeWithPath_ParentSiblingChild_DeliversToCousins" classname="MercuryMessaging.Tests.PathSpecificationTests" runstate="Runnable" seed="770132360" result="Passed" start-time="2025-11-25 03:35:25Z" end-time="2025-11-25 03:35:25Z" duration="0.137740" asserts="0">
              <properties>
                <property name="_JOINTYPE" value="UnityCombinatorial" />
                <property name="retryIteration" value="0" />
                <property name="repeatIteration" value="0" />
              </properties>
            </test-case>
            <test-case id="1310" name="InvokeWithPath_WithParameter_DeliversCorrectly" fullname="MercuryMessaging.Tests.PathSpecificationTests.InvokeWithPath_WithParameter_DeliversCorrectly" methodname="InvokeWithPath_WithParameter_DeliversCorrectly" classname="MercuryMessaging.Tests.PathSpecificationTests" runstate="Runnable" seed="1680273108" result="Passed" start-time="2025-11-25 03:35:25Z" end-time="2025-11-25 03:35:25Z" duration="0.131423" asserts="0">
              <properties>
                <property name="_JOINTYPE" value="UnityCombinatorial" />
                <property name="retryIteration" value="0" />
                <property name="repeatIteration" value="0" />
              </properties>
            </test-case>
            <test-case id="1287" name="Parse_AllSegmentTypes_Success" fullname="MercuryMessaging.Tests.PathSpecificationTests.Parse_AllSegmentTypes_Success" methodname="Parse_AllSegmentTypes_Success" classname="MercuryMessaging.Tests.PathSpecificationTests" runstate="Runnable" seed="75141256" result="Passed" start-time="2025-11-25 03:35:25Z" end-time="2025-11-25 03:35:25Z" duration="0.000512" asserts="0">
              <properties>
                <property name="retryIteration" value="0" />
                <property name="repeatIteration" value="0" />
              </properties>
            </test-case>
            <test-case id="1294" name="Parse_Caching_WorksCorrectly" fullname="MercuryMessaging.Tests.PathSpecificationTests.Parse_Caching_WorksCorrectly" methodname="Parse_Caching_WorksCorrectly" classname="MercuryMessaging.Tests.PathSpecificationTests" runstate="Runnable" seed="711625460" result="Passed" start-time="2025-11-25 03:35:25Z" end-time="2025-11-25 03:35:25Z" duration="0.000272" asserts="0">
              <properties>
                <property name="retryIteration" value="0" />
                <property name="repeatIteration" value="0" />
              </properties>
            </test-case>
            <test-case id="1288" name="Parse_CaseInsensitive_Success" fullname="MercuryMessaging.Tests.PathSpecificationTests.Parse_CaseInsensitive_Success" methodname="Parse_CaseInsensitive_Success" classname="MercuryMessaging.Tests.PathSpecificationTests" runstate="Runnable" seed="266944848" result="Passed" start-time="2025-11-25 03:35:25Z" end-time="2025-11-25 03:35:25Z" duration="0.000187" asserts="0">
              <properties>
                <property name="retryIteration" value="0" />
                <property name="repeatIteration" value="0" />
              </properties>
            </test-case>
            <test-case id="1298" name="Parse_ConsecutiveWildcards_ThrowsException" fullname="MercuryMessaging.Tests.PathSpecificationTests.Parse_ConsecutiveWildcards_ThrowsException" methodname="Parse_ConsecutiveWildcards_ThrowsException" classname="MercuryMessaging.Tests.PathSpecificationTests" runstate="Runnable" seed="34688223" result="Passed" start-time="2025-11-25 03:35:25Z" end-time="2025-11-25 03:35:25Z" duration="0.000406" asserts="0">
              <properties>
                <property name="retryIteration" value="0" />
                <property name="repeatIteration" value="0" />
              </properties>
            </test-case>
            <test-case id="1290" name="Parse_EmptyPath_ThrowsException" fullname="MercuryMessaging.Tests.PathSpecificationTests.Parse_EmptyPath_ThrowsException" methodname="Parse_EmptyPath_ThrowsException" classname="MercuryMessaging.Tests.PathSpecificationTests" runstate="Runnable" seed="1699370757" result="Passed" start-time="2025-11-25 03:35:25Z" end-time="2025-11-25 03:35:25Z" duration="0.000175" asserts="0">
              <properties>
                <property name="retryIteration" value="0" />
                <property name="repeatIteration" value="0" />
              </properties>
            </test-case>
            <test-case id="1293" name="Parse_InvalidSegment_ThrowsException" fullname="MercuryMessaging.Tests.PathSpecificationTests.Parse_InvalidSegment_ThrowsException" methodname="Parse_InvalidSegment_ThrowsException" classname="MercuryMessaging.Tests.PathSpecificationTests" runstate="Runnable" seed="395880403" result="Passed" start-time="2025-11-25 03:35:25Z" end-time="2025-11-25 03:35:25Z" duration="0.000187" asserts="0">
              <properties>
                <property name="retryIteration" value="0" />
                <property name="repeatIteration" value="0" />
              </properties>
            </test-case>
            <test-case id="1291" name="Parse_NullPath_ThrowsException" fullname="MercuryMessaging.Tests.PathSpecificationTests.Parse_NullPath_ThrowsException" methodname="Parse_NullPath_ThrowsException" classname="MercuryMessaging.Tests.PathSpecificationTests" runstate="Runnable" seed="289966768" result="Passed" start-time="2025-11-25 03:35:25Z" end-time="2025-11-25 03:35:25Z" duration="0.000162" asserts="0">
              <properties>
                <property name="retryIteration" value="0" />
                <property name="repeatIteration" value="0" />
              </properties>
            </test-case>
            <test-case id="1292" name="Parse_TrailingSlash_ThrowsException" fullname="MercuryMessaging.Tests.PathSpecificationTests.Parse_TrailingSlash_ThrowsException" methodname="Parse_TrailingSlash_ThrowsException" classname="MercuryMessaging.Tests.PathSpecificationTests" runstate="Runnable" seed="276737699" result="Passed" start-time="2025-11-25 03:35:25Z" end-time="2025-11-25 03:35:25Z" duration="0.000176" asserts="0">
              <properties>
                <property name="retryIteration" value="0" />
                <property name="repeatIteration" value="0" />
              </properties>
            </test-case>
            <test-case id="1286" name="Parse_ValidMultipleSegments_Success" fullname="MercuryMessaging.Tests.PathSpecificationTests.Parse_ValidMultipleSegments_Success" methodname="Parse_ValidMultipleSegments_Success" classname="MercuryMessaging.Tests.PathSpecificationTests" runstate="Runnable" seed="153769262" result="Passed" start-time="2025-11-25 03:35:25Z" end-time="2025-11-25 03:35:25Z" duration="0.000195" asserts="0">
              <properties>
                <property name="retryIteration" value="0" />
                <property name="repeatIteration" value="0" />
              </properties>
            </test-case>
            <test-case id="1285" name="Parse_ValidSingleSegment_Success" fullname="MercuryMessaging.Tests.PathSpecificationTests.Parse_ValidSingleSegment_Success" methodname="Parse_ValidSingleSegment_Success" classname="MercuryMessaging.Tests.PathSpecificationTests" runstate="Runnable" seed="1077158864" result="Passed" start-time="2025-11-25 03:35:25Z" end-time="2025-11-25 03:35:25Z" duration="0.000154" asserts="0">
              <properties>
                <property name="retryIteration" value="0" />
                <property name="repeatIteration" value="0" />
              </properties>
            </test-case>
            <test-case id="1296" name="Parse_WildcardFirst_ThrowsException" fullname="MercuryMessaging.Tests.PathSpecificationTests.Parse_WildcardFirst_ThrowsException" methodname="Parse_WildcardFirst_ThrowsException" classname="MercuryMessaging.Tests.PathSpecificationTests" runstate="Runnable" seed="398459231" result="Passed" start-time="2025-11-25 03:35:25Z" end-time="2025-11-25 03:35:25Z" duration="0.000197" asserts="0">
              <properties>
                <property name="retryIteration" value="0" />
                <property name="repeatIteration" value="0" />
              </properties>
            </test-case>
            <test-case id="1297" name="Parse_WildcardLast_ThrowsException" fullname="MercuryMessaging.Tests.PathSpecificationTests.Parse_WildcardLast_ThrowsException" methodname="Parse_WildcardLast_ThrowsException" classname="MercuryMessaging.Tests.PathSpecificationTests" runstate="Runnable" seed="534921532" result="Passed" start-time="2025-11-25 03:35:25Z" end-time="2025-11-25 03:35:25Z" duration="0.000174" asserts="0">
              <properties>
                <property name="retryIteration" value="0" />
                <property name="repeatIteration" value="0" />
              </properties>
            </test-case>
            <test-case id="1295" name="Parse_WildcardMiddle_Success" fullname="MercuryMessaging.Tests.PathSpecificationTests.Parse_WildcardMiddle_Success" methodname="Parse_WildcardMiddle_Success" classname="MercuryMessaging.Tests.PathSpecificationTests" runstate="Runnable" seed="1946357877" result="Passed" start-time="2025-11-25 03:35:25Z" end-time="2025-11-25 03:35:25Z" duration="0.000184" asserts="0">
              <properties>
                <property name="retryIteration" value="0" />
                <property name="repeatIteration" value="0" />
              </properties>
            </test-case>
            <test-case id="1289" name="Parse_WithWhitespace_Success" fullname="MercuryMessaging.Tests.PathSpecificationTests.Parse_WithWhitespace_Success" methodname="Parse_WithWhitespace_Success" classname="MercuryMessaging.Tests.PathSpecificationTests" runstate="Runnable" seed="1783352773" result="Passed" start-time="2025-11-25 03:35:25Z" end-time="2025-11-25 03:35:25Z" duration="0.000122" asserts="0">
              <properties>
                <property name="retryIteration" value="0" />
                <property name="repeatIteration" value="0" />
              </properties>
            </test-case>
            <test-case id="1305" name="Resolve_Ancestor_FindsAllAncestors" fullname="MercuryMessaging.Tests.PathSpecificationTests.Resolve_Ancestor_FindsAllAncestors" methodname="Resolve_Ancestor_FindsAllAncestors" classname="MercuryMessaging.Tests.PathSpecificationTests" runstate="Runnable" seed="1305394498" result="Passed" start-time="2025-11-25 03:35:25Z" end-time="2025-11-25 03:35:25Z" duration="0.025844" asserts="0">
              <properties>
                <property name="_JOINTYPE" value="UnityCombinatorial" />
                <property name="retryIteration" value="0" />
                <property name="repeatIteration" value="0" />
              </properties>
            </test-case>
            <test-case id="1300" name="Resolve_Child_FindsChildren" fullname="MercuryMessaging.Tests.PathSpecificationTests.Resolve_Child_FindsChildren" methodname="Resolve_Child_FindsChildren" classname="MercuryMessaging.Tests.PathSpecificationTests" runstate="Runnable" seed="1626749996" result="Passed" start-time="2025-11-25 03:35:25Z" end-time="2025-11-25 03:35:25Z" duration="0.023485" asserts="0">
              <properties>
                <property name="_JOINTYPE" value="UnityCombinatorial" />
                <property name="retryIteration" value="0" />
                <property name="repeatIteration" value="0" />
              </properties>
            </test-case>
            <test-case id="1304" name="Resolve_Descendant_FindsAllDescendants" fullname="MercuryMessaging.Tests.PathSpecificationTests.Resolve_Descendant_FindsAllDescendants" methodname="Resolve_Descendant_FindsAllDescendants" classname="MercuryMessaging.Tests.PathSpecificationTests" runstate="Runnable" seed="886764616" result="Passed" start-time="2025-11-25 03:35:25Z" end-time="2025-11-25 03:35:25Z" duration="0.026189" asserts="0">
              <properties>
                <property name="_JOINTYPE" value="UnityCombinatorial" />
                <property name="retryIteration" value="0" />
                <property name="repeatIteration" value="0" />
              </properties>
            </test-case>
            <test-case id="1299" name="Resolve_Parent_FindsParent" fullname="MercuryMessaging.Tests.PathSpecificationTests.Resolve_Parent_FindsParent" methodname="Resolve_Parent_FindsParent" classname="MercuryMessaging.Tests.PathSpecificationTests" runstate="Runnable" seed="269172249" result="Passed" start-time="2025-11-25 03:35:25Z" end-time="2025-11-25 03:35:25Z" duration="0.026848" asserts="0">
              <properties>
                <property name="_JOINTYPE" value="UnityCombinatorial" />
                <property name="retryIteration" value="0" />
                <property name="repeatIteration" value="0" />
              </properties>
            </test-case>
            <test-case id="1302" name="Resolve_ParentSibling_FindsParentsSiblings" fullname="MercuryMessaging.Tests.PathSpecificationTests.Resolve_ParentSibling_FindsParentsSiblings" methodname="Resolve_ParentSibling_FindsParentsSiblings" classname="MercuryMessaging.Tests.PathSpecificationTests" runstate="Runnable" seed="1130205396" result="Passed" start-time="2025-11-25 03:35:25Z" end-time="2025-11-25 03:35:25Z" duration="0.026715" asserts="0">
              <properties>
                <property name="_JOINTYPE" value="UnityCombinatorial" />
                <property name="retryIteration" value="0" />
                <property name="repeatIteration" value="0" />
              </properties>
            </test-case>
            <test-case id="1303" name="Resolve_ParentSiblingChild_FindsCousins" fullname="MercuryMessaging.Tests.PathSpecificationTests.Resolve_ParentSiblingChild_FindsCousins" methodname="Resolve_ParentSiblingChild_FindsCousins" classname="MercuryMessaging.Tests.PathSpecificationTests" runstate="Runnable" seed="512560445" result="Passed" start-time="2025-11-25 03:35:25Z" end-time="2025-11-25 03:35:25Z" duration="0.025162" asserts="0">
              <properties>
                <property name="_JOINTYPE" value="UnityCombinatorial" />
                <property name="retryIteration" value="0" />
                <property name="repeatIteration" value="0" />
              </properties>
            </test-case>
            <test-case id="1307" name="Resolve_ParentWildcardChild_FindsAllSiblingsChildren" fullname="MercuryMessaging.Tests.PathSpecificationTests.Resolve_ParentWildcardChild_FindsAllSiblingsChildren" methodname="Resolve_ParentWildcardChild_FindsAllSiblingsChildren" classname="MercuryMessaging.Tests.PathSpecificationTests" runstate="Runnable" seed="977300286" result="Passed" start-time="2025-11-25 03:35:25Z" end-time="2025-11-25 03:35:25Z" duration="0.026627" asserts="0">
              <properties>
                <property name="_JOINTYPE" value="UnityCombinatorial" />
                <property name="retryIteration" value="0" />
                <property name="repeatIteration" value="0" />
              </properties>
            </test-case>
            <test-case id="1306" name="Resolve_Self_FindsSelf" fullname="MercuryMessaging.Tests.PathSpecificationTests.Resolve_Self_FindsSelf" methodname="Resolve_Self_FindsSelf" classname="MercuryMessaging.Tests.PathSpecificationTests" runstate="Runnable" seed="917803207" result="Passed" start-time="2025-11-25 03:35:25Z" end-time="2025-11-25 03:35:25Z" duration="0.023957" asserts="0">
              <properties>
                <property name="_JOINTYPE" value="UnityCombinatorial" />
                <property name="retryIteration" value="0" />
                <property name="repeatIteration" value="0" />
              </properties>
            </test-case>
            <test-case id="1301" name="Resolve_Sibling_FindsSiblings" fullname="MercuryMessaging.Tests.PathSpecificationTests.Resolve_Sibling_FindsSiblings" methodname="Resolve_Sibling_FindsSiblings" classname="MercuryMessaging.Tests.PathSpecificationTests" runstate="Runnable" seed="1703617190" result="Passed" start-time="2025-11-25 03:35:25Z" end-time="2025-11-25 03:35:25Z" duration="0.022363" asserts="0">
              <properties>
                <property name="_JOINTYPE" value="UnityCombinatorial" />
                <property name="retryIteration" value="0" />
                <property name="repeatIteration" value="0" />
              </properties>
              <output><![CDATA[Saving results to: C:/Users/yangb/AppData/LocalLow/DefaultCompany/MercuryMessaging\TestResults.xml
]]></output>
            </test-case>
          </test-suite>
        </test-suite>
      </test-suite>
    </test-suite>
  </test-suite>
</test-run>