<?xml version="1.0" encoding="utf-8"?>
<test-run id="2" testcasecount="292" result="Failed(Child)" total="292" passed="289" failed="3" inconclusive="0" skipped="0" asserts="0" engine-version="3.5.0.0" clr-version="4.0.30319.42000" start-time="2025-11-25 05:51:50Z" end-time="2025-11-25 05:52:16Z" duration="26.5505158">
  <test-suite type="TestSuite" id="1320" name="MercuryMessaging" fullname="MercuryMessaging" runstate="Runnable" testcasecount="292" result="Failed" site="Child" start-time="2025-11-25 05:51:50Z" end-time="2025-11-25 05:52:16Z" duration="26.550516" total="292" passed="289" failed="3" inconclusive="0" skipped="0" asserts="0">
    <properties>
      <property name="platform" value="PlayMode" />
    </properties>
    <failure>
      <message><![CDATA[One or more child tests had errors]]></message>
    </failure>
    <test-suite type="Assembly" id="1314" name="MercuryMessaging.Tests.dll" fullname="C:/Users/yangb/Research/MercuryMessaging/Library/ScriptAssemblies/MercuryMessaging.Tests.dll" runstate="Runnable" testcasecount="292" result="Failed" site="Child" start-time="2025-11-25 05:51:50Z" end-time="2025-11-25 05:52:16Z" duration="26.497942" total="292" passed="289" failed="3" inconclusive="0" skipped="0" asserts="0">
      <properties>
        <property name="_PID" value="19808" />
        <property name="_APPDOMAIN" value="Unity Child Domain" />
        <property name="platform" value="PlayMode" />
        <property name="EditorOnly" value="False" />
      </properties>
      <failure>
        <message><![CDATA[One or more child tests had errors]]></message>
      </failure>
      <test-suite type="TestSuite" id="1315" name="MercuryMessaging" fullname="MercuryMessaging" runstate="Runnable" testcasecount="292" result="Failed" site="Child" start-time="2025-11-25 05:51:50Z" end-time="2025-11-25 05:52:16Z" duration="26.466060" total="292" passed="289" failed="3" inconclusive="0" skipped="0" asserts="0">
        <properties />
        <failure>
          <message><![CDATA[One or more child tests had errors]]></message>
        </failure>
        <test-suite type="TestSuite" id="1316" name="Tests" fullname="MercuryMessaging.Tests" runstate="Runnable" testcasecount="292" result="Failed" site="Child" start-time="2025-11-25 05:51:50Z" end-time="2025-11-25 05:52:16Z" duration="26.439319" total="292" passed="289" failed="3" inconclusive="0" skipped="0" asserts="0">
          <properties />
          <failure>
            <message><![CDATA[One or more child tests had errors]]></message>
          </failure>
          <test-suite type="TestFixture" id="1001" name="AdvancedRoutingTests" fullname="MercuryMessaging.Tests.AdvancedRoutingTests" classname="MercuryMessaging.Tests.AdvancedRoutingTests" runstate="Runnable" testcasecount="9" result="Passed" start-time="2025-11-25 05:51:50Z" end-time="2025-11-25 05:51:52Z" duration="2.001016" total="9" passed="9" failed="0" inconclusive="0" skipped="0" asserts="0">
            <properties />
            <test-case id="1007" name="AncestorsRouting_ReachesAllParents" fullname="MercuryMessaging.Tests.AdvancedRoutingTests.AncestorsRouting_ReachesAllParents" methodname="AncestorsRouting_ReachesAllParents" classname="MercuryMessaging.Tests.AdvancedRoutingTests" runstate="Runnable" seed="1783382489" result="Passed" start-time="2025-11-25 05:51:50Z" end-time="2025-11-25 05:51:50Z" duration="0.492925" asserts="0">
              <properties>
                <property name="_JOINTYPE" value="UnityCombinatorial" />
                <property name="retryIteration" value="0" />
                <property name="repeatIteration" value="0" />
              </properties>
              <output><![CDATA[[PASS] Ancestors routing reaches all ancestor nodes
]]></output>
            </test-case>
            <test-case id="1010" name="CombinedFilters_SelfAndSiblings_Works" fullname="MercuryMessaging.Tests.AdvancedRoutingTests.CombinedFilters_SelfAndSiblings_Works" methodname="CombinedFilters_SelfAndSiblings_Works" classname="MercuryMessaging.Tests.AdvancedRoutingTests" runstate="Runnable" seed="761101786" result="Passed" start-time="2025-11-25 05:51:50Z" end-time="2025-11-25 05:51:51Z" duration="0.265705" asserts="0">
              <properties>
                <property name="_JOINTYPE" value="UnityCombinatorial" />
                <property name="retryIteration" value="0" />
                <property name="repeatIteration" value="0" />
              </properties>
              <output><![CDATA[[PASS] Combined filters (Self + Siblings) work correctly
]]></output>
            </test-case>
            <test-case id="1004" name="CousinsRouting_WithLateralEnabled_ReachesCousins" fullname="MercuryMessaging.Tests.AdvancedRoutingTests.CousinsRouting_WithLateralEnabled_ReachesCousins" methodname="CousinsRouting_WithLateralEnabled_ReachesCousins" classname="MercuryMessaging.Tests.AdvancedRoutingTests" runstate="Runnable" seed="914670758" result="Passed" start-time="2025-11-25 05:51:51Z" end-time="2025-11-25 05:51:51Z" duration="0.184652" asserts="0">
              <properties>
                <property name="_JOINTYPE" value="UnityCombinatorial" />
                <property name="retryIteration" value="0" />
                <property name="repeatIteration" value="0" />
              </properties>
              <output><![CDATA[[PASS] Cousins routing reaches cousin nodes correctly
]]></output>
            </test-case>
            <test-case id="1009" name="CustomFilter_WithoutPredicate_Blocked" fullname="MercuryMessaging.Tests.AdvancedRoutingTests.CustomFilter_WithoutPredicate_Blocked" methodname="CustomFilter_WithoutPredicate_Blocked" classname="MercuryMessaging.Tests.AdvancedRoutingTests" runstate="Runnable" seed="517961900" result="Passed" start-time="2025-11-25 05:51:51Z" end-time="2025-11-25 05:51:51Z" duration="0.165886" asserts="0">
              <properties>
                <property name="_JOINTYPE" value="UnityCombinatorial" />
                <property name="retryIteration" value="0" />
                <property name="repeatIteration" value="0" />
              </properties>
              <output><![CDATA[[PASS] Custom filter blocked without predicate
]]></output>
            </test-case>
            <test-case id="1008" name="CustomFilter_WithPredicate_FiltersCorrectly" fullname="MercuryMessaging.Tests.AdvancedRoutingTests.CustomFilter_WithPredicate_FiltersCorrectly" methodname="CustomFilter_WithPredicate_FiltersCorrectly" classname="MercuryMessaging.Tests.AdvancedRoutingTests" runstate="Runnable" seed="1620291847" result="Passed" start-time="2025-11-25 05:51:51Z" end-time="2025-11-25 05:51:51Z" duration="0.160045" asserts="0">
              <properties>
                <property name="_JOINTYPE" value="UnityCombinatorial" />
                <property name="retryIteration" value="0" />
                <property name="repeatIteration" value="0" />
              </properties>
              <output><![CDATA[[PASS] Custom filter applies predicate correctly
]]></output>
            </test-case>
            <test-case id="1006" name="DescendantsRouting_PreventsCircularLoops" fullname="MercuryMessaging.Tests.AdvancedRoutingTests.DescendantsRouting_PreventsCircularLoops" methodname="DescendantsRouting_PreventsCircularLoops" classname="MercuryMessaging.Tests.AdvancedRoutingTests" runstate="Runnable" seed="1533926584" result="Passed" start-time="2025-11-25 05:51:51Z" end-time="2025-11-25 05:51:51Z" duration="0.180257" asserts="0">
              <properties>
                <property name="_JOINTYPE" value="UnityCombinatorial" />
                <property name="retryIteration" value="0" />
                <property name="repeatIteration" value="0" />
              </properties>
              <output><![CDATA[[PASS] Descendants routing handles multiple sends correctly
]]></output>
            </test-case>
            <test-case id="1005" name="DescendantsRouting_ReachesAllChildren" fullname="MercuryMessaging.Tests.AdvancedRoutingTests.DescendantsRouting_ReachesAllChildren" methodname="DescendantsRouting_ReachesAllChildren" classname="MercuryMessaging.Tests.AdvancedRoutingTests" runstate="Runnable" seed="205319525" result="Passed" start-time="2025-11-25 05:51:51Z" end-time="2025-11-25 05:51:51Z" duration="0.151130" asserts="0">
              <properties>
                <property name="_JOINTYPE" value="UnityCombinatorial" />
                <property name="retryIteration" value="0" />
                <property name="repeatIteration" value="0" />
              </properties>
              <output><![CDATA[[PASS] Descendants routing reaches all descendant nodes
]]></output>
            </test-case>
            <test-case id="1002" name="SiblingsRouting_WithLateralEnabled_ReachesSiblings" fullname="MercuryMessaging.Tests.AdvancedRoutingTests.SiblingsRouting_WithLateralEnabled_ReachesSiblings" methodname="SiblingsRouting_WithLateralEnabled_ReachesSiblings" classname="MercuryMessaging.Tests.AdvancedRoutingTests" runstate="Runnable" seed="592275450" result="Passed" start-time="2025-11-25 05:51:51Z" end-time="2025-11-25 05:51:52Z" duration="0.176355" asserts="0">
              <properties>
                <property name="_JOINTYPE" value="UnityCombinatorial" />
                <property name="retryIteration" value="0" />
                <property name="repeatIteration" value="0" />
              </properties>
              <output><![CDATA[[PASS] Siblings routing reaches sibling nodes correctly
]]></output>
            </test-case>
            <test-case id="1003" name="SiblingsRouting_WithoutLateralEnabled_Blocked" fullname="MercuryMessaging.Tests.AdvancedRoutingTests.SiblingsRouting_WithoutLateralEnabled_Blocked" methodname="SiblingsRouting_WithoutLateralEnabled_Blocked" classname="MercuryMessaging.Tests.AdvancedRoutingTests" runstate="Runnable" seed="1937261340" result="Passed" start-time="2025-11-25 05:51:52Z" end-time="2025-11-25 05:51:52Z" duration="0.146189" asserts="0">
              <properties>
                <property name="_JOINTYPE" value="UnityCombinatorial" />
                <property name="retryIteration" value="0" />
                <property name="repeatIteration" value="0" />
              </properties>
              <output><![CDATA[[PASS] Siblings routing blocked without lateral routing enabled
]]></output>
            </test-case>
          </test-suite>
          <test-suite type="TestFixture" id="1045" name="CycleDetectionValidationTests" fullname="MercuryMessaging.Tests.CycleDetectionValidationTests" classname="MercuryMessaging.Tests.CycleDetectionValidationTests" runstate="Runnable" testcasecount="5" result="Passed" start-time="2025-11-25 05:51:52Z" end-time="2025-11-25 05:51:52Z" duration="0.503231" total="5" passed="5" failed="0" inconclusive="0" skipped="0" asserts="0">
            <properties />
            <output><![CDATA[
IgnoreFailingMessages:true
]]></output>
            <test-case id="1048" name="CycleDetection_CanBeDisabled" fullname="MercuryMessaging.Tests.CycleDetectionValidationTests.CycleDetection_CanBeDisabled" methodname="CycleDetection_CanBeDisabled" classname="MercuryMessaging.Tests.CycleDetectionValidationTests" runstate="Runnable" seed="287369827" result="Passed" start-time="2025-11-25 05:51:52Z" end-time="2025-11-25 05:51:52Z" duration="0.053043" asserts="0">
              <properties>
                <property name="_JOINTYPE" value="UnityCombinatorial" />
                <property name="retryIteration" value="0" />
                <property name="repeatIteration" value="0" />
              </properties>
              <output><![CDATA[[QW-1 PASS] Cycle detection can be toggled via enableCycleDetection flag
]]></output>
            </test-case>
            <test-case id="1050" name="CycleDetection_IndependentMessageTracking" fullname="MercuryMessaging.Tests.CycleDetectionValidationTests.CycleDetection_IndependentMessageTracking" methodname="CycleDetection_IndependentMessageTracking" classname="MercuryMessaging.Tests.CycleDetectionValidationTests" runstate="Runnable" seed="1658331619" result="Passed" start-time="2025-11-25 05:51:52Z" end-time="2025-11-25 05:51:52Z" duration="0.058866" asserts="0">
              <properties>
                <property name="_JOINTYPE" value="UnityCombinatorial" />
                <property name="retryIteration" value="0" />
                <property name="repeatIteration" value="0" />
              </properties>
              <output><![CDATA[[QW-1 PASS] Different messages have independent cycle tracking
]]></output>
            </test-case>
            <test-case id="1046" name="CycleDetection_InfrastructureExists" fullname="MercuryMessaging.Tests.CycleDetectionValidationTests.CycleDetection_InfrastructureExists" methodname="CycleDetection_InfrastructureExists" classname="MercuryMessaging.Tests.CycleDetectionValidationTests" runstate="Runnable" seed="1934899681" result="Passed" start-time="2025-11-25 05:51:52Z" end-time="2025-11-25 05:51:52Z" duration="0.159023" asserts="0">
              <properties>
                <property name="_JOINTYPE" value="UnityCombinatorial" />
                <property name="retryIteration" value="0" />
                <property name="repeatIteration" value="0" />
              </properties>
              <output><![CDATA[[QW-1 PASS] Cycle detection infrastructure working, tracked 1 visits
]]></output>
            </test-case>
            <test-case id="1047" name="CycleDetection_PreventsRevisits" fullname="MercuryMessaging.Tests.CycleDetectionValidationTests.CycleDetection_PreventsRevisits" methodname="CycleDetection_PreventsRevisits" classname="MercuryMessaging.Tests.CycleDetectionValidationTests" runstate="Runnable" seed="1862622370" result="Passed" start-time="2025-11-25 05:51:52Z" end-time="2025-11-25 05:51:52Z" duration="0.059435" asserts="0">
              <properties>
                <property name="_JOINTYPE" value="UnityCombinatorial" />
                <property name="retryIteration" value="0" />
                <property name="repeatIteration" value="0" />
              </properties>
              <output><![CDATA[[QW-1 PASS] Cycle detection prevents message re-entry
]]></output>
            </test-case>
            <test-case id="1049" name="CycleDetection_TracksMultipleNodes" fullname="MercuryMessaging.Tests.CycleDetectionValidationTests.CycleDetection_TracksMultipleNodes" methodname="CycleDetection_TracksMultipleNodes" classname="MercuryMessaging.Tests.CycleDetectionValidationTests" runstate="Runnable" seed="614511049" result="Passed" start-time="2025-11-25 05:51:52Z" end-time="2025-11-25 05:51:52Z" duration="0.156608" asserts="0">
              <properties>
                <property name="_JOINTYPE" value="UnityCombinatorial" />
                <property name="retryIteration" value="0" />
                <property name="repeatIteration" value="0" />
              </properties>
              <output><![CDATA[[QW-1 PASS] Tracked 5 nodes in 5-node chain
]]></output>
            </test-case>
          </test-suite>
          <test-suite type="TestFixture" id="1051" name="FilterCacheValidationTests" fullname="MercuryMessaging.Tests.FilterCacheValidationTests" classname="MercuryMessaging.Tests.FilterCacheValidationTests" runstate="Runnable" testcasecount="12" result="Passed" start-time="2025-11-25 05:51:52Z" end-time="2025-11-25 05:51:52Z" duration="0.075148" total="12" passed="12" failed="0" inconclusive="0" skipped="0" asserts="0">
            <properties />
            <test-case id="1061" name="Test_CacheHandles_EmptyRoutingTable" fullname="MercuryMessaging.Tests.FilterCacheValidationTests.Test_CacheHandles_EmptyRoutingTable" methodname="Test_CacheHandles_EmptyRoutingTable" classname="MercuryMessaging.Tests.FilterCacheValidationTests" runstate="Runnable" seed="1377997501" result="Passed" start-time="2025-11-25 05:51:52Z" end-time="2025-11-25 05:51:52Z" duration="0.015636" asserts="0">
              <properties>
                <property name="retryIteration" value="0" />
                <property name="repeatIteration" value="0" />
              </properties>
            </test-case>
            <test-case id="1060" name="Test_CacheHitRate_Increases" fullname="MercuryMessaging.Tests.FilterCacheValidationTests.Test_CacheHitRate_Increases" methodname="Test_CacheHitRate_Increases" classname="MercuryMessaging.Tests.FilterCacheValidationTests" runstate="Runnable" seed="439007722" result="Passed" start-time="2025-11-25 05:51:52Z" end-time="2025-11-25 05:51:52Z" duration="0.003474" asserts="0">
              <properties>
                <property name="retryIteration" value="0" />
                <property name="repeatIteration" value="0" />
              </properties>
            </test-case>
            <test-case id="1053" name="Test_CacheInvalidation_OnAdd" fullname="MercuryMessaging.Tests.FilterCacheValidationTests.Test_CacheInvalidation_OnAdd" methodname="Test_CacheInvalidation_OnAdd" classname="MercuryMessaging.Tests.FilterCacheValidationTests" runstate="Runnable" seed="21204408" result="Passed" start-time="2025-11-25 05:51:52Z" end-time="2025-11-25 05:51:52Z" duration="0.001119" asserts="0">
              <properties>
                <property name="retryIteration" value="0" />
                <property name="repeatIteration" value="0" />
              </properties>
            </test-case>
            <test-case id="1056" name="Test_CacheInvalidation_OnClear" fullname="MercuryMessaging.Tests.FilterCacheValidationTests.Test_CacheInvalidation_OnClear" methodname="Test_CacheInvalidation_OnClear" classname="MercuryMessaging.Tests.FilterCacheValidationTests" runstate="Runnable" seed="110674246" result="Passed" start-time="2025-11-25 05:51:52Z" end-time="2025-11-25 05:51:52Z" duration="0.000915" asserts="0">
              <properties>
                <property name="retryIteration" value="0" />
                <property name="repeatIteration" value="0" />
              </properties>
            </test-case>
            <test-case id="1057" name="Test_CacheInvalidation_OnIndexerSet" fullname="MercuryMessaging.Tests.FilterCacheValidationTests.Test_CacheInvalidation_OnIndexerSet" methodname="Test_CacheInvalidation_OnIndexerSet" classname="MercuryMessaging.Tests.FilterCacheValidationTests" runstate="Runnable" seed="209385459" result="Passed" start-time="2025-11-25 05:51:52Z" end-time="2025-11-25 05:51:52Z" duration="0.001191" asserts="0">
              <properties>
                <property name="retryIteration" value="0" />
                <property name="repeatIteration" value="0" />
              </properties>
            </test-case>
            <test-case id="1063" name="Test_CacheInvalidation_OnInsert" fullname="MercuryMessaging.Tests.FilterCacheValidationTests.Test_CacheInvalidation_OnInsert" methodname="Test_CacheInvalidation_OnInsert" classname="MercuryMessaging.Tests.FilterCacheValidationTests" runstate="Runnable" seed="187464045" result="Passed" start-time="2025-11-25 05:51:52Z" end-time="2025-11-25 05:51:52Z" duration="0.001108" asserts="0">
              <properties>
                <property name="retryIteration" value="0" />
                <property name="repeatIteration" value="0" />
              </properties>
            </test-case>
            <test-case id="1054" name="Test_CacheInvalidation_OnRemove" fullname="MercuryMessaging.Tests.FilterCacheValidationTests.Test_CacheInvalidation_OnRemove" methodname="Test_CacheInvalidation_OnRemove" classname="MercuryMessaging.Tests.FilterCacheValidationTests" runstate="Runnable" seed="792342642" result="Passed" start-time="2025-11-25 05:51:52Z" end-time="2025-11-25 05:51:52Z" duration="0.001357" asserts="0">
              <properties>
                <property name="retryIteration" value="0" />
                <property name="repeatIteration" value="0" />
              </properties>
            </test-case>
            <test-case id="1055" name="Test_CacheInvalidation_OnRemoveAt" fullname="MercuryMessaging.Tests.FilterCacheValidationTests.Test_CacheInvalidation_OnRemoveAt" methodname="Test_CacheInvalidation_OnRemoveAt" classname="MercuryMessaging.Tests.FilterCacheValidationTests" runstate="Runnable" seed="1438056482" result="Passed" start-time="2025-11-25 05:51:52Z" end-time="2025-11-25 05:51:52Z" duration="0.000666" asserts="0">
              <properties>
                <property name="retryIteration" value="0" />
                <property name="repeatIteration" value="0" />
              </properties>
            </test-case>
            <test-case id="1052" name="Test_CacheMiss_Then_CacheHit" fullname="MercuryMessaging.Tests.FilterCacheValidationTests.Test_CacheMiss_Then_CacheHit" methodname="Test_CacheMiss_Then_CacheHit" classname="MercuryMessaging.Tests.FilterCacheValidationTests" runstate="Runnable" seed="540730576" result="Passed" start-time="2025-11-25 05:51:52Z" end-time="2025-11-25 05:51:52Z" duration="0.000858" asserts="0">
              <properties>
                <property name="retryIteration" value="0" />
                <property name="repeatIteration" value="0" />
              </properties>
            </test-case>
            <test-case id="1059" name="Test_LRU_Eviction" fullname="MercuryMessaging.Tests.FilterCacheValidationTests.Test_LRU_Eviction" methodname="Test_LRU_Eviction" classname="MercuryMessaging.Tests.FilterCacheValidationTests" runstate="Runnable" seed="1696956620" result="Passed" start-time="2025-11-25 05:51:52Z" end-time="2025-11-25 05:51:52Z" duration="0.002646" asserts="0">
              <properties>
                <property name="retryIteration" value="0" />
                <property name="repeatIteration" value="0" />
              </properties>
            </test-case>
            <test-case id="1062" name="Test_Performance_CachedVsUncached" fullname="MercuryMessaging.Tests.FilterCacheValidationTests.Test_Performance_CachedVsUncached" methodname="Test_Performance_CachedVsUncached" classname="MercuryMessaging.Tests.FilterCacheValidationTests" runstate="Runnable" seed="1218461883" result="Passed" start-time="2025-11-25 05:51:52Z" end-time="2025-11-25 05:51:52Z" duration="0.018190" asserts="0">
              <properties>
                <property name="retryIteration" value="0" />
                <property name="repeatIteration" value="0" />
              </properties>
              <output><![CDATA[QW-3 Performance: Uncached=677 ticks, Cached=17 ticks, Speedup=39.82x
]]></output>
            </test-case>
            <test-case id="1058" name="Test_SeparateCacheEntries_ForDifferentFilters" fullname="MercuryMessaging.Tests.FilterCacheValidationTests.Test_SeparateCacheEntries_ForDifferentFilters" methodname="Test_SeparateCacheEntries_ForDifferentFilters" classname="MercuryMessaging.Tests.FilterCacheValidationTests" runstate="Runnable" seed="921088867" result="Passed" start-time="2025-11-25 05:51:52Z" end-time="2025-11-25 05:51:52Z" duration="0.001826" asserts="0">
              <properties>
                <property name="retryIteration" value="0" />
                <property name="repeatIteration" value="0" />
              </properties>
            </test-case>
          </test-suite>
          <test-suite type="TestFixture" id="1064" name="FluentApiIntegrationTests" fullname="MercuryMessaging.Tests.FluentApiIntegrationTests" classname="MercuryMessaging.Tests.FluentApiIntegrationTests" runstate="Runnable" testcasecount="11" result="Failed" site="Child" start-time="2025-11-25 05:51:52Z" end-time="2025-11-25 05:51:52Z" duration="0.097980" total="11" passed="10" failed="1" inconclusive="0" skipped="0" asserts="0">
            <properties />
            <failure>
              <message><![CDATA[One or more child tests had errors]]></message>
            </failure>
            <test-case id="1066" name="Integration_BranchingHierarchy_AllBranchesReceive" fullname="MercuryMessaging.Tests.FluentApiIntegrationTests.Integration_BranchingHierarchy_AllBranchesReceive" methodname="Integration_BranchingHierarchy_AllBranchesReceive" classname="MercuryMessaging.Tests.FluentApiIntegrationTests" runstate="Runnable" seed="246139673" result="Passed" start-time="2025-11-25 05:51:52Z" end-time="2025-11-25 05:51:52Z" duration="0.011274" asserts="0">
              <properties>
                <property name="retryIteration" value="0" />
                <property name="repeatIteration" value="0" />
              </properties>
            </test-case>
            <test-case id="1067" name="Integration_CombinedFilters_CorrectTargeting" fullname="MercuryMessaging.Tests.FluentApiIntegrationTests.Integration_CombinedFilters_CorrectTargeting" methodname="Integration_CombinedFilters_CorrectTargeting" classname="MercuryMessaging.Tests.FluentApiIntegrationTests" runstate="Runnable" seed="1723751982" result="Failed" label="Error" start-time="2025-11-25 05:51:52Z" end-time="2025-11-25 05:51:52Z" duration="0.021875" asserts="0">
              <properties>
                <property name="retryIteration" value="0" />
                <property name="repeatIteration" value="0" />
              </properties>
              <failure>
                <message><![CDATA[System.NullReferenceException : Object reference not set to an instance of an object]]></message>
                <stack-trace><![CDATA[  at MercuryMessaging.MmRelayNode.UpdateItemAndPropagate (MercuryMessaging.MmRoutingTableItem item, MercuryMessaging.MmMessage message) [0x00076] in C:\Users\yangb\Research\MercuryMessaging\Assets\MercuryMessaging\Protocol\MmRelayNode.cs:338 
  at MercuryMessaging.MmRelayNode.UpdateMessages (MercuryMessaging.MmMessage message) [0x00072] in C:\Users\yangb\Research\MercuryMessaging\Assets\MercuryMessaging\Protocol\MmRelayNode.cs:323 
  at MercuryMessaging.MmRelayNode.MmInvoke (MercuryMessaging.MmMessage message) [0x00030] in C:\Users\yangb\Research\MercuryMessaging\Assets\MercuryMessaging\Protocol\MmRelayNode.cs:577 
  at MercuryMessaging.MmRelayNode.MmInvoke (MercuryMessaging.MmMethod mmMethod, MercuryMessaging.MmMetadataBlock metadataBlock) [0x00019] in C:\Users\yangb\Research\MercuryMessaging\Assets\MercuryMessaging\Protocol\MmRelayNode.cs:843 
  at MercuryMessaging.Protocol.DSL.MmFluentMessage.ExecuteStandard (MercuryMessaging.MmMetadataBlock metadata) [0x00087] in C:\Users\yangb\Research\MercuryMessaging\Assets\MercuryMessaging\Protocol\DSL\MmFluentMessage.cs:669 
  at MercuryMessaging.Protocol.DSL.MmFluentMessage.Execute () [0x000c8] in C:\Users\yangb\Research\MercuryMessaging\Assets\MercuryMessaging\Protocol\DSL\MmFluentMessage.cs:616 
  at MercuryMessaging.Tests.FluentApiIntegrationTests.Integration_CombinedFilters_CorrectTargeting () [0x00063] in C:\Users\yangb\Research\MercuryMessaging\Assets\MercuryMessaging\Tests\FluentApiIntegrationTests.cs:171 
  at (wrapper managed-to-native) System.Reflection.RuntimeMethodInfo.InternalInvoke(System.Reflection.RuntimeMethodInfo,object,object[],System.Exception&)
  at System.Reflection.RuntimeMethodInfo.Invoke (System.Object obj, System.Reflection.BindingFlags invokeAttr, System.Reflection.Binder binder, System.Object[] parameters, System.Globalization.CultureInfo culture) [0x0006a] in <bed9669261d44da0a59448ecde2b1a5c>:0 ]]></stack-trace>
              </failure>
            </test-case>
            <test-case id="1065" name="Integration_DeepHierarchy_MessageReachesAllLevels" fullname="MercuryMessaging.Tests.FluentApiIntegrationTests.Integration_DeepHierarchy_MessageReachesAllLevels" methodname="Integration_DeepHierarchy_MessageReachesAllLevels" classname="MercuryMessaging.Tests.FluentApiIntegrationTests" runstate="Runnable" seed="540105225" result="Passed" start-time="2025-11-25 05:51:52Z" end-time="2025-11-25 05:51:52Z" duration="0.002784" asserts="0">
              <properties>
                <property name="retryIteration" value="0" />
                <property name="repeatIteration" value="0" />
              </properties>
            </test-case>
            <test-case id="1072" name="Integration_MessageFactory_AllTypesWork" fullname="MercuryMessaging.Tests.FluentApiIntegrationTests.Integration_MessageFactory_AllTypesWork" methodname="Integration_MessageFactory_AllTypesWork" classname="MercuryMessaging.Tests.FluentApiIntegrationTests" runstate="Runnable" seed="1022875964" result="Passed" start-time="2025-11-25 05:51:52Z" end-time="2025-11-25 05:51:52Z" duration="0.003873" asserts="0">
              <properties>
                <property name="retryIteration" value="0" />
                <property name="repeatIteration" value="0" />
              </properties>
            </test-case>
            <test-case id="1073" name="Integration_MessageFactory_CustomMethods" fullname="MercuryMessaging.Tests.FluentApiIntegrationTests.Integration_MessageFactory_CustomMethods" methodname="Integration_MessageFactory_CustomMethods" classname="MercuryMessaging.Tests.FluentApiIntegrationTests" runstate="Runnable" seed="1972880610" result="Passed" start-time="2025-11-25 05:51:52Z" end-time="2025-11-25 05:51:52Z" duration="0.010506" asserts="0">
              <properties>
                <property name="retryIteration" value="0" />
                <property name="repeatIteration" value="0" />
              </properties>
            </test-case>
            <test-case id="1075" name="Integration_MixedAPI_TraditionalAndDSLCoexist" fullname="MercuryMessaging.Tests.FluentApiIntegrationTests.Integration_MixedAPI_TraditionalAndDSLCoexist" methodname="Integration_MixedAPI_TraditionalAndDSLCoexist" classname="MercuryMessaging.Tests.FluentApiIntegrationTests" runstate="Runnable" seed="221186017" result="Passed" start-time="2025-11-25 05:51:52Z" end-time="2025-11-25 05:51:52Z" duration="0.002789" asserts="0">
              <properties>
                <property name="retryIteration" value="0" />
                <property name="repeatIteration" value="0" />
              </properties>
            </test-case>
            <test-case id="1068" name="Integration_NotifyParent_ReachesCorrectTarget" fullname="MercuryMessaging.Tests.FluentApiIntegrationTests.Integration_NotifyParent_ReachesCorrectTarget" methodname="Integration_NotifyParent_ReachesCorrectTarget" classname="MercuryMessaging.Tests.FluentApiIntegrationTests" runstate="Runnable" seed="1325854396" result="Passed" start-time="2025-11-25 05:51:52Z" end-time="2025-11-25 05:51:52Z" duration="0.002515" asserts="0">
              <properties>
                <property name="retryIteration" value="0" />
                <property name="repeatIteration" value="0" />
              </properties>
            </test-case>
            <test-case id="1069" name="Integration_NotifyWithValue_ParentReceivesValue" fullname="MercuryMessaging.Tests.FluentApiIntegrationTests.Integration_NotifyWithValue_ParentReceivesValue" methodname="Integration_NotifyWithValue_ParentReceivesValue" classname="MercuryMessaging.Tests.FluentApiIntegrationTests" runstate="Runnable" seed="2069264307" result="Passed" start-time="2025-11-25 05:51:52Z" end-time="2025-11-25 05:51:52Z" duration="0.002327" asserts="0">
              <properties>
                <property name="retryIteration" value="0" />
                <property name="repeatIteration" value="0" />
              </properties>
            </test-case>
            <test-case id="1074" name="Integration_QueryResponse_WorksAcrossHierarchy" fullname="MercuryMessaging.Tests.FluentApiIntegrationTests.Integration_QueryResponse_WorksAcrossHierarchy" methodname="Integration_QueryResponse_WorksAcrossHierarchy" classname="MercuryMessaging.Tests.FluentApiIntegrationTests" runstate="Runnable" seed="363470809" result="Passed" start-time="2025-11-25 05:51:52Z" end-time="2025-11-25 05:51:52Z" duration="0.008987" asserts="0">
              <properties>
                <property name="retryIteration" value="0" />
                <property name="repeatIteration" value="0" />
              </properties>
            </test-case>
            <test-case id="1070" name="Integration_SendToNamed_FindsDeepTarget" fullname="MercuryMessaging.Tests.FluentApiIntegrationTests.Integration_SendToNamed_FindsDeepTarget" methodname="Integration_SendToNamed_FindsDeepTarget" classname="MercuryMessaging.Tests.FluentApiIntegrationTests" runstate="Runnable" seed="1215840134" result="Passed" start-time="2025-11-25 05:51:52Z" end-time="2025-11-25 05:51:52Z" duration="0.003105" asserts="0">
              <properties>
                <property name="retryIteration" value="0" />
                <property name="repeatIteration" value="0" />
              </properties>
            </test-case>
            <test-case id="1071" name="Integration_SendToWithValue_DeliverValue" fullname="MercuryMessaging.Tests.FluentApiIntegrationTests.Integration_SendToWithValue_DeliverValue" methodname="Integration_SendToWithValue_DeliverValue" classname="MercuryMessaging.Tests.FluentApiIntegrationTests" runstate="Runnable" seed="327658620" result="Passed" start-time="2025-11-25 05:51:52Z" end-time="2025-11-25 05:51:52Z" duration="0.001767" asserts="0">
              <properties>
                <property name="retryIteration" value="0" />
                <property name="repeatIteration" value="0" />
              </properties>
            </test-case>
          </test-suite>
          <test-suite type="TestFixture" id="1076" name="FluentApiPerformanceTests" fullname="MercuryMessaging.Tests.FluentApiPerformanceTests" classname="MercuryMessaging.Tests.FluentApiPerformanceTests" runstate="Runnable" testcasecount="11" result="Failed" site="Child" start-time="2025-11-25 05:51:52Z" end-time="2025-11-25 05:52:03Z" duration="11.009776" total="11" passed="10" failed="1" inconclusive="0" skipped="0" asserts="0">
            <properties />
            <failure>
              <message><![CDATA[One or more child tests had errors]]></message>
            </failure>
            <test-case id="1081" name="Benchmark_Broadcast_FluentDSL" fullname="MercuryMessaging.Tests.FluentApiPerformanceTests.Benchmark_Broadcast_FluentDSL" methodname="Benchmark_Broadcast_FluentDSL" classname="MercuryMessaging.Tests.FluentApiPerformanceTests" runstate="Runnable" seed="419036194" result="Passed" start-time="2025-11-25 05:51:52Z" end-time="2025-11-25 05:51:53Z" duration="0.970586" asserts="0">
              <properties>
                <property name="Category" value="Performance" />
                <property name="retryIteration" value="0" />
                <property name="repeatIteration" value="0" />
              </properties>
              <output><![CDATA[[Fluent Broadcast] Avg time: 95424.98 ns/message (10000 iterations)
]]></output>
            </test-case>
            <test-case id="1080" name="Benchmark_Broadcast_Traditional" fullname="MercuryMessaging.Tests.FluentApiPerformanceTests.Benchmark_Broadcast_Traditional" methodname="Benchmark_Broadcast_Traditional" classname="MercuryMessaging.Tests.FluentApiPerformanceTests" runstate="Runnable" seed="1189696642" result="Passed" start-time="2025-11-25 05:51:53Z" end-time="2025-11-25 05:51:55Z" duration="1.783134" asserts="0">
              <properties>
                <property name="Category" value="Performance" />
                <property name="retryIteration" value="0" />
                <property name="repeatIteration" value="0" />
              </properties>
              <output><![CDATA[[Traditional Broadcast] Avg time: 172489.59 ns/message (10000 iterations)
]]></output>
            </test-case>
            <test-case id="1083" name="Benchmark_CompareOverhead_Broadcast" fullname="MercuryMessaging.Tests.FluentApiPerformanceTests.Benchmark_CompareOverhead_Broadcast" methodname="Benchmark_CompareOverhead_Broadcast" classname="MercuryMessaging.Tests.FluentApiPerformanceTests" runstate="Runnable" seed="237933401" result="Passed" start-time="2025-11-25 05:51:55Z" end-time="2025-11-25 05:51:56Z" duration="0.423917" asserts="0">
              <properties>
                <property name="Category" value="Performance" />
                <property name="retryIteration" value="0" />
                <property name="repeatIteration" value="0" />
              </properties>
              <output><![CDATA[
=================================================================
Broadcast Performance Comparison
=================================================================
Traditional (MmInvoke): 24552.17 ns/message
Fluent (Broadcast):     16438.98 ns/message
Overhead:               -33.0%
=================================================================

]]></output>
            </test-case>
            <test-case id="1082" name="Benchmark_CompareOverhead_SimpleMessage" fullname="MercuryMessaging.Tests.FluentApiPerformanceTests.Benchmark_CompareOverhead_SimpleMessage" methodname="Benchmark_CompareOverhead_SimpleMessage" classname="MercuryMessaging.Tests.FluentApiPerformanceTests" runstate="Runnable" seed="236101752" result="Failed" start-time="2025-11-25 05:51:56Z" end-time="2025-11-25 05:51:57Z" duration="1.493814" asserts="0">
              <properties>
                <property name="Category" value="Performance" />
                <property name="retryIteration" value="0" />
                <property name="repeatIteration" value="0" />
              </properties>
              <failure>
                <message><![CDATA[  DSL overhead should be < 50% in Editor, got 279.5%
  Expected: less than 50.0d
  But was:  279.49278074563045d
]]></message>
                <stack-trace><![CDATA[at MercuryMessaging.Tests.FluentApiPerformanceTests.Benchmark_CompareOverhead_SimpleMessage () [0x00192] in C:\Users\yangb\Research\MercuryMessaging\Assets\MercuryMessaging\Tests\FluentApiPerformanceTests.cs:289
]]></stack-trace>
              </failure>
              <output><![CDATA[
=================================================================
DSL vs Traditional API Performance Comparison
=================================================================
Traditional API:     30858.45 ns/message
Fluent DSL:          117105.59 ns/message
Overhead:            279.5%
=================================================================
Iterations: 10,000
Target: <2% overhead (or negative = DSL faster)
=================================================================

]]></output>
            </test-case>
            <test-case id="1087" name="Benchmark_FullSummary" fullname="MercuryMessaging.Tests.FluentApiPerformanceTests.Benchmark_FullSummary" methodname="Benchmark_FullSummary" classname="MercuryMessaging.Tests.FluentApiPerformanceTests" runstate="Runnable" seed="1421321576" result="Passed" start-time="2025-11-25 05:51:57Z" end-time="2025-11-25 05:51:59Z" duration="1.412615" asserts="0">
              <properties>
                <property name="Category" value="Performance" />
                <property name="retryIteration" value="0" />
                <property name="repeatIteration" value="0" />
              </properties>
              <reason>
                <message><![CDATA[Performance benchmark completed - see log for detailed results]]></message>
              </reason>
              <output><![CDATA[
╔═══════════════════════════════════════════════════════════════╗
║        FLUENT DSL PERFORMANCE BENCHMARK SUMMARY               ║
╠═══════════════════════════════════════════════════════════════╣
║  Traditional MmInvoke:      13673.41 ns/msg              ║
║  Fluent DSL Send():         106942.53 ns/msg              ║
║  Broadcast():               18504.80 ns/msg              ║
║  MessageFactory.Create():     314.27 ns/call              ║
╠═══════════════════════════════════════════════════════════════╣
║  DSL Overhead:                 682.1%                    ║
║  Target:                        <2% (production)             ║
║  Note: Unity Editor adds 2-5x overhead                       ║
╠═══════════════════════════════════════════════════════════════╣
║  Iterations:                  10,000                    ║
║  Children:                        10                         ║
╚═══════════════════════════════════════════════════════════════╝

]]></output>
            </test-case>
            <test-case id="1084" name="Benchmark_MemoryAllocation_FluentBuilder" fullname="MercuryMessaging.Tests.FluentApiPerformanceTests.Benchmark_MemoryAllocation_FluentBuilder" methodname="Benchmark_MemoryAllocation_FluentBuilder" classname="MercuryMessaging.Tests.FluentApiPerformanceTests" runstate="Runnable" seed="327887989" result="Passed" start-time="2025-11-25 05:51:59Z" end-time="2025-11-25 05:52:01Z" duration="2.153293" asserts="0">
              <properties>
                <property name="Category" value="Performance" />
                <property name="retryIteration" value="0" />
                <property name="repeatIteration" value="0" />
              </properties>
              <output><![CDATA[[Memory] Fluent builder: 0.00 bytes/operation (total: 0.00 KB)
]]></output>
            </test-case>
            <test-case id="1085" name="Benchmark_MemoryAllocation_MessageFactory" fullname="MercuryMessaging.Tests.FluentApiPerformanceTests.Benchmark_MemoryAllocation_MessageFactory" methodname="Benchmark_MemoryAllocation_MessageFactory" classname="MercuryMessaging.Tests.FluentApiPerformanceTests" runstate="Runnable" seed="1110861659" result="Passed" start-time="2025-11-25 05:52:01Z" end-time="2025-11-25 05:52:03Z" duration="2.018350" asserts="0">
              <properties>
                <property name="Category" value="Performance" />
                <property name="retryIteration" value="0" />
                <property name="repeatIteration" value="0" />
              </properties>
              <output><![CDATA[[Memory] MessageFactory.Int: 0.00 bytes/message (total: 0.00 KB)
]]></output>
            </test-case>
            <test-case id="1079" name="Benchmark_MessageFactory_Create" fullname="MercuryMessaging.Tests.FluentApiPerformanceTests.Benchmark_MessageFactory_Create" methodname="Benchmark_MessageFactory_Create" classname="MercuryMessaging.Tests.FluentApiPerformanceTests" runstate="Runnable" seed="1540437258" result="Passed" start-time="2025-11-25 05:52:03Z" end-time="2025-11-25 05:52:03Z" duration="0.008346" asserts="0">
              <properties>
                <property name="Category" value="Performance" />
                <property name="retryIteration" value="0" />
                <property name="repeatIteration" value="0" />
              </properties>
              <output><![CDATA[[MessageFactory.Create] Avg time: 255.00 ns/call (10000 iterations)
]]></output>
            </test-case>
            <test-case id="1078" name="Benchmark_SimpleMessage_FluentDSL" fullname="MercuryMessaging.Tests.FluentApiPerformanceTests.Benchmark_SimpleMessage_FluentDSL" methodname="Benchmark_SimpleMessage_FluentDSL" classname="MercuryMessaging.Tests.FluentApiPerformanceTests" runstate="Runnable" seed="105537595" result="Passed" start-time="2025-11-25 05:52:03Z" end-time="2025-11-25 05:52:03Z" duration="0.614266" asserts="0">
              <properties>
                <property name="Category" value="Performance" />
                <property name="retryIteration" value="0" />
                <property name="repeatIteration" value="0" />
              </properties>
              <output><![CDATA[[Fluent DSL] Avg time: 60608.00 ns/message (10000 iterations)
]]></output>
            </test-case>
            <test-case id="1077" name="Benchmark_SimpleMessage_Traditional" fullname="MercuryMessaging.Tests.FluentApiPerformanceTests.Benchmark_SimpleMessage_Traditional" methodname="Benchmark_SimpleMessage_Traditional" classname="MercuryMessaging.Tests.FluentApiPerformanceTests" runstate="Runnable" seed="1179557603" result="Passed" start-time="2025-11-25 05:52:03Z" end-time="2025-11-25 05:52:03Z" duration="0.104039" asserts="0">
              <properties>
                <property name="Category" value="Performance" />
                <property name="retryIteration" value="0" />
                <property name="repeatIteration" value="0" />
              </properties>
              <output><![CDATA[[Traditional API] Avg time: 10106.98 ns/message (10000 iterations)
]]></output>
            </test-case>
            <test-case id="1086" name="CodeMetrics_LineCountComparison" fullname="MercuryMessaging.Tests.FluentApiPerformanceTests.CodeMetrics_LineCountComparison" methodname="CodeMetrics_LineCountComparison" classname="MercuryMessaging.Tests.FluentApiPerformanceTests" runstate="Runnable" seed="2058557931" result="Passed" start-time="2025-11-25 05:52:03Z" end-time="2025-11-25 05:52:03Z" duration="0.002673" asserts="0">
              <properties>
                <property name="Category" value="Metrics" />
                <property name="retryIteration" value="0" />
                <property name="repeatIteration" value="0" />
              </properties>
              <output><![CDATA[
=================================================================
Code Reduction Metrics
=================================================================
Traditional API:  7 lines
Fluent DSL:       1 lines
Reduction:        86%
=================================================================
Example - Send int to active children:

// Traditional API - 7 lines
var metadata = new MmMetadataBlock(
    MmLevelFilter.Child,
    MmActiveFilter.Active,
    MmSelectedFilter.All,
    MmNetworkFilter.Local
);
relay.MmInvoke(MmMethod.MessageInt, 42, metadata);


// Fluent DSL - 1 line
relay.Send(MmMethod.MessageInt, 42).ToChildren().Active().Execute();

=================================================================

]]></output>
            </test-case>
          </test-suite>
          <test-suite type="TestFixture" id="1088" name="FluentApiPhase2Tests" fullname="MercuryMessaging.Tests.FluentApiPhase2Tests" classname="MercuryMessaging.Tests.FluentApiPhase2Tests" runstate="Runnable" testcasecount="17" result="Passed" start-time="2025-11-25 05:52:03Z" end-time="2025-11-25 05:52:04Z" duration="0.155965" total="17" passed="17" failed="0" inconclusive="0" skipped="0" asserts="0">
            <properties />
            <test-case id="1101" name="CombinedFilters_SpatialAndCustom" fullname="MercuryMessaging.Tests.FluentApiPhase2Tests.CombinedFilters_SpatialAndCustom" methodname="CombinedFilters_SpatialAndCustom" classname="MercuryMessaging.Tests.FluentApiPhase2Tests" runstate="Runnable" seed="324271489" result="Passed" start-time="2025-11-25 05:52:04Z" end-time="2025-11-25 05:52:04Z" duration="0.011348" asserts="0">
              <properties>
                <property name="retryIteration" value="0" />
                <property name="repeatIteration" value="0" />
              </properties>
            </test-case>
            <test-case id="1100" name="CombinedFilters_SpatialAndType" fullname="MercuryMessaging.Tests.FluentApiPhase2Tests.CombinedFilters_SpatialAndType" methodname="CombinedFilters_SpatialAndType" classname="MercuryMessaging.Tests.FluentApiPhase2Tests" runstate="Runnable" seed="1181370264" result="Passed" start-time="2025-11-25 05:52:04Z" end-time="2025-11-25 05:52:04Z" duration="0.004039" asserts="0">
              <properties>
                <property name="retryIteration" value="0" />
                <property name="repeatIteration" value="0" />
              </properties>
            </test-case>
            <test-case id="1102" name="CombinedFilters_WithStandardFilters" fullname="MercuryMessaging.Tests.FluentApiPhase2Tests.CombinedFilters_WithStandardFilters" methodname="CombinedFilters_WithStandardFilters" classname="MercuryMessaging.Tests.FluentApiPhase2Tests" runstate="Runnable" seed="1376591741" result="Passed" start-time="2025-11-25 05:52:04Z" end-time="2025-11-25 05:52:04Z" duration="0.001086" asserts="0">
              <properties>
                <property name="retryIteration" value="0" />
                <property name="repeatIteration" value="0" />
              </properties>
            </test-case>
            <test-case id="1091" name="InBounds_FiltersObjectsByBoundingBox" fullname="MercuryMessaging.Tests.FluentApiPhase2Tests.InBounds_FiltersObjectsByBoundingBox" methodname="InBounds_FiltersObjectsByBoundingBox" classname="MercuryMessaging.Tests.FluentApiPhase2Tests" runstate="Runnable" seed="540376577" result="Passed" start-time="2025-11-25 05:52:04Z" end-time="2025-11-25 05:52:04Z" duration="0.001515" asserts="0">
              <properties>
                <property name="retryIteration" value="0" />
                <property name="repeatIteration" value="0" />
              </properties>
            </test-case>
            <test-case id="1092" name="InCone_CombinesDirectionAndDistance" fullname="MercuryMessaging.Tests.FluentApiPhase2Tests.InCone_CombinesDirectionAndDistance" methodname="InCone_CombinesDirectionAndDistance" classname="MercuryMessaging.Tests.FluentApiPhase2Tests" runstate="Runnable" seed="1245708080" result="Passed" start-time="2025-11-25 05:52:04Z" end-time="2025-11-25 05:52:04Z" duration="0.001995" asserts="0">
              <properties>
                <property name="retryIteration" value="0" />
                <property name="repeatIteration" value="0" />
              </properties>
            </test-case>
            <test-case id="1090" name="InDirection_FiltersObjectsByAngle" fullname="MercuryMessaging.Tests.FluentApiPhase2Tests.InDirection_FiltersObjectsByAngle" methodname="InDirection_FiltersObjectsByAngle" classname="MercuryMessaging.Tests.FluentApiPhase2Tests" runstate="Runnable" seed="630901613" result="Passed" start-time="2025-11-25 05:52:04Z" end-time="2025-11-25 05:52:04Z" duration="0.001290" asserts="0">
              <properties>
                <property name="retryIteration" value="0" />
                <property name="repeatIteration" value="0" />
              </properties>
            </test-case>
            <test-case id="1104" name="MmPredicate_InBounds_EvaluatesCorrectly" fullname="MercuryMessaging.Tests.FluentApiPhase2Tests.MmPredicate_InBounds_EvaluatesCorrectly" methodname="MmPredicate_InBounds_EvaluatesCorrectly" classname="MercuryMessaging.Tests.FluentApiPhase2Tests" runstate="Runnable" seed="1912950060" result="Passed" start-time="2025-11-25 05:52:04Z" end-time="2025-11-25 05:52:04Z" duration="0.001952" asserts="0">
              <properties>
                <property name="retryIteration" value="0" />
                <property name="repeatIteration" value="0" />
              </properties>
            </test-case>
            <test-case id="1103" name="MmPredicate_Within_EvaluatesCorrectly" fullname="MercuryMessaging.Tests.FluentApiPhase2Tests.MmPredicate_Within_EvaluatesCorrectly" methodname="MmPredicate_Within_EvaluatesCorrectly" classname="MercuryMessaging.Tests.FluentApiPhase2Tests" runstate="Runnable" seed="283973143" result="Passed" start-time="2025-11-25 05:52:04Z" end-time="2025-11-25 05:52:04Z" duration="0.002742" asserts="0">
              <properties>
                <property name="retryIteration" value="0" />
                <property name="repeatIteration" value="0" />
              </properties>
            </test-case>
            <test-case id="1105" name="MmPredicateList_EvaluatesAllPredicates" fullname="MercuryMessaging.Tests.FluentApiPhase2Tests.MmPredicateList_EvaluatesAllPredicates" methodname="MmPredicateList_EvaluatesAllPredicates" classname="MercuryMessaging.Tests.FluentApiPhase2Tests" runstate="Runnable" seed="20732866" result="Passed" start-time="2025-11-25 05:52:04Z" end-time="2025-11-25 05:52:04Z" duration="0.004110" asserts="0">
              <properties>
                <property name="retryIteration" value="0" />
                <property name="repeatIteration" value="0" />
              </properties>
            </test-case>
            <test-case id="1098" name="Named_FiltersObjectsByNamePattern" fullname="MercuryMessaging.Tests.FluentApiPhase2Tests.Named_FiltersObjectsByNamePattern" methodname="Named_FiltersObjectsByNamePattern" classname="MercuryMessaging.Tests.FluentApiPhase2Tests" runstate="Runnable" seed="1965034611" result="Passed" start-time="2025-11-25 05:52:04Z" end-time="2025-11-25 05:52:04Z" duration="0.002446" asserts="0">
              <properties>
                <property name="retryIteration" value="0" />
                <property name="repeatIteration" value="0" />
              </properties>
            </test-case>
            <test-case id="1099" name="NamedExactly_FiltersObjectsByExactName" fullname="MercuryMessaging.Tests.FluentApiPhase2Tests.NamedExactly_FiltersObjectsByExactName" methodname="NamedExactly_FiltersObjectsByExactName" classname="MercuryMessaging.Tests.FluentApiPhase2Tests" runstate="Runnable" seed="783152076" result="Passed" start-time="2025-11-25 05:52:04Z" end-time="2025-11-25 05:52:04Z" duration="0.001345" asserts="0">
              <properties>
                <property name="retryIteration" value="0" />
                <property name="repeatIteration" value="0" />
              </properties>
            </test-case>
            <test-case id="1095" name="OfType_CanFilterByMmResponder" fullname="MercuryMessaging.Tests.FluentApiPhase2Tests.OfType_CanFilterByMmResponder" methodname="OfType_CanFilterByMmResponder" classname="MercuryMessaging.Tests.FluentApiPhase2Tests" runstate="Runnable" seed="1066834497" result="Passed" start-time="2025-11-25 05:52:04Z" end-time="2025-11-25 05:52:04Z" duration="0.001184" asserts="0">
              <properties>
                <property name="retryIteration" value="0" />
                <property name="repeatIteration" value="0" />
              </properties>
            </test-case>
            <test-case id="1093" name="OfType_FiltersObjectsByComponent" fullname="MercuryMessaging.Tests.FluentApiPhase2Tests.OfType_FiltersObjectsByComponent" methodname="OfType_FiltersObjectsByComponent" classname="MercuryMessaging.Tests.FluentApiPhase2Tests" runstate="Runnable" seed="1842752806" result="Passed" start-time="2025-11-25 05:52:04Z" end-time="2025-11-25 05:52:04Z" duration="0.001502" asserts="0">
              <properties>
                <property name="retryIteration" value="0" />
                <property name="repeatIteration" value="0" />
              </properties>
            </test-case>
            <test-case id="1097" name="OnLayer_FiltersObjectsByLayer" fullname="MercuryMessaging.Tests.FluentApiPhase2Tests.OnLayer_FiltersObjectsByLayer" methodname="OnLayer_FiltersObjectsByLayer" classname="MercuryMessaging.Tests.FluentApiPhase2Tests" runstate="Runnable" seed="562731364" result="Passed" start-time="2025-11-25 05:52:04Z" end-time="2025-11-25 05:52:04Z" duration="0.002550" asserts="0">
              <properties>
                <property name="retryIteration" value="0" />
                <property name="repeatIteration" value="0" />
              </properties>
            </test-case>
            <test-case id="1096" name="Where_GameObject_FiltersWithCustomLogic" fullname="MercuryMessaging.Tests.FluentApiPhase2Tests.Where_GameObject_FiltersWithCustomLogic" methodname="Where_GameObject_FiltersWithCustomLogic" classname="MercuryMessaging.Tests.FluentApiPhase2Tests" runstate="Runnable" seed="1113524444" result="Passed" start-time="2025-11-25 05:52:04Z" end-time="2025-11-25 05:52:04Z" duration="0.002655" asserts="0">
              <properties>
                <property name="retryIteration" value="0" />
                <property name="repeatIteration" value="0" />
              </properties>
            </test-case>
            <test-case id="1094" name="WithComponent_WorksAliasForOfType" fullname="MercuryMessaging.Tests.FluentApiPhase2Tests.WithComponent_WorksAliasForOfType" methodname="WithComponent_WorksAliasForOfType" classname="MercuryMessaging.Tests.FluentApiPhase2Tests" runstate="Runnable" seed="1472278381" result="Passed" start-time="2025-11-25 05:52:04Z" end-time="2025-11-25 05:52:04Z" duration="0.003020" asserts="0">
              <properties>
                <property name="retryIteration" value="0" />
                <property name="repeatIteration" value="0" />
              </properties>
            </test-case>
            <test-case id="1089" name="Within_FiltersObjectsByDistance" fullname="MercuryMessaging.Tests.FluentApiPhase2Tests.Within_FiltersObjectsByDistance" methodname="Within_FiltersObjectsByDistance" classname="MercuryMessaging.Tests.FluentApiPhase2Tests" runstate="Runnable" seed="1155764327" result="Passed" start-time="2025-11-25 05:52:04Z" end-time="2025-11-25 05:52:04Z" duration="0.001368" asserts="0">
              <properties>
                <property name="retryIteration" value="0" />
                <property name="repeatIteration" value="0" />
              </properties>
            </test-case>
          </test-suite>
          <test-suite type="TestFixture" id="1106" name="FluentApiPhase3Tests" fullname="MercuryMessaging.Tests.FluentApiPhase3Tests" classname="MercuryMessaging.Tests.FluentApiPhase3Tests" runstate="Runnable" testcasecount="42" result="Failed" site="Child" start-time="2025-11-25 05:52:04Z" end-time="2025-11-25 05:52:05Z" duration="1.603437" total="42" passed="41" failed="1" inconclusive="0" skipped="0" asserts="0">
            <properties />
            <failure>
              <message><![CDATA[One or more child tests had errors]]></message>
            </failure>
            <test-case id="1138" name="After_CanBeCancelled" fullname="MercuryMessaging.Tests.FluentApiPhase3Tests.After_CanBeCancelled" methodname="After_CanBeCancelled" classname="MercuryMessaging.Tests.FluentApiPhase3Tests" runstate="Runnable" seed="721271613" result="Passed" start-time="2025-11-25 05:52:04Z" end-time="2025-11-25 05:52:04Z" duration="0.194088" asserts="0">
              <properties>
                <property name="_JOINTYPE" value="UnityCombinatorial" />
                <property name="retryIteration" value="0" />
                <property name="repeatIteration" value="0" />
              </properties>
            </test-case>
            <test-case id="1137" name="After_DelaysMessage" fullname="MercuryMessaging.Tests.FluentApiPhase3Tests.After_DelaysMessage" methodname="After_DelaysMessage" classname="MercuryMessaging.Tests.FluentApiPhase3Tests" runstate="Runnable" seed="153693726" result="Passed" start-time="2025-11-25 05:52:04Z" end-time="2025-11-25 05:52:04Z" duration="0.179189" asserts="0">
              <properties>
                <property name="_JOINTYPE" value="UnityCombinatorial" />
                <property name="retryIteration" value="0" />
                <property name="repeatIteration" value="0" />
              </properties>
            </test-case>
            <test-case id="1122" name="Broadcast_BoolValue_ReachesDescendants" fullname="MercuryMessaging.Tests.FluentApiPhase3Tests.Broadcast_BoolValue_ReachesDescendants" methodname="Broadcast_BoolValue_ReachesDescendants" classname="MercuryMessaging.Tests.FluentApiPhase3Tests" runstate="Runnable" seed="1908410703" result="Passed" start-time="2025-11-25 05:52:04Z" end-time="2025-11-25 05:52:04Z" duration="0.002199" asserts="0">
              <properties>
                <property name="retryIteration" value="0" />
                <property name="repeatIteration" value="0" />
              </properties>
            </test-case>
            <test-case id="1121" name="Broadcast_SendsToAllDescendants" fullname="MercuryMessaging.Tests.FluentApiPhase3Tests.Broadcast_SendsToAllDescendants" methodname="Broadcast_SendsToAllDescendants" classname="MercuryMessaging.Tests.FluentApiPhase3Tests" runstate="Runnable" seed="1865704926" result="Passed" start-time="2025-11-25 05:52:04Z" end-time="2025-11-25 05:52:04Z" duration="0.001835" asserts="0">
              <properties>
                <property name="retryIteration" value="0" />
                <property name="repeatIteration" value="0" />
              </properties>
            </test-case>
            <test-case id="1124" name="BroadcastInitialize_ConvenienceMethod_Works" fullname="MercuryMessaging.Tests.FluentApiPhase3Tests.BroadcastInitialize_ConvenienceMethod_Works" methodname="BroadcastInitialize_ConvenienceMethod_Works" classname="MercuryMessaging.Tests.FluentApiPhase3Tests" runstate="Runnable" seed="1778657305" result="Passed" start-time="2025-11-25 05:52:04Z" end-time="2025-11-25 05:52:04Z" duration="0.002835" asserts="0">
              <properties>
                <property name="retryIteration" value="0" />
                <property name="repeatIteration" value="0" />
              </properties>
            </test-case>
            <test-case id="1123" name="BroadcastSetActive_ConvenienceMethod_Works" fullname="MercuryMessaging.Tests.FluentApiPhase3Tests.BroadcastSetActive_ConvenienceMethod_Works" methodname="BroadcastSetActive_ConvenienceMethod_Works" classname="MercuryMessaging.Tests.FluentApiPhase3Tests" runstate="Runnable" seed="924436813" result="Passed" start-time="2025-11-25 05:52:04Z" end-time="2025-11-25 05:52:04Z" duration="0.001423" asserts="0">
              <properties>
                <property name="retryIteration" value="0" />
                <property name="repeatIteration" value="0" />
              </properties>
            </test-case>
            <test-case id="1136" name="CancelQuery_RemovesPendingQuery" fullname="MercuryMessaging.Tests.FluentApiPhase3Tests.CancelQuery_RemovesPendingQuery" methodname="CancelQuery_RemovesPendingQuery" classname="MercuryMessaging.Tests.FluentApiPhase3Tests" runstate="Runnable" seed="1901696289" result="Passed" start-time="2025-11-25 05:52:04Z" end-time="2025-11-25 05:52:04Z" duration="0.002177" asserts="0">
              <properties>
                <property name="retryIteration" value="0" />
                <property name="repeatIteration" value="0" />
              </properties>
            </test-case>
            <test-case id="1139" name="Every_RepeatsMessage" fullname="MercuryMessaging.Tests.FluentApiPhase3Tests.Every_RepeatsMessage" methodname="Every_RepeatsMessage" classname="MercuryMessaging.Tests.FluentApiPhase3Tests" runstate="Runnable" seed="142230563" result="Passed" start-time="2025-11-25 05:52:04Z" end-time="2025-11-25 05:52:04Z" duration="0.246089" asserts="0">
              <properties>
                <property name="_JOINTYPE" value="UnityCombinatorial" />
                <property name="retryIteration" value="0" />
                <property name="repeatIteration" value="0" />
              </properties>
            </test-case>
            <test-case id="1140" name="Every_StopsOnCancel" fullname="MercuryMessaging.Tests.FluentApiPhase3Tests.Every_StopsOnCancel" methodname="Every_StopsOnCancel" classname="MercuryMessaging.Tests.FluentApiPhase3Tests" runstate="Runnable" seed="2039259535" result="Passed" start-time="2025-11-25 05:52:04Z" end-time="2025-11-25 05:52:05Z" duration="0.259677" asserts="0">
              <properties>
                <property name="_JOINTYPE" value="UnityCombinatorial" />
                <property name="retryIteration" value="0" />
                <property name="repeatIteration" value="0" />
              </properties>
            </test-case>
            <test-case id="1148" name="Factory_And_After_Integration" fullname="MercuryMessaging.Tests.FluentApiPhase3Tests.Factory_And_After_Integration" methodname="Factory_And_After_Integration" classname="MercuryMessaging.Tests.FluentApiPhase3Tests" runstate="Runnable" seed="583825100" result="Passed" start-time="2025-11-25 05:52:05Z" end-time="2025-11-25 05:52:05Z" duration="0.169277" asserts="0">
              <properties>
                <property name="_JOINTYPE" value="UnityCombinatorial" />
                <property name="retryIteration" value="0" />
                <property name="repeatIteration" value="0" />
              </properties>
            </test-case>
            <test-case id="1146" name="Factory_And_Broadcast_Integration" fullname="MercuryMessaging.Tests.FluentApiPhase3Tests.Factory_And_Broadcast_Integration" methodname="Factory_And_Broadcast_Integration" classname="MercuryMessaging.Tests.FluentApiPhase3Tests" runstate="Runnable" seed="301920256" result="Passed" start-time="2025-11-25 05:52:05Z" end-time="2025-11-25 05:52:05Z" duration="0.000965" asserts="0">
              <properties>
                <property name="retryIteration" value="0" />
                <property name="repeatIteration" value="0" />
              </properties>
            </test-case>
            <test-case id="1147" name="Factory_And_SendTo_Integration" fullname="MercuryMessaging.Tests.FluentApiPhase3Tests.Factory_And_SendTo_Integration" methodname="Factory_And_SendTo_Integration" classname="MercuryMessaging.Tests.FluentApiPhase3Tests" runstate="Runnable" seed="1585811251" result="Passed" start-time="2025-11-25 05:52:05Z" end-time="2025-11-25 05:52:05Z" duration="0.000644" asserts="0">
              <properties>
                <property name="retryIteration" value="0" />
                <property name="repeatIteration" value="0" />
              </properties>
            </test-case>
            <test-case id="1134" name="HasTarget_ReturnsCorrectly" fullname="MercuryMessaging.Tests.FluentApiPhase3Tests.HasTarget_ReturnsCorrectly" methodname="HasTarget_ReturnsCorrectly" classname="MercuryMessaging.Tests.FluentApiPhase3Tests" runstate="Runnable" seed="91337296" result="Passed" start-time="2025-11-25 05:52:05Z" end-time="2025-11-25 05:52:05Z" duration="0.000486" asserts="0">
              <properties>
                <property name="retryIteration" value="0" />
                <property name="repeatIteration" value="0" />
              </properties>
            </test-case>
            <test-case id="1107" name="MessageFactory_CreateBool_ReturnsCorrectType" fullname="MercuryMessaging.Tests.FluentApiPhase3Tests.MessageFactory_CreateBool_ReturnsCorrectType" methodname="MessageFactory_CreateBool_ReturnsCorrectType" classname="MercuryMessaging.Tests.FluentApiPhase3Tests" runstate="Runnable" seed="50301575" result="Passed" start-time="2025-11-25 05:52:05Z" end-time="2025-11-25 05:52:05Z" duration="0.005383" asserts="0">
              <properties>
                <property name="retryIteration" value="0" />
                <property name="repeatIteration" value="0" />
              </properties>
            </test-case>
            <test-case id="1109" name="MessageFactory_CreateFloat_ReturnsCorrectType" fullname="MercuryMessaging.Tests.FluentApiPhase3Tests.MessageFactory_CreateFloat_ReturnsCorrectType" methodname="MessageFactory_CreateFloat_ReturnsCorrectType" classname="MercuryMessaging.Tests.FluentApiPhase3Tests" runstate="Runnable" seed="566091432" result="Passed" start-time="2025-11-25 05:52:05Z" end-time="2025-11-25 05:52:05Z" duration="0.000720" asserts="0">
              <properties>
                <property name="retryIteration" value="0" />
                <property name="repeatIteration" value="0" />
              </properties>
            </test-case>
            <test-case id="1108" name="MessageFactory_CreateInt_ReturnsCorrectType" fullname="MercuryMessaging.Tests.FluentApiPhase3Tests.MessageFactory_CreateInt_ReturnsCorrectType" methodname="MessageFactory_CreateInt_ReturnsCorrectType" classname="MercuryMessaging.Tests.FluentApiPhase3Tests" runstate="Runnable" seed="464314324" result="Passed" start-time="2025-11-25 05:52:05Z" end-time="2025-11-25 05:52:05Z" duration="0.000416" asserts="0">
              <properties>
                <property name="retryIteration" value="0" />
                <property name="repeatIteration" value="0" />
              </properties>
            </test-case>
            <test-case id="1110" name="MessageFactory_CreateString_ReturnsCorrectType" fullname="MercuryMessaging.Tests.FluentApiPhase3Tests.MessageFactory_CreateString_ReturnsCorrectType" methodname="MessageFactory_CreateString_ReturnsCorrectType" classname="MercuryMessaging.Tests.FluentApiPhase3Tests" runstate="Runnable" seed="1461720924" result="Passed" start-time="2025-11-25 05:52:05Z" end-time="2025-11-25 05:52:05Z" duration="0.000404" asserts="0">
              <properties>
                <property name="retryIteration" value="0" />
                <property name="repeatIteration" value="0" />
              </properties>
            </test-case>
            <test-case id="1111" name="MessageFactory_CreateVector3_ReturnsCorrectType" fullname="MercuryMessaging.Tests.FluentApiPhase3Tests.MessageFactory_CreateVector3_ReturnsCorrectType" methodname="MessageFactory_CreateVector3_ReturnsCorrectType" classname="MercuryMessaging.Tests.FluentApiPhase3Tests" runstate="Runnable" seed="1172006655" result="Passed" start-time="2025-11-25 05:52:05Z" end-time="2025-11-25 05:52:05Z" duration="0.001465" asserts="0">
              <properties>
                <property name="retryIteration" value="0" />
                <property name="repeatIteration" value="0" />
              </properties>
            </test-case>
            <test-case id="1116" name="MessageFactory_Custom_CreatesWithMethodId" fullname="MercuryMessaging.Tests.FluentApiPhase3Tests.MessageFactory_Custom_CreatesWithMethodId" methodname="MessageFactory_Custom_CreatesWithMethodId" classname="MercuryMessaging.Tests.FluentApiPhase3Tests" runstate="Runnable" seed="1898319298" result="Passed" start-time="2025-11-25 05:52:05Z" end-time="2025-11-25 05:52:05Z" duration="0.000438" asserts="0">
              <properties>
                <property name="retryIteration" value="0" />
                <property name="repeatIteration" value="0" />
              </properties>
            </test-case>
            <test-case id="1117" name="MessageFactory_CustomWithPayload_CreatesWithMethodAndValue" fullname="MercuryMessaging.Tests.FluentApiPhase3Tests.MessageFactory_CustomWithPayload_CreatesWithMethodAndValue" methodname="MessageFactory_CustomWithPayload_CreatesWithMethodAndValue" classname="MercuryMessaging.Tests.FluentApiPhase3Tests" runstate="Runnable" seed="1976612068" result="Passed" start-time="2025-11-25 05:52:05Z" end-time="2025-11-25 05:52:05Z" duration="0.000846" asserts="0">
              <properties>
                <property name="retryIteration" value="0" />
                <property name="repeatIteration" value="0" />
              </properties>
            </test-case>
            <test-case id="1112" name="MessageFactory_GenericCreate_InfersType" fullname="MercuryMessaging.Tests.FluentApiPhase3Tests.MessageFactory_GenericCreate_InfersType" methodname="MessageFactory_GenericCreate_InfersType" classname="MercuryMessaging.Tests.FluentApiPhase3Tests" runstate="Runnable" seed="303352417" result="Passed" start-time="2025-11-25 05:52:05Z" end-time="2025-11-25 05:52:05Z" duration="0.002655" asserts="0">
              <properties>
                <property name="retryIteration" value="0" />
                <property name="repeatIteration" value="0" />
              </properties>
            </test-case>
            <test-case id="1113" name="MessageFactory_Initialize_CreatesCorrectCommand" fullname="MercuryMessaging.Tests.FluentApiPhase3Tests.MessageFactory_Initialize_CreatesCorrectCommand" methodname="MessageFactory_Initialize_CreatesCorrectCommand" classname="MercuryMessaging.Tests.FluentApiPhase3Tests" runstate="Runnable" seed="730573518" result="Passed" start-time="2025-11-25 05:52:05Z" end-time="2025-11-25 05:52:05Z" duration="0.000913" asserts="0">
              <properties>
                <property name="retryIteration" value="0" />
                <property name="repeatIteration" value="0" />
              </properties>
            </test-case>
            <test-case id="1114" name="MessageFactory_SetActive_CreatesCorrectCommand" fullname="MercuryMessaging.Tests.FluentApiPhase3Tests.MessageFactory_SetActive_CreatesCorrectCommand" methodname="MessageFactory_SetActive_CreatesCorrectCommand" classname="MercuryMessaging.Tests.FluentApiPhase3Tests" runstate="Runnable" seed="1100595441" result="Passed" start-time="2025-11-25 05:52:05Z" end-time="2025-11-25 05:52:05Z" duration="0.000724" asserts="0">
              <properties>
                <property name="retryIteration" value="0" />
                <property name="repeatIteration" value="0" />
              </properties>
            </test-case>
            <test-case id="1115" name="MessageFactory_Switch_ByName_CreatesCorrectCommand" fullname="MercuryMessaging.Tests.FluentApiPhase3Tests.MessageFactory_Switch_ByName_CreatesCorrectCommand" methodname="MessageFactory_Switch_ByName_CreatesCorrectCommand" classname="MercuryMessaging.Tests.FluentApiPhase3Tests" runstate="Runnable" seed="1429947144" result="Passed" start-time="2025-11-25 05:52:05Z" end-time="2025-11-25 05:52:05Z" duration="0.000783" asserts="0">
              <properties>
                <property name="retryIteration" value="0" />
                <property name="repeatIteration" value="0" />
              </properties>
            </test-case>
            <test-case id="1119" name="MessageFactory_ToChildren_SetsLevelFilter" fullname="MercuryMessaging.Tests.FluentApiPhase3Tests.MessageFactory_ToChildren_SetsLevelFilter" methodname="MessageFactory_ToChildren_SetsLevelFilter" classname="MercuryMessaging.Tests.FluentApiPhase3Tests" runstate="Runnable" seed="577020515" result="Passed" start-time="2025-11-25 05:52:05Z" end-time="2025-11-25 05:52:05Z" duration="0.000492" asserts="0">
              <properties>
                <property name="retryIteration" value="0" />
                <property name="repeatIteration" value="0" />
              </properties>
            </test-case>
            <test-case id="1120" name="MessageFactory_ToDescendants_SetsLevelFilter" fullname="MercuryMessaging.Tests.FluentApiPhase3Tests.MessageFactory_ToDescendants_SetsLevelFilter" methodname="MessageFactory_ToDescendants_SetsLevelFilter" classname="MercuryMessaging.Tests.FluentApiPhase3Tests" runstate="Runnable" seed="1149271665" result="Passed" start-time="2025-11-25 05:52:05Z" end-time="2025-11-25 05:52:05Z" duration="0.000400" asserts="0">
              <properties>
                <property name="retryIteration" value="0" />
                <property name="repeatIteration" value="0" />
              </properties>
            </test-case>
            <test-case id="1118" name="MessageFactory_WithMetadata_AppliesMetadata" fullname="MercuryMessaging.Tests.FluentApiPhase3Tests.MessageFactory_WithMetadata_AppliesMetadata" methodname="MessageFactory_WithMetadata_AppliesMetadata" classname="MercuryMessaging.Tests.FluentApiPhase3Tests" runstate="Runnable" seed="863014937" result="Passed" start-time="2025-11-25 05:52:05Z" end-time="2025-11-25 05:52:05Z" duration="0.000428" asserts="0">
              <properties>
                <property name="retryIteration" value="0" />
                <property name="repeatIteration" value="0" />
              </properties>
            </test-case>
            <test-case id="1125" name="Notify_SendsToParent" fullname="MercuryMessaging.Tests.FluentApiPhase3Tests.Notify_SendsToParent" methodname="Notify_SendsToParent" classname="MercuryMessaging.Tests.FluentApiPhase3Tests" runstate="Runnable" seed="491514340" result="Passed" start-time="2025-11-25 05:52:05Z" end-time="2025-11-25 05:52:05Z" duration="0.000727" asserts="0">
              <properties>
                <property name="retryIteration" value="0" />
                <property name="repeatIteration" value="0" />
              </properties>
            </test-case>
            <test-case id="1126" name="Notify_WithValue_SendsToParent" fullname="MercuryMessaging.Tests.FluentApiPhase3Tests.Notify_WithValue_SendsToParent" methodname="Notify_WithValue_SendsToParent" classname="MercuryMessaging.Tests.FluentApiPhase3Tests" runstate="Runnable" seed="336841694" result="Passed" start-time="2025-11-25 05:52:05Z" end-time="2025-11-25 05:52:05Z" duration="0.000643" asserts="0">
              <properties>
                <property name="retryIteration" value="0" />
                <property name="repeatIteration" value="0" />
              </properties>
            </test-case>
            <test-case id="1127" name="NotifyComplete_ConvenienceMethod_Works" fullname="MercuryMessaging.Tests.FluentApiPhase3Tests.NotifyComplete_ConvenienceMethod_Works" methodname="NotifyComplete_ConvenienceMethod_Works" classname="MercuryMessaging.Tests.FluentApiPhase3Tests" runstate="Runnable" seed="318256628" result="Passed" start-time="2025-11-25 05:52:05Z" end-time="2025-11-25 05:52:05Z" duration="0.000597" asserts="0">
              <properties>
                <property name="retryIteration" value="0" />
                <property name="repeatIteration" value="0" />
              </properties>
            </test-case>
            <test-case id="1135" name="Query_RegistersCallback" fullname="MercuryMessaging.Tests.FluentApiPhase3Tests.Query_RegistersCallback" methodname="Query_RegistersCallback" classname="MercuryMessaging.Tests.FluentApiPhase3Tests" runstate="Runnable" seed="1086318076" result="Passed" start-time="2025-11-25 05:52:05Z" end-time="2025-11-25 05:52:05Z" duration="0.000512" asserts="0">
              <properties>
                <property name="retryIteration" value="0" />
                <property name="repeatIteration" value="0" />
              </properties>
            </test-case>
            <test-case id="1143" name="Schedule_FluentBuilder_Works" fullname="MercuryMessaging.Tests.FluentApiPhase3Tests.Schedule_FluentBuilder_Works" methodname="Schedule_FluentBuilder_Works" classname="MercuryMessaging.Tests.FluentApiPhase3Tests" runstate="Runnable" seed="1718943205" result="Passed" start-time="2025-11-25 05:52:05Z" end-time="2025-11-25 05:52:05Z" duration="0.000660" asserts="0">
              <properties>
                <property name="retryIteration" value="0" />
                <property name="repeatIteration" value="0" />
              </properties>
            </test-case>
            <test-case id="1144" name="Schedule_WithDelay_DelaysExecution" fullname="MercuryMessaging.Tests.FluentApiPhase3Tests.Schedule_WithDelay_DelaysExecution" methodname="Schedule_WithDelay_DelaysExecution" classname="MercuryMessaging.Tests.FluentApiPhase3Tests" runstate="Runnable" seed="1065128264" result="Passed" start-time="2025-11-25 05:52:05Z" end-time="2025-11-25 05:52:05Z" duration="0.171844" asserts="0">
              <properties>
                <property name="_JOINTYPE" value="UnityCombinatorial" />
                <property name="retryIteration" value="0" />
                <property name="repeatIteration" value="0" />
              </properties>
            </test-case>
            <test-case id="1128" name="SendTo_ByName_FindsTarget" fullname="MercuryMessaging.Tests.FluentApiPhase3Tests.SendTo_ByName_FindsTarget" methodname="SendTo_ByName_FindsTarget" classname="MercuryMessaging.Tests.FluentApiPhase3Tests" runstate="Runnable" seed="1397665405" result="Passed" start-time="2025-11-25 05:52:05Z" end-time="2025-11-25 05:52:05Z" duration="0.001158" asserts="0">
              <properties>
                <property name="retryIteration" value="0" />
                <property name="repeatIteration" value="0" />
              </properties>
            </test-case>
            <test-case id="1129" name="SendTo_ByName_WithValue_Works" fullname="MercuryMessaging.Tests.FluentApiPhase3Tests.SendTo_ByName_WithValue_Works" methodname="SendTo_ByName_WithValue_Works" classname="MercuryMessaging.Tests.FluentApiPhase3Tests" runstate="Runnable" seed="433893327" result="Passed" start-time="2025-11-25 05:52:05Z" end-time="2025-11-25 05:52:05Z" duration="0.000695" asserts="0">
              <properties>
                <property name="retryIteration" value="0" />
                <property name="repeatIteration" value="0" />
              </properties>
            </test-case>
            <test-case id="1131" name="SendTo_DirectReference_Works" fullname="MercuryMessaging.Tests.FluentApiPhase3Tests.SendTo_DirectReference_Works" methodname="SendTo_DirectReference_Works" classname="MercuryMessaging.Tests.FluentApiPhase3Tests" runstate="Runnable" seed="1916981005" result="Passed" start-time="2025-11-25 05:52:05Z" end-time="2025-11-25 05:52:05Z" duration="0.000733" asserts="0">
              <properties>
                <property name="retryIteration" value="0" />
                <property name="repeatIteration" value="0" />
              </properties>
            </test-case>
            <test-case id="1130" name="SendTo_NonExistent_LogsWarning" fullname="MercuryMessaging.Tests.FluentApiPhase3Tests.SendTo_NonExistent_LogsWarning" methodname="SendTo_NonExistent_LogsWarning" classname="MercuryMessaging.Tests.FluentApiPhase3Tests" runstate="Runnable" seed="317633141" result="Passed" start-time="2025-11-25 05:52:05Z" end-time="2025-11-25 05:52:05Z" duration="0.003621" asserts="0">
              <properties>
                <property name="retryIteration" value="0" />
                <property name="repeatIteration" value="0" />
              </properties>
              <output><![CDATA[MmRelayNodeExtensions.SendTo: Target 'NonExistent' not found in hierarchy
]]></output>
            </test-case>
            <test-case id="1145" name="TemporalHandle_IsCancelled_ReflectsState" fullname="MercuryMessaging.Tests.FluentApiPhase3Tests.TemporalHandle_IsCancelled_ReflectsState" methodname="TemporalHandle_IsCancelled_ReflectsState" classname="MercuryMessaging.Tests.FluentApiPhase3Tests" runstate="Runnable" seed="53505698" result="Passed" start-time="2025-11-25 05:52:05Z" end-time="2025-11-25 05:52:05Z" duration="0.000735" asserts="0">
              <properties>
                <property name="retryIteration" value="0" />
                <property name="repeatIteration" value="0" />
              </properties>
            </test-case>
            <test-case id="1133" name="TryFindTarget_ReturnsFalse_WhenNotExists" fullname="MercuryMessaging.Tests.FluentApiPhase3Tests.TryFindTarget_ReturnsFalse_WhenNotExists" methodname="TryFindTarget_ReturnsFalse_WhenNotExists" classname="MercuryMessaging.Tests.FluentApiPhase3Tests" runstate="Runnable" seed="1887383043" result="Passed" start-time="2025-11-25 05:52:05Z" end-time="2025-11-25 05:52:05Z" duration="0.000789" asserts="0">
              <properties>
                <property name="retryIteration" value="0" />
                <property name="repeatIteration" value="0" />
              </properties>
            </test-case>
            <test-case id="1132" name="TryFindTarget_ReturnsTrue_WhenExists" fullname="MercuryMessaging.Tests.FluentApiPhase3Tests.TryFindTarget_ReturnsTrue_WhenExists" methodname="TryFindTarget_ReturnsTrue_WhenExists" classname="MercuryMessaging.Tests.FluentApiPhase3Tests" runstate="Runnable" seed="48608983" result="Passed" start-time="2025-11-25 05:52:05Z" end-time="2025-11-25 05:52:05Z" duration="0.001506" asserts="0">
              <properties>
                <property name="retryIteration" value="0" />
                <property name="repeatIteration" value="0" />
              </properties>
            </test-case>
            <test-case id="1142" name="When_TimesOut" fullname="MercuryMessaging.Tests.FluentApiPhase3Tests.When_TimesOut" methodname="When_TimesOut" classname="MercuryMessaging.Tests.FluentApiPhase3Tests" runstate="Runnable" seed="639177203" result="Passed" start-time="2025-11-25 05:52:05Z" end-time="2025-11-25 05:52:05Z" duration="0.183208" asserts="0">
              <properties>
                <property name="_JOINTYPE" value="UnityCombinatorial" />
                <property name="retryIteration" value="0" />
                <property name="repeatIteration" value="0" />
              </properties>
              <output><![CDATA[MmTemporalExtensions.When: Condition timed out
]]></output>
            </test-case>
            <test-case id="1141" name="When_WaitsForCondition" fullname="MercuryMessaging.Tests.FluentApiPhase3Tests.When_WaitsForCondition" methodname="When_WaitsForCondition" classname="MercuryMessaging.Tests.FluentApiPhase3Tests" runstate="Runnable" seed="438604070" result="Failed" start-time="2025-11-25 05:52:05Z" end-time="2025-11-25 05:52:05Z" duration="0.133403" asserts="0">
              <properties>
                <property name="_JOINTYPE" value="UnityCombinatorial" />
                <property name="retryIteration" value="0" />
                <property name="repeatIteration" value="0" />
              </properties>
              <failure>
                <message><![CDATA[  Should send after condition met
  Expected: 1
  But was:  0
]]></message>
                <stack-trace><![CDATA[at MercuryMessaging.Tests.FluentApiPhase3Tests+<When_WaitsForCondition>d__41.MoveNext () [0x000da] in C:\Users\yangb\Research\MercuryMessaging\Assets\MercuryMessaging\Tests\FluentApiPhase3Tests.cs:526
at UnityEngine.TestTools.TestEnumerator+<Execute>d__7.MoveNext () [0x0003a] in .\Library\PackageCache\com.unity.test-framework@d97b7cd61ded\UnityEngine.TestRunner\NUnitExtensions\Attributes\TestEnumerator.cs:44
]]></stack-trace>
              </failure>
            </test-case>
          </test-suite>
          <test-suite type="TestFixture" id="1149" name="FluentApiTests" fullname="MercuryMessaging.Tests.FluentApiTests" classname="MercuryMessaging.Tests.FluentApiTests" runstate="Runnable" testcasecount="23" result="Passed" start-time="2025-11-25 05:52:05Z" end-time="2025-11-25 05:52:05Z" duration="0.128229" total="23" passed="23" failed="0" inconclusive="0" skipped="0" asserts="0">
            <properties />
            <test-case id="1158" name="Active_FiltersInactiveObjects" fullname="MercuryMessaging.Tests.FluentApiTests.Active_FiltersInactiveObjects" methodname="Active_FiltersInactiveObjects" classname="MercuryMessaging.Tests.FluentApiTests" runstate="Runnable" seed="463604994" result="Passed" start-time="2025-11-25 05:52:05Z" end-time="2025-11-25 05:52:05Z" duration="0.002405" asserts="0">
              <properties>
                <property name="retryIteration" value="0" />
                <property name="repeatIteration" value="0" />
              </properties>
            </test-case>
            <test-case id="1167" name="Broadcast_String_SetsAllRouting" fullname="MercuryMessaging.Tests.FluentApiTests.Broadcast_String_SetsAllRouting" methodname="Broadcast_String_SetsAllRouting" classname="MercuryMessaging.Tests.FluentApiTests" runstate="Runnable" seed="799206093" result="Passed" start-time="2025-11-25 05:52:05Z" end-time="2025-11-25 05:52:05Z" duration="0.000779" asserts="0">
              <properties>
                <property name="retryIteration" value="0" />
                <property name="repeatIteration" value="0" />
              </properties>
            </test-case>
            <test-case id="1168" name="BroadcastInitialize_SendsToAll" fullname="MercuryMessaging.Tests.FluentApiTests.BroadcastInitialize_SendsToAll" methodname="BroadcastInitialize_SendsToAll" classname="MercuryMessaging.Tests.FluentApiTests" runstate="Runnable" seed="965692183" result="Passed" start-time="2025-11-25 05:52:05Z" end-time="2025-11-25 05:52:05Z" duration="0.000445" asserts="0">
              <properties>
                <property name="retryIteration" value="0" />
                <property name="repeatIteration" value="0" />
              </properties>
            </test-case>
            <test-case id="1171" name="FilterBuilder_ChildrenActiveTag0_BuildsCorrectly" fullname="MercuryMessaging.Tests.FluentApiTests.FilterBuilder_ChildrenActiveTag0_BuildsCorrectly" methodname="FilterBuilder_ChildrenActiveTag0_BuildsCorrectly" classname="MercuryMessaging.Tests.FluentApiTests" runstate="Runnable" seed="54054640" result="Passed" start-time="2025-11-25 05:52:05Z" end-time="2025-11-25 05:52:05Z" duration="0.000430" asserts="0">
              <properties>
                <property name="retryIteration" value="0" />
                <property name="repeatIteration" value="0" />
              </properties>
            </test-case>
            <test-case id="1172" name="FluentApi_HasMinimalOverhead" fullname="MercuryMessaging.Tests.FluentApiTests.FluentApi_HasMinimalOverhead" methodname="FluentApi_HasMinimalOverhead" classname="MercuryMessaging.Tests.FluentApiTests" runstate="Runnable" seed="300277949" result="Passed" start-time="2025-11-25 05:52:05Z" end-time="2025-11-25 05:52:05Z" duration="0.002767" asserts="0">
              <properties>
                <property name="retryIteration" value="0" />
                <property name="repeatIteration" value="0" />
              </properties>
            </test-case>
            <test-case id="1159" name="IncludeInactive_AllowsInactiveObjects" fullname="MercuryMessaging.Tests.FluentApiTests.IncludeInactive_AllowsInactiveObjects" methodname="IncludeInactive_AllowsInactiveObjects" classname="MercuryMessaging.Tests.FluentApiTests" runstate="Runnable" seed="203996552" result="Passed" start-time="2025-11-25 05:52:05Z" end-time="2025-11-25 05:52:05Z" duration="0.000541" asserts="0">
              <properties>
                <property name="retryIteration" value="0" />
                <property name="repeatIteration" value="0" />
              </properties>
            </test-case>
            <test-case id="1163" name="Initialize_SendsCorrectCommand" fullname="MercuryMessaging.Tests.FluentApiTests.Initialize_SendsCorrectCommand" methodname="Initialize_SendsCorrectCommand" classname="MercuryMessaging.Tests.FluentApiTests" runstate="Runnable" seed="152931554" result="Passed" start-time="2025-11-25 05:52:05Z" end-time="2025-11-25 05:52:05Z" duration="0.000501" asserts="0">
              <properties>
                <property name="retryIteration" value="0" />
                <property name="repeatIteration" value="0" />
              </properties>
            </test-case>
            <test-case id="1160" name="LocalOnly_SetsCorrectNetworkFilter" fullname="MercuryMessaging.Tests.FluentApiTests.LocalOnly_SetsCorrectNetworkFilter" methodname="LocalOnly_SetsCorrectNetworkFilter" classname="MercuryMessaging.Tests.FluentApiTests" runstate="Runnable" seed="1345158599" result="Passed" start-time="2025-11-25 05:52:05Z" end-time="2025-11-25 05:52:05Z" duration="0.000413" asserts="0">
              <properties>
                <property name="retryIteration" value="0" />
                <property name="repeatIteration" value="0" />
              </properties>
            </test-case>
            <test-case id="1169" name="MethodChaining_CombinesAllFilters" fullname="MercuryMessaging.Tests.FluentApiTests.MethodChaining_CombinesAllFilters" methodname="MethodChaining_CombinesAllFilters" classname="MercuryMessaging.Tests.FluentApiTests" runstate="Runnable" seed="1667761611" result="Passed" start-time="2025-11-25 05:52:05Z" end-time="2025-11-25 05:52:05Z" duration="0.000444" asserts="0">
              <properties>
                <property name="retryIteration" value="0" />
                <property name="repeatIteration" value="0" />
              </properties>
            </test-case>
            <test-case id="1164" name="Refresh_SendsCorrectCommand" fullname="MercuryMessaging.Tests.FluentApiTests.Refresh_SendsCorrectCommand" methodname="Refresh_SendsCorrectCommand" classname="MercuryMessaging.Tests.FluentApiTests" runstate="Runnable" seed="662566671" result="Passed" start-time="2025-11-25 05:52:05Z" end-time="2025-11-25 05:52:05Z" duration="0.000596" asserts="0">
              <properties>
                <property name="retryIteration" value="0" />
                <property name="repeatIteration" value="0" />
              </properties>
            </test-case>
            <test-case id="1170" name="Send_Alias_WorksIdenticalToExecute" fullname="MercuryMessaging.Tests.FluentApiTests.Send_Alias_WorksIdenticalToExecute" methodname="Send_Alias_WorksIdenticalToExecute" classname="MercuryMessaging.Tests.FluentApiTests" runstate="Runnable" seed="1173135855" result="Passed" start-time="2025-11-25 05:52:05Z" end-time="2025-11-25 05:52:05Z" duration="0.000453" asserts="0">
              <properties>
                <property name="retryIteration" value="0" />
                <property name="repeatIteration" value="0" />
              </properties>
            </test-case>
            <test-case id="1151" name="Send_Boolean_CreatesCorrectMessage" fullname="MercuryMessaging.Tests.FluentApiTests.Send_Boolean_CreatesCorrectMessage" methodname="Send_Boolean_CreatesCorrectMessage" classname="MercuryMessaging.Tests.FluentApiTests" runstate="Runnable" seed="219481177" result="Passed" start-time="2025-11-25 05:52:05Z" end-time="2025-11-25 05:52:05Z" duration="0.000862" asserts="0">
              <properties>
                <property name="retryIteration" value="0" />
                <property name="repeatIteration" value="0" />
              </properties>
            </test-case>
            <test-case id="1153" name="Send_Float_CreatesCorrectMessage" fullname="MercuryMessaging.Tests.FluentApiTests.Send_Float_CreatesCorrectMessage" methodname="Send_Float_CreatesCorrectMessage" classname="MercuryMessaging.Tests.FluentApiTests" runstate="Runnable" seed="987447329" result="Passed" start-time="2025-11-25 05:52:05Z" end-time="2025-11-25 05:52:05Z" duration="0.000542" asserts="0">
              <properties>
                <property name="retryIteration" value="0" />
                <property name="repeatIteration" value="0" />
              </properties>
            </test-case>
            <test-case id="1152" name="Send_Integer_CreatesCorrectMessage" fullname="MercuryMessaging.Tests.FluentApiTests.Send_Integer_CreatesCorrectMessage" methodname="Send_Integer_CreatesCorrectMessage" classname="MercuryMessaging.Tests.FluentApiTests" runstate="Runnable" seed="883271578" result="Passed" start-time="2025-11-25 05:52:05Z" end-time="2025-11-25 05:52:05Z" duration="0.000351" asserts="0">
              <properties>
                <property name="retryIteration" value="0" />
                <property name="repeatIteration" value="0" />
              </properties>
            </test-case>
            <test-case id="1150" name="Send_String_CreatesCorrectMessage" fullname="MercuryMessaging.Tests.FluentApiTests.Send_String_CreatesCorrectMessage" methodname="Send_String_CreatesCorrectMessage" classname="MercuryMessaging.Tests.FluentApiTests" runstate="Runnable" seed="1597914941" result="Passed" start-time="2025-11-25 05:52:05Z" end-time="2025-11-25 05:52:05Z" duration="0.000349" asserts="0">
              <properties>
                <property name="retryIteration" value="0" />
                <property name="repeatIteration" value="0" />
              </properties>
            </test-case>
            <test-case id="1154" name="Send_Vector3_CreatesCorrectMessage" fullname="MercuryMessaging.Tests.FluentApiTests.Send_Vector3_CreatesCorrectMessage" methodname="Send_Vector3_CreatesCorrectMessage" classname="MercuryMessaging.Tests.FluentApiTests" runstate="Runnable" seed="2072580895" result="Passed" start-time="2025-11-25 05:52:05Z" end-time="2025-11-25 05:52:05Z" duration="0.000852" asserts="0">
              <properties>
                <property name="retryIteration" value="0" />
                <property name="repeatIteration" value="0" />
              </properties>
            </test-case>
            <test-case id="1165" name="SetActive_SendsCorrectCommand" fullname="MercuryMessaging.Tests.FluentApiTests.SetActive_SendsCorrectCommand" methodname="SetActive_SendsCorrectCommand" classname="MercuryMessaging.Tests.FluentApiTests" runstate="Runnable" seed="2142319368" result="Passed" start-time="2025-11-25 05:52:05Z" end-time="2025-11-25 05:52:05Z" duration="0.000738" asserts="0">
              <properties>
                <property name="retryIteration" value="0" />
                <property name="repeatIteration" value="0" />
              </properties>
            </test-case>
            <test-case id="1166" name="Switch_SendsCorrectCommand" fullname="MercuryMessaging.Tests.FluentApiTests.Switch_SendsCorrectCommand" methodname="Switch_SendsCorrectCommand" classname="MercuryMessaging.Tests.FluentApiTests" runstate="Runnable" seed="2104897440" result="Passed" start-time="2025-11-25 05:52:05Z" end-time="2025-11-25 05:52:05Z" duration="0.000352" asserts="0">
              <properties>
                <property name="retryIteration" value="0" />
                <property name="repeatIteration" value="0" />
              </properties>
            </test-case>
            <test-case id="1157" name="ToAll_SetsCorrectLevelFilter" fullname="MercuryMessaging.Tests.FluentApiTests.ToAll_SetsCorrectLevelFilter" methodname="ToAll_SetsCorrectLevelFilter" classname="MercuryMessaging.Tests.FluentApiTests" runstate="Runnable" seed="202976476" result="Passed" start-time="2025-11-25 05:52:05Z" end-time="2025-11-25 05:52:05Z" duration="0.000340" asserts="0">
              <properties>
                <property name="retryIteration" value="0" />
                <property name="repeatIteration" value="0" />
              </properties>
            </test-case>
            <test-case id="1155" name="ToChildren_RoutesOnlyToChildren" fullname="MercuryMessaging.Tests.FluentApiTests.ToChildren_RoutesOnlyToChildren" methodname="ToChildren_RoutesOnlyToChildren" classname="MercuryMessaging.Tests.FluentApiTests" runstate="Runnable" seed="1501745766" result="Passed" start-time="2025-11-25 05:52:05Z" end-time="2025-11-25 05:52:05Z" duration="0.073611" asserts="0">
              <properties>
                <property name="_JOINTYPE" value="UnityCombinatorial" />
                <property name="retryIteration" value="0" />
                <property name="repeatIteration" value="0" />
              </properties>
            </test-case>
            <test-case id="1156" name="ToParents_RoutesOnlyToParents" fullname="MercuryMessaging.Tests.FluentApiTests.ToParents_RoutesOnlyToParents" methodname="ToParents_RoutesOnlyToParents" classname="MercuryMessaging.Tests.FluentApiTests" runstate="Runnable" seed="1461418338" result="Passed" start-time="2025-11-25 05:52:05Z" end-time="2025-11-25 05:52:05Z" duration="0.029332" asserts="0">
              <properties>
                <property name="_JOINTYPE" value="UnityCombinatorial" />
                <property name="retryIteration" value="0" />
                <property name="repeatIteration" value="0" />
              </properties>
            </test-case>
            <test-case id="1161" name="WithTag_FiltersCorrectly" fullname="MercuryMessaging.Tests.FluentApiTests.WithTag_FiltersCorrectly" methodname="WithTag_FiltersCorrectly" classname="MercuryMessaging.Tests.FluentApiTests" runstate="Runnable" seed="1330250022" result="Passed" start-time="2025-11-25 05:52:05Z" end-time="2025-11-25 05:52:05Z" duration="0.000670" asserts="0">
              <properties>
                <property name="retryIteration" value="0" />
                <property name="repeatIteration" value="0" />
              </properties>
            </test-case>
            <test-case id="1162" name="WithTags_CombinesMultipleTags" fullname="MercuryMessaging.Tests.FluentApiTests.WithTags_CombinesMultipleTags" methodname="WithTags_CombinesMultipleTags" classname="MercuryMessaging.Tests.FluentApiTests" runstate="Runnable" seed="2092158554" result="Passed" start-time="2025-11-25 05:52:05Z" end-time="2025-11-25 05:52:05Z" duration="0.000549" asserts="0">
              <properties>
                <property name="retryIteration" value="0" />
                <property name="repeatIteration" value="0" />
              </properties>
            </test-case>
          </test-suite>
          <test-suite type="TestFixture" id="1173" name="FsmStateTransitionTests" fullname="MercuryMessaging.Tests.FsmStateTransitionTests" classname="MercuryMessaging.Tests.FsmStateTransitionTests" runstate="Runnable" testcasecount="15" result="Passed" start-time="2025-11-25 05:52:05Z" end-time="2025-11-25 05:52:07Z" duration="1.722223" total="15" passed="15" failed="0" inconclusive="0" skipped="0" asserts="0">
            <properties />
            <output><![CDATA[
IgnoreFailingMessages:true
]]></output>
            <test-case id="1185" name="CancelStateChange_DuringTransition_CancelsSuccessfully" fullname="MercuryMessaging.Tests.FsmStateTransitionTests.CancelStateChange_DuringTransition_CancelsSuccessfully" methodname="CancelStateChange_DuringTransition_CancelsSuccessfully" classname="MercuryMessaging.Tests.FsmStateTransitionTests" runstate="Runnable" seed="1487076618" result="Passed" start-time="2025-11-25 05:52:05Z" end-time="2025-11-25 05:52:05Z" duration="0.056279" asserts="0">
              <properties>
                <property name="_JOINTYPE" value="UnityCombinatorial" />
                <property name="retryIteration" value="0" />
                <property name="repeatIteration" value="0" />
              </properties>
            </test-case>
            <test-case id="1187" name="ComplexFSM_ManyStates_WorksCorrectly" fullname="MercuryMessaging.Tests.FsmStateTransitionTests.ComplexFSM_ManyStates_WorksCorrectly" methodname="ComplexFSM_ManyStates_WorksCorrectly" classname="MercuryMessaging.Tests.FsmStateTransitionTests" runstate="Runnable" seed="1429262697" result="Passed" start-time="2025-11-25 05:52:05Z" end-time="2025-11-25 05:52:05Z" duration="0.072271" asserts="0">
              <properties>
                <property name="_JOINTYPE" value="UnityCombinatorial" />
                <property name="retryIteration" value="0" />
                <property name="repeatIteration" value="0" />
              </properties>
            </test-case>
            <test-case id="1180" name="EventOrdering_ExitBeforeEnter" fullname="MercuryMessaging.Tests.FsmStateTransitionTests.EventOrdering_ExitBeforeEnter" methodname="EventOrdering_ExitBeforeEnter" classname="MercuryMessaging.Tests.FsmStateTransitionTests" runstate="Runnable" seed="1081498045" result="Passed" start-time="2025-11-25 05:52:05Z" end-time="2025-11-25 05:52:06Z" duration="0.046870" asserts="0">
              <properties>
                <property name="_JOINTYPE" value="UnityCombinatorial" />
                <property name="retryIteration" value="0" />
                <property name="repeatIteration" value="0" />
              </properties>
              <output><![CDATA[Event order: GlobalExit: State0 → Exit: State0 → Enter: State1 → GlobalEnter: State1
]]></output>
            </test-case>
            <test-case id="1179" name="FSM_NullCurrent_HandlesGracefully" fullname="MercuryMessaging.Tests.FsmStateTransitionTests.FSM_NullCurrent_HandlesGracefully" methodname="FSM_NullCurrent_HandlesGracefully" classname="MercuryMessaging.Tests.FsmStateTransitionTests" runstate="Runnable" seed="971701365" result="Passed" start-time="2025-11-25 05:52:06Z" end-time="2025-11-25 05:52:06Z" duration="0.043983" asserts="0">
              <properties>
                <property name="_JOINTYPE" value="UnityCombinatorial" />
                <property name="retryIteration" value="0" />
                <property name="repeatIteration" value="0" />
              </properties>
            </test-case>
            <test-case id="1188" name="FSM_Reset_ClearsPreviousState" fullname="MercuryMessaging.Tests.FsmStateTransitionTests.FSM_Reset_ClearsPreviousState" methodname="FSM_Reset_ClearsPreviousState" classname="MercuryMessaging.Tests.FsmStateTransitionTests" runstate="Runnable" seed="971598587" result="Passed" start-time="2025-11-25 05:52:06Z" end-time="2025-11-25 05:52:06Z" duration="0.047258" asserts="0">
              <properties>
                <property name="_JOINTYPE" value="UnityCombinatorial" />
                <property name="retryIteration" value="0" />
                <property name="repeatIteration" value="0" />
              </properties>
            </test-case>
            <test-case id="1181" name="GlobalEvents_FireForAllTransitions" fullname="MercuryMessaging.Tests.FsmStateTransitionTests.GlobalEvents_FireForAllTransitions" methodname="GlobalEvents_FireForAllTransitions" classname="MercuryMessaging.Tests.FsmStateTransitionTests" runstate="Runnable" seed="42966415" result="Passed" start-time="2025-11-25 05:52:06Z" end-time="2025-11-25 05:52:06Z" duration="0.044976" asserts="0">
              <properties>
                <property name="_JOINTYPE" value="UnityCombinatorial" />
                <property name="retryIteration" value="0" />
                <property name="repeatIteration" value="0" />
              </properties>
            </test-case>
            <test-case id="1178" name="JumpTo_NonExistentState_ThrowsException" fullname="MercuryMessaging.Tests.FsmStateTransitionTests.JumpTo_NonExistentState_ThrowsException" methodname="JumpTo_NonExistentState_ThrowsException" classname="MercuryMessaging.Tests.FsmStateTransitionTests" runstate="Runnable" seed="1238683528" result="Passed" start-time="2025-11-25 05:52:06Z" end-time="2025-11-25 05:52:06Z" duration="0.033103" asserts="0">
              <properties>
                <property name="_JOINTYPE" value="UnityCombinatorial" />
                <property name="retryIteration" value="0" />
                <property name="repeatIteration" value="0" />
              </properties>
            </test-case>
            <test-case id="1177" name="JumpTo_SameState_DoesNothing" fullname="MercuryMessaging.Tests.FsmStateTransitionTests.JumpTo_SameState_DoesNothing" methodname="JumpTo_SameState_DoesNothing" classname="MercuryMessaging.Tests.FsmStateTransitionTests" runstate="Runnable" seed="252629125" result="Passed" start-time="2025-11-25 05:52:06Z" end-time="2025-11-25 05:52:06Z" duration="0.047230" asserts="0">
              <properties>
                <property name="_JOINTYPE" value="UnityCombinatorial" />
                <property name="retryIteration" value="0" />
                <property name="repeatIteration" value="0" />
              </properties>
            </test-case>
            <test-case id="1175" name="JumpTo_ValidRelayNode_TransitionsSuccessfully" fullname="MercuryMessaging.Tests.FsmStateTransitionTests.JumpTo_ValidRelayNode_TransitionsSuccessfully" methodname="JumpTo_ValidRelayNode_TransitionsSuccessfully" classname="MercuryMessaging.Tests.FsmStateTransitionTests" runstate="Runnable" seed="268670527" result="Passed" start-time="2025-11-25 05:52:06Z" end-time="2025-11-25 05:52:06Z" duration="0.048099" asserts="0">
              <properties>
                <property name="_JOINTYPE" value="UnityCombinatorial" />
                <property name="retryIteration" value="0" />
                <property name="repeatIteration" value="0" />
              </properties>
            </test-case>
            <test-case id="1174" name="JumpTo_ValidState_TransitionsSuccessfully" fullname="MercuryMessaging.Tests.FsmStateTransitionTests.JumpTo_ValidState_TransitionsSuccessfully" methodname="JumpTo_ValidState_TransitionsSuccessfully" classname="MercuryMessaging.Tests.FsmStateTransitionTests" runstate="Runnable" seed="962786699" result="Passed" start-time="2025-11-25 05:52:06Z" end-time="2025-11-25 05:52:06Z" duration="0.061593" asserts="0">
              <properties>
                <property name="_JOINTYPE" value="UnityCombinatorial" />
                <property name="retryIteration" value="0" />
                <property name="repeatIteration" value="0" />
              </properties>
            </test-case>
            <test-case id="1184" name="RapidStateChanges_Sequential_HandlesCorrectly" fullname="MercuryMessaging.Tests.FsmStateTransitionTests.RapidStateChanges_Sequential_HandlesCorrectly" methodname="RapidStateChanges_Sequential_HandlesCorrectly" classname="MercuryMessaging.Tests.FsmStateTransitionTests" runstate="Runnable" seed="201980962" result="Passed" start-time="2025-11-25 05:52:06Z" end-time="2025-11-25 05:52:06Z" duration="0.080410" asserts="0">
              <properties>
                <property name="_JOINTYPE" value="UnityCombinatorial" />
                <property name="retryIteration" value="0" />
                <property name="repeatIteration" value="0" />
              </properties>
            </test-case>
            <test-case id="1186" name="RapidTransitions_ManyStates_NoMemoryLeaks" fullname="MercuryMessaging.Tests.FsmStateTransitionTests.RapidTransitions_ManyStates_NoMemoryLeaks" methodname="RapidTransitions_ManyStates_NoMemoryLeaks" classname="MercuryMessaging.Tests.FsmStateTransitionTests" runstate="Runnable" seed="890544096" result="Passed" start-time="2025-11-25 05:52:06Z" end-time="2025-11-25 05:52:07Z" duration="1.003498" asserts="0">
              <properties>
                <property name="_JOINTYPE" value="UnityCombinatorial" />
                <property name="retryIteration" value="0" />
                <property name="repeatIteration" value="0" />
              </properties>
              <output><![CDATA[100 rapid transitions completed. Memory growth: -2808KB
]]></output>
            </test-case>
            <test-case id="1183" name="SelectedFilter_All_ReachesAllStates" fullname="MercuryMessaging.Tests.FsmStateTransitionTests.SelectedFilter_All_ReachesAllStates" methodname="SelectedFilter_All_ReachesAllStates" classname="MercuryMessaging.Tests.FsmStateTransitionTests" runstate="Runnable" seed="759376483" result="Passed" start-time="2025-11-25 05:52:07Z" end-time="2025-11-25 05:52:07Z" duration="0.032408" asserts="0">
              <properties>
                <property name="_JOINTYPE" value="UnityCombinatorial" />
                <property name="retryIteration" value="0" />
                <property name="repeatIteration" value="0" />
              </properties>
            </test-case>
            <test-case id="1182" name="SelectedFilter_OnlyReachesCurrentState" fullname="MercuryMessaging.Tests.FsmStateTransitionTests.SelectedFilter_OnlyReachesCurrentState" methodname="SelectedFilter_OnlyReachesCurrentState" classname="MercuryMessaging.Tests.FsmStateTransitionTests" runstate="Runnable" seed="1559100987" result="Passed" start-time="2025-11-25 05:52:07Z" end-time="2025-11-25 05:52:07Z" duration="0.039102" asserts="0">
              <properties>
                <property name="_JOINTYPE" value="UnityCombinatorial" />
                <property name="retryIteration" value="0" />
                <property name="repeatIteration" value="0" />
              </properties>
            </test-case>
            <test-case id="1176" name="StartTransitionTo_BeginsTransition_WaitsForEnterNext" fullname="MercuryMessaging.Tests.FsmStateTransitionTests.StartTransitionTo_BeginsTransition_WaitsForEnterNext" methodname="StartTransitionTo_BeginsTransition_WaitsForEnterNext" classname="MercuryMessaging.Tests.FsmStateTransitionTests" runstate="Runnable" seed="873282721" result="Passed" start-time="2025-11-25 05:52:07Z" end-time="2025-11-25 05:52:07Z" duration="0.051766" asserts="0">
              <properties>
                <property name="_JOINTYPE" value="UnityCombinatorial" />
                <property name="retryIteration" value="0" />
                <property name="repeatIteration" value="0" />
              </properties>
            </test-case>
          </test-suite>
          <test-suite type="TestFixture" id="1189" name="HopLimitValidationTests" fullname="MercuryMessaging.Tests.HopLimitValidationTests" classname="MercuryMessaging.Tests.HopLimitValidationTests" runstate="Runnable" testcasecount="7" result="Passed" start-time="2025-11-25 05:52:07Z" end-time="2025-11-25 05:52:08Z" duration="1.165446" total="7" passed="7" failed="0" inconclusive="0" skipped="0" asserts="0">
            <properties />
            <output><![CDATA[
IgnoreFailingMessages:true
]]></output>
            <test-case id="1196" name="HopLimit_HandlesVeryDeepHierarchies" fullname="MercuryMessaging.Tests.HopLimitValidationTests.HopLimit_HandlesVeryDeepHierarchies" methodname="HopLimit_HandlesVeryDeepHierarchies" classname="MercuryMessaging.Tests.HopLimitValidationTests" runstate="Runnable" seed="446977254" result="Passed" start-time="2025-11-25 05:52:07Z" end-time="2025-11-25 05:52:07Z" duration="0.269124" asserts="0">
              <properties>
                <property name="_JOINTYPE" value="UnityCombinatorial" />
                <property name="retryIteration" value="0" />
                <property name="repeatIteration" value="0" />
              </properties>
              <output><![CDATA[[QW-1 PASS] Deep hierarchy protected: 0/100 nodes (limit: 30)
]]></output>
            </test-case>
            <test-case id="1195" name="HopLimit_IncrementsHopCount" fullname="MercuryMessaging.Tests.HopLimitValidationTests.HopLimit_IncrementsHopCount" methodname="HopLimit_IncrementsHopCount" classname="MercuryMessaging.Tests.HopLimitValidationTests" runstate="Runnable" seed="1691173602" result="Passed" start-time="2025-11-25 05:52:07Z" end-time="2025-11-25 05:52:07Z" duration="0.147851" asserts="0">
              <properties>
                <property name="_JOINTYPE" value="UnityCombinatorial" />
                <property name="retryIteration" value="0" />
                <property name="repeatIteration" value="0" />
              </properties>
              <output><![CDATA[[QW-1 PASS] Hop count increments during propagation
]]></output>
            </test-case>
            <test-suite type="ParameterizedMethod" id="1194" name="HopLimit_RespectsConfiguredLimit" fullname="MercuryMessaging.Tests.HopLimitValidationTests.HopLimit_RespectsConfiguredLimit" classname="MercuryMessaging.Tests.HopLimitValidationTests" runstate="Runnable" testcasecount="3" result="Passed" start-time="2025-11-25 05:52:07Z" end-time="2025-11-25 05:52:08Z" duration="0.440954" total="3" passed="3" failed="0" inconclusive="0" skipped="0" asserts="0">
              <properties>
                <property name="_JOINTYPE" value="UnityCombinatorial" />
              </properties>
              <test-case id="1191" name="HopLimit_RespectsConfiguredLimit(5)" fullname="MercuryMessaging.Tests.HopLimitValidationTests.HopLimit_RespectsConfiguredLimit(5)" methodname="HopLimit_RespectsConfiguredLimit" classname="MercuryMessaging.Tests.HopLimitValidationTests" runstate="Runnable" seed="188686740" result="Passed" start-time="2025-11-25 05:52:08Z" end-time="2025-11-25 05:52:08Z" duration="0.143510" asserts="0">
                <properties>
                  <property name="retryIteration" value="0" />
                  <property name="repeatIteration" value="0" />
                </properties>
              </test-case>
              <test-case id="1192" name="HopLimit_RespectsConfiguredLimit(10)" fullname="MercuryMessaging.Tests.HopLimitValidationTests.HopLimit_RespectsConfiguredLimit(10)" methodname="HopLimit_RespectsConfiguredLimit" classname="MercuryMessaging.Tests.HopLimitValidationTests" runstate="Runnable" seed="193947775" result="Passed" start-time="2025-11-25 05:52:08Z" end-time="2025-11-25 05:52:08Z" duration="0.135688" asserts="0">
                <properties>
                  <property name="retryIteration" value="0" />
                  <property name="repeatIteration" value="0" />
                </properties>
              </test-case>
              <test-case id="1193" name="HopLimit_RespectsConfiguredLimit(20)" fullname="MercuryMessaging.Tests.HopLimitValidationTests.HopLimit_RespectsConfiguredLimit(20)" methodname="HopLimit_RespectsConfiguredLimit" classname="MercuryMessaging.Tests.HopLimitValidationTests" runstate="Runnable" seed="967942148" result="Passed" start-time="2025-11-25 05:52:08Z" end-time="2025-11-25 05:52:08Z" duration="0.146448" asserts="0">
                <properties>
                  <property name="retryIteration" value="0" />
                  <property name="repeatIteration" value="0" />
                </properties>
              </test-case>
            </test-suite>
            <test-case id="1190" name="HopLimit_StopsMessagePropagation" fullname="MercuryMessaging.Tests.HopLimitValidationTests.HopLimit_StopsMessagePropagation" methodname="HopLimit_StopsMessagePropagation" classname="MercuryMessaging.Tests.HopLimitValidationTests" runstate="Runnable" seed="1237614683" result="Passed" start-time="2025-11-25 05:52:08Z" end-time="2025-11-25 05:52:08Z" duration="0.152178" asserts="0">
              <properties>
                <property name="_JOINTYPE" value="UnityCombinatorial" />
                <property name="retryIteration" value="0" />
                <property name="repeatIteration" value="0" />
              </properties>
              <output><![CDATA[[QW-1 PASS] Hop limit working: 0/50 nodes reached (limit: 25)
]]></output>
            </test-case>
            <test-case id="1197" name="HopLimit_ZeroLimitStopsImmediately" fullname="MercuryMessaging.Tests.HopLimitValidationTests.HopLimit_ZeroLimitStopsImmediately" methodname="HopLimit_ZeroLimitStopsImmediately" classname="MercuryMessaging.Tests.HopLimitValidationTests" runstate="Runnable" seed="1356343984" result="Passed" start-time="2025-11-25 05:52:08Z" end-time="2025-11-25 05:52:08Z" duration="0.142661" asserts="0">
              <properties>
                <property name="_JOINTYPE" value="UnityCombinatorial" />
                <property name="retryIteration" value="0" />
                <property name="repeatIteration" value="0" />
              </properties>
            </test-case>
          </test-suite>
          <test-suite type="TestFixture" id="1198" name="LazyCopyValidationTests" fullname="MercuryMessaging.Tests.LazyCopyValidationTests" classname="MercuryMessaging.Tests.LazyCopyValidationTests" runstate="Runnable" testcasecount="6" result="Passed" start-time="2025-11-25 05:52:08Z" end-time="2025-11-25 05:52:10Z" duration="1.371217" total="6" passed="6" failed="0" inconclusive="0" skipped="0" asserts="0">
            <properties />
            <output><![CDATA[
IgnoreFailingMessages:true
]]></output>
            <test-case id="1203" name="LazyCopy_HighVolume_SingleDirection" fullname="MercuryMessaging.Tests.LazyCopyValidationTests.LazyCopy_HighVolume_SingleDirection" methodname="LazyCopy_HighVolume_SingleDirection" classname="MercuryMessaging.Tests.LazyCopyValidationTests" runstate="Runnable" seed="2116457732" result="Passed" start-time="2025-11-25 05:52:08Z" end-time="2025-11-25 05:52:09Z" duration="0.399685" asserts="0">
              <properties>
                <property name="_JOINTYPE" value="UnityCombinatorial" />
                <property name="retryIteration" value="0" />
                <property name="repeatIteration" value="0" />
              </properties>
              <output><![CDATA[[QW-2 PASS] High-volume test: 5000 messages processed successfully
]]></output>
            </test-case>
            <test-case id="1200" name="LazyCopy_MultiDirection_NoErrors" fullname="MercuryMessaging.Tests.LazyCopyValidationTests.LazyCopy_MultiDirection_NoErrors" methodname="LazyCopy_MultiDirection_NoErrors" classname="MercuryMessaging.Tests.LazyCopyValidationTests" runstate="Runnable" seed="1771910972" result="Passed" start-time="2025-11-25 05:52:09Z" end-time="2025-11-25 05:52:09Z" duration="0.211435" asserts="0">
              <properties>
                <property name="_JOINTYPE" value="UnityCombinatorial" />
                <property name="retryIteration" value="0" />
                <property name="repeatIteration" value="0" />
              </properties>
              <output><![CDATA[[QW-2 PASS] Multi-direction routing handled 1000 messages without errors
]]></output>
            </test-case>
            <test-case id="1202" name="LazyCopy_MultiDirection_PreservesMessageContent" fullname="MercuryMessaging.Tests.LazyCopyValidationTests.LazyCopy_MultiDirection_PreservesMessageContent" methodname="LazyCopy_MultiDirection_PreservesMessageContent" classname="MercuryMessaging.Tests.LazyCopyValidationTests" runstate="Runnable" seed="642678056" result="Passed" start-time="2025-11-25 05:52:09Z" end-time="2025-11-25 05:52:09Z" duration="0.143030" asserts="0">
              <properties>
                <property name="_JOINTYPE" value="UnityCombinatorial" />
                <property name="retryIteration" value="0" />
                <property name="repeatIteration" value="0" />
              </properties>
              <output><![CDATA[[QW-2 PASS] Message content preserved in multi-direction routing
]]></output>
            </test-case>
            <test-case id="1199" name="LazyCopy_SingleDirection_NoErrors" fullname="MercuryMessaging.Tests.LazyCopyValidationTests.LazyCopy_SingleDirection_NoErrors" methodname="LazyCopy_SingleDirection_NoErrors" classname="MercuryMessaging.Tests.LazyCopyValidationTests" runstate="Runnable" seed="1842988966" result="Passed" start-time="2025-11-25 05:52:09Z" end-time="2025-11-25 05:52:09Z" duration="0.279095" asserts="0">
              <properties>
                <property name="_JOINTYPE" value="UnityCombinatorial" />
                <property name="retryIteration" value="0" />
                <property name="repeatIteration" value="0" />
              </properties>
              <output><![CDATA[[QW-2 PASS] Single-direction routing handled 1000 messages without errors
]]></output>
            </test-case>
            <test-case id="1201" name="LazyCopy_SingleDirection_PreservesMessageContent" fullname="MercuryMessaging.Tests.LazyCopyValidationTests.LazyCopy_SingleDirection_PreservesMessageContent" methodname="LazyCopy_SingleDirection_PreservesMessageContent" classname="MercuryMessaging.Tests.LazyCopyValidationTests" runstate="Runnable" seed="1499018085" result="Passed" start-time="2025-11-25 05:52:09Z" end-time="2025-11-25 05:52:09Z" duration="0.166924" asserts="0">
              <properties>
                <property name="_JOINTYPE" value="UnityCombinatorial" />
                <property name="retryIteration" value="0" />
                <property name="repeatIteration" value="0" />
              </properties>
              <output><![CDATA[[QW-2 PASS] Message content preserved in single-direction routing
]]></output>
            </test-case>
            <test-case id="1204" name="LazyCopy_WorksWithDifferentMessageTypes" fullname="MercuryMessaging.Tests.LazyCopyValidationTests.LazyCopy_WorksWithDifferentMessageTypes" methodname="LazyCopy_WorksWithDifferentMessageTypes" classname="MercuryMessaging.Tests.LazyCopyValidationTests" runstate="Runnable" seed="725775206" result="Passed" start-time="2025-11-25 05:52:09Z" end-time="2025-11-25 05:52:10Z" duration="0.156226" asserts="0">
              <properties>
                <property name="_JOINTYPE" value="UnityCombinatorial" />
                <property name="retryIteration" value="0" />
                <property name="repeatIteration" value="0" />
              </properties>
              <output><![CDATA[[QW-2 PASS] Lazy copying works with multiple message types
]]></output>
            </test-case>
          </test-suite>
          <test-suite type="TestFixture" id="1205" name="LinqRemovalValidationTests" fullname="MercuryMessaging.Tests.LinqRemovalValidationTests" classname="MercuryMessaging.Tests.LinqRemovalValidationTests" runstate="Runnable" testcasecount="10" result="Passed" start-time="2025-11-25 05:52:10Z" end-time="2025-11-25 05:52:10Z" duration="0.040638" total="10" passed="10" failed="0" inconclusive="0" skipped="0" asserts="0">
            <properties />
            <output><![CDATA[
IgnoreFailingMessages:true
]]></output>
            <test-case id="1211" name="Test_MmInvoke_QueueHandling" fullname="MercuryMessaging.Tests.LinqRemovalValidationTests.Test_MmInvoke_QueueHandling" methodname="Test_MmInvoke_QueueHandling" classname="MercuryMessaging.Tests.LinqRemovalValidationTests" runstate="Runnable" seed="1470443252" result="Passed" start-time="2025-11-25 05:52:10Z" end-time="2025-11-25 05:52:10Z" duration="0.005727" asserts="0">
              <properties>
                <property name="retryIteration" value="0" />
                <property name="repeatIteration" value="0" />
              </properties>
            </test-case>
            <test-case id="1207" name="Test_MmRefreshResponders_EmptyList" fullname="MercuryMessaging.Tests.LinqRemovalValidationTests.Test_MmRefreshResponders_EmptyList" methodname="Test_MmRefreshResponders_EmptyList" classname="MercuryMessaging.Tests.LinqRemovalValidationTests" runstate="Runnable" seed="799260144" result="Passed" start-time="2025-11-25 05:52:10Z" end-time="2025-11-25 05:52:10Z" duration="0.000961" asserts="0">
              <properties>
                <property name="retryIteration" value="0" />
                <property name="repeatIteration" value="0" />
              </properties>
            </test-case>
            <test-case id="1206" name="Test_MmRefreshResponders_FiltersRelayNodes" fullname="MercuryMessaging.Tests.LinqRemovalValidationTests.Test_MmRefreshResponders_FiltersRelayNodes" methodname="Test_MmRefreshResponders_FiltersRelayNodes" classname="MercuryMessaging.Tests.LinqRemovalValidationTests" runstate="Runnable" seed="447325822" result="Passed" start-time="2025-11-25 05:52:10Z" end-time="2025-11-25 05:52:10Z" duration="0.001441" asserts="0">
              <properties>
                <property name="retryIteration" value="0" />
                <property name="repeatIteration" value="0" />
              </properties>
            </test-case>
            <test-case id="1214" name="Test_MmRefreshResponders_MixedTypes" fullname="MercuryMessaging.Tests.LinqRemovalValidationTests.Test_MmRefreshResponders_MixedTypes" methodname="Test_MmRefreshResponders_MixedTypes" classname="MercuryMessaging.Tests.LinqRemovalValidationTests" runstate="Runnable" seed="76901624" result="Passed" start-time="2025-11-25 05:52:10Z" end-time="2025-11-25 05:52:10Z" duration="0.001885" asserts="0">
              <properties>
                <property name="retryIteration" value="0" />
                <property name="repeatIteration" value="0" />
              </properties>
            </test-case>
            <test-case id="1212" name="Test_Performance_ManualForeach_Correctness" fullname="MercuryMessaging.Tests.LinqRemovalValidationTests.Test_Performance_ManualForeach_Correctness" methodname="Test_Performance_ManualForeach_Correctness" classname="MercuryMessaging.Tests.LinqRemovalValidationTests" runstate="Runnable" seed="1267229808" result="Passed" start-time="2025-11-25 05:52:10Z" end-time="2025-11-25 05:52:10Z" duration="0.002239" asserts="0">
              <properties>
                <property name="retryIteration" value="0" />
                <property name="repeatIteration" value="0" />
              </properties>
            </test-case>
            <test-case id="1215" name="Test_QueueCount_EquivalentToAny" fullname="MercuryMessaging.Tests.LinqRemovalValidationTests.Test_QueueCount_EquivalentToAny" methodname="Test_QueueCount_EquivalentToAny" classname="MercuryMessaging.Tests.LinqRemovalValidationTests" runstate="Runnable" seed="1057570442" result="Passed" start-time="2025-11-25 05:52:10Z" end-time="2025-11-25 05:52:10Z" duration="0.001095" asserts="0">
              <properties>
                <property name="retryIteration" value="0" />
                <property name="repeatIteration" value="0" />
              </properties>
            </test-case>
            <test-case id="1208" name="Test_RefreshParents_FiltersChildLevel" fullname="MercuryMessaging.Tests.LinqRemovalValidationTests.Test_RefreshParents_FiltersChildLevel" methodname="Test_RefreshParents_FiltersChildLevel" classname="MercuryMessaging.Tests.LinqRemovalValidationTests" runstate="Runnable" seed="142847909" result="Passed" start-time="2025-11-25 05:52:10Z" end-time="2025-11-25 05:52:10Z" duration="0.003676" asserts="0">
              <properties>
                <property name="retryIteration" value="0" />
                <property name="repeatIteration" value="0" />
              </properties>
            </test-case>
            <test-case id="1210" name="Test_RefreshParents_FindsParent" fullname="MercuryMessaging.Tests.LinqRemovalValidationTests.Test_RefreshParents_FindsParent" methodname="Test_RefreshParents_FindsParent" classname="MercuryMessaging.Tests.LinqRemovalValidationTests" runstate="Runnable" seed="134649558" result="Passed" start-time="2025-11-25 05:52:10Z" end-time="2025-11-25 05:52:10Z" duration="0.002687" asserts="0">
              <properties>
                <property name="retryIteration" value="0" />
                <property name="repeatIteration" value="0" />
              </properties>
            </test-case>
            <test-case id="1213" name="Test_RefreshParents_NoChildren" fullname="MercuryMessaging.Tests.LinqRemovalValidationTests.Test_RefreshParents_NoChildren" methodname="Test_RefreshParents_NoChildren" classname="MercuryMessaging.Tests.LinqRemovalValidationTests" runstate="Runnable" seed="1902404794" result="Passed" start-time="2025-11-25 05:52:10Z" end-time="2025-11-25 05:52:10Z" duration="0.001330" asserts="0">
              <properties>
                <property name="retryIteration" value="0" />
                <property name="repeatIteration" value="0" />
              </properties>
            </test-case>
            <test-case id="1209" name="Test_RefreshParents_ParentNotFound_ReturnsNull" fullname="MercuryMessaging.Tests.LinqRemovalValidationTests.Test_RefreshParents_ParentNotFound_ReturnsNull" methodname="Test_RefreshParents_ParentNotFound_ReturnsNull" classname="MercuryMessaging.Tests.LinqRemovalValidationTests" runstate="Runnable" seed="57970100" result="Passed" start-time="2025-11-25 05:52:10Z" end-time="2025-11-25 05:52:10Z" duration="0.000842" asserts="0">
              <properties>
                <property name="retryIteration" value="0" />
                <property name="repeatIteration" value="0" />
              </properties>
            </test-case>
          </test-suite>
          <test-suite type="TestFixture" id="1216" name="MessageHistoryCacheTests" fullname="MercuryMessaging.Tests.MessageHistoryCacheTests" classname="MercuryMessaging.Tests.MessageHistoryCacheTests" runstate="Runnable" testcasecount="18" result="Passed" start-time="2025-11-25 05:52:10Z" end-time="2025-11-25 05:52:10Z" duration="0.589834" total="18" passed="18" failed="0" inconclusive="0" skipped="0" asserts="0">
            <properties />
            <test-case id="1219" name="Add_DuplicateNode_DoesNotIncrementCount" fullname="MercuryMessaging.Tests.MessageHistoryCacheTests.Add_DuplicateNode_DoesNotIncrementCount" methodname="Add_DuplicateNode_DoesNotIncrementCount" classname="MercuryMessaging.Tests.MessageHistoryCacheTests" runstate="Runnable" seed="1442383589" result="Passed" start-time="2025-11-25 05:52:10Z" end-time="2025-11-25 05:52:10Z" duration="0.008600" asserts="0">
              <properties>
                <property name="retryIteration" value="0" />
                <property name="repeatIteration" value="0" />
              </properties>
            </test-case>
            <test-case id="1231" name="Add_LargeNumberOfNodes_MaintainsBounds" fullname="MercuryMessaging.Tests.MessageHistoryCacheTests.Add_LargeNumberOfNodes_MaintainsBounds" methodname="Add_LargeNumberOfNodes_MaintainsBounds" classname="MercuryMessaging.Tests.MessageHistoryCacheTests" runstate="Runnable" seed="17348281" result="Passed" start-time="2025-11-25 05:52:10Z" end-time="2025-11-25 05:52:10Z" duration="0.003354" asserts="0">
              <properties>
                <property name="retryIteration" value="0" />
                <property name="repeatIteration" value="0" />
              </properties>
            </test-case>
            <test-case id="1218" name="Add_MultipleNodes_ContainsAllNodes" fullname="MercuryMessaging.Tests.MessageHistoryCacheTests.Add_MultipleNodes_ContainsAllNodes" methodname="Add_MultipleNodes_ContainsAllNodes" classname="MercuryMessaging.Tests.MessageHistoryCacheTests" runstate="Runnable" seed="1803162730" result="Passed" start-time="2025-11-25 05:52:10Z" end-time="2025-11-25 05:52:10Z" duration="0.000543" asserts="0">
              <properties>
                <property name="retryIteration" value="0" />
                <property name="repeatIteration" value="0" />
              </properties>
            </test-case>
            <test-case id="1217" name="Add_SingleNode_ContainsNode" fullname="MercuryMessaging.Tests.MessageHistoryCacheTests.Add_SingleNode_ContainsNode" methodname="Add_SingleNode_ContainsNode" classname="MercuryMessaging.Tests.MessageHistoryCacheTests" runstate="Runnable" seed="846727696" result="Passed" start-time="2025-11-25 05:52:10Z" end-time="2025-11-25 05:52:10Z" duration="0.000378" asserts="0">
              <properties>
                <property name="retryIteration" value="0" />
                <property name="repeatIteration" value="0" />
              </properties>
            </test-case>
            <test-case id="1221" name="Clear_RemovesAllEntries" fullname="MercuryMessaging.Tests.MessageHistoryCacheTests.Clear_RemovesAllEntries" methodname="Clear_RemovesAllEntries" classname="MercuryMessaging.Tests.MessageHistoryCacheTests" runstate="Runnable" seed="1646190220" result="Passed" start-time="2025-11-25 05:52:10Z" end-time="2025-11-25 05:52:10Z" duration="0.001624" asserts="0">
              <properties>
                <property name="retryIteration" value="0" />
                <property name="repeatIteration" value="0" />
              </properties>
            </test-case>
            <test-case id="1229" name="Constructor_NegativeWindowSize_ThrowsException" fullname="MercuryMessaging.Tests.MessageHistoryCacheTests.Constructor_NegativeWindowSize_ThrowsException" methodname="Constructor_NegativeWindowSize_ThrowsException" classname="MercuryMessaging.Tests.MessageHistoryCacheTests" runstate="Runnable" seed="199465511" result="Passed" start-time="2025-11-25 05:52:10Z" end-time="2025-11-25 05:52:10Z" duration="0.001310" asserts="0">
              <properties>
                <property name="retryIteration" value="0" />
                <property name="repeatIteration" value="0" />
              </properties>
            </test-case>
            <test-case id="1230" name="Constructor_ZeroWindowSize_CreatesCache" fullname="MercuryMessaging.Tests.MessageHistoryCacheTests.Constructor_ZeroWindowSize_CreatesCache" methodname="Constructor_ZeroWindowSize_CreatesCache" classname="MercuryMessaging.Tests.MessageHistoryCacheTests" runstate="Runnable" seed="12929917" result="Passed" start-time="2025-11-25 05:52:10Z" end-time="2025-11-25 05:52:10Z" duration="0.000491" asserts="0">
              <properties>
                <property name="retryIteration" value="0" />
                <property name="repeatIteration" value="0" />
              </properties>
            </test-case>
            <test-case id="1220" name="Contains_NonExistentNode_ReturnsFalse" fullname="MercuryMessaging.Tests.MessageHistoryCacheTests.Contains_NonExistentNode_ReturnsFalse" methodname="Contains_NonExistentNode_ReturnsFalse" classname="MercuryMessaging.Tests.MessageHistoryCacheTests" runstate="Runnable" seed="1341698308" result="Passed" start-time="2025-11-25 05:52:10Z" end-time="2025-11-25 05:52:10Z" duration="0.000305" asserts="0">
              <properties>
                <property name="retryIteration" value="0" />
                <property name="repeatIteration" value="0" />
              </properties>
            </test-case>
            <test-case id="1222" name="Eviction_AfterTimeWindow_RemovesOldEntries" fullname="MercuryMessaging.Tests.MessageHistoryCacheTests.Eviction_AfterTimeWindow_RemovesOldEntries" methodname="Eviction_AfterTimeWindow_RemovesOldEntries" classname="MercuryMessaging.Tests.MessageHistoryCacheTests" runstate="Runnable" seed="1579517234" result="Passed" start-time="2025-11-25 05:52:10Z" end-time="2025-11-25 05:52:10Z" duration="0.119644" asserts="0">
              <properties>
                <property name="_JOINTYPE" value="UnityCombinatorial" />
                <property name="retryIteration" value="0" />
                <property name="repeatIteration" value="0" />
              </properties>
            </test-case>
            <test-case id="1223" name="Eviction_PartialExpiration_RemovesOnlyOld" fullname="MercuryMessaging.Tests.MessageHistoryCacheTests.Eviction_PartialExpiration_RemovesOnlyOld" methodname="Eviction_PartialExpiration_RemovesOnlyOld" classname="MercuryMessaging.Tests.MessageHistoryCacheTests" runstate="Runnable" seed="1756685843" result="Passed" start-time="2025-11-25 05:52:10Z" end-time="2025-11-25 05:52:10Z" duration="0.168516" asserts="0">
              <properties>
                <property name="_JOINTYPE" value="UnityCombinatorial" />
                <property name="retryIteration" value="0" />
                <property name="repeatIteration" value="0" />
              </properties>
            </test-case>
            <test-case id="1224" name="Eviction_RefreshTimestamp_ExtendsLifetime" fullname="MercuryMessaging.Tests.MessageHistoryCacheTests.Eviction_RefreshTimestamp_ExtendsLifetime" methodname="Eviction_RefreshTimestamp_ExtendsLifetime" classname="MercuryMessaging.Tests.MessageHistoryCacheTests" runstate="Runnable" seed="72289389" result="Passed" start-time="2025-11-25 05:52:10Z" end-time="2025-11-25 05:52:10Z" duration="0.127105" asserts="0">
              <properties>
                <property name="_JOINTYPE" value="UnityCombinatorial" />
                <property name="retryIteration" value="0" />
                <property name="repeatIteration" value="0" />
              </properties>
            </test-case>
            <test-case id="1225" name="EvictNow_ManualEviction_RemovesExpiredEntries" fullname="MercuryMessaging.Tests.MessageHistoryCacheTests.EvictNow_ManualEviction_RemovesExpiredEntries" methodname="EvictNow_ManualEviction_RemovesExpiredEntries" classname="MercuryMessaging.Tests.MessageHistoryCacheTests" runstate="Runnable" seed="168582119" result="Passed" start-time="2025-11-25 05:52:10Z" end-time="2025-11-25 05:52:10Z" duration="0.001850" asserts="0">
              <properties>
                <property name="retryIteration" value="0" />
                <property name="repeatIteration" value="0" />
              </properties>
            </test-case>
            <test-case id="1228" name="GetStatistics_OldestEntryAge_ReflectsActualAge" fullname="MercuryMessaging.Tests.MessageHistoryCacheTests.GetStatistics_OldestEntryAge_ReflectsActualAge" methodname="GetStatistics_OldestEntryAge_ReflectsActualAge" classname="MercuryMessaging.Tests.MessageHistoryCacheTests" runstate="Runnable" seed="1695471738" result="Passed" start-time="2025-11-25 05:52:10Z" end-time="2025-11-25 05:52:10Z" duration="0.012545" asserts="0">
              <properties>
                <property name="retryIteration" value="0" />
                <property name="repeatIteration" value="0" />
              </properties>
            </test-case>
            <test-case id="1226" name="GetStatistics_TracksAddAndEvictionCounts" fullname="MercuryMessaging.Tests.MessageHistoryCacheTests.GetStatistics_TracksAddAndEvictionCounts" methodname="GetStatistics_TracksAddAndEvictionCounts" classname="MercuryMessaging.Tests.MessageHistoryCacheTests" runstate="Runnable" seed="2091035294" result="Passed" start-time="2025-11-25 05:52:10Z" end-time="2025-11-25 05:52:10Z" duration="0.000637" asserts="0">
              <properties>
                <property name="retryIteration" value="0" />
                <property name="repeatIteration" value="0" />
              </properties>
            </test-case>
            <test-case id="1227" name="GetStatistics_TracksEvictions" fullname="MercuryMessaging.Tests.MessageHistoryCacheTests.GetStatistics_TracksEvictions" methodname="GetStatistics_TracksEvictions" classname="MercuryMessaging.Tests.MessageHistoryCacheTests" runstate="Runnable" seed="2144841115" result="Passed" start-time="2025-11-25 05:52:10Z" end-time="2025-11-25 05:52:10Z" duration="0.099538" asserts="0">
              <properties>
                <property name="_JOINTYPE" value="UnityCombinatorial" />
                <property name="retryIteration" value="0" />
                <property name="repeatIteration" value="0" />
              </properties>
            </test-case>
            <test-case id="1234" name="Performance_AddOperation_IsConstantTime" fullname="MercuryMessaging.Tests.MessageHistoryCacheTests.Performance_AddOperation_IsConstantTime" methodname="Performance_AddOperation_IsConstantTime" classname="MercuryMessaging.Tests.MessageHistoryCacheTests" runstate="Runnable" seed="197821974" result="Passed" start-time="2025-11-25 05:52:10Z" end-time="2025-11-25 05:52:10Z" duration="0.006602" asserts="0">
              <properties>
                <property name="Category" value="Performance" />
                <property name="retryIteration" value="0" />
                <property name="repeatIteration" value="0" />
              </properties>
              <output><![CDATA[[Performance] Avg Add() time: 377.58 ns (10,000 iterations)
]]></output>
            </test-case>
            <test-case id="1233" name="Performance_ContainsLookup_IsConstantTime" fullname="MercuryMessaging.Tests.MessageHistoryCacheTests.Performance_ContainsLookup_IsConstantTime" methodname="Performance_ContainsLookup_IsConstantTime" classname="MercuryMessaging.Tests.MessageHistoryCacheTests" runstate="Runnable" seed="806414744" result="Passed" start-time="2025-11-25 05:52:10Z" end-time="2025-11-25 05:52:10Z" duration="0.007761" asserts="0">
              <properties>
                <property name="Category" value="Performance" />
                <property name="retryIteration" value="0" />
                <property name="repeatIteration" value="0" />
              </properties>
              <output><![CDATA[[Performance] Avg Contains() time: 20.81 ns (100,000 iterations, 10,000 nodes)
]]></output>
            </test-case>
            <test-case id="1232" name="ToString_ReturnsStatistics" fullname="MercuryMessaging.Tests.MessageHistoryCacheTests.ToString_ReturnsStatistics" methodname="ToString_ReturnsStatistics" classname="MercuryMessaging.Tests.MessageHistoryCacheTests" runstate="Runnable" seed="1119496029" result="Passed" start-time="2025-11-25 05:52:10Z" end-time="2025-11-25 05:52:10Z" duration="0.004561" asserts="0">
              <properties>
                <property name="retryIteration" value="0" />
                <property name="repeatIteration" value="0" />
              </properties>
            </test-case>
          </test-suite>
          <test-suite type="TestFixture" id="1011" name="MmCircularBufferMemoryTests" fullname="MercuryMessaging.Tests.MmCircularBufferMemoryTests" classname="MercuryMessaging.Tests.MmCircularBufferMemoryTests" runstate="Runnable" testcasecount="8" result="Passed" start-time="2025-11-25 05:52:10Z" end-time="2025-11-25 05:52:13Z" duration="3.195279" total="8" passed="8" failed="0" inconclusive="0" skipped="0" asserts="0">
            <properties />
            <output><![CDATA[
IgnoreFailingMessages:true
]]></output>
            <test-case id="1019" name="MmCircularBuffer_BothHistoryListsAreBounded" fullname="MercuryMessaging.Tests.MmCircularBufferMemoryTests.MmCircularBuffer_BothHistoryListsAreBounded" methodname="MmCircularBuffer_BothHistoryListsAreBounded" classname="MercuryMessaging.Tests.MmCircularBufferMemoryTests" runstate="Runnable" seed="434282555" result="Passed" start-time="2025-11-25 05:52:10Z" end-time="2025-11-25 05:52:10Z" duration="0.042827" asserts="0">
              <properties>
                <property name="_JOINTYPE" value="UnityCombinatorial" />
                <property name="retryIteration" value="0" />
                <property name="repeatIteration" value="0" />
              </properties>
            </test-case>
            <test-case id="1020" name="MmCircularBuffer_HandlesLongRunningSessions" fullname="MercuryMessaging.Tests.MmCircularBufferMemoryTests.MmCircularBuffer_HandlesLongRunningSessions" methodname="MmCircularBuffer_HandlesLongRunningSessions" classname="MercuryMessaging.Tests.MmCircularBufferMemoryTests" runstate="Runnable" seed="1654098448" result="Passed" start-time="2025-11-25 05:52:10Z" end-time="2025-11-25 05:52:11Z" duration="1.090302" asserts="0">
              <properties>
                <property name="_JOINTYPE" value="UnityCombinatorial" />
                <property name="retryIteration" value="0" />
                <property name="repeatIteration" value="0" />
              </properties>
              <output><![CDATA[[QW-4 PASS] Long-running session test completed, buffer remained stable
]]></output>
            </test-case>
            <test-case id="1012" name="MmCircularBuffer_LimitsHistorySize" fullname="MercuryMessaging.Tests.MmCircularBufferMemoryTests.MmCircularBuffer_LimitsHistorySize" methodname="MmCircularBuffer_LimitsHistorySize" classname="MercuryMessaging.Tests.MmCircularBufferMemoryTests" runstate="Runnable" seed="717261349" result="Passed" start-time="2025-11-25 05:52:11Z" end-time="2025-11-25 05:52:11Z" duration="0.026958" asserts="0">
              <properties>
                <property name="_JOINTYPE" value="UnityCombinatorial" />
                <property name="retryIteration" value="0" />
                <property name="repeatIteration" value="0" />
              </properties>
            </test-case>
            <test-case id="1013" name="MmCircularBuffer_PreventsMemoryGrowth" fullname="MercuryMessaging.Tests.MmCircularBufferMemoryTests.MmCircularBuffer_PreventsMemoryGrowth" methodname="MmCircularBuffer_PreventsMemoryGrowth" classname="MercuryMessaging.Tests.MmCircularBufferMemoryTests" runstate="Runnable" seed="1797155345" result="Passed" start-time="2025-11-25 05:52:11Z" end-time="2025-11-25 05:52:13Z" duration="1.995033" asserts="0">
              <properties>
                <property name="_JOINTYPE" value="UnityCombinatorial" />
                <property name="retryIteration" value="0" />
                <property name="repeatIteration" value="0" />
              </properties>
              <output><![CDATA[[QW-4 PASS] Memory stable: 0MB delta for 10000 messages, history size: 0/100
]]></output>
            </test-case>
            <test-suite type="ParameterizedMethod" id="1018" name="MmCircularBuffer_RespectsConfiguredSize" fullname="MercuryMessaging.Tests.MmCircularBufferMemoryTests.MmCircularBuffer_RespectsConfiguredSize" classname="MercuryMessaging.Tests.MmCircularBufferMemoryTests" runstate="Runnable" testcasecount="4" result="Passed" start-time="2025-11-25 05:52:13Z" end-time="2025-11-25 05:52:13Z" duration="0.009403" total="4" passed="4" failed="0" inconclusive="0" skipped="0" asserts="0">
              <properties />
              <test-case id="1014" name="MmCircularBuffer_RespectsConfiguredSize(10)" fullname="MercuryMessaging.Tests.MmCircularBufferMemoryTests.MmCircularBuffer_RespectsConfiguredSize(10)" methodname="MmCircularBuffer_RespectsConfiguredSize" classname="MercuryMessaging.Tests.MmCircularBufferMemoryTests" runstate="Runnable" seed="105369185" result="Passed" start-time="2025-11-25 05:52:13Z" end-time="2025-11-25 05:52:13Z" duration="0.000879" asserts="0">
                <properties>
                  <property name="retryIteration" value="0" />
                  <property name="repeatIteration" value="0" />
                </properties>
              </test-case>
              <test-case id="1015" name="MmCircularBuffer_RespectsConfiguredSize(50)" fullname="MercuryMessaging.Tests.MmCircularBufferMemoryTests.MmCircularBuffer_RespectsConfiguredSize(50)" methodname="MmCircularBuffer_RespectsConfiguredSize" classname="MercuryMessaging.Tests.MmCircularBufferMemoryTests" runstate="Runnable" seed="1879750006" result="Passed" start-time="2025-11-25 05:52:13Z" end-time="2025-11-25 05:52:13Z" duration="0.000248" asserts="0">
                <properties>
                  <property name="retryIteration" value="0" />
                  <property name="repeatIteration" value="0" />
                </properties>
              </test-case>
              <test-case id="1016" name="MmCircularBuffer_RespectsConfiguredSize(100)" fullname="MercuryMessaging.Tests.MmCircularBufferMemoryTests.MmCircularBuffer_RespectsConfiguredSize(100)" methodname="MmCircularBuffer_RespectsConfiguredSize" classname="MercuryMessaging.Tests.MmCircularBufferMemoryTests" runstate="Runnable" seed="1328534249" result="Passed" start-time="2025-11-25 05:52:13Z" end-time="2025-11-25 05:52:13Z" duration="0.000227" asserts="0">
                <properties>
                  <property name="retryIteration" value="0" />
                  <property name="repeatIteration" value="0" />
                </properties>
              </test-case>
              <test-case id="1017" name="MmCircularBuffer_RespectsConfiguredSize(500)" fullname="MercuryMessaging.Tests.MmCircularBufferMemoryTests.MmCircularBuffer_RespectsConfiguredSize(500)" methodname="MmCircularBuffer_RespectsConfiguredSize" classname="MercuryMessaging.Tests.MmCircularBufferMemoryTests" runstate="Runnable" seed="870736760" result="Passed" start-time="2025-11-25 05:52:13Z" end-time="2025-11-25 05:52:13Z" duration="0.000716" asserts="0">
                <properties>
                  <property name="retryIteration" value="0" />
                  <property name="repeatIteration" value="0" />
                </properties>
              </test-case>
            </test-suite>
          </test-suite>
          <test-suite type="TestFixture" id="1021" name="MmCircularBufferTests" fullname="MercuryMessaging.Tests.MmCircularBufferTests" classname="MercuryMessaging.Tests.MmCircularBufferTests" runstate="Runnable" testcasecount="23" result="Passed" start-time="2025-11-25 05:52:13Z" end-time="2025-11-25 05:52:13Z" duration="0.030770" total="23" passed="23" failed="0" inconclusive="0" skipped="0" asserts="0">
            <properties />
            <test-case id="1023" name="Add_IncreasesCount" fullname="MercuryMessaging.Tests.MmCircularBufferTests.Add_IncreasesCount" methodname="Add_IncreasesCount" classname="MercuryMessaging.Tests.MmCircularBufferTests" runstate="Runnable" seed="1409465487" result="Passed" start-time="2025-11-25 05:52:13Z" end-time="2025-11-25 05:52:13Z" duration="0.000457" asserts="0">
              <properties>
                <property name="retryIteration" value="0" />
                <property name="repeatIteration" value="0" />
              </properties>
            </test-case>
            <test-case id="1040" name="Add_LargeNumberOfItems_PerformsEfficiently" fullname="MercuryMessaging.Tests.MmCircularBufferTests.Add_LargeNumberOfItems_PerformsEfficiently" methodname="Add_LargeNumberOfItems_PerformsEfficiently" classname="MercuryMessaging.Tests.MmCircularBufferTests" runstate="Runnable" seed="140482114" result="Passed" start-time="2025-11-25 05:52:13Z" end-time="2025-11-25 05:52:13Z" duration="0.000668" asserts="0">
              <properties>
                <property name="retryIteration" value="0" />
                <property name="repeatIteration" value="0" />
              </properties>
            </test-case>
            <test-case id="1026" name="Add_MultipleWraps_MaintainsCorrectOrder" fullname="MercuryMessaging.Tests.MmCircularBufferTests.Add_MultipleWraps_MaintainsCorrectOrder" methodname="Add_MultipleWraps_MaintainsCorrectOrder" classname="MercuryMessaging.Tests.MmCircularBufferTests" runstate="Runnable" seed="246370567" result="Passed" start-time="2025-11-25 05:52:13Z" end-time="2025-11-25 05:52:13Z" duration="0.001420" asserts="0">
              <properties>
                <property name="retryIteration" value="0" />
                <property name="repeatIteration" value="0" />
              </properties>
            </test-case>
            <test-case id="1024" name="Add_StoresItemsInOrder" fullname="MercuryMessaging.Tests.MmCircularBufferTests.Add_StoresItemsInOrder" methodname="Add_StoresItemsInOrder" classname="MercuryMessaging.Tests.MmCircularBufferTests" runstate="Runnable" seed="1412308316" result="Passed" start-time="2025-11-25 05:52:13Z" end-time="2025-11-25 05:52:13Z" duration="0.000394" asserts="0">
              <properties>
                <property name="retryIteration" value="0" />
                <property name="repeatIteration" value="0" />
              </properties>
            </test-case>
            <test-case id="1025" name="Add_WhenFull_OverwritesOldestItem" fullname="MercuryMessaging.Tests.MmCircularBufferTests.Add_WhenFull_OverwritesOldestItem" methodname="Add_WhenFull_OverwritesOldestItem" classname="MercuryMessaging.Tests.MmCircularBufferTests" runstate="Runnable" seed="2106363763" result="Passed" start-time="2025-11-25 05:52:13Z" end-time="2025-11-25 05:52:13Z" duration="0.000328" asserts="0">
              <properties>
                <property name="retryIteration" value="0" />
                <property name="repeatIteration" value="0" />
              </properties>
            </test-case>
            <test-case id="1036" name="Clear_AllowsReuse" fullname="MercuryMessaging.Tests.MmCircularBufferTests.Clear_AllowsReuse" methodname="Clear_AllowsReuse" classname="MercuryMessaging.Tests.MmCircularBufferTests" runstate="Runnable" seed="1512702052" result="Passed" start-time="2025-11-25 05:52:13Z" end-time="2025-11-25 05:52:13Z" duration="0.000356" asserts="0">
              <properties>
                <property name="retryIteration" value="0" />
                <property name="repeatIteration" value="0" />
              </properties>
            </test-case>
            <test-case id="1035" name="Clear_RemovesAllItems" fullname="MercuryMessaging.Tests.MmCircularBufferTests.Clear_RemovesAllItems" methodname="Clear_RemovesAllItems" classname="MercuryMessaging.Tests.MmCircularBufferTests" runstate="Runnable" seed="539640033" result="Passed" start-time="2025-11-25 05:52:13Z" end-time="2025-11-25 05:52:13Z" duration="0.000301" asserts="0">
              <properties>
                <property name="retryIteration" value="0" />
                <property name="repeatIteration" value="0" />
              </properties>
            </test-case>
            <test-case id="1022" name="Constructor_CreatesBufferWithCorrectCapacity" fullname="MercuryMessaging.Tests.MmCircularBufferTests.Constructor_CreatesBufferWithCorrectCapacity" methodname="Constructor_CreatesBufferWithCorrectCapacity" classname="MercuryMessaging.Tests.MmCircularBufferTests" runstate="Runnable" seed="1075836728" result="Passed" start-time="2025-11-25 05:52:13Z" end-time="2025-11-25 05:52:13Z" duration="0.000633" asserts="0">
              <properties>
                <property name="retryIteration" value="0" />
                <property name="repeatIteration" value="0" />
              </properties>
            </test-case>
            <test-case id="1033" name="EmptyBuffer_EnumerationDoesNotThrow" fullname="MercuryMessaging.Tests.MmCircularBufferTests.EmptyBuffer_EnumerationDoesNotThrow" methodname="EmptyBuffer_EnumerationDoesNotThrow" classname="MercuryMessaging.Tests.MmCircularBufferTests" runstate="Runnable" seed="1747237569" result="Passed" start-time="2025-11-25 05:52:13Z" end-time="2025-11-25 05:52:13Z" duration="0.000506" asserts="0">
              <properties>
                <property name="retryIteration" value="0" />
                <property name="repeatIteration" value="0" />
              </properties>
            </test-case>
            <test-case id="1032" name="EmptyBuffer_HasZeroCount" fullname="MercuryMessaging.Tests.MmCircularBufferTests.EmptyBuffer_HasZeroCount" methodname="EmptyBuffer_HasZeroCount" classname="MercuryMessaging.Tests.MmCircularBufferTests" runstate="Runnable" seed="1461791952" result="Passed" start-time="2025-11-25 05:52:13Z" end-time="2025-11-25 05:52:13Z" duration="0.000269" asserts="0">
              <properties>
                <property name="retryIteration" value="0" />
                <property name="repeatIteration" value="0" />
              </properties>
            </test-case>
            <test-case id="1041" name="Enumeration_LargeBuffer_PerformsEfficiently" fullname="MercuryMessaging.Tests.MmCircularBufferTests.Enumeration_LargeBuffer_PerformsEfficiently" methodname="Enumeration_LargeBuffer_PerformsEfficiently" classname="MercuryMessaging.Tests.MmCircularBufferTests" runstate="Runnable" seed="1506274797" result="Passed" start-time="2025-11-25 05:52:13Z" end-time="2025-11-25 05:52:13Z" duration="0.000523" asserts="0">
              <properties>
                <property name="retryIteration" value="0" />
                <property name="repeatIteration" value="0" />
              </properties>
            </test-case>
            <test-case id="1030" name="GetEnumerator_AfterWrapping_ReturnsCorrectOrder" fullname="MercuryMessaging.Tests.MmCircularBufferTests.GetEnumerator_AfterWrapping_ReturnsCorrectOrder" methodname="GetEnumerator_AfterWrapping_ReturnsCorrectOrder" classname="MercuryMessaging.Tests.MmCircularBufferTests" runstate="Runnable" seed="327012475" result="Passed" start-time="2025-11-25 05:52:13Z" end-time="2025-11-25 05:52:13Z" duration="0.000311" asserts="0">
              <properties>
                <property name="retryIteration" value="0" />
                <property name="repeatIteration" value="0" />
              </properties>
            </test-case>
            <test-case id="1029" name="GetEnumerator_ReturnsItemsInCorrectOrder" fullname="MercuryMessaging.Tests.MmCircularBufferTests.GetEnumerator_ReturnsItemsInCorrectOrder" methodname="GetEnumerator_ReturnsItemsInCorrectOrder" classname="MercuryMessaging.Tests.MmCircularBufferTests" runstate="Runnable" seed="279422332" result="Passed" start-time="2025-11-25 05:52:13Z" end-time="2025-11-25 05:52:13Z" duration="0.000511" asserts="0">
              <properties>
                <property name="retryIteration" value="0" />
                <property name="repeatIteration" value="0" />
              </properties>
            </test-case>
            <test-case id="1042" name="Insert_BehavesLikeListInsertAtZero" fullname="MercuryMessaging.Tests.MmCircularBufferTests.Insert_BehavesLikeListInsertAtZero" methodname="Insert_BehavesLikeListInsertAtZero" classname="MercuryMessaging.Tests.MmCircularBufferTests" runstate="Runnable" seed="644690467" result="Passed" start-time="2025-11-25 05:52:13Z" end-time="2025-11-25 05:52:13Z" duration="0.000955" asserts="0">
              <properties>
                <property name="retryIteration" value="0" />
                <property name="repeatIteration" value="0" />
              </properties>
            </test-case>
            <test-case id="1028" name="Insert_WhenFull_OverwritesOldest" fullname="MercuryMessaging.Tests.MmCircularBufferTests.Insert_WhenFull_OverwritesOldest" methodname="Insert_WhenFull_OverwritesOldest" classname="MercuryMessaging.Tests.MmCircularBufferTests" runstate="Runnable" seed="1720975644" result="Passed" start-time="2025-11-25 05:52:13Z" end-time="2025-11-25 05:52:13Z" duration="0.000432" asserts="0">
              <properties>
                <property name="retryIteration" value="0" />
                <property name="repeatIteration" value="0" />
              </properties>
            </test-case>
            <test-case id="1027" name="Insert_WithIndexZero_AddsToFront" fullname="MercuryMessaging.Tests.MmCircularBufferTests.Insert_WithIndexZero_AddsToFront" methodname="Insert_WithIndexZero_AddsToFront" classname="MercuryMessaging.Tests.MmCircularBufferTests" runstate="Runnable" seed="1250445468" result="Passed" start-time="2025-11-25 05:52:13Z" end-time="2025-11-25 05:52:13Z" duration="0.000298" asserts="0">
              <properties>
                <property name="retryIteration" value="0" />
                <property name="repeatIteration" value="0" />
              </properties>
            </test-case>
            <test-case id="1031" name="LINQ_Methods_WorkCorrectly" fullname="MercuryMessaging.Tests.MmCircularBufferTests.LINQ_Methods_WorkCorrectly" methodname="LINQ_Methods_WorkCorrectly" classname="MercuryMessaging.Tests.MmCircularBufferTests" runstate="Runnable" seed="1390071613" result="Passed" start-time="2025-11-25 05:52:13Z" end-time="2025-11-25 05:52:13Z" duration="0.003120" asserts="0">
              <properties>
                <property name="retryIteration" value="0" />
                <property name="repeatIteration" value="0" />
              </properties>
            </test-case>
            <test-case id="1034" name="SingleItemBuffer_WorksCorrectly" fullname="MercuryMessaging.Tests.MmCircularBufferTests.SingleItemBuffer_WorksCorrectly" methodname="SingleItemBuffer_WorksCorrectly" classname="MercuryMessaging.Tests.MmCircularBufferTests" runstate="Runnable" seed="1859972012" result="Passed" start-time="2025-11-25 05:52:13Z" end-time="2025-11-25 05:52:13Z" duration="0.001019" asserts="0">
              <properties>
                <property name="retryIteration" value="0" />
                <property name="repeatIteration" value="0" />
              </properties>
            </test-case>
            <test-case id="1043" name="StressTest_AlternatingAddAndInsert" fullname="MercuryMessaging.Tests.MmCircularBufferTests.StressTest_AlternatingAddAndInsert" methodname="StressTest_AlternatingAddAndInsert" classname="MercuryMessaging.Tests.MmCircularBufferTests" runstate="Runnable" seed="1154959692" result="Passed" start-time="2025-11-25 05:52:13Z" end-time="2025-11-25 05:52:13Z" duration="0.000292" asserts="0">
              <properties>
                <property name="retryIteration" value="0" />
                <property name="repeatIteration" value="0" />
              </properties>
            </test-case>
            <test-case id="1044" name="StressTest_ClearAndRefill" fullname="MercuryMessaging.Tests.MmCircularBufferTests.StressTest_ClearAndRefill" methodname="StressTest_ClearAndRefill" classname="MercuryMessaging.Tests.MmCircularBufferTests" runstate="Runnable" seed="841649899" result="Passed" start-time="2025-11-25 05:52:13Z" end-time="2025-11-25 05:52:13Z" duration="0.001685" asserts="0">
              <properties>
                <property name="retryIteration" value="0" />
                <property name="repeatIteration" value="0" />
              </properties>
            </test-case>
            <test-case id="1039" name="WorksWithComplexTypes" fullname="MercuryMessaging.Tests.MmCircularBufferTests.WorksWithComplexTypes" methodname="WorksWithComplexTypes" classname="MercuryMessaging.Tests.MmCircularBufferTests" runstate="Runnable" seed="1986423408" result="Passed" start-time="2025-11-25 05:52:13Z" end-time="2025-11-25 05:52:13Z" duration="0.001015" asserts="0">
              <properties>
                <property name="retryIteration" value="0" />
                <property name="repeatIteration" value="0" />
              </properties>
            </test-case>
            <test-case id="1038" name="WorksWithNullValues" fullname="MercuryMessaging.Tests.MmCircularBufferTests.WorksWithNullValues" methodname="WorksWithNullValues" classname="MercuryMessaging.Tests.MmCircularBufferTests" runstate="Runnable" seed="176024021" result="Passed" start-time="2025-11-25 05:52:13Z" end-time="2025-11-25 05:52:13Z" duration="0.000394" asserts="0">
              <properties>
                <property name="retryIteration" value="0" />
                <property name="repeatIteration" value="0" />
              </properties>
            </test-case>
            <test-case id="1037" name="WorksWithReferenceTypes" fullname="MercuryMessaging.Tests.MmCircularBufferTests.WorksWithReferenceTypes" methodname="WorksWithReferenceTypes" classname="MercuryMessaging.Tests.MmCircularBufferTests" runstate="Runnable" seed="140985118" result="Passed" start-time="2025-11-25 05:52:13Z" end-time="2025-11-25 05:52:13Z" duration="0.000212" asserts="0">
              <properties>
                <property name="retryIteration" value="0" />
                <property name="repeatIteration" value="0" />
              </properties>
            </test-case>
          </test-suite>
          <test-suite type="TestFixture" id="1235" name="MmExtendableResponderIntegrationTests" fullname="MercuryMessaging.Tests.MmExtendableResponderIntegrationTests" classname="MercuryMessaging.Tests.MmExtendableResponderIntegrationTests" runstate="Runnable" testcasecount="13" result="Passed" start-time="2025-11-25 05:52:13Z" end-time="2025-11-25 05:52:13Z" duration="0.024403" total="13" passed="13" failed="0" inconclusive="0" skipped="0" asserts="0">
            <properties />
            <test-case id="1244" name="Awake_RegistersHandlers_BeforeFirstMessage" fullname="MercuryMessaging.Tests.MmExtendableResponderIntegrationTests.Awake_RegistersHandlers_BeforeFirstMessage" methodname="Awake_RegistersHandlers_BeforeFirstMessage" classname="MercuryMessaging.Tests.MmExtendableResponderIntegrationTests" runstate="Runnable" seed="537869631" result="Passed" start-time="2025-11-25 05:52:13Z" end-time="2025-11-25 05:52:13Z" duration="0.004739" asserts="0">
              <properties>
                <property name="retryIteration" value="0" />
                <property name="repeatIteration" value="0" />
              </properties>
            </test-case>
            <test-case id="1247" name="BackwardCompatibility_ExistingCodeStillWorks" fullname="MercuryMessaging.Tests.MmExtendableResponderIntegrationTests.BackwardCompatibility_ExistingCodeStillWorks" methodname="BackwardCompatibility_ExistingCodeStillWorks" classname="MercuryMessaging.Tests.MmExtendableResponderIntegrationTests" runstate="Runnable" seed="351295970" result="Passed" start-time="2025-11-25 05:52:13Z" end-time="2025-11-25 05:52:13Z" duration="0.000558" asserts="0">
              <properties>
                <property name="retryIteration" value="0" />
                <property name="repeatIteration" value="0" />
              </properties>
            </test-case>
            <test-case id="1248" name="HandlerException_DoesNotBreakMessageRouting" fullname="MercuryMessaging.Tests.MmExtendableResponderIntegrationTests.HandlerException_DoesNotBreakMessageRouting" methodname="HandlerException_DoesNotBreakMessageRouting" classname="MercuryMessaging.Tests.MmExtendableResponderIntegrationTests" runstate="Runnable" seed="993017915" result="Passed" start-time="2025-11-25 05:52:13Z" end-time="2025-11-25 05:52:13Z" duration="0.004314" asserts="0">
              <properties>
                <property name="retryIteration" value="0" />
                <property name="repeatIteration" value="0" />
              </properties>
              <output><![CDATA[[TestExtendableResponder] Unhandled custom method: 4000 (4000)
GameObject: Root
Suggestion: Register a handler with RegisterCustomHandler() in Awake():
    RegisterCustomHandler((MmMethod)4000, OnYourHandlerMethod);
[TestExtendableResponder] Error in custom handler for method 4000 (4000): System.InvalidOperationException: Test exception
  at MercuryMessaging.Tests.MmExtendableResponderIntegrationTests+<>c__DisplayClass24_0.<HandlerException_DoesNotBreakMessageRouting>b__0 (MercuryMessaging.MmMessage msg) [0x00007] in C:\Users\yangb\Research\MercuryMessaging\Assets\MercuryMessaging\Tests\MmExtendableResponderIntegrationTests.cs:414 
  at MercuryMessaging.MmExtendableResponder.MmInvoke (MercuryMessaging.MmMessage message) [0x00037] in C:\Users\yangb\Research\MercuryMessaging\Assets\MercuryMessaging\Protocol\MmExtendableResponder.cs:139 
GameObject: Parent
Stack trace:   at MercuryMessaging.Tests.MmExtendableResponderIntegrationTests+<>c__DisplayClass24_0.<HandlerException_DoesNotBreakMessageRouting>b__0 (MercuryMessaging.MmMessage msg) [0x00007] in C:\Users\yangb\Research\MercuryMessaging\Assets\MercuryMessaging\Tests\MmExtendableResponderIntegrationTests.cs:414 
  at MercuryMessaging.MmExtendableResponder.MmInvoke (MercuryMessaging.MmMessage message) [0x00037] in C:\Users\yangb\Research\MercuryMessaging\Assets\MercuryMessaging\Protocol\MmExtendableResponder.cs:139 
[TestExtendableResponder] Unhandled custom method: 4000 (4000)
GameObject: Child
Suggestion: Register a handler with RegisterCustomHandler() in Awake():
    RegisterCustomHandler((MmMethod)4000, OnYourHandlerMethod);
]]></output>
            </test-case>
            <test-case id="1246" name="MixedResponders_BothMmBaseAndMmExtendable_WorkTogether" fullname="MercuryMessaging.Tests.MmExtendableResponderIntegrationTests.MixedResponders_BothMmBaseAndMmExtendable_WorkTogether" methodname="MixedResponders_BothMmBaseAndMmExtendable_WorkTogether" classname="MercuryMessaging.Tests.MmExtendableResponderIntegrationTests" runstate="Runnable" seed="1289620923" result="Passed" start-time="2025-11-25 05:52:13Z" end-time="2025-11-25 05:52:13Z" duration="0.000631" asserts="0">
              <properties>
                <property name="retryIteration" value="0" />
                <property name="repeatIteration" value="0" />
              </properties>
            </test-case>
            <test-case id="1242" name="MmInvoke_ActiveFilter_SkipsInactiveGameObjects" fullname="MercuryMessaging.Tests.MmExtendableResponderIntegrationTests.MmInvoke_ActiveFilter_SkipsInactiveGameObjects" methodname="MmInvoke_ActiveFilter_SkipsInactiveGameObjects" classname="MercuryMessaging.Tests.MmExtendableResponderIntegrationTests" runstate="Runnable" seed="882697675" result="Passed" start-time="2025-11-25 05:52:13Z" end-time="2025-11-25 05:52:13Z" duration="0.000432" asserts="0">
              <properties>
                <property name="retryIteration" value="0" />
                <property name="repeatIteration" value="0" />
              </properties>
            </test-case>
            <test-case id="1243" name="MmInvoke_AllFilter_IncludesInactiveGameObjects" fullname="MercuryMessaging.Tests.MmExtendableResponderIntegrationTests.MmInvoke_AllFilter_IncludesInactiveGameObjects" methodname="MmInvoke_AllFilter_IncludesInactiveGameObjects" classname="MercuryMessaging.Tests.MmExtendableResponderIntegrationTests" runstate="Runnable" seed="1842281024" result="Passed" start-time="2025-11-25 05:52:13Z" end-time="2025-11-25 05:52:13Z" duration="0.000368" asserts="0">
              <properties>
                <property name="retryIteration" value="0" />
                <property name="repeatIteration" value="0" />
              </properties>
            </test-case>
            <test-case id="1237" name="MmInvoke_ChildFilter_OnlyReachesChildren" fullname="MercuryMessaging.Tests.MmExtendableResponderIntegrationTests.MmInvoke_ChildFilter_OnlyReachesChildren" methodname="MmInvoke_ChildFilter_OnlyReachesChildren" classname="MercuryMessaging.Tests.MmExtendableResponderIntegrationTests" runstate="Runnable" seed="909601601" result="Passed" start-time="2025-11-25 05:52:13Z" end-time="2025-11-25 05:52:13Z" duration="0.000424" asserts="0">
              <properties>
                <property name="retryIteration" value="0" />
                <property name="repeatIteration" value="0" />
              </properties>
            </test-case>
            <test-case id="1241" name="MmInvoke_EverythingTag_AllRespondersReceive" fullname="MercuryMessaging.Tests.MmExtendableResponderIntegrationTests.MmInvoke_EverythingTag_AllRespondersReceive" methodname="MmInvoke_EverythingTag_AllRespondersReceive" classname="MercuryMessaging.Tests.MmExtendableResponderIntegrationTests" runstate="Runnable" seed="1250687438" result="Passed" start-time="2025-11-25 05:52:13Z" end-time="2025-11-25 05:52:13Z" duration="0.000772" asserts="0">
              <properties>
                <property name="retryIteration" value="0" />
                <property name="repeatIteration" value="0" />
              </properties>
            </test-case>
            <test-case id="1238" name="MmInvoke_ParentFilter_OnlyReachesParents" fullname="MercuryMessaging.Tests.MmExtendableResponderIntegrationTests.MmInvoke_ParentFilter_OnlyReachesParents" methodname="MmInvoke_ParentFilter_OnlyReachesParents" classname="MercuryMessaging.Tests.MmExtendableResponderIntegrationTests" runstate="Runnable" seed="186435358" result="Passed" start-time="2025-11-25 05:52:13Z" end-time="2025-11-25 05:52:13Z" duration="0.000788" asserts="0">
              <properties>
                <property name="retryIteration" value="0" />
                <property name="repeatIteration" value="0" />
              </properties>
            </test-case>
            <test-case id="1236" name="MmInvoke_RoutesCustomMessage_ThroughHierarchy" fullname="MercuryMessaging.Tests.MmExtendableResponderIntegrationTests.MmInvoke_RoutesCustomMessage_ThroughHierarchy" methodname="MmInvoke_RoutesCustomMessage_ThroughHierarchy" classname="MercuryMessaging.Tests.MmExtendableResponderIntegrationTests" runstate="Runnable" seed="768616993" result="Passed" start-time="2025-11-25 05:52:13Z" end-time="2025-11-25 05:52:13Z" duration="0.000420" asserts="0">
              <properties>
                <property name="retryIteration" value="0" />
                <property name="repeatIteration" value="0" />
              </properties>
            </test-case>
            <test-case id="1239" name="MmInvoke_StandardMethods_RouteCorrectly" fullname="MercuryMessaging.Tests.MmExtendableResponderIntegrationTests.MmInvoke_StandardMethods_RouteCorrectly" methodname="MmInvoke_StandardMethods_RouteCorrectly" classname="MercuryMessaging.Tests.MmExtendableResponderIntegrationTests" runstate="Runnable" seed="222454656" result="Passed" start-time="2025-11-25 05:52:13Z" end-time="2025-11-25 05:52:13Z" duration="0.000520" asserts="0">
              <properties>
                <property name="retryIteration" value="0" />
                <property name="repeatIteration" value="0" />
              </properties>
            </test-case>
            <test-case id="1240" name="MmInvoke_TagFilter_OnlyMatchingRespondersReceive" fullname="MercuryMessaging.Tests.MmExtendableResponderIntegrationTests.MmInvoke_TagFilter_OnlyMatchingRespondersReceive" methodname="MmInvoke_TagFilter_OnlyMatchingRespondersReceive" classname="MercuryMessaging.Tests.MmExtendableResponderIntegrationTests" runstate="Runnable" seed="1544558584" result="Passed" start-time="2025-11-25 05:52:13Z" end-time="2025-11-25 05:52:13Z" duration="0.000507" asserts="0">
              <properties>
                <property name="retryIteration" value="0" />
                <property name="repeatIteration" value="0" />
              </properties>
            </test-case>
            <test-case id="1245" name="OnDestroy_CleansUp_WithoutErrors" fullname="MercuryMessaging.Tests.MmExtendableResponderIntegrationTests.OnDestroy_CleansUp_WithoutErrors" methodname="OnDestroy_CleansUp_WithoutErrors" classname="MercuryMessaging.Tests.MmExtendableResponderIntegrationTests" runstate="Runnable" seed="1072887327" result="Passed" start-time="2025-11-25 05:52:13Z" end-time="2025-11-25 05:52:13Z" duration="0.001280" asserts="0">
              <properties>
                <property name="retryIteration" value="0" />
                <property name="repeatIteration" value="0" />
              </properties>
              <reason>
                <message><![CDATA[Object destroyed without errors]]></message>
              </reason>
            </test-case>
          </test-suite>
          <test-suite type="TestFixture" id="1249" name="MmExtendableResponderPerformanceTests" fullname="MercuryMessaging.Tests.MmExtendableResponderPerformanceTests" classname="MercuryMessaging.Tests.MmExtendableResponderPerformanceTests" runstate="Runnable" testcasecount="7" result="Passed" start-time="2025-11-25 05:52:13Z" end-time="2025-11-25 05:52:15Z" duration="1.723938" total="7" passed="7" failed="0" inconclusive="0" skipped="0" asserts="0">
            <properties />
            <test-case id="1250" name="Benchmark_Baseline_StandardMethod" fullname="MercuryMessaging.Tests.MmExtendableResponderPerformanceTests.Benchmark_Baseline_StandardMethod" methodname="Benchmark_Baseline_StandardMethod" classname="MercuryMessaging.Tests.MmExtendableResponderPerformanceTests" runstate="Runnable" seed="1704284383" result="Passed" start-time="2025-11-25 05:52:13Z" end-time="2025-11-25 05:52:13Z" duration="0.009425" asserts="0">
              <properties>
                <property name="Category" value="Performance" />
                <property name="retryIteration" value="0" />
                <property name="repeatIteration" value="0" />
              </properties>
              <output><![CDATA[[Baseline] Avg dispatch time: 544.54 ns per message (10000 iterations)
]]></output>
            </test-case>
            <test-case id="1255" name="Benchmark_Comparison_Summary" fullname="MercuryMessaging.Tests.MmExtendableResponderPerformanceTests.Benchmark_Comparison_Summary" methodname="Benchmark_Comparison_Summary" classname="MercuryMessaging.Tests.MmExtendableResponderPerformanceTests" runstate="Runnable" seed="1596457597" result="Passed" start-time="2025-11-25 05:52:13Z" end-time="2025-11-25 05:52:14Z" duration="0.012509" asserts="0">
              <properties>
                <property name="Category" value="Performance" />
                <property name="retryIteration" value="0" />
                <property name="repeatIteration" value="0" />
              </properties>
              <output><![CDATA[
=================================================================
MmExtendableResponder Performance Comparison
=================================================================
Baseline (MmBaseResponder):           468.67 ns/msg
Fast Path (Standard Methods 0-999):   499.94 ns/msg  (106.7% of baseline)
Slow Path (Custom Methods 1000+):     11.70 ns/msg  (0.0x slower)
=================================================================
Iterations: 10,000
Target: Fast path < 2500ns, Slow path < 3000ns (Unity Editor overhead)
Production builds are typically 2-5x faster.
=================================================================

]]></output>
            </test-case>
            <test-case id="1251" name="Benchmark_FastPath_StandardMethod" fullname="MercuryMessaging.Tests.MmExtendableResponderPerformanceTests.Benchmark_FastPath_StandardMethod" methodname="Benchmark_FastPath_StandardMethod" classname="MercuryMessaging.Tests.MmExtendableResponderPerformanceTests" runstate="Runnable" seed="2007068697" result="Passed" start-time="2025-11-25 05:52:14Z" end-time="2025-11-25 05:52:14Z" duration="0.006680" asserts="0">
              <properties>
                <property name="Category" value="Performance" />
                <property name="retryIteration" value="0" />
                <property name="repeatIteration" value="0" />
              </properties>
              <output><![CDATA[[Fast Path] Avg dispatch time: 485.93 ns per message (10000 iterations)
]]></output>
            </test-case>
            <test-case id="1254" name="Benchmark_MemoryOverhead" fullname="MercuryMessaging.Tests.MmExtendableResponderPerformanceTests.Benchmark_MemoryOverhead" methodname="Benchmark_MemoryOverhead" classname="MercuryMessaging.Tests.MmExtendableResponderPerformanceTests" runstate="Runnable" seed="1986218084" result="Passed" start-time="2025-11-25 05:52:14Z" end-time="2025-11-25 05:52:15Z" duration="1.680972" asserts="0">
              <properties>
                <property name="Category" value="Performance" />
                <property name="retryIteration" value="0" />
                <property name="repeatIteration" value="0" />
              </properties>
              <output><![CDATA[[Memory] Total overhead: 0.00 KB (0.00 bytes per responder)
]]></output>
            </test-case>
            <test-case id="1256" name="Benchmark_RealWorld_MixedMessages" fullname="MercuryMessaging.Tests.MmExtendableResponderPerformanceTests.Benchmark_RealWorld_MixedMessages" methodname="Benchmark_RealWorld_MixedMessages" classname="MercuryMessaging.Tests.MmExtendableResponderPerformanceTests" runstate="Runnable" seed="41341293" result="Passed" start-time="2025-11-25 05:52:15Z" end-time="2025-11-25 05:52:15Z" duration="0.002663" asserts="0">
              <properties>
                <property name="Category" value="Performance" />
                <property name="retryIteration" value="0" />
                <property name="repeatIteration" value="0" />
              </properties>
              <output><![CDATA[[Real-World Mix] Avg dispatch time: 134.23 ns per message (10000 iterations)
]]></output>
            </test-case>
            <test-case id="1252" name="Benchmark_SlowPath_CustomMethod" fullname="MercuryMessaging.Tests.MmExtendableResponderPerformanceTests.Benchmark_SlowPath_CustomMethod" methodname="Benchmark_SlowPath_CustomMethod" classname="MercuryMessaging.Tests.MmExtendableResponderPerformanceTests" runstate="Runnable" seed="880160489" result="Passed" start-time="2025-11-25 05:52:15Z" end-time="2025-11-25 05:52:15Z" duration="0.001038" asserts="0">
              <properties>
                <property name="Category" value="Performance" />
                <property name="retryIteration" value="0" />
                <property name="repeatIteration" value="0" />
              </properties>
              <output><![CDATA[[Slow Path] Avg dispatch time: 12.46 ns per message (10000 iterations)
]]></output>
            </test-case>
            <test-case id="1253" name="Benchmark_SlowPath_MultipleCustomMethods" fullname="MercuryMessaging.Tests.MmExtendableResponderPerformanceTests.Benchmark_SlowPath_MultipleCustomMethods" methodname="Benchmark_SlowPath_MultipleCustomMethods" classname="MercuryMessaging.Tests.MmExtendableResponderPerformanceTests" runstate="Runnable" seed="948251148" result="Passed" start-time="2025-11-25 05:52:15Z" end-time="2025-11-25 05:52:15Z" duration="0.001473" asserts="0">
              <properties>
                <property name="Category" value="Performance" />
                <property name="retryIteration" value="0" />
                <property name="repeatIteration" value="0" />
              </properties>
              <output><![CDATA[[Slow Path Multi] Avg dispatch time: 22.69 ns per message (10000 iterations)
]]></output>
            </test-case>
          </test-suite>
          <test-suite type="TestFixture" id="1257" name="MmExtendableResponderTests" fullname="MercuryMessaging.Tests.MmExtendableResponderTests" classname="MercuryMessaging.Tests.MmExtendableResponderTests" runstate="Runnable" testcasecount="26" result="Passed" start-time="2025-11-25 05:52:15Z" end-time="2025-11-25 05:52:15Z" duration="0.031399" total="26" passed="26" failed="0" inconclusive="0" skipped="0" asserts="0">
            <properties />
            <test-case id="1281" name="Dictionary_LazyInitialization_UntilFirstRegistration" fullname="MercuryMessaging.Tests.MmExtendableResponderTests.Dictionary_LazyInitialization_UntilFirstRegistration" methodname="Dictionary_LazyInitialization_UntilFirstRegistration" classname="MercuryMessaging.Tests.MmExtendableResponderTests" runstate="Runnable" seed="219828039" result="Passed" start-time="2025-11-25 05:52:15Z" end-time="2025-11-25 05:52:15Z" duration="0.002716" asserts="0">
              <properties>
                <property name="retryIteration" value="0" />
                <property name="repeatIteration" value="0" />
              </properties>
            </test-case>
            <test-case id="1274" name="HasCustomHandler_ReturnsFalse_BeforeAnyRegistration" fullname="MercuryMessaging.Tests.MmExtendableResponderTests.HasCustomHandler_ReturnsFalse_BeforeAnyRegistration" methodname="HasCustomHandler_ReturnsFalse_BeforeAnyRegistration" classname="MercuryMessaging.Tests.MmExtendableResponderTests" runstate="Runnable" seed="1040351106" result="Passed" start-time="2025-11-25 05:52:15Z" end-time="2025-11-25 05:52:15Z" duration="0.000237" asserts="0">
              <properties>
                <property name="retryIteration" value="0" />
                <property name="repeatIteration" value="0" />
              </properties>
            </test-case>
            <test-case id="1273" name="HasCustomHandler_ReturnsFalse_ForUnregisteredMethod" fullname="MercuryMessaging.Tests.MmExtendableResponderTests.HasCustomHandler_ReturnsFalse_ForUnregisteredMethod" methodname="HasCustomHandler_ReturnsFalse_ForUnregisteredMethod" classname="MercuryMessaging.Tests.MmExtendableResponderTests" runstate="Runnable" seed="151631010" result="Passed" start-time="2025-11-25 05:52:15Z" end-time="2025-11-25 05:52:15Z" duration="0.000210" asserts="0">
              <properties>
                <property name="retryIteration" value="0" />
                <property name="repeatIteration" value="0" />
              </properties>
            </test-case>
            <test-case id="1272" name="HasCustomHandler_ReturnsTrue_ForRegisteredMethod" fullname="MercuryMessaging.Tests.MmExtendableResponderTests.HasCustomHandler_ReturnsTrue_ForRegisteredMethod" methodname="HasCustomHandler_ReturnsTrue_ForRegisteredMethod" classname="MercuryMessaging.Tests.MmExtendableResponderTests" runstate="Runnable" seed="318968496" result="Passed" start-time="2025-11-25 05:52:15Z" end-time="2025-11-25 05:52:15Z" duration="0.000480" asserts="0">
              <properties>
                <property name="retryIteration" value="0" />
                <property name="repeatIteration" value="0" />
              </properties>
            </test-case>
            <test-case id="1265" name="MmInvoke_CallsMultipleHandlers_Independently" fullname="MercuryMessaging.Tests.MmExtendableResponderTests.MmInvoke_CallsMultipleHandlers_Independently" methodname="MmInvoke_CallsMultipleHandlers_Independently" classname="MercuryMessaging.Tests.MmExtendableResponderTests" runstate="Runnable" seed="139574059" result="Passed" start-time="2025-11-25 05:52:15Z" end-time="2025-11-25 05:52:15Z" duration="0.000427" asserts="0">
              <properties>
                <property name="retryIteration" value="0" />
                <property name="repeatIteration" value="0" />
              </properties>
            </test-case>
            <test-case id="1263" name="MmInvoke_CallsRegisteredHandler_ForCustomMethod" fullname="MercuryMessaging.Tests.MmExtendableResponderTests.MmInvoke_CallsRegisteredHandler_ForCustomMethod" methodname="MmInvoke_CallsRegisteredHandler_ForCustomMethod" classname="MercuryMessaging.Tests.MmExtendableResponderTests" runstate="Runnable" seed="514239830" result="Passed" start-time="2025-11-25 05:52:15Z" end-time="2025-11-25 05:52:15Z" duration="0.000320" asserts="0">
              <properties>
                <property name="retryIteration" value="0" />
                <property name="repeatIteration" value="0" />
              </properties>
            </test-case>
            <test-case id="1275" name="MmInvoke_CatchesHandlerException_AndLogsError" fullname="MercuryMessaging.Tests.MmExtendableResponderTests.MmInvoke_CatchesHandlerException_AndLogsError" methodname="MmInvoke_CatchesHandlerException_AndLogsError" classname="MercuryMessaging.Tests.MmExtendableResponderTests" runstate="Runnable" seed="821592193" result="Passed" start-time="2025-11-25 05:52:15Z" end-time="2025-11-25 05:52:15Z" duration="0.001159" asserts="0">
              <properties>
                <property name="retryIteration" value="0" />
                <property name="repeatIteration" value="0" />
              </properties>
              <output><![CDATA[[TestExtendableResponder] Error in custom handler for method 1000 (1000): System.InvalidOperationException: Test exception
  at MercuryMessaging.Tests.MmExtendableResponderTests+TestExtendableResponder.OnThrowingMethod (MercuryMessaging.MmMessage message) [0x00007] in C:\Users\yangb\Research\MercuryMessaging\Assets\MercuryMessaging\Tests\MmExtendableResponderTests.cs:87 
  at MercuryMessaging.MmExtendableResponder.MmInvoke (MercuryMessaging.MmMessage message) [0x00037] in C:\Users\yangb\Research\MercuryMessaging\Assets\MercuryMessaging\Protocol\MmExtendableResponder.cs:139 
GameObject: TestObject
Stack trace:   at MercuryMessaging.Tests.MmExtendableResponderTests+TestExtendableResponder.OnThrowingMethod (MercuryMessaging.MmMessage message) [0x00007] in C:\Users\yangb\Research\MercuryMessaging\Assets\MercuryMessaging\Tests\MmExtendableResponderTests.cs:87 
  at MercuryMessaging.MmExtendableResponder.MmInvoke (MercuryMessaging.MmMessage message) [0x00037] in C:\Users\yangb\Research\MercuryMessaging\Assets\MercuryMessaging\Protocol\MmExtendableResponder.cs:139 
]]></output>
            </test-case>
            <test-case id="1282" name="MmInvoke_FastPath_UsesBaseResponder_ForStandardMethods" fullname="MercuryMessaging.Tests.MmExtendableResponderTests.MmInvoke_FastPath_UsesBaseResponder_ForStandardMethods" methodname="MmInvoke_FastPath_UsesBaseResponder_ForStandardMethods" classname="MercuryMessaging.Tests.MmExtendableResponderTests" runstate="Runnable" seed="500526619" result="Passed" start-time="2025-11-25 05:52:15Z" end-time="2025-11-25 05:52:15Z" duration="0.000336" asserts="0">
              <properties>
                <property name="retryIteration" value="0" />
                <property name="repeatIteration" value="0" />
              </properties>
            </test-case>
            <test-case id="1266" name="MmInvoke_HandlerCanModifyInstanceState" fullname="MercuryMessaging.Tests.MmExtendableResponderTests.MmInvoke_HandlerCanModifyInstanceState" methodname="MmInvoke_HandlerCanModifyInstanceState" classname="MercuryMessaging.Tests.MmExtendableResponderTests" runstate="Runnable" seed="1906561686" result="Passed" start-time="2025-11-25 05:52:15Z" end-time="2025-11-25 05:52:15Z" duration="0.000373" asserts="0">
              <properties>
                <property name="retryIteration" value="0" />
                <property name="repeatIteration" value="0" />
              </properties>
            </test-case>
            <test-case id="1277" name="MmInvoke_LogsWarning_ForUnhandledMethod" fullname="MercuryMessaging.Tests.MmExtendableResponderTests.MmInvoke_LogsWarning_ForUnhandledMethod" methodname="MmInvoke_LogsWarning_ForUnhandledMethod" classname="MercuryMessaging.Tests.MmExtendableResponderTests" runstate="Runnable" seed="1664449762" result="Passed" start-time="2025-11-25 05:52:15Z" end-time="2025-11-25 05:52:15Z" duration="0.000896" asserts="0">
              <properties>
                <property name="retryIteration" value="0" />
                <property name="repeatIteration" value="0" />
              </properties>
              <output><![CDATA[[TestExtendableResponder] Unhandled custom method: 9999 (9999)
GameObject: TestObject
Suggestion: Register a handler with RegisterCustomHandler() in Awake():
    RegisterCustomHandler((MmMethod)9999, OnYourHandlerMethod);
]]></output>
            </test-case>
            <test-case id="1276" name="MmInvoke_OtherHandlersStillWork_AfterOneThrows" fullname="MercuryMessaging.Tests.MmExtendableResponderTests.MmInvoke_OtherHandlersStillWork_AfterOneThrows" methodname="MmInvoke_OtherHandlersStillWork_AfterOneThrows" classname="MercuryMessaging.Tests.MmExtendableResponderTests" runstate="Runnable" seed="759088695" result="Passed" start-time="2025-11-25 05:52:15Z" end-time="2025-11-25 05:52:15Z" duration="0.001182" asserts="0">
              <properties>
                <property name="retryIteration" value="0" />
                <property name="repeatIteration" value="0" />
              </properties>
              <output><![CDATA[[TestExtendableResponder] Error in custom handler for method 1000 (1000): System.InvalidOperationException: Test exception
  at MercuryMessaging.Tests.MmExtendableResponderTests+TestExtendableResponder.OnThrowingMethod (MercuryMessaging.MmMessage message) [0x00007] in C:\Users\yangb\Research\MercuryMessaging\Assets\MercuryMessaging\Tests\MmExtendableResponderTests.cs:87 
  at MercuryMessaging.MmExtendableResponder.MmInvoke (MercuryMessaging.MmMessage message) [0x00037] in C:\Users\yangb\Research\MercuryMessaging\Assets\MercuryMessaging\Protocol\MmExtendableResponder.cs:139 
GameObject: TestObject
Stack trace:   at MercuryMessaging.Tests.MmExtendableResponderTests+TestExtendableResponder.OnThrowingMethod (MercuryMessaging.MmMessage message) [0x00007] in C:\Users\yangb\Research\MercuryMessaging\Assets\MercuryMessaging\Tests\MmExtendableResponderTests.cs:87 
  at MercuryMessaging.MmExtendableResponder.MmInvoke (MercuryMessaging.MmMessage message) [0x00037] in C:\Users\yangb\Research\MercuryMessaging\Assets\MercuryMessaging\Protocol\MmExtendableResponder.cs:139 
]]></output>
            </test-case>
            <test-case id="1264" name="MmInvoke_PassesCorrectMessage_ToHandler" fullname="MercuryMessaging.Tests.MmExtendableResponderTests.MmInvoke_PassesCorrectMessage_ToHandler" methodname="MmInvoke_PassesCorrectMessage_ToHandler" classname="MercuryMessaging.Tests.MmExtendableResponderTests" runstate="Runnable" seed="1331958262" result="Passed" start-time="2025-11-25 05:52:15Z" end-time="2025-11-25 05:52:15Z" duration="0.000291" asserts="0">
              <properties>
                <property name="retryIteration" value="0" />
                <property name="repeatIteration" value="0" />
              </properties>
            </test-case>
            <test-case id="1283" name="MmInvoke_SlowPath_UsesDictionary_ForCustomMethods" fullname="MercuryMessaging.Tests.MmExtendableResponderTests.MmInvoke_SlowPath_UsesDictionary_ForCustomMethods" methodname="MmInvoke_SlowPath_UsesDictionary_ForCustomMethods" classname="MercuryMessaging.Tests.MmExtendableResponderTests" runstate="Runnable" seed="706515544" result="Passed" start-time="2025-11-25 05:52:15Z" end-time="2025-11-25 05:52:15Z" duration="0.000272" asserts="0">
              <properties>
                <property name="retryIteration" value="0" />
                <property name="repeatIteration" value="0" />
              </properties>
            </test-case>
            <test-case id="1268" name="MmInvoke_StandardMethodsStillWork_Initialize" fullname="MercuryMessaging.Tests.MmExtendableResponderTests.MmInvoke_StandardMethodsStillWork_Initialize" methodname="MmInvoke_StandardMethodsStillWork_Initialize" classname="MercuryMessaging.Tests.MmExtendableResponderTests" runstate="Runnable" seed="1261439614" result="Passed" start-time="2025-11-25 05:52:15Z" end-time="2025-11-25 05:52:15Z" duration="0.000278" asserts="0">
              <properties>
                <property name="retryIteration" value="0" />
                <property name="repeatIteration" value="0" />
              </properties>
            </test-case>
            <test-case id="1267" name="MmInvoke_StandardMethodsStillWork_SetActive" fullname="MercuryMessaging.Tests.MmExtendableResponderTests.MmInvoke_StandardMethodsStillWork_SetActive" methodname="MmInvoke_StandardMethodsStillWork_SetActive" classname="MercuryMessaging.Tests.MmExtendableResponderTests" runstate="Runnable" seed="1039723406" result="Passed" start-time="2025-11-25 05:52:15Z" end-time="2025-11-25 05:52:15Z" duration="0.000262" asserts="0">
              <properties>
                <property name="retryIteration" value="0" />
                <property name="repeatIteration" value="0" />
              </properties>
            </test-case>
            <test-case id="1278" name="OnUnhandledCustomMethod_IsVirtual_AndCanBeOverridden" fullname="MercuryMessaging.Tests.MmExtendableResponderTests.OnUnhandledCustomMethod_IsVirtual_AndCanBeOverridden" methodname="OnUnhandledCustomMethod_IsVirtual_AndCanBeOverridden" classname="MercuryMessaging.Tests.MmExtendableResponderTests" runstate="Runnable" seed="1412278877" result="Passed" start-time="2025-11-25 05:52:15Z" end-time="2025-11-25 05:52:15Z" duration="0.000311" asserts="0">
              <properties>
                <property name="retryIteration" value="0" />
                <property name="repeatIteration" value="0" />
              </properties>
              <reason>
                <message><![CDATA[OnUnhandledCustomMethod is virtual (verified by compilation)]]></message>
              </reason>
            </test-case>
            <test-case id="1280" name="RegisterCustomHandler_CanRegisterManyHandlers" fullname="MercuryMessaging.Tests.MmExtendableResponderTests.RegisterCustomHandler_CanRegisterManyHandlers" methodname="RegisterCustomHandler_CanRegisterManyHandlers" classname="MercuryMessaging.Tests.MmExtendableResponderTests" runstate="Runnable" seed="1828536114" result="Passed" start-time="2025-11-25 05:52:15Z" end-time="2025-11-25 05:52:15Z" duration="0.000956" asserts="0">
              <properties>
                <property name="retryIteration" value="0" />
                <property name="repeatIteration" value="0" />
              </properties>
            </test-case>
            <test-case id="1271" name="RegisterCustomHandler_CanReregister_AfterUnregistering" fullname="MercuryMessaging.Tests.MmExtendableResponderTests.RegisterCustomHandler_CanReregister_AfterUnregistering" methodname="RegisterCustomHandler_CanReregister_AfterUnregistering" classname="MercuryMessaging.Tests.MmExtendableResponderTests" runstate="Runnable" seed="246655491" result="Passed" start-time="2025-11-25 05:52:15Z" end-time="2025-11-25 05:52:15Z" duration="0.000693" asserts="0">
              <properties>
                <property name="retryIteration" value="0" />
                <property name="repeatIteration" value="0" />
              </properties>
            </test-case>
            <test-case id="1279" name="RegisterCustomHandler_Overwrites_WhenRegisteredTwice" fullname="MercuryMessaging.Tests.MmExtendableResponderTests.RegisterCustomHandler_Overwrites_WhenRegisteredTwice" methodname="RegisterCustomHandler_Overwrites_WhenRegisteredTwice" classname="MercuryMessaging.Tests.MmExtendableResponderTests" runstate="Runnable" seed="1703643818" result="Passed" start-time="2025-11-25 05:52:15Z" end-time="2025-11-25 05:52:15Z" duration="0.000381" asserts="0">
              <properties>
                <property name="retryIteration" value="0" />
                <property name="repeatIteration" value="0" />
              </properties>
            </test-case>
            <test-case id="1260" name="RegisterCustomHandler_Succeeds_ForMethodEquals1000" fullname="MercuryMessaging.Tests.MmExtendableResponderTests.RegisterCustomHandler_Succeeds_ForMethodEquals1000" methodname="RegisterCustomHandler_Succeeds_ForMethodEquals1000" classname="MercuryMessaging.Tests.MmExtendableResponderTests" runstate="Runnable" seed="936788822" result="Passed" start-time="2025-11-25 05:52:15Z" end-time="2025-11-25 05:52:15Z" duration="0.000412" asserts="0">
              <properties>
                <property name="retryIteration" value="0" />
                <property name="repeatIteration" value="0" />
              </properties>
            </test-case>
            <test-case id="1261" name="RegisterCustomHandler_Succeeds_ForMethodGreaterThan1000" fullname="MercuryMessaging.Tests.MmExtendableResponderTests.RegisterCustomHandler_Succeeds_ForMethodGreaterThan1000" methodname="RegisterCustomHandler_Succeeds_ForMethodGreaterThan1000" classname="MercuryMessaging.Tests.MmExtendableResponderTests" runstate="Runnable" seed="1922307120" result="Passed" start-time="2025-11-25 05:52:15Z" end-time="2025-11-25 05:52:15Z" duration="0.000393" asserts="0">
              <properties>
                <property name="retryIteration" value="0" />
                <property name="repeatIteration" value="0" />
              </properties>
            </test-case>
            <test-case id="1259" name="RegisterCustomHandler_ThrowsException_ForMethodEquals999" fullname="MercuryMessaging.Tests.MmExtendableResponderTests.RegisterCustomHandler_ThrowsException_ForMethodEquals999" methodname="RegisterCustomHandler_ThrowsException_ForMethodEquals999" classname="MercuryMessaging.Tests.MmExtendableResponderTests" runstate="Runnable" seed="744699475" result="Passed" start-time="2025-11-25 05:52:15Z" end-time="2025-11-25 05:52:15Z" duration="0.000464" asserts="0">
              <properties>
                <property name="retryIteration" value="0" />
                <property name="repeatIteration" value="0" />
              </properties>
            </test-case>
            <test-case id="1258" name="RegisterCustomHandler_ThrowsException_ForMethodLessThan1000" fullname="MercuryMessaging.Tests.MmExtendableResponderTests.RegisterCustomHandler_ThrowsException_ForMethodLessThan1000" methodname="RegisterCustomHandler_ThrowsException_ForMethodLessThan1000" classname="MercuryMessaging.Tests.MmExtendableResponderTests" runstate="Runnable" seed="1880180349" result="Passed" start-time="2025-11-25 05:52:15Z" end-time="2025-11-25 05:52:15Z" duration="0.002446" asserts="0">
              <properties>
                <property name="retryIteration" value="0" />
                <property name="repeatIteration" value="0" />
              </properties>
            </test-case>
            <test-case id="1262" name="RegisterCustomHandler_ThrowsException_ForNullHandler" fullname="MercuryMessaging.Tests.MmExtendableResponderTests.RegisterCustomHandler_ThrowsException_ForNullHandler" methodname="RegisterCustomHandler_ThrowsException_ForNullHandler" classname="MercuryMessaging.Tests.MmExtendableResponderTests" runstate="Runnable" seed="1510590148" result="Passed" start-time="2025-11-25 05:52:15Z" end-time="2025-11-25 05:52:15Z" duration="0.000591" asserts="0">
              <properties>
                <property name="retryIteration" value="0" />
                <property name="repeatIteration" value="0" />
              </properties>
            </test-case>
            <test-case id="1270" name="UnregisterCustomHandler_DoesNotThrow_WhenNotRegistered" fullname="MercuryMessaging.Tests.MmExtendableResponderTests.UnregisterCustomHandler_DoesNotThrow_WhenNotRegistered" methodname="UnregisterCustomHandler_DoesNotThrow_WhenNotRegistered" classname="MercuryMessaging.Tests.MmExtendableResponderTests" runstate="Runnable" seed="806527194" result="Passed" start-time="2025-11-25 05:52:15Z" end-time="2025-11-25 05:52:15Z" duration="0.000414" asserts="0">
              <properties>
                <property name="retryIteration" value="0" />
                <property name="repeatIteration" value="0" />
              </properties>
            </test-case>
            <test-case id="1269" name="UnregisterCustomHandler_RemovesHandler" fullname="MercuryMessaging.Tests.MmExtendableResponderTests.UnregisterCustomHandler_RemovesHandler" methodname="UnregisterCustomHandler_RemovesHandler" classname="MercuryMessaging.Tests.MmExtendableResponderTests" runstate="Runnable" seed="801091303" result="Passed" start-time="2025-11-25 05:52:15Z" end-time="2025-11-25 05:52:15Z" duration="0.001977" asserts="0">
              <properties>
                <property name="retryIteration" value="0" />
                <property name="repeatIteration" value="0" />
              </properties>
              <output><![CDATA[[TestExtendableResponder] Unhandled custom method: 1000 (1000)
GameObject: TestObject
Suggestion: Register a handler with RegisterCustomHandler() in Awake():
    RegisterCustomHandler((MmMethod)1000, OnYourHandlerMethod);
]]></output>
            </test-case>
          </test-suite>
          <test-suite type="TestFixture" id="1284" name="PathSpecificationTests" fullname="MercuryMessaging.Tests.PathSpecificationTests" classname="MercuryMessaging.Tests.PathSpecificationTests" runstate="Runnable" testcasecount="29" result="Passed" start-time="2025-11-25 05:52:15Z" end-time="2025-11-25 05:52:16Z" duration="0.937492" total="29" passed="29" failed="0" inconclusive="0" skipped="0" asserts="0">
            <properties />
            <test-case id="1311" name="InvokeWithPath_Descendant_ReachesAllDescendants" fullname="MercuryMessaging.Tests.PathSpecificationTests.InvokeWithPath_Descendant_ReachesAllDescendants" methodname="InvokeWithPath_Descendant_ReachesAllDescendants" classname="MercuryMessaging.Tests.PathSpecificationTests" runstate="Runnable" seed="631012098" result="Passed" start-time="2025-11-25 05:52:15Z" end-time="2025-11-25 05:52:15Z" duration="0.141994" asserts="0">
              <properties>
                <property name="_JOINTYPE" value="UnityCombinatorial" />
                <property name="retryIteration" value="0" />
                <property name="repeatIteration" value="0" />
              </properties>
            </test-case>
            <test-case id="1313" name="InvokeWithPath_EmptyPath_ThrowsException" fullname="MercuryMessaging.Tests.PathSpecificationTests.InvokeWithPath_EmptyPath_ThrowsException" methodname="InvokeWithPath_EmptyPath_ThrowsException" classname="MercuryMessaging.Tests.PathSpecificationTests" runstate="Runnable" seed="267287119" result="Passed" start-time="2025-11-25 05:52:15Z" end-time="2025-11-25 05:52:15Z" duration="0.026652" asserts="0">
              <properties>
                <property name="_JOINTYPE" value="UnityCombinatorial" />
                <property name="retryIteration" value="0" />
                <property name="repeatIteration" value="0" />
              </properties>
            </test-case>
            <test-case id="1312" name="InvokeWithPath_InvalidPath_ThrowsException" fullname="MercuryMessaging.Tests.PathSpecificationTests.InvokeWithPath_InvalidPath_ThrowsException" methodname="InvokeWithPath_InvalidPath_ThrowsException" classname="MercuryMessaging.Tests.PathSpecificationTests" runstate="Runnable" seed="2081792968" result="Passed" start-time="2025-11-25 05:52:15Z" end-time="2025-11-25 05:52:15Z" duration="0.033439" asserts="0">
              <properties>
                <property name="_JOINTYPE" value="UnityCombinatorial" />
                <property name="retryIteration" value="0" />
                <property name="repeatIteration" value="0" />
              </properties>
            </test-case>
            <test-case id="1308" name="InvokeWithPath_Parent_DeliversToParent" fullname="MercuryMessaging.Tests.PathSpecificationTests.InvokeWithPath_Parent_DeliversToParent" methodname="InvokeWithPath_Parent_DeliversToParent" classname="MercuryMessaging.Tests.PathSpecificationTests" runstate="Runnable" seed="1858020418" result="Passed" start-time="2025-11-25 05:52:15Z" end-time="2025-11-25 05:52:16Z" duration="0.130790" asserts="0">
              <properties>
                <property name="_JOINTYPE" value="UnityCombinatorial" />
                <property name="retryIteration" value="0" />
                <property name="repeatIteration" value="0" />
              </properties>
            </test-case>
            <test-case id="1309" name="InvokeWithPath_ParentSiblingChild_DeliversToCousins" fullname="MercuryMessaging.Tests.PathSpecificationTests.InvokeWithPath_ParentSiblingChild_DeliversToCousins" methodname="InvokeWithPath_ParentSiblingChild_DeliversToCousins" classname="MercuryMessaging.Tests.PathSpecificationTests" runstate="Runnable" seed="762678855" result="Passed" start-time="2025-11-25 05:52:16Z" end-time="2025-11-25 05:52:16Z" duration="0.137950" asserts="0">
              <properties>
                <property name="_JOINTYPE" value="UnityCombinatorial" />
                <property name="retryIteration" value="0" />
                <property name="repeatIteration" value="0" />
              </properties>
            </test-case>
            <test-case id="1310" name="InvokeWithPath_WithParameter_DeliversCorrectly" fullname="MercuryMessaging.Tests.PathSpecificationTests.InvokeWithPath_WithParameter_DeliversCorrectly" methodname="InvokeWithPath_WithParameter_DeliversCorrectly" classname="MercuryMessaging.Tests.PathSpecificationTests" runstate="Runnable" seed="1013518938" result="Passed" start-time="2025-11-25 05:52:16Z" end-time="2025-11-25 05:52:16Z" duration="0.133093" asserts="0">
              <properties>
                <property name="_JOINTYPE" value="UnityCombinatorial" />
                <property name="retryIteration" value="0" />
                <property name="repeatIteration" value="0" />
              </properties>
            </test-case>
            <test-case id="1287" name="Parse_AllSegmentTypes_Success" fullname="MercuryMessaging.Tests.PathSpecificationTests.Parse_AllSegmentTypes_Success" methodname="Parse_AllSegmentTypes_Success" classname="MercuryMessaging.Tests.PathSpecificationTests" runstate="Runnable" seed="1277448001" result="Passed" start-time="2025-11-25 05:52:16Z" end-time="2025-11-25 05:52:16Z" duration="0.000597" asserts="0">
              <properties>
                <property name="retryIteration" value="0" />
                <property name="repeatIteration" value="0" />
              </properties>
            </test-case>
            <test-case id="1294" name="Parse_Caching_WorksCorrectly" fullname="MercuryMessaging.Tests.PathSpecificationTests.Parse_Caching_WorksCorrectly" methodname="Parse_Caching_WorksCorrectly" classname="MercuryMessaging.Tests.PathSpecificationTests" runstate="Runnable" seed="1744754128" result="Passed" start-time="2025-11-25 05:52:16Z" end-time="2025-11-25 05:52:16Z" duration="0.000321" asserts="0">
              <properties>
                <property name="retryIteration" value="0" />
                <property name="repeatIteration" value="0" />
              </properties>
            </test-case>
            <test-case id="1288" name="Parse_CaseInsensitive_Success" fullname="MercuryMessaging.Tests.PathSpecificationTests.Parse_CaseInsensitive_Success" methodname="Parse_CaseInsensitive_Success" classname="MercuryMessaging.Tests.PathSpecificationTests" runstate="Runnable" seed="1710280754" result="Passed" start-time="2025-11-25 05:52:16Z" end-time="2025-11-25 05:52:16Z" duration="0.000177" asserts="0">
              <properties>
                <property name="retryIteration" value="0" />
                <property name="repeatIteration" value="0" />
              </properties>
            </test-case>
            <test-case id="1298" name="Parse_ConsecutiveWildcards_ThrowsException" fullname="MercuryMessaging.Tests.PathSpecificationTests.Parse_ConsecutiveWildcards_ThrowsException" methodname="Parse_ConsecutiveWildcards_ThrowsException" classname="MercuryMessaging.Tests.PathSpecificationTests" runstate="Runnable" seed="215476039" result="Passed" start-time="2025-11-25 05:52:16Z" end-time="2025-11-25 05:52:16Z" duration="0.000394" asserts="0">
              <properties>
                <property name="retryIteration" value="0" />
                <property name="repeatIteration" value="0" />
              </properties>
            </test-case>
            <test-case id="1290" name="Parse_EmptyPath_ThrowsException" fullname="MercuryMessaging.Tests.PathSpecificationTests.Parse_EmptyPath_ThrowsException" methodname="Parse_EmptyPath_ThrowsException" classname="MercuryMessaging.Tests.PathSpecificationTests" runstate="Runnable" seed="90916330" result="Passed" start-time="2025-11-25 05:52:16Z" end-time="2025-11-25 05:52:16Z" duration="0.000167" asserts="0">
              <properties>
                <property name="retryIteration" value="0" />
                <property name="repeatIteration" value="0" />
              </properties>
            </test-case>
            <test-case id="1293" name="Parse_InvalidSegment_ThrowsException" fullname="MercuryMessaging.Tests.PathSpecificationTests.Parse_InvalidSegment_ThrowsException" methodname="Parse_InvalidSegment_ThrowsException" classname="MercuryMessaging.Tests.PathSpecificationTests" runstate="Runnable" seed="860923570" result="Passed" start-time="2025-11-25 05:52:16Z" end-time="2025-11-25 05:52:16Z" duration="0.000174" asserts="0">
              <properties>
                <property name="retryIteration" value="0" />
                <property name="repeatIteration" value="0" />
              </properties>
            </test-case>
            <test-case id="1291" name="Parse_NullPath_ThrowsException" fullname="MercuryMessaging.Tests.PathSpecificationTests.Parse_NullPath_ThrowsException" methodname="Parse_NullPath_ThrowsException" classname="MercuryMessaging.Tests.PathSpecificationTests" runstate="Runnable" seed="1688549202" result="Passed" start-time="2025-11-25 05:52:16Z" end-time="2025-11-25 05:52:16Z" duration="0.000165" asserts="0">
              <properties>
                <property name="retryIteration" value="0" />
                <property name="repeatIteration" value="0" />
              </properties>
            </test-case>
            <test-case id="1292" name="Parse_TrailingSlash_ThrowsException" fullname="MercuryMessaging.Tests.PathSpecificationTests.Parse_TrailingSlash_ThrowsException" methodname="Parse_TrailingSlash_ThrowsException" classname="MercuryMessaging.Tests.PathSpecificationTests" runstate="Runnable" seed="468247872" result="Passed" start-time="2025-11-25 05:52:16Z" end-time="2025-11-25 05:52:16Z" duration="0.000162" asserts="0">
              <properties>
                <property name="retryIteration" value="0" />
                <property name="repeatIteration" value="0" />
              </properties>
            </test-case>
            <test-case id="1286" name="Parse_ValidMultipleSegments_Success" fullname="MercuryMessaging.Tests.PathSpecificationTests.Parse_ValidMultipleSegments_Success" methodname="Parse_ValidMultipleSegments_Success" classname="MercuryMessaging.Tests.PathSpecificationTests" runstate="Runnable" seed="755218337" result="Passed" start-time="2025-11-25 05:52:16Z" end-time="2025-11-25 05:52:16Z" duration="0.000182" asserts="0">
              <properties>
                <property name="retryIteration" value="0" />
                <property name="repeatIteration" value="0" />
              </properties>
            </test-case>
            <test-case id="1285" name="Parse_ValidSingleSegment_Success" fullname="MercuryMessaging.Tests.PathSpecificationTests.Parse_ValidSingleSegment_Success" methodname="Parse_ValidSingleSegment_Success" classname="MercuryMessaging.Tests.PathSpecificationTests" runstate="Runnable" seed="1012347092" result="Passed" start-time="2025-11-25 05:52:16Z" end-time="2025-11-25 05:52:16Z" duration="0.000166" asserts="0">
              <properties>
                <property name="retryIteration" value="0" />
                <property name="repeatIteration" value="0" />
              </properties>
            </test-case>
            <test-case id="1296" name="Parse_WildcardFirst_ThrowsException" fullname="MercuryMessaging.Tests.PathSpecificationTests.Parse_WildcardFirst_ThrowsException" methodname="Parse_WildcardFirst_ThrowsException" classname="MercuryMessaging.Tests.PathSpecificationTests" runstate="Runnable" seed="1539832819" result="Passed" start-time="2025-11-25 05:52:16Z" end-time="2025-11-25 05:52:16Z" duration="0.000178" asserts="0">
              <properties>
                <property name="retryIteration" value="0" />
                <property name="repeatIteration" value="0" />
              </properties>
            </test-case>
            <test-case id="1297" name="Parse_WildcardLast_ThrowsException" fullname="MercuryMessaging.Tests.PathSpecificationTests.Parse_WildcardLast_ThrowsException" methodname="Parse_WildcardLast_ThrowsException" classname="MercuryMessaging.Tests.PathSpecificationTests" runstate="Runnable" seed="502360338" result="Passed" start-time="2025-11-25 05:52:16Z" end-time="2025-11-25 05:52:16Z" duration="0.000173" asserts="0">
              <properties>
                <property name="retryIteration" value="0" />
                <property name="repeatIteration" value="0" />
              </properties>
            </test-case>
            <test-case id="1295" name="Parse_WildcardMiddle_Success" fullname="MercuryMessaging.Tests.PathSpecificationTests.Parse_WildcardMiddle_Success" methodname="Parse_WildcardMiddle_Success" classname="MercuryMessaging.Tests.PathSpecificationTests" runstate="Runnable" seed="212254475" result="Passed" start-time="2025-11-25 05:52:16Z" end-time="2025-11-25 05:52:16Z" duration="0.000175" asserts="0">
              <properties>
                <property name="retryIteration" value="0" />
                <property name="repeatIteration" value="0" />
              </properties>
            </test-case>
            <test-case id="1289" name="Parse_WithWhitespace_Success" fullname="MercuryMessaging.Tests.PathSpecificationTests.Parse_WithWhitespace_Success" methodname="Parse_WithWhitespace_Success" classname="MercuryMessaging.Tests.PathSpecificationTests" runstate="Runnable" seed="787898572" result="Passed" start-time="2025-11-25 05:52:16Z" end-time="2025-11-25 05:52:16Z" duration="0.000116" asserts="0">
              <properties>
                <property name="retryIteration" value="0" />
                <property name="repeatIteration" value="0" />
              </properties>
            </test-case>
            <test-case id="1305" name="Resolve_Ancestor_FindsAllAncestors" fullname="MercuryMessaging.Tests.PathSpecificationTests.Resolve_Ancestor_FindsAllAncestors" methodname="Resolve_Ancestor_FindsAllAncestors" classname="MercuryMessaging.Tests.PathSpecificationTests" runstate="Runnable" seed="991587439" result="Passed" start-time="2025-11-25 05:52:16Z" end-time="2025-11-25 05:52:16Z" duration="0.028364" asserts="0">
              <properties>
                <property name="_JOINTYPE" value="UnityCombinatorial" />
                <property name="retryIteration" value="0" />
                <property name="repeatIteration" value="0" />
              </properties>
            </test-case>
            <test-case id="1300" name="Resolve_Child_FindsChildren" fullname="MercuryMessaging.Tests.PathSpecificationTests.Resolve_Child_FindsChildren" methodname="Resolve_Child_FindsChildren" classname="MercuryMessaging.Tests.PathSpecificationTests" runstate="Runnable" seed="1035054299" result="Passed" start-time="2025-11-25 05:52:16Z" end-time="2025-11-25 05:52:16Z" duration="0.028197" asserts="0">
              <properties>
                <property name="_JOINTYPE" value="UnityCombinatorial" />
                <property name="retryIteration" value="0" />
                <property name="repeatIteration" value="0" />
              </properties>
            </test-case>
            <test-case id="1304" name="Resolve_Descendant_FindsAllDescendants" fullname="MercuryMessaging.Tests.PathSpecificationTests.Resolve_Descendant_FindsAllDescendants" methodname="Resolve_Descendant_FindsAllDescendants" classname="MercuryMessaging.Tests.PathSpecificationTests" runstate="Runnable" seed="1984629539" result="Passed" start-time="2025-11-25 05:52:16Z" end-time="2025-11-25 05:52:16Z" duration="0.024416" asserts="0">
              <properties>
                <property name="_JOINTYPE" value="UnityCombinatorial" />
                <property name="retryIteration" value="0" />
                <property name="repeatIteration" value="0" />
              </properties>
            </test-case>
            <test-case id="1299" name="Resolve_Parent_FindsParent" fullname="MercuryMessaging.Tests.PathSpecificationTests.Resolve_Parent_FindsParent" methodname="Resolve_Parent_FindsParent" classname="MercuryMessaging.Tests.PathSpecificationTests" runstate="Runnable" seed="550296764" result="Passed" start-time="2025-11-25 05:52:16Z" end-time="2025-11-25 05:52:16Z" duration="0.035031" asserts="0">
              <properties>
                <property name="_JOINTYPE" value="UnityCombinatorial" />
                <property name="retryIteration" value="0" />
                <property name="repeatIteration" value="0" />
              </properties>
            </test-case>
            <test-case id="1302" name="Resolve_ParentSibling_FindsParentsSiblings" fullname="MercuryMessaging.Tests.PathSpecificationTests.Resolve_ParentSibling_FindsParentsSiblings" methodname="Resolve_ParentSibling_FindsParentsSiblings" classname="MercuryMessaging.Tests.PathSpecificationTests" runstate="Runnable" seed="1528724543" result="Passed" start-time="2025-11-25 05:52:16Z" end-time="2025-11-25 05:52:16Z" duration="0.043746" asserts="0">
              <properties>
                <property name="_JOINTYPE" value="UnityCombinatorial" />
                <property name="retryIteration" value="0" />
                <property name="repeatIteration" value="0" />
              </properties>
            </test-case>
            <test-case id="1303" name="Resolve_ParentSiblingChild_FindsCousins" fullname="MercuryMessaging.Tests.PathSpecificationTests.Resolve_ParentSiblingChild_FindsCousins" methodname="Resolve_ParentSiblingChild_FindsCousins" classname="MercuryMessaging.Tests.PathSpecificationTests" runstate="Runnable" seed="1068424185" result="Passed" start-time="2025-11-25 05:52:16Z" end-time="2025-11-25 05:52:16Z" duration="0.038136" asserts="0">
              <properties>
                <property name="_JOINTYPE" value="UnityCombinatorial" />
                <property name="retryIteration" value="0" />
                <property name="repeatIteration" value="0" />
              </properties>
            </test-case>
            <test-case id="1307" name="Resolve_ParentWildcardChild_FindsAllSiblingsChildren" fullname="MercuryMessaging.Tests.PathSpecificationTests.Resolve_ParentWildcardChild_FindsAllSiblingsChildren" methodname="Resolve_ParentWildcardChild_FindsAllSiblingsChildren" classname="MercuryMessaging.Tests.PathSpecificationTests" runstate="Runnable" seed="533917551" result="Passed" start-time="2025-11-25 05:52:16Z" end-time="2025-11-25 05:52:16Z" duration="0.033316" asserts="0">
              <properties>
                <property name="_JOINTYPE" value="UnityCombinatorial" />
                <property name="retryIteration" value="0" />
                <property name="repeatIteration" value="0" />
              </properties>
            </test-case>
            <test-case id="1306" name="Resolve_Self_FindsSelf" fullname="MercuryMessaging.Tests.PathSpecificationTests.Resolve_Self_FindsSelf" methodname="Resolve_Self_FindsSelf" classname="MercuryMessaging.Tests.PathSpecificationTests" runstate="Runnable" seed="1878433456" result="Passed" start-time="2025-11-25 05:52:16Z" end-time="2025-11-25 05:52:16Z" duration="0.032678" asserts="0">
              <properties>
                <property name="_JOINTYPE" value="UnityCombinatorial" />
                <property name="retryIteration" value="0" />
                <property name="repeatIteration" value="0" />
              </properties>
            </test-case>
            <test-case id="1301" name="Resolve_Sibling_FindsSiblings" fullname="MercuryMessaging.Tests.PathSpecificationTests.Resolve_Sibling_FindsSiblings" methodname="Resolve_Sibling_FindsSiblings" classname="MercuryMessaging.Tests.PathSpecificationTests" runstate="Runnable" seed="215681672" result="Passed" start-time="2025-11-25 05:52:16Z" end-time="2025-11-25 05:52:16Z" duration="0.045439" asserts="0">
              <properties>
                <property name="_JOINTYPE" value="UnityCombinatorial" />
                <property name="retryIteration" value="0" />
                <property name="repeatIteration" value="0" />
              </properties>
              <output><![CDATA[Saving results to: C:/Users/yangb/AppData/LocalLow/DefaultCompany/MercuryMessaging\TestResults.xml
]]></output>
            </test-case>
          </test-suite>
        </test-suite>
      </test-suite>
    </test-suite>
  </test-suite>
</test-run>