<?xml version="1.0" encoding="utf-8"?>
<test-run id="2" testcasecount="292" result="Failed(Child)" total="292" passed="291" failed="1" inconclusive="0" skipped="0" asserts="0" engine-version="3.5.0.0" clr-version="4.0.30319.42000" start-time="2025-11-25 14:42:20Z" end-time="2025-11-25 14:42:40Z" duration="19.504664">
  <test-suite type="TestSuite" id="1320" name="MercuryMessaging" fullname="MercuryMessaging" runstate="Runnable" testcasecount="292" result="Failed" site="Child" start-time="2025-11-25 14:42:20Z" end-time="2025-11-25 14:42:40Z" duration="19.504664" total="292" passed="291" failed="1" inconclusive="0" skipped="0" asserts="0">
    <properties>
      <property name="platform" value="PlayMode" />
    </properties>
    <failure>
      <message><![CDATA[One or more child tests had errors]]></message>
    </failure>
    <test-suite type="Assembly" id="1314" name="MercuryMessaging.Tests.dll" fullname="C:/Users/yangb/Research/MercuryMessaging/Library/ScriptAssemblies/MercuryMessaging.Tests.dll" runstate="Runnable" testcasecount="292" result="Failed" site="Child" start-time="2025-11-25 14:42:20Z" end-time="2025-11-25 14:42:40Z" duration="19.483503" total="292" passed="291" failed="1" inconclusive="0" skipped="0" asserts="0">
      <properties>
        <property name="_PID" value="16856" />
        <property name="_APPDOMAIN" value="Unity Child Domain" />
        <property name="platform" value="PlayMode" />
        <property name="EditorOnly" value="False" />
      </properties>
      <failure>
        <message><![CDATA[One or more child tests had errors]]></message>
      </failure>
      <test-suite type="TestSuite" id="1315" name="MercuryMessaging" fullname="MercuryMessaging" runstate="Runnable" testcasecount="292" result="Failed" site="Child" start-time="2025-11-25 14:42:20Z" end-time="2025-11-25 14:42:40Z" duration="19.473051" total="292" passed="291" failed="1" inconclusive="0" skipped="0" asserts="0">
        <properties />
        <failure>
          <message><![CDATA[One or more child tests had errors]]></message>
        </failure>
        <test-suite type="TestSuite" id="1316" name="Tests" fullname="MercuryMessaging.Tests" runstate="Runnable" testcasecount="292" result="Failed" site="Child" start-time="2025-11-25 14:42:20Z" end-time="2025-11-25 14:42:40Z" duration="19.462084" total="292" passed="291" failed="1" inconclusive="0" skipped="0" asserts="0">
          <properties />
          <failure>
            <message><![CDATA[One or more child tests had errors]]></message>
          </failure>
          <test-suite type="TestFixture" id="1001" name="AdvancedRoutingTests" fullname="MercuryMessaging.Tests.AdvancedRoutingTests" classname="MercuryMessaging.Tests.AdvancedRoutingTests" runstate="Runnable" testcasecount="9" result="Passed" start-time="2025-11-25 14:42:20Z" end-time="2025-11-25 14:42:22Z" duration="1.281911" total="9" passed="9" failed="0" inconclusive="0" skipped="0" asserts="0">
            <properties />
            <test-case id="1007" name="AncestorsRouting_ReachesAllParents" fullname="MercuryMessaging.Tests.AdvancedRoutingTests.AncestorsRouting_ReachesAllParents" methodname="AncestorsRouting_ReachesAllParents" classname="MercuryMessaging.Tests.AdvancedRoutingTests" runstate="Runnable" seed="1773709194" result="Passed" start-time="2025-11-25 14:42:20Z" end-time="2025-11-25 14:42:20Z" duration="0.177428" asserts="0">
              <properties>
                <property name="_JOINTYPE" value="UnityCombinatorial" />
                <property name="retryIteration" value="0" />
                <property name="repeatIteration" value="0" />
              </properties>
              <output><![CDATA[[PASS] Ancestors routing reaches all ancestor nodes
]]></output>
            </test-case>
            <test-case id="1010" name="CombinedFilters_SelfAndSiblings_Works" fullname="MercuryMessaging.Tests.AdvancedRoutingTests.CombinedFilters_SelfAndSiblings_Works" methodname="CombinedFilters_SelfAndSiblings_Works" classname="MercuryMessaging.Tests.AdvancedRoutingTests" runstate="Runnable" seed="395296711" result="Passed" start-time="2025-11-25 14:42:20Z" end-time="2025-11-25 14:42:21Z" duration="0.135098" asserts="0">
              <properties>
                <property name="_JOINTYPE" value="UnityCombinatorial" />
                <property name="retryIteration" value="0" />
                <property name="repeatIteration" value="0" />
              </properties>
              <output><![CDATA[[PASS] Combined filters (Self + Siblings) work correctly
]]></output>
            </test-case>
            <test-case id="1004" name="CousinsRouting_WithLateralEnabled_ReachesCousins" fullname="MercuryMessaging.Tests.AdvancedRoutingTests.CousinsRouting_WithLateralEnabled_ReachesCousins" methodname="CousinsRouting_WithLateralEnabled_ReachesCousins" classname="MercuryMessaging.Tests.AdvancedRoutingTests" runstate="Runnable" seed="298339479" result="Passed" start-time="2025-11-25 14:42:21Z" end-time="2025-11-25 14:42:21Z" duration="0.133377" asserts="0">
              <properties>
                <property name="_JOINTYPE" value="UnityCombinatorial" />
                <property name="retryIteration" value="0" />
                <property name="repeatIteration" value="0" />
              </properties>
              <output><![CDATA[[PASS] Cousins routing reaches cousin nodes correctly
]]></output>
            </test-case>
            <test-case id="1009" name="CustomFilter_WithoutPredicate_Blocked" fullname="MercuryMessaging.Tests.AdvancedRoutingTests.CustomFilter_WithoutPredicate_Blocked" methodname="CustomFilter_WithoutPredicate_Blocked" classname="MercuryMessaging.Tests.AdvancedRoutingTests" runstate="Runnable" seed="1512405647" result="Passed" start-time="2025-11-25 14:42:21Z" end-time="2025-11-25 14:42:21Z" duration="0.131485" asserts="0">
              <properties>
                <property name="_JOINTYPE" value="UnityCombinatorial" />
                <property name="retryIteration" value="0" />
                <property name="repeatIteration" value="0" />
              </properties>
              <output><![CDATA[[PASS] Custom filter blocked without predicate
]]></output>
            </test-case>
            <test-case id="1008" name="CustomFilter_WithPredicate_FiltersCorrectly" fullname="MercuryMessaging.Tests.AdvancedRoutingTests.CustomFilter_WithPredicate_FiltersCorrectly" methodname="CustomFilter_WithPredicate_FiltersCorrectly" classname="MercuryMessaging.Tests.AdvancedRoutingTests" runstate="Runnable" seed="1617635896" result="Passed" start-time="2025-11-25 14:42:21Z" end-time="2025-11-25 14:42:21Z" duration="0.148078" asserts="0">
              <properties>
                <property name="_JOINTYPE" value="UnityCombinatorial" />
                <property name="retryIteration" value="0" />
                <property name="repeatIteration" value="0" />
              </properties>
              <output><![CDATA[[PASS] Custom filter applies predicate correctly
]]></output>
            </test-case>
            <test-case id="1006" name="DescendantsRouting_PreventsCircularLoops" fullname="MercuryMessaging.Tests.AdvancedRoutingTests.DescendantsRouting_PreventsCircularLoops" methodname="DescendantsRouting_PreventsCircularLoops" classname="MercuryMessaging.Tests.AdvancedRoutingTests" runstate="Runnable" seed="1054496412" result="Passed" start-time="2025-11-25 14:42:21Z" end-time="2025-11-25 14:42:21Z" duration="0.140497" asserts="0">
              <properties>
                <property name="_JOINTYPE" value="UnityCombinatorial" />
                <property name="retryIteration" value="0" />
                <property name="repeatIteration" value="0" />
              </properties>
              <output><![CDATA[[PASS] Descendants routing handles multiple sends correctly
]]></output>
            </test-case>
            <test-case id="1005" name="DescendantsRouting_ReachesAllChildren" fullname="MercuryMessaging.Tests.AdvancedRoutingTests.DescendantsRouting_ReachesAllChildren" methodname="DescendantsRouting_ReachesAllChildren" classname="MercuryMessaging.Tests.AdvancedRoutingTests" runstate="Runnable" seed="1050448731" result="Passed" start-time="2025-11-25 14:42:21Z" end-time="2025-11-25 14:42:21Z" duration="0.127621" asserts="0">
              <properties>
                <property name="_JOINTYPE" value="UnityCombinatorial" />
                <property name="retryIteration" value="0" />
                <property name="repeatIteration" value="0" />
              </properties>
              <output><![CDATA[[PASS] Descendants routing reaches all descendant nodes
]]></output>
            </test-case>
            <test-case id="1002" name="SiblingsRouting_WithLateralEnabled_ReachesSiblings" fullname="MercuryMessaging.Tests.AdvancedRoutingTests.SiblingsRouting_WithLateralEnabled_ReachesSiblings" methodname="SiblingsRouting_WithLateralEnabled_ReachesSiblings" classname="MercuryMessaging.Tests.AdvancedRoutingTests" runstate="Runnable" seed="1195683483" result="Passed" start-time="2025-11-25 14:42:21Z" end-time="2025-11-25 14:42:21Z" duration="0.130444" asserts="0">
              <properties>
                <property name="_JOINTYPE" value="UnityCombinatorial" />
                <property name="retryIteration" value="0" />
                <property name="repeatIteration" value="0" />
              </properties>
              <output><![CDATA[[PASS] Siblings routing reaches sibling nodes correctly
]]></output>
            </test-case>
            <test-case id="1003" name="SiblingsRouting_WithoutLateralEnabled_Blocked" fullname="MercuryMessaging.Tests.AdvancedRoutingTests.SiblingsRouting_WithoutLateralEnabled_Blocked" methodname="SiblingsRouting_WithoutLateralEnabled_Blocked" classname="MercuryMessaging.Tests.AdvancedRoutingTests" runstate="Runnable" seed="1276423495" result="Passed" start-time="2025-11-25 14:42:21Z" end-time="2025-11-25 14:42:22Z" duration="0.128537" asserts="0">
              <properties>
                <property name="_JOINTYPE" value="UnityCombinatorial" />
                <property name="retryIteration" value="0" />
                <property name="repeatIteration" value="0" />
              </properties>
              <output><![CDATA[[PASS] Siblings routing blocked without lateral routing enabled
]]></output>
            </test-case>
          </test-suite>
          <test-suite type="TestFixture" id="1045" name="CycleDetectionValidationTests" fullname="MercuryMessaging.Tests.CycleDetectionValidationTests" classname="MercuryMessaging.Tests.CycleDetectionValidationTests" runstate="Runnable" testcasecount="5" result="Passed" start-time="2025-11-25 14:42:22Z" end-time="2025-11-25 14:42:22Z" duration="0.360927" total="5" passed="5" failed="0" inconclusive="0" skipped="0" asserts="0">
            <properties />
            <output><![CDATA[
IgnoreFailingMessages:true
]]></output>
            <test-case id="1048" name="CycleDetection_CanBeDisabled" fullname="MercuryMessaging.Tests.CycleDetectionValidationTests.CycleDetection_CanBeDisabled" methodname="CycleDetection_CanBeDisabled" classname="MercuryMessaging.Tests.CycleDetectionValidationTests" runstate="Runnable" seed="1452073569" result="Passed" start-time="2025-11-25 14:42:22Z" end-time="2025-11-25 14:42:22Z" duration="0.037238" asserts="0">
              <properties>
                <property name="_JOINTYPE" value="UnityCombinatorial" />
                <property name="retryIteration" value="0" />
                <property name="repeatIteration" value="0" />
              </properties>
              <output><![CDATA[[QW-1 PASS] Cycle detection can be toggled via enableCycleDetection flag
]]></output>
            </test-case>
            <test-case id="1050" name="CycleDetection_IndependentMessageTracking" fullname="MercuryMessaging.Tests.CycleDetectionValidationTests.CycleDetection_IndependentMessageTracking" methodname="CycleDetection_IndependentMessageTracking" classname="MercuryMessaging.Tests.CycleDetectionValidationTests" runstate="Runnable" seed="228282812" result="Passed" start-time="2025-11-25 14:42:22Z" end-time="2025-11-25 14:42:22Z" duration="0.027199" asserts="0">
              <properties>
                <property name="_JOINTYPE" value="UnityCombinatorial" />
                <property name="retryIteration" value="0" />
                <property name="repeatIteration" value="0" />
              </properties>
              <output><![CDATA[[QW-1 PASS] Different messages have independent cycle tracking
]]></output>
            </test-case>
            <test-case id="1046" name="CycleDetection_InfrastructureExists" fullname="MercuryMessaging.Tests.CycleDetectionValidationTests.CycleDetection_InfrastructureExists" methodname="CycleDetection_InfrastructureExists" classname="MercuryMessaging.Tests.CycleDetectionValidationTests" runstate="Runnable" seed="1076706604" result="Passed" start-time="2025-11-25 14:42:22Z" end-time="2025-11-25 14:42:22Z" duration="0.130479" asserts="0">
              <properties>
                <property name="_JOINTYPE" value="UnityCombinatorial" />
                <property name="retryIteration" value="0" />
                <property name="repeatIteration" value="0" />
              </properties>
              <output><![CDATA[[QW-1 PASS] Cycle detection infrastructure working, tracked 1 visits
]]></output>
            </test-case>
            <test-case id="1047" name="CycleDetection_PreventsRevisits" fullname="MercuryMessaging.Tests.CycleDetectionValidationTests.CycleDetection_PreventsRevisits" methodname="CycleDetection_PreventsRevisits" classname="MercuryMessaging.Tests.CycleDetectionValidationTests" runstate="Runnable" seed="415342520" result="Passed" start-time="2025-11-25 14:42:22Z" end-time="2025-11-25 14:42:22Z" duration="0.031891" asserts="0">
              <properties>
                <property name="_JOINTYPE" value="UnityCombinatorial" />
                <property name="retryIteration" value="0" />
                <property name="repeatIteration" value="0" />
              </properties>
              <output><![CDATA[[QW-1 PASS] Cycle detection prevents message re-entry
]]></output>
            </test-case>
            <test-case id="1049" name="CycleDetection_TracksMultipleNodes" fullname="MercuryMessaging.Tests.CycleDetectionValidationTests.CycleDetection_TracksMultipleNodes" methodname="CycleDetection_TracksMultipleNodes" classname="MercuryMessaging.Tests.CycleDetectionValidationTests" runstate="Runnable" seed="1877019552" result="Passed" start-time="2025-11-25 14:42:22Z" end-time="2025-11-25 14:42:22Z" duration="0.123550" asserts="0">
              <properties>
                <property name="_JOINTYPE" value="UnityCombinatorial" />
                <property name="retryIteration" value="0" />
                <property name="repeatIteration" value="0" />
              </properties>
              <output><![CDATA[[QW-1 PASS] Tracked 5 nodes in 5-node chain
]]></output>
            </test-case>
          </test-suite>
          <test-suite type="TestFixture" id="1051" name="FilterCacheValidationTests" fullname="MercuryMessaging.Tests.FilterCacheValidationTests" classname="MercuryMessaging.Tests.FilterCacheValidationTests" runstate="Runnable" testcasecount="12" result="Passed" start-time="2025-11-25 14:42:22Z" end-time="2025-11-25 14:42:22Z" duration="0.029190" total="12" passed="12" failed="0" inconclusive="0" skipped="0" asserts="0">
            <properties />
            <test-case id="1061" name="Test_CacheHandles_EmptyRoutingTable" fullname="MercuryMessaging.Tests.FilterCacheValidationTests.Test_CacheHandles_EmptyRoutingTable" methodname="Test_CacheHandles_EmptyRoutingTable" classname="MercuryMessaging.Tests.FilterCacheValidationTests" runstate="Runnable" seed="1653801883" result="Passed" start-time="2025-11-25 14:42:22Z" end-time="2025-11-25 14:42:22Z" duration="0.006111" asserts="0">
              <properties>
                <property name="retryIteration" value="0" />
                <property name="repeatIteration" value="0" />
              </properties>
            </test-case>
            <test-case id="1060" name="Test_CacheHitRate_Increases" fullname="MercuryMessaging.Tests.FilterCacheValidationTests.Test_CacheHitRate_Increases" methodname="Test_CacheHitRate_Increases" classname="MercuryMessaging.Tests.FilterCacheValidationTests" runstate="Runnable" seed="1253853665" result="Passed" start-time="2025-11-25 14:42:22Z" end-time="2025-11-25 14:42:22Z" duration="0.001646" asserts="0">
              <properties>
                <property name="retryIteration" value="0" />
                <property name="repeatIteration" value="0" />
              </properties>
            </test-case>
            <test-case id="1053" name="Test_CacheInvalidation_OnAdd" fullname="MercuryMessaging.Tests.FilterCacheValidationTests.Test_CacheInvalidation_OnAdd" methodname="Test_CacheInvalidation_OnAdd" classname="MercuryMessaging.Tests.FilterCacheValidationTests" runstate="Runnable" seed="889066111" result="Passed" start-time="2025-11-25 14:42:22Z" end-time="2025-11-25 14:42:22Z" duration="0.000604" asserts="0">
              <properties>
                <property name="retryIteration" value="0" />
                <property name="repeatIteration" value="0" />
              </properties>
            </test-case>
            <test-case id="1056" name="Test_CacheInvalidation_OnClear" fullname="MercuryMessaging.Tests.FilterCacheValidationTests.Test_CacheInvalidation_OnClear" methodname="Test_CacheInvalidation_OnClear" classname="MercuryMessaging.Tests.FilterCacheValidationTests" runstate="Runnable" seed="302330708" result="Passed" start-time="2025-11-25 14:42:22Z" end-time="2025-11-25 14:42:22Z" duration="0.000485" asserts="0">
              <properties>
                <property name="retryIteration" value="0" />
                <property name="repeatIteration" value="0" />
              </properties>
            </test-case>
            <test-case id="1057" name="Test_CacheInvalidation_OnIndexerSet" fullname="MercuryMessaging.Tests.FilterCacheValidationTests.Test_CacheInvalidation_OnIndexerSet" methodname="Test_CacheInvalidation_OnIndexerSet" classname="MercuryMessaging.Tests.FilterCacheValidationTests" runstate="Runnable" seed="1935857774" result="Passed" start-time="2025-11-25 14:42:22Z" end-time="2025-11-25 14:42:22Z" duration="0.000503" asserts="0">
              <properties>
                <property name="retryIteration" value="0" />
                <property name="repeatIteration" value="0" />
              </properties>
            </test-case>
            <test-case id="1063" name="Test_CacheInvalidation_OnInsert" fullname="MercuryMessaging.Tests.FilterCacheValidationTests.Test_CacheInvalidation_OnInsert" methodname="Test_CacheInvalidation_OnInsert" classname="MercuryMessaging.Tests.FilterCacheValidationTests" runstate="Runnable" seed="785149133" result="Passed" start-time="2025-11-25 14:42:22Z" end-time="2025-11-25 14:42:22Z" duration="0.000798" asserts="0">
              <properties>
                <property name="retryIteration" value="0" />
                <property name="repeatIteration" value="0" />
              </properties>
            </test-case>
            <test-case id="1054" name="Test_CacheInvalidation_OnRemove" fullname="MercuryMessaging.Tests.FilterCacheValidationTests.Test_CacheInvalidation_OnRemove" methodname="Test_CacheInvalidation_OnRemove" classname="MercuryMessaging.Tests.FilterCacheValidationTests" runstate="Runnable" seed="1261878959" result="Passed" start-time="2025-11-25 14:42:22Z" end-time="2025-11-25 14:42:22Z" duration="0.000654" asserts="0">
              <properties>
                <property name="retryIteration" value="0" />
                <property name="repeatIteration" value="0" />
              </properties>
            </test-case>
            <test-case id="1055" name="Test_CacheInvalidation_OnRemoveAt" fullname="MercuryMessaging.Tests.FilterCacheValidationTests.Test_CacheInvalidation_OnRemoveAt" methodname="Test_CacheInvalidation_OnRemoveAt" classname="MercuryMessaging.Tests.FilterCacheValidationTests" runstate="Runnable" seed="1835636803" result="Passed" start-time="2025-11-25 14:42:22Z" end-time="2025-11-25 14:42:22Z" duration="0.000402" asserts="0">
              <properties>
                <property name="retryIteration" value="0" />
                <property name="repeatIteration" value="0" />
              </properties>
            </test-case>
            <test-case id="1052" name="Test_CacheMiss_Then_CacheHit" fullname="MercuryMessaging.Tests.FilterCacheValidationTests.Test_CacheMiss_Then_CacheHit" methodname="Test_CacheMiss_Then_CacheHit" classname="MercuryMessaging.Tests.FilterCacheValidationTests" runstate="Runnable" seed="1293944345" result="Passed" start-time="2025-11-25 14:42:22Z" end-time="2025-11-25 14:42:22Z" duration="0.000432" asserts="0">
              <properties>
                <property name="retryIteration" value="0" />
                <property name="repeatIteration" value="0" />
              </properties>
            </test-case>
            <test-case id="1059" name="Test_LRU_Eviction" fullname="MercuryMessaging.Tests.FilterCacheValidationTests.Test_LRU_Eviction" methodname="Test_LRU_Eviction" classname="MercuryMessaging.Tests.FilterCacheValidationTests" runstate="Runnable" seed="1592434633" result="Passed" start-time="2025-11-25 14:42:22Z" end-time="2025-11-25 14:42:22Z" duration="0.001075" asserts="0">
              <properties>
                <property name="retryIteration" value="0" />
                <property name="repeatIteration" value="0" />
              </properties>
            </test-case>
            <test-case id="1062" name="Test_Performance_CachedVsUncached" fullname="MercuryMessaging.Tests.FilterCacheValidationTests.Test_Performance_CachedVsUncached" methodname="Test_Performance_CachedVsUncached" classname="MercuryMessaging.Tests.FilterCacheValidationTests" runstate="Runnable" seed="293667507" result="Passed" start-time="2025-11-25 14:42:22Z" end-time="2025-11-25 14:42:22Z" duration="0.008074" asserts="0">
              <properties>
                <property name="retryIteration" value="0" />
                <property name="repeatIteration" value="0" />
              </properties>
              <output><![CDATA[QW-3 Performance: Uncached=560 ticks, Cached=18 ticks, Speedup=31.11x
]]></output>
            </test-case>
            <test-case id="1058" name="Test_SeparateCacheEntries_ForDifferentFilters" fullname="MercuryMessaging.Tests.FilterCacheValidationTests.Test_SeparateCacheEntries_ForDifferentFilters" methodname="Test_SeparateCacheEntries_ForDifferentFilters" classname="MercuryMessaging.Tests.FilterCacheValidationTests" runstate="Runnable" seed="1122712534" result="Passed" start-time="2025-11-25 14:42:22Z" end-time="2025-11-25 14:42:22Z" duration="0.000696" asserts="0">
              <properties>
                <property name="retryIteration" value="0" />
                <property name="repeatIteration" value="0" />
              </properties>
            </test-case>
          </test-suite>
          <test-suite type="TestFixture" id="1064" name="FluentApiIntegrationTests" fullname="MercuryMessaging.Tests.FluentApiIntegrationTests" classname="MercuryMessaging.Tests.FluentApiIntegrationTests" runstate="Runnable" testcasecount="11" result="Failed" site="Child" start-time="2025-11-25 14:42:22Z" end-time="2025-11-25 14:42:22Z" duration="0.040951" total="11" passed="10" failed="1" inconclusive="0" skipped="0" asserts="0">
            <properties />
            <failure>
              <message><![CDATA[One or more child tests had errors]]></message>
            </failure>
            <test-case id="1066" name="Integration_BranchingHierarchy_AllBranchesReceive" fullname="MercuryMessaging.Tests.FluentApiIntegrationTests.Integration_BranchingHierarchy_AllBranchesReceive" methodname="Integration_BranchingHierarchy_AllBranchesReceive" classname="MercuryMessaging.Tests.FluentApiIntegrationTests" runstate="Runnable" seed="1751976853" result="Passed" start-time="2025-11-25 14:42:22Z" end-time="2025-11-25 14:42:22Z" duration="0.004393" asserts="0">
              <properties>
                <property name="retryIteration" value="0" />
                <property name="repeatIteration" value="0" />
              </properties>
            </test-case>
            <test-case id="1067" name="Integration_CombinedFilters_CorrectTargeting" fullname="MercuryMessaging.Tests.FluentApiIntegrationTests.Integration_CombinedFilters_CorrectTargeting" methodname="Integration_CombinedFilters_CorrectTargeting" classname="MercuryMessaging.Tests.FluentApiIntegrationTests" runstate="Runnable" seed="218542617" result="Passed" start-time="2025-11-25 14:42:22Z" end-time="2025-11-25 14:42:22Z" duration="0.007268" asserts="0">
              <properties>
                <property name="retryIteration" value="0" />
                <property name="repeatIteration" value="0" />
              </properties>
            </test-case>
            <test-case id="1065" name="Integration_DeepHierarchy_MessageReachesAllLevels" fullname="MercuryMessaging.Tests.FluentApiIntegrationTests.Integration_DeepHierarchy_MessageReachesAllLevels" methodname="Integration_DeepHierarchy_MessageReachesAllLevels" classname="MercuryMessaging.Tests.FluentApiIntegrationTests" runstate="Runnable" seed="1725575662" result="Failed" start-time="2025-11-25 14:42:22Z" end-time="2025-11-25 14:42:22Z" duration="0.007144" asserts="0">
              <properties>
                <property name="retryIteration" value="0" />
                <property name="repeatIteration" value="0" />
              </properties>
              <failure>
                <message><![CDATA[  Level 1 should receive Initialize message
  Expected: 1
  But was:  2
]]></message>
                <stack-trace><![CDATA[at MercuryMessaging.Tests.FluentApiIntegrationTests.Integration_DeepHierarchy_MessageReachesAllLevels () [0x000a6] in C:\Users\yangb\Research\MercuryMessaging\Assets\MercuryMessaging\Tests\FluentApiIntegrationTests.cs:82
]]></stack-trace>
              </failure>
            </test-case>
            <test-case id="1072" name="Integration_MessageFactory_AllTypesWork" fullname="MercuryMessaging.Tests.FluentApiIntegrationTests.Integration_MessageFactory_AllTypesWork" methodname="Integration_MessageFactory_AllTypesWork" classname="MercuryMessaging.Tests.FluentApiIntegrationTests" runstate="Runnable" seed="610028485" result="Passed" start-time="2025-11-25 14:42:22Z" end-time="2025-11-25 14:42:22Z" duration="0.001482" asserts="0">
              <properties>
                <property name="retryIteration" value="0" />
                <property name="repeatIteration" value="0" />
              </properties>
            </test-case>
            <test-case id="1073" name="Integration_MessageFactory_CustomMethods" fullname="MercuryMessaging.Tests.FluentApiIntegrationTests.Integration_MessageFactory_CustomMethods" methodname="Integration_MessageFactory_CustomMethods" classname="MercuryMessaging.Tests.FluentApiIntegrationTests" runstate="Runnable" seed="101909421" result="Passed" start-time="2025-11-25 14:42:22Z" end-time="2025-11-25 14:42:22Z" duration="0.003615" asserts="0">
              <properties>
                <property name="retryIteration" value="0" />
                <property name="repeatIteration" value="0" />
              </properties>
            </test-case>
            <test-case id="1075" name="Integration_MixedAPI_TraditionalAndDSLCoexist" fullname="MercuryMessaging.Tests.FluentApiIntegrationTests.Integration_MixedAPI_TraditionalAndDSLCoexist" methodname="Integration_MixedAPI_TraditionalAndDSLCoexist" classname="MercuryMessaging.Tests.FluentApiIntegrationTests" runstate="Runnable" seed="1214115631" result="Passed" start-time="2025-11-25 14:42:22Z" end-time="2025-11-25 14:42:22Z" duration="0.000831" asserts="0">
              <properties>
                <property name="retryIteration" value="0" />
                <property name="repeatIteration" value="0" />
              </properties>
            </test-case>
            <test-case id="1068" name="Integration_NotifyParent_ReachesCorrectTarget" fullname="MercuryMessaging.Tests.FluentApiIntegrationTests.Integration_NotifyParent_ReachesCorrectTarget" methodname="Integration_NotifyParent_ReachesCorrectTarget" classname="MercuryMessaging.Tests.FluentApiIntegrationTests" runstate="Runnable" seed="1566933382" result="Passed" start-time="2025-11-25 14:42:22Z" end-time="2025-11-25 14:42:22Z" duration="0.000891" asserts="0">
              <properties>
                <property name="retryIteration" value="0" />
                <property name="repeatIteration" value="0" />
              </properties>
            </test-case>
            <test-case id="1069" name="Integration_NotifyWithValue_ParentReceivesValue" fullname="MercuryMessaging.Tests.FluentApiIntegrationTests.Integration_NotifyWithValue_ParentReceivesValue" methodname="Integration_NotifyWithValue_ParentReceivesValue" classname="MercuryMessaging.Tests.FluentApiIntegrationTests" runstate="Runnable" seed="128212094" result="Passed" start-time="2025-11-25 14:42:22Z" end-time="2025-11-25 14:42:22Z" duration="0.000573" asserts="0">
              <properties>
                <property name="retryIteration" value="0" />
                <property name="repeatIteration" value="0" />
              </properties>
            </test-case>
            <test-case id="1074" name="Integration_QueryResponse_WorksAcrossHierarchy" fullname="MercuryMessaging.Tests.FluentApiIntegrationTests.Integration_QueryResponse_WorksAcrossHierarchy" methodname="Integration_QueryResponse_WorksAcrossHierarchy" classname="MercuryMessaging.Tests.FluentApiIntegrationTests" runstate="Runnable" seed="468378186" result="Passed" start-time="2025-11-25 14:42:22Z" end-time="2025-11-25 14:42:22Z" duration="0.004181" asserts="0">
              <properties>
                <property name="retryIteration" value="0" />
                <property name="repeatIteration" value="0" />
              </properties>
            </test-case>
            <test-case id="1070" name="Integration_SendToNamed_FindsDeepTarget" fullname="MercuryMessaging.Tests.FluentApiIntegrationTests.Integration_SendToNamed_FindsDeepTarget" methodname="Integration_SendToNamed_FindsDeepTarget" classname="MercuryMessaging.Tests.FluentApiIntegrationTests" runstate="Runnable" seed="1368658296" result="Passed" start-time="2025-11-25 14:42:22Z" end-time="2025-11-25 14:42:22Z" duration="0.000998" asserts="0">
              <properties>
                <property name="retryIteration" value="0" />
                <property name="repeatIteration" value="0" />
              </properties>
            </test-case>
            <test-case id="1071" name="Integration_SendToWithValue_DeliverValue" fullname="MercuryMessaging.Tests.FluentApiIntegrationTests.Integration_SendToWithValue_DeliverValue" methodname="Integration_SendToWithValue_DeliverValue" classname="MercuryMessaging.Tests.FluentApiIntegrationTests" runstate="Runnable" seed="2035551716" result="Passed" start-time="2025-11-25 14:42:22Z" end-time="2025-11-25 14:42:22Z" duration="0.000609" asserts="0">
              <properties>
                <property name="retryIteration" value="0" />
                <property name="repeatIteration" value="0" />
              </properties>
            </test-case>
          </test-suite>
          <test-suite type="TestFixture" id="1076" name="FluentApiPerformanceTests" fullname="MercuryMessaging.Tests.FluentApiPerformanceTests" classname="MercuryMessaging.Tests.FluentApiPerformanceTests" runstate="Runnable" testcasecount="11" result="Passed" start-time="2025-11-25 14:42:22Z" end-time="2025-11-25 14:42:29Z" duration="7.283546" total="11" passed="11" failed="0" inconclusive="0" skipped="0" asserts="0">
            <properties />
            <test-case id="1081" name="Benchmark_Broadcast_FluentDSL" fullname="MercuryMessaging.Tests.FluentApiPerformanceTests.Benchmark_Broadcast_FluentDSL" methodname="Benchmark_Broadcast_FluentDSL" classname="MercuryMessaging.Tests.FluentApiPerformanceTests" runstate="Runnable" seed="1477002501" result="Passed" start-time="2025-11-25 14:42:22Z" end-time="2025-11-25 14:42:22Z" duration="0.113110" asserts="0">
              <properties>
                <property name="Category" value="Performance" />
                <property name="retryIteration" value="0" />
                <property name="repeatIteration" value="0" />
              </properties>
              <output><![CDATA[[Fluent Broadcast] Avg time: 10633.07 ns/message (10000 iterations)
]]></output>
            </test-case>
            <test-case id="1080" name="Benchmark_Broadcast_Traditional" fullname="MercuryMessaging.Tests.FluentApiPerformanceTests.Benchmark_Broadcast_Traditional" methodname="Benchmark_Broadcast_Traditional" classname="MercuryMessaging.Tests.FluentApiPerformanceTests" runstate="Runnable" seed="97664692" result="Passed" start-time="2025-11-25 14:42:22Z" end-time="2025-11-25 14:42:22Z" duration="0.188636" asserts="0">
              <properties>
                <property name="Category" value="Performance" />
                <property name="retryIteration" value="0" />
                <property name="repeatIteration" value="0" />
              </properties>
              <output><![CDATA[[Traditional Broadcast] Avg time: 18498.42 ns/message (10000 iterations)
]]></output>
            </test-case>
            <test-case id="1083" name="Benchmark_CompareOverhead_Broadcast" fullname="MercuryMessaging.Tests.FluentApiPerformanceTests.Benchmark_CompareOverhead_Broadcast" methodname="Benchmark_CompareOverhead_Broadcast" classname="MercuryMessaging.Tests.FluentApiPerformanceTests" runstate="Runnable" seed="92037581" result="Passed" start-time="2025-11-25 14:42:22Z" end-time="2025-11-25 14:42:23Z" duration="0.650709" asserts="0">
              <properties>
                <property name="Category" value="Performance" />
                <property name="retryIteration" value="0" />
                <property name="repeatIteration" value="0" />
              </properties>
              <output><![CDATA[
=================================================================
Broadcast Performance Comparison
=================================================================
Traditional (MmInvoke): 52120.44 ns/message
Fluent (Broadcast):     10151.24 ns/message
Overhead:               -80.5%
=================================================================

]]></output>
            </test-case>
            <test-case id="1082" name="Benchmark_CompareOverhead_SimpleMessage" fullname="MercuryMessaging.Tests.FluentApiPerformanceTests.Benchmark_CompareOverhead_SimpleMessage" methodname="Benchmark_CompareOverhead_SimpleMessage" classname="MercuryMessaging.Tests.FluentApiPerformanceTests" runstate="Runnable" seed="1328084562" result="Passed" start-time="2025-11-25 14:42:23Z" end-time="2025-11-25 14:42:24Z" duration="1.076457" asserts="0">
              <properties>
                <property name="Category" value="Performance" />
                <property name="retryIteration" value="0" />
                <property name="repeatIteration" value="0" />
              </properties>
              <output><![CDATA[
=================================================================
DSL vs Traditional API Performance Comparison
=================================================================
Traditional API:     11072.59 ns/message
Fluent DSL:          95417.85 ns/message
Overhead:            761.7%
=================================================================
Iterations: 10,000
Target: <2% overhead (or negative = DSL faster)
=================================================================

]]></output>
            </test-case>
            <test-case id="1087" name="Benchmark_FullSummary" fullname="MercuryMessaging.Tests.FluentApiPerformanceTests.Benchmark_FullSummary" methodname="Benchmark_FullSummary" classname="MercuryMessaging.Tests.FluentApiPerformanceTests" runstate="Runnable" seed="1124149019" result="Passed" start-time="2025-11-25 14:42:24Z" end-time="2025-11-25 14:42:25Z" duration="1.086357" asserts="0">
              <properties>
                <property name="Category" value="Performance" />
                <property name="retryIteration" value="0" />
                <property name="repeatIteration" value="0" />
              </properties>
              <reason>
                <message><![CDATA[Performance benchmark completed - see log for detailed results]]></message>
              </reason>
              <output><![CDATA[
╔═══════════════════════════════════════════════════════════════╗
║        FLUENT DSL PERFORMANCE BENCHMARK SUMMARY               ║
╠═══════════════════════════════════════════════════════════════╣
║  Traditional MmInvoke:       9845.22 ns/msg              ║
║  Fluent DSL Send():         87241.31 ns/msg              ║
║  Broadcast():               10157.65 ns/msg              ║
║  MessageFactory.Create():     169.18 ns/call              ║
╠═══════════════════════════════════════════════════════════════╣
║  DSL Overhead:                 786.1%                    ║
║  Target:                        <2% (production)             ║
║  Note: Unity Editor adds 2-5x overhead                       ║
╠═══════════════════════════════════════════════════════════════╣
║  Iterations:                  10,000                    ║
║  Children:                        10                         ║
╚═══════════════════════════════════════════════════════════════╝

]]></output>
            </test-case>
            <test-case id="1084" name="Benchmark_MemoryAllocation_FluentBuilder" fullname="MercuryMessaging.Tests.FluentApiPerformanceTests.Benchmark_MemoryAllocation_FluentBuilder" methodname="Benchmark_MemoryAllocation_FluentBuilder" classname="MercuryMessaging.Tests.FluentApiPerformanceTests" runstate="Runnable" seed="104876935" result="Passed" start-time="2025-11-25 14:42:25Z" end-time="2025-11-25 14:42:27Z" duration="1.689776" asserts="0">
              <properties>
                <property name="Category" value="Performance" />
                <property name="retryIteration" value="0" />
                <property name="repeatIteration" value="0" />
              </properties>
              <output><![CDATA[[Memory] Fluent builder: 0.00 bytes/operation (total: 0.00 KB)
]]></output>
            </test-case>
            <test-case id="1085" name="Benchmark_MemoryAllocation_MessageFactory" fullname="MercuryMessaging.Tests.FluentApiPerformanceTests.Benchmark_MemoryAllocation_MessageFactory" methodname="Benchmark_MemoryAllocation_MessageFactory" classname="MercuryMessaging.Tests.FluentApiPerformanceTests" runstate="Runnable" seed="1000386916" result="Passed" start-time="2025-11-25 14:42:27Z" end-time="2025-11-25 14:42:29Z" duration="1.756515" asserts="0">
              <properties>
                <property name="Category" value="Performance" />
                <property name="retryIteration" value="0" />
                <property name="repeatIteration" value="0" />
              </properties>
              <output><![CDATA[[Memory] MessageFactory.Int: 0.00 bytes/message (total: 0.00 KB)
]]></output>
            </test-case>
            <test-case id="1079" name="Benchmark_MessageFactory_Create" fullname="MercuryMessaging.Tests.FluentApiPerformanceTests.Benchmark_MessageFactory_Create" methodname="Benchmark_MessageFactory_Create" classname="MercuryMessaging.Tests.FluentApiPerformanceTests" runstate="Runnable" seed="1725461059" result="Passed" start-time="2025-11-25 14:42:29Z" end-time="2025-11-25 14:42:29Z" duration="0.006807" asserts="0">
              <properties>
                <property name="Category" value="Performance" />
                <property name="retryIteration" value="0" />
                <property name="repeatIteration" value="0" />
              </properties>
              <output><![CDATA[[MessageFactory.Create] Avg time: 301.45 ns/call (10000 iterations)
]]></output>
            </test-case>
            <test-case id="1078" name="Benchmark_SimpleMessage_FluentDSL" fullname="MercuryMessaging.Tests.FluentApiPerformanceTests.Benchmark_SimpleMessage_FluentDSL" methodname="Benchmark_SimpleMessage_FluentDSL" classname="MercuryMessaging.Tests.FluentApiPerformanceTests" runstate="Runnable" seed="465135360" result="Passed" start-time="2025-11-25 14:42:29Z" end-time="2025-11-25 14:42:29Z" duration="0.597568" asserts="0">
              <properties>
                <property name="Category" value="Performance" />
                <property name="retryIteration" value="0" />
                <property name="repeatIteration" value="0" />
              </properties>
              <output><![CDATA[[Fluent DSL] Avg time: 58799.10 ns/message (10000 iterations)
]]></output>
            </test-case>
            <test-case id="1077" name="Benchmark_SimpleMessage_Traditional" fullname="MercuryMessaging.Tests.FluentApiPerformanceTests.Benchmark_SimpleMessage_Traditional" methodname="Benchmark_SimpleMessage_Traditional" classname="MercuryMessaging.Tests.FluentApiPerformanceTests" runstate="Runnable" seed="687039284" result="Passed" start-time="2025-11-25 14:42:29Z" end-time="2025-11-25 14:42:29Z" duration="0.106408" asserts="0">
              <properties>
                <property name="Category" value="Performance" />
                <property name="retryIteration" value="0" />
                <property name="repeatIteration" value="0" />
              </properties>
              <output><![CDATA[[Traditional API] Avg time: 10326.87 ns/message (10000 iterations)
]]></output>
            </test-case>
            <test-case id="1086" name="CodeMetrics_LineCountComparison" fullname="MercuryMessaging.Tests.FluentApiPerformanceTests.CodeMetrics_LineCountComparison" methodname="CodeMetrics_LineCountComparison" classname="MercuryMessaging.Tests.FluentApiPerformanceTests" runstate="Runnable" seed="601483993" result="Passed" start-time="2025-11-25 14:42:29Z" end-time="2025-11-25 14:42:29Z" duration="0.002276" asserts="0">
              <properties>
                <property name="Category" value="Metrics" />
                <property name="retryIteration" value="0" />
                <property name="repeatIteration" value="0" />
              </properties>
              <output><![CDATA[
=================================================================
Code Reduction Metrics
=================================================================
Traditional API:  7 lines
Fluent DSL:       1 lines
Reduction:        86%
=================================================================
Example - Send int to active children:

// Traditional API - 7 lines
var metadata = new MmMetadataBlock(
    MmLevelFilter.Child,
    MmActiveFilter.Active,
    MmSelectedFilter.All,
    MmNetworkFilter.Local
);
relay.MmInvoke(MmMethod.MessageInt, 42, metadata);


// Fluent DSL - 1 line
relay.Send(MmMethod.MessageInt, 42).ToChildren().Active().Execute();

=================================================================

]]></output>
            </test-case>
          </test-suite>
          <test-suite type="TestFixture" id="1088" name="FluentApiPhase2Tests" fullname="MercuryMessaging.Tests.FluentApiPhase2Tests" classname="MercuryMessaging.Tests.FluentApiPhase2Tests" runstate="Runnable" testcasecount="17" result="Passed" start-time="2025-11-25 14:42:29Z" end-time="2025-11-25 14:42:29Z" duration="0.055100" total="17" passed="17" failed="0" inconclusive="0" skipped="0" asserts="0">
            <properties />
            <test-case id="1101" name="CombinedFilters_SpatialAndCustom" fullname="MercuryMessaging.Tests.FluentApiPhase2Tests.CombinedFilters_SpatialAndCustom" methodname="CombinedFilters_SpatialAndCustom" classname="MercuryMessaging.Tests.FluentApiPhase2Tests" runstate="Runnable" seed="572570860" result="Passed" start-time="2025-11-25 14:42:29Z" end-time="2025-11-25 14:42:29Z" duration="0.006037" asserts="0">
              <properties>
                <property name="retryIteration" value="0" />
                <property name="repeatIteration" value="0" />
              </properties>
            </test-case>
            <test-case id="1100" name="CombinedFilters_SpatialAndType" fullname="MercuryMessaging.Tests.FluentApiPhase2Tests.CombinedFilters_SpatialAndType" methodname="CombinedFilters_SpatialAndType" classname="MercuryMessaging.Tests.FluentApiPhase2Tests" runstate="Runnable" seed="1122919498" result="Passed" start-time="2025-11-25 14:42:29Z" end-time="2025-11-25 14:42:29Z" duration="0.006235" asserts="0">
              <properties>
                <property name="retryIteration" value="0" />
                <property name="repeatIteration" value="0" />
              </properties>
            </test-case>
            <test-case id="1102" name="CombinedFilters_WithStandardFilters" fullname="MercuryMessaging.Tests.FluentApiPhase2Tests.CombinedFilters_WithStandardFilters" methodname="CombinedFilters_WithStandardFilters" classname="MercuryMessaging.Tests.FluentApiPhase2Tests" runstate="Runnable" seed="90902689" result="Passed" start-time="2025-11-25 14:42:29Z" end-time="2025-11-25 14:42:29Z" duration="0.000899" asserts="0">
              <properties>
                <property name="retryIteration" value="0" />
                <property name="repeatIteration" value="0" />
              </properties>
            </test-case>
            <test-case id="1091" name="InBounds_FiltersObjectsByBoundingBox" fullname="MercuryMessaging.Tests.FluentApiPhase2Tests.InBounds_FiltersObjectsByBoundingBox" methodname="InBounds_FiltersObjectsByBoundingBox" classname="MercuryMessaging.Tests.FluentApiPhase2Tests" runstate="Runnable" seed="99790411" result="Passed" start-time="2025-11-25 14:42:29Z" end-time="2025-11-25 14:42:29Z" duration="0.001227" asserts="0">
              <properties>
                <property name="retryIteration" value="0" />
                <property name="repeatIteration" value="0" />
              </properties>
            </test-case>
            <test-case id="1092" name="InCone_CombinesDirectionAndDistance" fullname="MercuryMessaging.Tests.FluentApiPhase2Tests.InCone_CombinesDirectionAndDistance" methodname="InCone_CombinesDirectionAndDistance" classname="MercuryMessaging.Tests.FluentApiPhase2Tests" runstate="Runnable" seed="844971489" result="Passed" start-time="2025-11-25 14:42:29Z" end-time="2025-11-25 14:42:29Z" duration="0.001686" asserts="0">
              <properties>
                <property name="retryIteration" value="0" />
                <property name="repeatIteration" value="0" />
              </properties>
            </test-case>
            <test-case id="1090" name="InDirection_FiltersObjectsByAngle" fullname="MercuryMessaging.Tests.FluentApiPhase2Tests.InDirection_FiltersObjectsByAngle" methodname="InDirection_FiltersObjectsByAngle" classname="MercuryMessaging.Tests.FluentApiPhase2Tests" runstate="Runnable" seed="842114101" result="Passed" start-time="2025-11-25 14:42:29Z" end-time="2025-11-25 14:42:29Z" duration="0.000902" asserts="0">
              <properties>
                <property name="retryIteration" value="0" />
                <property name="repeatIteration" value="0" />
              </properties>
            </test-case>
            <test-case id="1104" name="MmPredicate_InBounds_EvaluatesCorrectly" fullname="MercuryMessaging.Tests.FluentApiPhase2Tests.MmPredicate_InBounds_EvaluatesCorrectly" methodname="MmPredicate_InBounds_EvaluatesCorrectly" classname="MercuryMessaging.Tests.FluentApiPhase2Tests" runstate="Runnable" seed="339852789" result="Passed" start-time="2025-11-25 14:42:29Z" end-time="2025-11-25 14:42:29Z" duration="0.001504" asserts="0">
              <properties>
                <property name="retryIteration" value="0" />
                <property name="repeatIteration" value="0" />
              </properties>
            </test-case>
            <test-case id="1103" name="MmPredicate_Within_EvaluatesCorrectly" fullname="MercuryMessaging.Tests.FluentApiPhase2Tests.MmPredicate_Within_EvaluatesCorrectly" methodname="MmPredicate_Within_EvaluatesCorrectly" classname="MercuryMessaging.Tests.FluentApiPhase2Tests" runstate="Runnable" seed="2062085866" result="Passed" start-time="2025-11-25 14:42:29Z" end-time="2025-11-25 14:42:29Z" duration="0.001259" asserts="0">
              <properties>
                <property name="retryIteration" value="0" />
                <property name="repeatIteration" value="0" />
              </properties>
            </test-case>
            <test-case id="1105" name="MmPredicateList_EvaluatesAllPredicates" fullname="MercuryMessaging.Tests.FluentApiPhase2Tests.MmPredicateList_EvaluatesAllPredicates" methodname="MmPredicateList_EvaluatesAllPredicates" classname="MercuryMessaging.Tests.FluentApiPhase2Tests" runstate="Runnable" seed="1481134716" result="Passed" start-time="2025-11-25 14:42:29Z" end-time="2025-11-25 14:42:29Z" duration="0.001548" asserts="0">
              <properties>
                <property name="retryIteration" value="0" />
                <property name="repeatIteration" value="0" />
              </properties>
            </test-case>
            <test-case id="1098" name="Named_FiltersObjectsByNamePattern" fullname="MercuryMessaging.Tests.FluentApiPhase2Tests.Named_FiltersObjectsByNamePattern" methodname="Named_FiltersObjectsByNamePattern" classname="MercuryMessaging.Tests.FluentApiPhase2Tests" runstate="Runnable" seed="179735590" result="Passed" start-time="2025-11-25 14:42:29Z" end-time="2025-11-25 14:42:29Z" duration="0.000938" asserts="0">
              <properties>
                <property name="retryIteration" value="0" />
                <property name="repeatIteration" value="0" />
              </properties>
            </test-case>
            <test-case id="1099" name="NamedExactly_FiltersObjectsByExactName" fullname="MercuryMessaging.Tests.FluentApiPhase2Tests.NamedExactly_FiltersObjectsByExactName" methodname="NamedExactly_FiltersObjectsByExactName" classname="MercuryMessaging.Tests.FluentApiPhase2Tests" runstate="Runnable" seed="1317367671" result="Passed" start-time="2025-11-25 14:42:29Z" end-time="2025-11-25 14:42:29Z" duration="0.001042" asserts="0">
              <properties>
                <property name="retryIteration" value="0" />
                <property name="repeatIteration" value="0" />
              </properties>
            </test-case>
            <test-case id="1095" name="OfType_CanFilterByMmResponder" fullname="MercuryMessaging.Tests.FluentApiPhase2Tests.OfType_CanFilterByMmResponder" methodname="OfType_CanFilterByMmResponder" classname="MercuryMessaging.Tests.FluentApiPhase2Tests" runstate="Runnable" seed="1229162604" result="Passed" start-time="2025-11-25 14:42:29Z" end-time="2025-11-25 14:42:29Z" duration="0.000795" asserts="0">
              <properties>
                <property name="retryIteration" value="0" />
                <property name="repeatIteration" value="0" />
              </properties>
            </test-case>
            <test-case id="1093" name="OfType_FiltersObjectsByComponent" fullname="MercuryMessaging.Tests.FluentApiPhase2Tests.OfType_FiltersObjectsByComponent" methodname="OfType_FiltersObjectsByComponent" classname="MercuryMessaging.Tests.FluentApiPhase2Tests" runstate="Runnable" seed="1412804294" result="Passed" start-time="2025-11-25 14:42:29Z" end-time="2025-11-25 14:42:29Z" duration="0.000825" asserts="0">
              <properties>
                <property name="retryIteration" value="0" />
                <property name="repeatIteration" value="0" />
              </properties>
            </test-case>
            <test-case id="1097" name="OnLayer_FiltersObjectsByLayer" fullname="MercuryMessaging.Tests.FluentApiPhase2Tests.OnLayer_FiltersObjectsByLayer" methodname="OnLayer_FiltersObjectsByLayer" classname="MercuryMessaging.Tests.FluentApiPhase2Tests" runstate="Runnable" seed="242225929" result="Passed" start-time="2025-11-25 14:42:29Z" end-time="2025-11-25 14:42:29Z" duration="0.001280" asserts="0">
              <properties>
                <property name="retryIteration" value="0" />
                <property name="repeatIteration" value="0" />
              </properties>
            </test-case>
            <test-case id="1096" name="Where_GameObject_FiltersWithCustomLogic" fullname="MercuryMessaging.Tests.FluentApiPhase2Tests.Where_GameObject_FiltersWithCustomLogic" methodname="Where_GameObject_FiltersWithCustomLogic" classname="MercuryMessaging.Tests.FluentApiPhase2Tests" runstate="Runnable" seed="130368417" result="Passed" start-time="2025-11-25 14:42:29Z" end-time="2025-11-25 14:42:29Z" duration="0.001379" asserts="0">
              <properties>
                <property name="retryIteration" value="0" />
                <property name="repeatIteration" value="0" />
              </properties>
            </test-case>
            <test-case id="1094" name="WithComponent_WorksAliasForOfType" fullname="MercuryMessaging.Tests.FluentApiPhase2Tests.WithComponent_WorksAliasForOfType" methodname="WithComponent_WorksAliasForOfType" classname="MercuryMessaging.Tests.FluentApiPhase2Tests" runstate="Runnable" seed="1017550715" result="Passed" start-time="2025-11-25 14:42:29Z" end-time="2025-11-25 14:42:29Z" duration="0.002885" asserts="0">
              <properties>
                <property name="retryIteration" value="0" />
                <property name="repeatIteration" value="0" />
              </properties>
            </test-case>
            <test-case id="1089" name="Within_FiltersObjectsByDistance" fullname="MercuryMessaging.Tests.FluentApiPhase2Tests.Within_FiltersObjectsByDistance" methodname="Within_FiltersObjectsByDistance" classname="MercuryMessaging.Tests.FluentApiPhase2Tests" runstate="Runnable" seed="1254922324" result="Passed" start-time="2025-11-25 14:42:29Z" end-time="2025-11-25 14:42:29Z" duration="0.000935" asserts="0">
              <properties>
                <property name="retryIteration" value="0" />
                <property name="repeatIteration" value="0" />
              </properties>
            </test-case>
          </test-suite>
          <test-suite type="TestFixture" id="1106" name="FluentApiPhase3Tests" fullname="MercuryMessaging.Tests.FluentApiPhase3Tests" classname="MercuryMessaging.Tests.FluentApiPhase3Tests" runstate="Runnable" testcasecount="42" result="Passed" start-time="2025-11-25 14:42:29Z" end-time="2025-11-25 14:42:31Z" duration="1.555648" total="42" passed="42" failed="0" inconclusive="0" skipped="0" asserts="0">
            <properties />
            <test-case id="1138" name="After_CanBeCancelled" fullname="MercuryMessaging.Tests.FluentApiPhase3Tests.After_CanBeCancelled" methodname="After_CanBeCancelled" classname="MercuryMessaging.Tests.FluentApiPhase3Tests" runstate="Runnable" seed="136393607" result="Passed" start-time="2025-11-25 14:42:29Z" end-time="2025-11-25 14:42:30Z" duration="0.181466" asserts="0">
              <properties>
                <property name="_JOINTYPE" value="UnityCombinatorial" />
                <property name="retryIteration" value="0" />
                <property name="repeatIteration" value="0" />
              </properties>
            </test-case>
            <test-case id="1137" name="After_DelaysMessage" fullname="MercuryMessaging.Tests.FluentApiPhase3Tests.After_DelaysMessage" methodname="After_DelaysMessage" classname="MercuryMessaging.Tests.FluentApiPhase3Tests" runstate="Runnable" seed="670765104" result="Passed" start-time="2025-11-25 14:42:30Z" end-time="2025-11-25 14:42:30Z" duration="0.171868" asserts="0">
              <properties>
                <property name="_JOINTYPE" value="UnityCombinatorial" />
                <property name="retryIteration" value="0" />
                <property name="repeatIteration" value="0" />
              </properties>
            </test-case>
            <test-case id="1122" name="Broadcast_BoolValue_ReachesDescendants" fullname="MercuryMessaging.Tests.FluentApiPhase3Tests.Broadcast_BoolValue_ReachesDescendants" methodname="Broadcast_BoolValue_ReachesDescendants" classname="MercuryMessaging.Tests.FluentApiPhase3Tests" runstate="Runnable" seed="1482437768" result="Passed" start-time="2025-11-25 14:42:30Z" end-time="2025-11-25 14:42:30Z" duration="0.000886" asserts="0">
              <properties>
                <property name="retryIteration" value="0" />
                <property name="repeatIteration" value="0" />
              </properties>
            </test-case>
            <test-case id="1121" name="Broadcast_SendsToAllDescendants" fullname="MercuryMessaging.Tests.FluentApiPhase3Tests.Broadcast_SendsToAllDescendants" methodname="Broadcast_SendsToAllDescendants" classname="MercuryMessaging.Tests.FluentApiPhase3Tests" runstate="Runnable" seed="2018314235" result="Passed" start-time="2025-11-25 14:42:30Z" end-time="2025-11-25 14:42:30Z" duration="0.000550" asserts="0">
              <properties>
                <property name="retryIteration" value="0" />
                <property name="repeatIteration" value="0" />
              </properties>
            </test-case>
            <test-case id="1124" name="BroadcastInitialize_ConvenienceMethod_Works" fullname="MercuryMessaging.Tests.FluentApiPhase3Tests.BroadcastInitialize_ConvenienceMethod_Works" methodname="BroadcastInitialize_ConvenienceMethod_Works" classname="MercuryMessaging.Tests.FluentApiPhase3Tests" runstate="Runnable" seed="435232707" result="Passed" start-time="2025-11-25 14:42:30Z" end-time="2025-11-25 14:42:30Z" duration="0.000586" asserts="0">
              <properties>
                <property name="retryIteration" value="0" />
                <property name="repeatIteration" value="0" />
              </properties>
            </test-case>
            <test-case id="1123" name="BroadcastSetActive_ConvenienceMethod_Works" fullname="MercuryMessaging.Tests.FluentApiPhase3Tests.BroadcastSetActive_ConvenienceMethod_Works" methodname="BroadcastSetActive_ConvenienceMethod_Works" classname="MercuryMessaging.Tests.FluentApiPhase3Tests" runstate="Runnable" seed="1000192856" result="Passed" start-time="2025-11-25 14:42:30Z" end-time="2025-11-25 14:42:30Z" duration="0.000499" asserts="0">
              <properties>
                <property name="retryIteration" value="0" />
                <property name="repeatIteration" value="0" />
              </properties>
            </test-case>
            <test-case id="1136" name="CancelQuery_RemovesPendingQuery" fullname="MercuryMessaging.Tests.FluentApiPhase3Tests.CancelQuery_RemovesPendingQuery" methodname="CancelQuery_RemovesPendingQuery" classname="MercuryMessaging.Tests.FluentApiPhase3Tests" runstate="Runnable" seed="53585639" result="Passed" start-time="2025-11-25 14:42:30Z" end-time="2025-11-25 14:42:30Z" duration="0.000781" asserts="0">
              <properties>
                <property name="retryIteration" value="0" />
                <property name="repeatIteration" value="0" />
              </properties>
            </test-case>
            <test-case id="1139" name="Every_RepeatsMessage" fullname="MercuryMessaging.Tests.FluentApiPhase3Tests.Every_RepeatsMessage" methodname="Every_RepeatsMessage" classname="MercuryMessaging.Tests.FluentApiPhase3Tests" runstate="Runnable" seed="1702391211" result="Passed" start-time="2025-11-25 14:42:30Z" end-time="2025-11-25 14:42:30Z" duration="0.239897" asserts="0">
              <properties>
                <property name="_JOINTYPE" value="UnityCombinatorial" />
                <property name="retryIteration" value="0" />
                <property name="repeatIteration" value="0" />
              </properties>
            </test-case>
            <test-case id="1140" name="Every_StopsOnCancel" fullname="MercuryMessaging.Tests.FluentApiPhase3Tests.Every_StopsOnCancel" methodname="Every_StopsOnCancel" classname="MercuryMessaging.Tests.FluentApiPhase3Tests" runstate="Runnable" seed="1605824431" result="Passed" start-time="2025-11-25 14:42:30Z" end-time="2025-11-25 14:42:30Z" duration="0.243576" asserts="0">
              <properties>
                <property name="_JOINTYPE" value="UnityCombinatorial" />
                <property name="retryIteration" value="0" />
                <property name="repeatIteration" value="0" />
              </properties>
            </test-case>
            <test-case id="1148" name="Factory_And_After_Integration" fullname="MercuryMessaging.Tests.FluentApiPhase3Tests.Factory_And_After_Integration" methodname="Factory_And_After_Integration" classname="MercuryMessaging.Tests.FluentApiPhase3Tests" runstate="Runnable" seed="247594983" result="Passed" start-time="2025-11-25 14:42:30Z" end-time="2025-11-25 14:42:30Z" duration="0.177058" asserts="0">
              <properties>
                <property name="_JOINTYPE" value="UnityCombinatorial" />
                <property name="retryIteration" value="0" />
                <property name="repeatIteration" value="0" />
              </properties>
            </test-case>
            <test-case id="1146" name="Factory_And_Broadcast_Integration" fullname="MercuryMessaging.Tests.FluentApiPhase3Tests.Factory_And_Broadcast_Integration" methodname="Factory_And_Broadcast_Integration" classname="MercuryMessaging.Tests.FluentApiPhase3Tests" runstate="Runnable" seed="609859876" result="Passed" start-time="2025-11-25 14:42:30Z" end-time="2025-11-25 14:42:30Z" duration="0.000880" asserts="0">
              <properties>
                <property name="retryIteration" value="0" />
                <property name="repeatIteration" value="0" />
              </properties>
            </test-case>
            <test-case id="1147" name="Factory_And_SendTo_Integration" fullname="MercuryMessaging.Tests.FluentApiPhase3Tests.Factory_And_SendTo_Integration" methodname="Factory_And_SendTo_Integration" classname="MercuryMessaging.Tests.FluentApiPhase3Tests" runstate="Runnable" seed="1962731616" result="Passed" start-time="2025-11-25 14:42:30Z" end-time="2025-11-25 14:42:30Z" duration="0.000699" asserts="0">
              <properties>
                <property name="retryIteration" value="0" />
                <property name="repeatIteration" value="0" />
              </properties>
            </test-case>
            <test-case id="1134" name="HasTarget_ReturnsCorrectly" fullname="MercuryMessaging.Tests.FluentApiPhase3Tests.HasTarget_ReturnsCorrectly" methodname="HasTarget_ReturnsCorrectly" classname="MercuryMessaging.Tests.FluentApiPhase3Tests" runstate="Runnable" seed="1239028684" result="Passed" start-time="2025-11-25 14:42:30Z" end-time="2025-11-25 14:42:30Z" duration="0.000635" asserts="0">
              <properties>
                <property name="retryIteration" value="0" />
                <property name="repeatIteration" value="0" />
              </properties>
            </test-case>
            <test-case id="1107" name="MessageFactory_CreateBool_ReturnsCorrectType" fullname="MercuryMessaging.Tests.FluentApiPhase3Tests.MessageFactory_CreateBool_ReturnsCorrectType" methodname="MessageFactory_CreateBool_ReturnsCorrectType" classname="MercuryMessaging.Tests.FluentApiPhase3Tests" runstate="Runnable" seed="993637554" result="Passed" start-time="2025-11-25 14:42:30Z" end-time="2025-11-25 14:42:30Z" duration="0.003061" asserts="0">
              <properties>
                <property name="retryIteration" value="0" />
                <property name="repeatIteration" value="0" />
              </properties>
            </test-case>
            <test-case id="1109" name="MessageFactory_CreateFloat_ReturnsCorrectType" fullname="MercuryMessaging.Tests.FluentApiPhase3Tests.MessageFactory_CreateFloat_ReturnsCorrectType" methodname="MessageFactory_CreateFloat_ReturnsCorrectType" classname="MercuryMessaging.Tests.FluentApiPhase3Tests" runstate="Runnable" seed="1735910638" result="Passed" start-time="2025-11-25 14:42:30Z" end-time="2025-11-25 14:42:30Z" duration="0.000656" asserts="0">
              <properties>
                <property name="retryIteration" value="0" />
                <property name="repeatIteration" value="0" />
              </properties>
            </test-case>
            <test-case id="1108" name="MessageFactory_CreateInt_ReturnsCorrectType" fullname="MercuryMessaging.Tests.FluentApiPhase3Tests.MessageFactory_CreateInt_ReturnsCorrectType" methodname="MessageFactory_CreateInt_ReturnsCorrectType" classname="MercuryMessaging.Tests.FluentApiPhase3Tests" runstate="Runnable" seed="821125601" result="Passed" start-time="2025-11-25 14:42:30Z" end-time="2025-11-25 14:42:30Z" duration="0.000502" asserts="0">
              <properties>
                <property name="retryIteration" value="0" />
                <property name="repeatIteration" value="0" />
              </properties>
            </test-case>
            <test-case id="1110" name="MessageFactory_CreateString_ReturnsCorrectType" fullname="MercuryMessaging.Tests.FluentApiPhase3Tests.MessageFactory_CreateString_ReturnsCorrectType" methodname="MessageFactory_CreateString_ReturnsCorrectType" classname="MercuryMessaging.Tests.FluentApiPhase3Tests" runstate="Runnable" seed="748345923" result="Passed" start-time="2025-11-25 14:42:30Z" end-time="2025-11-25 14:42:30Z" duration="0.000422" asserts="0">
              <properties>
                <property name="retryIteration" value="0" />
                <property name="repeatIteration" value="0" />
              </properties>
            </test-case>
            <test-case id="1111" name="MessageFactory_CreateVector3_ReturnsCorrectType" fullname="MercuryMessaging.Tests.FluentApiPhase3Tests.MessageFactory_CreateVector3_ReturnsCorrectType" methodname="MessageFactory_CreateVector3_ReturnsCorrectType" classname="MercuryMessaging.Tests.FluentApiPhase3Tests" runstate="Runnable" seed="1667595400" result="Passed" start-time="2025-11-25 14:42:30Z" end-time="2025-11-25 14:42:30Z" duration="0.001577" asserts="0">
              <properties>
                <property name="retryIteration" value="0" />
                <property name="repeatIteration" value="0" />
              </properties>
            </test-case>
            <test-case id="1116" name="MessageFactory_Custom_CreatesWithMethodId" fullname="MercuryMessaging.Tests.FluentApiPhase3Tests.MessageFactory_Custom_CreatesWithMethodId" methodname="MessageFactory_Custom_CreatesWithMethodId" classname="MercuryMessaging.Tests.FluentApiPhase3Tests" runstate="Runnable" seed="599401253" result="Passed" start-time="2025-11-25 14:42:30Z" end-time="2025-11-25 14:42:30Z" duration="0.000540" asserts="0">
              <properties>
                <property name="retryIteration" value="0" />
                <property name="repeatIteration" value="0" />
              </properties>
            </test-case>
            <test-case id="1117" name="MessageFactory_CustomWithPayload_CreatesWithMethodAndValue" fullname="MercuryMessaging.Tests.FluentApiPhase3Tests.MessageFactory_CustomWithPayload_CreatesWithMethodAndValue" methodname="MessageFactory_CustomWithPayload_CreatesWithMethodAndValue" classname="MercuryMessaging.Tests.FluentApiPhase3Tests" runstate="Runnable" seed="977463019" result="Passed" start-time="2025-11-25 14:42:30Z" end-time="2025-11-25 14:42:30Z" duration="0.000894" asserts="0">
              <properties>
                <property name="retryIteration" value="0" />
                <property name="repeatIteration" value="0" />
              </properties>
            </test-case>
            <test-case id="1112" name="MessageFactory_GenericCreate_InfersType" fullname="MercuryMessaging.Tests.FluentApiPhase3Tests.MessageFactory_GenericCreate_InfersType" methodname="MessageFactory_GenericCreate_InfersType" classname="MercuryMessaging.Tests.FluentApiPhase3Tests" runstate="Runnable" seed="574131595" result="Passed" start-time="2025-11-25 14:42:30Z" end-time="2025-11-25 14:42:30Z" duration="0.003897" asserts="0">
              <properties>
                <property name="retryIteration" value="0" />
                <property name="repeatIteration" value="0" />
              </properties>
            </test-case>
            <test-case id="1113" name="MessageFactory_Initialize_CreatesCorrectCommand" fullname="MercuryMessaging.Tests.FluentApiPhase3Tests.MessageFactory_Initialize_CreatesCorrectCommand" methodname="MessageFactory_Initialize_CreatesCorrectCommand" classname="MercuryMessaging.Tests.FluentApiPhase3Tests" runstate="Runnable" seed="1880033934" result="Passed" start-time="2025-11-25 14:42:30Z" end-time="2025-11-25 14:42:30Z" duration="0.000703" asserts="0">
              <properties>
                <property name="retryIteration" value="0" />
                <property name="repeatIteration" value="0" />
              </properties>
            </test-case>
            <test-case id="1114" name="MessageFactory_SetActive_CreatesCorrectCommand" fullname="MercuryMessaging.Tests.FluentApiPhase3Tests.MessageFactory_SetActive_CreatesCorrectCommand" methodname="MessageFactory_SetActive_CreatesCorrectCommand" classname="MercuryMessaging.Tests.FluentApiPhase3Tests" runstate="Runnable" seed="1623093892" result="Passed" start-time="2025-11-25 14:42:30Z" end-time="2025-11-25 14:42:30Z" duration="0.000599" asserts="0">
              <properties>
                <property name="retryIteration" value="0" />
                <property name="repeatIteration" value="0" />
              </properties>
            </test-case>
            <test-case id="1115" name="MessageFactory_Switch_ByName_CreatesCorrectCommand" fullname="MercuryMessaging.Tests.FluentApiPhase3Tests.MessageFactory_Switch_ByName_CreatesCorrectCommand" methodname="MessageFactory_Switch_ByName_CreatesCorrectCommand" classname="MercuryMessaging.Tests.FluentApiPhase3Tests" runstate="Runnable" seed="434229081" result="Passed" start-time="2025-11-25 14:42:30Z" end-time="2025-11-25 14:42:30Z" duration="0.000631" asserts="0">
              <properties>
                <property name="retryIteration" value="0" />
                <property name="repeatIteration" value="0" />
              </properties>
            </test-case>
            <test-case id="1119" name="MessageFactory_ToChildren_SetsLevelFilter" fullname="MercuryMessaging.Tests.FluentApiPhase3Tests.MessageFactory_ToChildren_SetsLevelFilter" methodname="MessageFactory_ToChildren_SetsLevelFilter" classname="MercuryMessaging.Tests.FluentApiPhase3Tests" runstate="Runnable" seed="229338484" result="Passed" start-time="2025-11-25 14:42:30Z" end-time="2025-11-25 14:42:30Z" duration="0.000575" asserts="0">
              <properties>
                <property name="retryIteration" value="0" />
                <property name="repeatIteration" value="0" />
              </properties>
            </test-case>
            <test-case id="1120" name="MessageFactory_ToDescendants_SetsLevelFilter" fullname="MercuryMessaging.Tests.FluentApiPhase3Tests.MessageFactory_ToDescendants_SetsLevelFilter" methodname="MessageFactory_ToDescendants_SetsLevelFilter" classname="MercuryMessaging.Tests.FluentApiPhase3Tests" runstate="Runnable" seed="1035739364" result="Passed" start-time="2025-11-25 14:42:30Z" end-time="2025-11-25 14:42:30Z" duration="0.000407" asserts="0">
              <properties>
                <property name="retryIteration" value="0" />
                <property name="repeatIteration" value="0" />
              </properties>
            </test-case>
            <test-case id="1118" name="MessageFactory_WithMetadata_AppliesMetadata" fullname="MercuryMessaging.Tests.FluentApiPhase3Tests.MessageFactory_WithMetadata_AppliesMetadata" methodname="MessageFactory_WithMetadata_AppliesMetadata" classname="MercuryMessaging.Tests.FluentApiPhase3Tests" runstate="Runnable" seed="1117943509" result="Passed" start-time="2025-11-25 14:42:30Z" end-time="2025-11-25 14:42:30Z" duration="0.000465" asserts="0">
              <properties>
                <property name="retryIteration" value="0" />
                <property name="repeatIteration" value="0" />
              </properties>
            </test-case>
            <test-case id="1125" name="Notify_SendsToParent" fullname="MercuryMessaging.Tests.FluentApiPhase3Tests.Notify_SendsToParent" methodname="Notify_SendsToParent" classname="MercuryMessaging.Tests.FluentApiPhase3Tests" runstate="Runnable" seed="576834564" result="Passed" start-time="2025-11-25 14:42:30Z" end-time="2025-11-25 14:42:30Z" duration="0.000916" asserts="0">
              <properties>
                <property name="retryIteration" value="0" />
                <property name="repeatIteration" value="0" />
              </properties>
            </test-case>
            <test-case id="1126" name="Notify_WithValue_SendsToParent" fullname="MercuryMessaging.Tests.FluentApiPhase3Tests.Notify_WithValue_SendsToParent" methodname="Notify_WithValue_SendsToParent" classname="MercuryMessaging.Tests.FluentApiPhase3Tests" runstate="Runnable" seed="281322154" result="Passed" start-time="2025-11-25 14:42:30Z" end-time="2025-11-25 14:42:30Z" duration="0.000853" asserts="0">
              <properties>
                <property name="retryIteration" value="0" />
                <property name="repeatIteration" value="0" />
              </properties>
            </test-case>
            <test-case id="1127" name="NotifyComplete_ConvenienceMethod_Works" fullname="MercuryMessaging.Tests.FluentApiPhase3Tests.NotifyComplete_ConvenienceMethod_Works" methodname="NotifyComplete_ConvenienceMethod_Works" classname="MercuryMessaging.Tests.FluentApiPhase3Tests" runstate="Runnable" seed="1623958954" result="Passed" start-time="2025-11-25 14:42:30Z" end-time="2025-11-25 14:42:30Z" duration="0.000972" asserts="0">
              <properties>
                <property name="retryIteration" value="0" />
                <property name="repeatIteration" value="0" />
              </properties>
            </test-case>
            <test-case id="1135" name="Query_RegistersCallback" fullname="MercuryMessaging.Tests.FluentApiPhase3Tests.Query_RegistersCallback" methodname="Query_RegistersCallback" classname="MercuryMessaging.Tests.FluentApiPhase3Tests" runstate="Runnable" seed="1955548335" result="Passed" start-time="2025-11-25 14:42:30Z" end-time="2025-11-25 14:42:30Z" duration="0.000902" asserts="0">
              <properties>
                <property name="retryIteration" value="0" />
                <property name="repeatIteration" value="0" />
              </properties>
            </test-case>
            <test-case id="1143" name="Schedule_FluentBuilder_Works" fullname="MercuryMessaging.Tests.FluentApiPhase3Tests.Schedule_FluentBuilder_Works" methodname="Schedule_FluentBuilder_Works" classname="MercuryMessaging.Tests.FluentApiPhase3Tests" runstate="Runnable" seed="761056725" result="Passed" start-time="2025-11-25 14:42:30Z" end-time="2025-11-25 14:42:30Z" duration="0.000754" asserts="0">
              <properties>
                <property name="retryIteration" value="0" />
                <property name="repeatIteration" value="0" />
              </properties>
            </test-case>
            <test-case id="1144" name="Schedule_WithDelay_DelaysExecution" fullname="MercuryMessaging.Tests.FluentApiPhase3Tests.Schedule_WithDelay_DelaysExecution" methodname="Schedule_WithDelay_DelaysExecution" classname="MercuryMessaging.Tests.FluentApiPhase3Tests" runstate="Runnable" seed="352375913" result="Passed" start-time="2025-11-25 14:42:30Z" end-time="2025-11-25 14:42:31Z" duration="0.171318" asserts="0">
              <properties>
                <property name="_JOINTYPE" value="UnityCombinatorial" />
                <property name="retryIteration" value="0" />
                <property name="repeatIteration" value="0" />
              </properties>
            </test-case>
            <test-case id="1128" name="SendTo_ByName_FindsTarget" fullname="MercuryMessaging.Tests.FluentApiPhase3Tests.SendTo_ByName_FindsTarget" methodname="SendTo_ByName_FindsTarget" classname="MercuryMessaging.Tests.FluentApiPhase3Tests" runstate="Runnable" seed="1516425142" result="Passed" start-time="2025-11-25 14:42:31Z" end-time="2025-11-25 14:42:31Z" duration="0.000713" asserts="0">
              <properties>
                <property name="retryIteration" value="0" />
                <property name="repeatIteration" value="0" />
              </properties>
            </test-case>
            <test-case id="1129" name="SendTo_ByName_WithValue_Works" fullname="MercuryMessaging.Tests.FluentApiPhase3Tests.SendTo_ByName_WithValue_Works" methodname="SendTo_ByName_WithValue_Works" classname="MercuryMessaging.Tests.FluentApiPhase3Tests" runstate="Runnable" seed="1336609209" result="Passed" start-time="2025-11-25 14:42:31Z" end-time="2025-11-25 14:42:31Z" duration="0.000432" asserts="0">
              <properties>
                <property name="retryIteration" value="0" />
                <property name="repeatIteration" value="0" />
              </properties>
            </test-case>
            <test-case id="1131" name="SendTo_DirectReference_Works" fullname="MercuryMessaging.Tests.FluentApiPhase3Tests.SendTo_DirectReference_Works" methodname="SendTo_DirectReference_Works" classname="MercuryMessaging.Tests.FluentApiPhase3Tests" runstate="Runnable" seed="1353887323" result="Passed" start-time="2025-11-25 14:42:31Z" end-time="2025-11-25 14:42:31Z" duration="0.000475" asserts="0">
              <properties>
                <property name="retryIteration" value="0" />
                <property name="repeatIteration" value="0" />
              </properties>
            </test-case>
            <test-case id="1130" name="SendTo_NonExistent_LogsWarning" fullname="MercuryMessaging.Tests.FluentApiPhase3Tests.SendTo_NonExistent_LogsWarning" methodname="SendTo_NonExistent_LogsWarning" classname="MercuryMessaging.Tests.FluentApiPhase3Tests" runstate="Runnable" seed="121542902" result="Passed" start-time="2025-11-25 14:42:31Z" end-time="2025-11-25 14:42:31Z" duration="0.002006" asserts="0">
              <properties>
                <property name="retryIteration" value="0" />
                <property name="repeatIteration" value="0" />
              </properties>
              <output><![CDATA[MmRelayNodeExtensions.SendTo: Target 'NonExistent' not found in hierarchy
]]></output>
            </test-case>
            <test-case id="1145" name="TemporalHandle_IsCancelled_ReflectsState" fullname="MercuryMessaging.Tests.FluentApiPhase3Tests.TemporalHandle_IsCancelled_ReflectsState" methodname="TemporalHandle_IsCancelled_ReflectsState" classname="MercuryMessaging.Tests.FluentApiPhase3Tests" runstate="Runnable" seed="42059745" result="Passed" start-time="2025-11-25 14:42:31Z" end-time="2025-11-25 14:42:31Z" duration="0.000423" asserts="0">
              <properties>
                <property name="retryIteration" value="0" />
                <property name="repeatIteration" value="0" />
              </properties>
            </test-case>
            <test-case id="1133" name="TryFindTarget_ReturnsFalse_WhenNotExists" fullname="MercuryMessaging.Tests.FluentApiPhase3Tests.TryFindTarget_ReturnsFalse_WhenNotExists" methodname="TryFindTarget_ReturnsFalse_WhenNotExists" classname="MercuryMessaging.Tests.FluentApiPhase3Tests" runstate="Runnable" seed="1158028156" result="Passed" start-time="2025-11-25 14:42:31Z" end-time="2025-11-25 14:42:31Z" duration="0.000544" asserts="0">
              <properties>
                <property name="retryIteration" value="0" />
                <property name="repeatIteration" value="0" />
              </properties>
            </test-case>
[...]
            <properties />
            <test-case id="1311" name="InvokeWithPath_Descendant_ReachesAllDescendants" fullname="MercuryMessaging.Tests.PathSpecificationTests.InvokeWithPath_Descendant_ReachesAllDescendants" methodname="InvokeWithPath_Descendant_ReachesAllDescendants" classname="MercuryMessaging.Tests.PathSpecificationTests" runstate="Runnable" seed="888689115" result="Passed" start-time="2025-11-25 14:42:39Z" end-time="2025-11-25 14:42:39Z" duration="0.137708" asserts="0">
              <properties>
                <property name="_JOINTYPE" value="UnityCombinatorial" />
                <property name="retryIteration" value="0" />
                <property name="repeatIteration" value="0" />
              </properties>
            </test-case>
            <test-case id="1313" name="InvokeWithPath_EmptyPath_ThrowsException" fullname="MercuryMessaging.Tests.PathSpecificationTests.InvokeWithPath_EmptyPath_ThrowsException" methodname="InvokeWithPath_EmptyPath_ThrowsException" classname="MercuryMessaging.Tests.PathSpecificationTests" runstate="Runnable" seed="198596275" result="Passed" start-time="2025-11-25 14:42:39Z" end-time="2025-11-25 14:42:39Z" duration="0.019810" asserts="0">
              <properties>
                <property name="_JOINTYPE" value="UnityCombinatorial" />
                <property name="retryIteration" value="0" />
                <property name="repeatIteration" value="0" />
              </properties>
            </test-case>
            <test-case id="1312" name="InvokeWithPath_InvalidPath_ThrowsException" fullname="MercuryMessaging.Tests.PathSpecificationTests.InvokeWithPath_InvalidPath_ThrowsException" methodname="InvokeWithPath_InvalidPath_ThrowsException" classname="MercuryMessaging.Tests.PathSpecificationTests" runstate="Runnable" seed="2041323857" result="Passed" start-time="2025-11-25 14:42:39Z" end-time="2025-11-25 14:42:39Z" duration="0.020844" asserts="0">
              <properties>
                <property name="_JOINTYPE" value="UnityCombinatorial" />
                <property name="retryIteration" value="0" />
                <property name="repeatIteration" value="0" />
              </properties>
            </test-case>
            <test-case id="1308" name="InvokeWithPath_Parent_DeliversToParent" fullname="MercuryMessaging.Tests.PathSpecificationTests.InvokeWithPath_Parent_DeliversToParent" methodname="InvokeWithPath_Parent_DeliversToParent" classname="MercuryMessaging.Tests.PathSpecificationTests" runstate="Runnable" seed="14533585" result="Passed" start-time="2025-11-25 14:42:39Z" end-time="2025-11-25 14:42:39Z" duration="0.129985" asserts="0">
              <properties>
                <property name="_JOINTYPE" value="UnityCombinatorial" />
                <property name="retryIteration" value="0" />
                <property name="repeatIteration" value="0" />
              </properties>
            </test-case>
            <test-case id="1309" name="InvokeWithPath_ParentSiblingChild_DeliversToCousins" fullname="MercuryMessaging.Tests.PathSpecificationTests.InvokeWithPath_ParentSiblingChild_DeliversToCousins" methodname="InvokeWithPath_ParentSiblingChild_DeliversToCousins" classname="MercuryMessaging.Tests.PathSpecificationTests" runstate="Runnable" seed="677287913" result="Passed" start-time="2025-11-25 14:42:39Z" end-time="2025-11-25 14:42:39Z" duration="0.130752" asserts="0">
              <properties>
                <property name="_JOINTYPE" value="UnityCombinatorial" />
                <property name="retryIteration" value="0" />
                <property name="repeatIteration" value="0" />
              </properties>
            </test-case>
            <test-case id="1310" name="InvokeWithPath_WithParameter_DeliversCorrectly" fullname="MercuryMessaging.Tests.PathSpecificationTests.InvokeWithPath_WithParameter_DeliversCorrectly" methodname="InvokeWithPath_WithParameter_DeliversCorrectly" classname="MercuryMessaging.Tests.PathSpecificationTests" runstate="Runnable" seed="117068864" result="Passed" start-time="2025-11-25 14:42:39Z" end-time="2025-11-25 14:42:39Z" duration="0.125805" asserts="0">
              <properties>
                <property name="_JOINTYPE" value="UnityCombinatorial" />
                <property name="retryIteration" value="0" />
                <property name="repeatIteration" value="0" />
              </properties>
            </test-case>
            <test-case id="1287" name="Parse_AllSegmentTypes_Success" fullname="MercuryMessaging.Tests.PathSpecificationTests.Parse_AllSegmentTypes_Success" methodname="Parse_AllSegmentTypes_Success" classname="MercuryMessaging.Tests.PathSpecificationTests" runstate="Runnable" seed="429820160" result="Passed" start-time="2025-11-25 14:42:39Z" end-time="2025-11-25 14:42:39Z" duration="0.000414" asserts="0">
              <properties>
                <property name="retryIteration" value="0" />
                <property name="repeatIteration" value="0" />
              </properties>
            </test-case>
            <test-case id="1294" name="Parse_Caching_WorksCorrectly" fullname="MercuryMessaging.Tests.PathSpecificationTests.Parse_Caching_WorksCorrectly" methodname="Parse_Caching_WorksCorrectly" classname="MercuryMessaging.Tests.PathSpecificationTests" runstate="Runnable" seed="408188603" result="Passed" start-time="2025-11-25 14:42:39Z" end-time="2025-11-25 14:42:39Z" duration="0.000260" asserts="0">
              <properties>
                <property name="retryIteration" value="0" />
                <property name="repeatIteration" value="0" />
              </properties>
            </test-case>
            <test-case id="1288" name="Parse_CaseInsensitive_Success" fullname="MercuryMessaging.Tests.PathSpecificationTests.Parse_CaseInsensitive_Success" methodname="Parse_CaseInsensitive_Success" classname="MercuryMessaging.Tests.PathSpecificationTests" runstate="Runnable" seed="927493199" result="Passed" start-time="2025-11-25 14:42:39Z" end-time="2025-11-25 14:42:39Z" duration="0.000178" asserts="0">
              <properties>
                <property name="retryIteration" value="0" />
                <property name="repeatIteration" value="0" />
              </properties>
            </test-case>
            <test-case id="1298" name="Parse_ConsecutiveWildcards_ThrowsException" fullname="MercuryMessaging.Tests.PathSpecificationTests.Parse_ConsecutiveWildcards_ThrowsException" methodname="Parse_ConsecutiveWildcards_ThrowsException" classname="MercuryMessaging.Tests.PathSpecificationTests" runstate="Runnable" seed="1494891457" result="Passed" start-time="2025-11-25 14:42:39Z" end-time="2025-11-25 14:42:39Z" duration="0.000526" asserts="0">
              <properties>
                <property name="retryIteration" value="0" />
                <property name="repeatIteration" value="0" />
              </properties>
            </test-case>
            <test-case id="1290" name="Parse_EmptyPath_ThrowsException" fullname="MercuryMessaging.Tests.PathSpecificationTests.Parse_EmptyPath_ThrowsException" methodname="Parse_EmptyPath_ThrowsException" classname="MercuryMessaging.Tests.PathSpecificationTests" runstate="Runnable" seed="948343832" result="Passed" start-time="2025-11-25 14:42:39Z" end-time="2025-11-25 14:42:39Z" duration="0.000166" asserts="0">
              <properties>
                <property name="retryIteration" value="0" />
                <property name="repeatIteration" value="0" />
              </properties>
            </test-case>
            <test-case id="1293" name="Parse_InvalidSegment_ThrowsException" fullname="MercuryMessaging.Tests.PathSpecificationTests.Parse_InvalidSegment_ThrowsException" methodname="Parse_InvalidSegment_ThrowsException" classname="MercuryMessaging.Tests.PathSpecificationTests" runstate="Runnable" seed="231097305" result="Passed" start-time="2025-11-25 14:42:39Z" end-time="2025-11-25 14:42:39Z" duration="0.000168" asserts="0">
              <properties>
                <property name="retryIteration" value="0" />
                <property name="repeatIteration" value="0" />
              </properties>
            </test-case>
            <test-case id="1291" name="Parse_NullPath_ThrowsException" fullname="MercuryMessaging.Tests.PathSpecificationTests.Parse_NullPath_ThrowsException" methodname="Parse_NullPath_ThrowsException" classname="MercuryMessaging.Tests.PathSpecificationTests" runstate="Runnable" seed="97769338" result="Passed" start-time="2025-11-25 14:42:39Z" end-time="2025-11-25 14:42:39Z" duration="0.000150" asserts="0">
              <properties>
                <property name="retryIteration" value="0" />
                <property name="repeatIteration" value="0" />
              </properties>
            </test-case>
            <test-case id="1292" name="Parse_TrailingSlash_ThrowsException" fullname="MercuryMessaging.Tests.PathSpecificationTests.Parse_TrailingSlash_ThrowsException" methodname="Parse_TrailingSlash_ThrowsException" classname="MercuryMessaging.Tests.PathSpecificationTests" runstate="Runnable" seed="1429584347" result="Passed" start-time="2025-11-25 14:42:39Z" end-time="2025-11-25 14:42:39Z" duration="0.000159" asserts="0">
              <properties>
                <property name="retryIteration" value="0" />
                <property name="repeatIteration" value="0" />
              </properties>
            </test-case>
            <test-case id="1286" name="Parse_ValidMultipleSegments_Success" fullname="MercuryMessaging.Tests.PathSpecificationTests.Parse_ValidMultipleSegments_Success" methodname="Parse_ValidMultipleSegments_Success" classname="MercuryMessaging.Tests.PathSpecificationTests" runstate="Runnable" seed="545955448" result="Passed" start-time="2025-11-25 14:42:39Z" end-time="2025-11-25 14:42:39Z" duration="0.000182" asserts="0">
              <properties>
                <property name="retryIteration" value="0" />
                <property name="repeatIteration" value="0" />
              </properties>
            </test-case>
            <test-case id="1285" name="Parse_ValidSingleSegment_Success" fullname="MercuryMessaging.Tests.PathSpecificationTests.Parse_ValidSingleSegment_Success" methodname="Parse_ValidSingleSegment_Success" classname="MercuryMessaging.Tests.PathSpecificationTests" runstate="Runnable" seed="1442438472" result="Passed" start-time="2025-11-25 14:42:39Z" end-time="2025-11-25 14:42:39Z" duration="0.000129" asserts="0">
              <properties>
                <property name="retryIteration" value="0" />
                <property name="repeatIteration" value="0" />
              </properties>
            </test-case>
            <test-case id="1296" name="Parse_WildcardFirst_ThrowsException" fullname="MercuryMessaging.Tests.PathSpecificationTests.Parse_WildcardFirst_ThrowsException" methodname="Parse_WildcardFirst_ThrowsException" classname="MercuryMessaging.Tests.PathSpecificationTests" runstate="Runnable" seed="1838560650" result="Passed" start-time="2025-11-25 14:42:39Z" end-time="2025-11-25 14:42:39Z" duration="0.000164" asserts="0">
              <properties>
                <property name="retryIteration" value="0" />
                <property name="repeatIteration" value="0" />
              </properties>
            </test-case>
            <test-case id="1297" name="Parse_WildcardLast_ThrowsException" fullname="MercuryMessaging.Tests.PathSpecificationTests.Parse_WildcardLast_ThrowsException" methodname="Parse_WildcardLast_ThrowsException" classname="MercuryMessaging.Tests.PathSpecificationTests" runstate="Runnable" seed="1677661318" result="Passed" start-time="2025-11-25 14:42:39Z" end-time="2025-11-25 14:42:39Z" duration="0.000158" asserts="0">
              <properties>
                <property name="retryIteration" value="0" />
                <property name="repeatIteration" value="0" />
              </properties>
            </test-case>
            <test-case id="1295" name="Parse_WildcardMiddle_Success" fullname="MercuryMessaging.Tests.PathSpecificationTests.Parse_WildcardMiddle_Success" methodname="Parse_WildcardMiddle_Success" classname="MercuryMessaging.Tests.PathSpecificationTests" runstate="Runnable" seed="1663146728" result="Passed" start-time="2025-11-25 14:42:39Z" end-time="2025-11-25 14:42:39Z" duration="0.000169" asserts="0">
              <properties>
                <property name="retryIteration" value="0" />
                <property name="repeatIteration" value="0" />
              </properties>
            </test-case>
            <test-case id="1289" name="Parse_WithWhitespace_Success" fullname="MercuryMessaging.Tests.PathSpecificationTests.Parse_WithWhitespace_Success" methodname="Parse_WithWhitespace_Success" classname="MercuryMessaging.Tests.PathSpecificationTests" runstate="Runnable" seed="712149879" result="Passed" start-time="2025-11-25 14:42:39Z" end-time="2025-11-25 14:42:39Z" duration="0.000129" asserts="0">
              <properties>
                <property name="retryIteration" value="0" />
                <property name="repeatIteration" value="0" />
              </properties>
            </test-case>
            <test-case id="1305" name="Resolve_Ancestor_FindsAllAncestors" fullname="MercuryMessaging.Tests.PathSpecificationTests.Resolve_Ancestor_FindsAllAncestors" methodname="Resolve_Ancestor_FindsAllAncestors" classname="MercuryMessaging.Tests.PathSpecificationTests" runstate="Runnable" seed="1251182147" result="Passed" start-time="2025-11-25 14:42:39Z" end-time="2025-11-25 14:42:40Z" duration="0.027024" asserts="0">
              <properties>
                <property name="_JOINTYPE" value="UnityCombinatorial" />
                <property name="retryIteration" value="0" />
                <property name="repeatIteration" value="0" />
              </properties>
            </test-case>
            <test-case id="1300" name="Resolve_Child_FindsChildren" fullname="MercuryMessaging.Tests.PathSpecificationTests.Resolve_Child_FindsChildren" methodname="Resolve_Child_FindsChildren" classname="MercuryMessaging.Tests.PathSpecificationTests" runstate="Runnable" seed="1654278720" result="Passed" start-time="2025-11-25 14:42:40Z" end-time="2025-11-25 14:42:40Z" duration="0.022203" asserts="0">
              <properties>
                <property name="_JOINTYPE" value="UnityCombinatorial" />
                <property name="retryIteration" value="0" />
                <property name="repeatIteration" value="0" />
              </properties>
            </test-case>
            <test-case id="1304" name="Resolve_Descendant_FindsAllDescendants" fullname="MercuryMessaging.Tests.PathSpecificationTests.Resolve_Descendant_FindsAllDescendants" methodname="Resolve_Descendant_FindsAllDescendants" classname="MercuryMessaging.Tests.PathSpecificationTests" runstate="Runnable" seed="167167241" result="Passed" start-time="2025-11-25 14:42:40Z" end-time="2025-11-25 14:42:40Z" duration="0.020032" asserts="0">
              <properties>
                <property name="_JOINTYPE" value="UnityCombinatorial" />
                <property name="retryIteration" value="0" />
                <property name="repeatIteration" value="0" />
              </properties>
            </test-case>
            <test-case id="1299" name="Resolve_Parent_FindsParent" fullname="MercuryMessaging.Tests.PathSpecificationTests.Resolve_Parent_FindsParent" methodname="Resolve_Parent_FindsParent" classname="MercuryMessaging.Tests.PathSpecificationTests" runstate="Runnable" seed="223901958" result="Passed" start-time="2025-11-25 14:42:40Z" end-time="2025-11-25 14:42:40Z" duration="0.019861" asserts="0">
              <properties>
                <property name="_JOINTYPE" value="UnityCombinatorial" />
                <property name="retryIteration" value="0" />
                <property name="repeatIteration" value="0" />
              </properties>
            </test-case>
            <test-case id="1302" name="Resolve_ParentSibling_FindsParentsSiblings" fullname="MercuryMessaging.Tests.PathSpecificationTests.Resolve_ParentSibling_FindsParentsSiblings" methodname="Resolve_ParentSibling_FindsParentsSiblings" classname="MercuryMessaging.Tests.PathSpecificationTests" runstate="Runnable" seed="664314151" result="Passed" start-time="2025-11-25 14:42:40Z" end-time="2025-11-25 14:42:40Z" duration="0.019979" asserts="0">
              <properties>
                <property name="_JOINTYPE" value="UnityCombinatorial" />
                <property name="retryIteration" value="0" />
                <property name="repeatIteration" value="0" />
              </properties>
            </test-case>
            <test-case id="1303" name="Resolve_ParentSiblingChild_FindsCousins" fullname="MercuryMessaging.Tests.PathSpecificationTests.Resolve_ParentSiblingChild_FindsCousins" methodname="Resolve_ParentSiblingChild_FindsCousins" classname="MercuryMessaging.Tests.PathSpecificationTests" runstate="Runnable" seed="1877703061" result="Passed" start-time="2025-11-25 14:42:40Z" end-time="2025-11-25 14:42:40Z" duration="0.022844" asserts="0">
              <properties>
                <property name="_JOINTYPE" value="UnityCombinatorial" />
                <property name="retryIteration" value="0" />
                <property name="repeatIteration" value="0" />
              </properties>
            </test-case>
            <test-case id="1307" name="Resolve_ParentWildcardChild_FindsAllSiblingsChildren" fullname="MercuryMessaging.Tests.PathSpecificationTests.Resolve_ParentWildcardChild_FindsAllSiblingsChildren" methodname="Resolve_ParentWildcardChild_FindsAllSiblingsChildren" classname="MercuryMessaging.Tests.PathSpecificationTests" runstate="Runnable" seed="1918343825" result="Passed" start-time="2025-11-25 14:42:40Z" end-time="2025-11-25 14:42:40Z" duration="0.020785" asserts="0">
              <properties>
                <property name="_JOINTYPE" value="UnityCombinatorial" />
                <property name="retryIteration" value="0" />
                <property name="repeatIteration" value="0" />
              </properties>
            </test-case>
            <test-case id="1306" name="Resolve_Self_FindsSelf" fullname="MercuryMessaging.Tests.PathSpecificationTests.Resolve_Self_FindsSelf" methodname="Resolve_Self_FindsSelf" classname="MercuryMessaging.Tests.PathSpecificationTests" runstate="Runnable" seed="1881277896" result="Passed" start-time="2025-11-25 14:42:40Z" end-time="2025-11-25 14:42:40Z" duration="0.031770" asserts="0">
              <properties>
                <property name="_JOINTYPE" value="UnityCombinatorial" />
                <property name="retryIteration" value="0" />
                <property name="repeatIteration" value="0" />
              </properties>
            </test-case>
            <test-case id="1301" name="Resolve_Sibling_FindsSiblings" fullname="MercuryMessaging.Tests.PathSpecificationTests.Resolve_Sibling_FindsSiblings" methodname="Resolve_Sibling_FindsSiblings" classname="MercuryMessaging.Tests.PathSpecificationTests" runstate="Runnable" seed="1276205998" result="Passed" start-time="2025-11-25 14:42:40Z" end-time="2025-11-25 14:42:40Z" duration="0.025335" asserts="0">
              <properties>
                <property name="_JOINTYPE" value="UnityCombinatorial" />
                <property name="retryIteration" value="0" />
                <property name="repeatIteration" value="0" />
              </properties>
              <output><![CDATA[Saving results to: C:/Users/yangb/AppData/LocalLow/DefaultCompany/MercuryMessaging\TestResults.xml
]]></output>
            </test-case>
          </test-suite>
        </test-suite>
      </test-suite>
    </test-suite>
  </test-suite>
</test-run>