<?xml version="1.0" encoding="utf-8"?>
<test-run id="2" testcasecount="292" result="Failed(Child)" total="292" passed="290" failed="2" inconclusive="0" skipped="0" asserts="0" engine-version="3.5.0.0" clr-version="4.0.30319.42000" start-time="2025-11-25 07:57:10Z" end-time="2025-11-25 07:57:30Z" duration="19.6849986">
  <test-suite type="TestSuite" id="1320" name="MercuryMessaging" fullname="MercuryMessaging" runstate="Runnable" testcasecount="292" result="Failed" site="Child" start-time="2025-11-25 07:57:10Z" end-time="2025-11-25 07:57:30Z" duration="19.684999" total="292" passed="290" failed="2" inconclusive="0" skipped="0" asserts="0">
    <properties>
      <property name="platform" value="PlayMode" />
    </properties>
    <failure>
      <message><![CDATA[One or more child tests had errors]]></message>
    </failure>
    <test-suite type="Assembly" id="1314" name="MercuryMessaging.Tests.dll" fullname="C:/Users/yangb/Research/MercuryMessaging/Library/ScriptAssemblies/MercuryMessaging.Tests.dll" runstate="Runnable" testcasecount="292" result="Failed" site="Child" start-time="2025-11-25 07:57:10Z" end-time="2025-11-25 07:57:30Z" duration="19.663347" total="292" passed="290" failed="2" inconclusive="0" skipped="0" asserts="0">
      <properties>
        <property name="_PID" value="16856" />
        <property name="_APPDOMAIN" value="Unity Child Domain" />
        <property name="platform" value="PlayMode" />
        <property name="EditorOnly" value="False" />
      </properties>
      <failure>
        <message><![CDATA[One or more child tests had errors]]></message>
      </failure>
      <test-suite type="TestSuite" id="1315" name="MercuryMessaging" fullname="MercuryMessaging" runstate="Runnable" testcasecount="292" result="Failed" site="Child" start-time="2025-11-25 07:57:10Z" end-time="2025-11-25 07:57:30Z" duration="19.652156" total="292" passed="290" failed="2" inconclusive="0" skipped="0" asserts="0">
        <properties />
        <failure>
          <message><![CDATA[One or more child tests had errors]]></message>
        </failure>
        <test-suite type="TestSuite" id="1316" name="Tests" fullname="MercuryMessaging.Tests" runstate="Runnable" testcasecount="292" result="Failed" site="Child" start-time="2025-11-25 07:57:10Z" end-time="2025-11-25 07:57:30Z" duration="19.640823" total="292" passed="290" failed="2" inconclusive="0" skipped="0" asserts="0">
          <properties />
          <failure>
            <message><![CDATA[One or more child tests had errors]]></message>
          </failure>
          <test-suite type="TestFixture" id="1001" name="AdvancedRoutingTests" fullname="MercuryMessaging.Tests.AdvancedRoutingTests" classname="MercuryMessaging.Tests.AdvancedRoutingTests" runstate="Runnable" testcasecount="9" result="Passed" start-time="2025-11-25 07:57:10Z" end-time="2025-11-25 07:57:11Z" duration="1.245403" total="9" passed="9" failed="0" inconclusive="0" skipped="0" asserts="0">
            <properties />
            <test-case id="1007" name="AncestorsRouting_ReachesAllParents" fullname="MercuryMessaging.Tests.AdvancedRoutingTests.AncestorsRouting_ReachesAllParents" methodname="AncestorsRouting_ReachesAllParents" classname="MercuryMessaging.Tests.AdvancedRoutingTests" runstate="Runnable" seed="2138716800" result="Passed" start-time="2025-11-25 07:57:10Z" end-time="2025-11-25 07:57:10Z" duration="0.173609" asserts="0">
              <properties>
                <property name="_JOINTYPE" value="UnityCombinatorial" />
                <property name="retryIteration" value="0" />
                <property name="repeatIteration" value="0" />
              </properties>
              <output><![CDATA[[PASS] Ancestors routing reaches all ancestor nodes
]]></output>
            </test-case>
            <test-case id="1010" name="CombinedFilters_SelfAndSiblings_Works" fullname="MercuryMessaging.Tests.AdvancedRoutingTests.CombinedFilters_SelfAndSiblings_Works" methodname="CombinedFilters_SelfAndSiblings_Works" classname="MercuryMessaging.Tests.AdvancedRoutingTests" runstate="Runnable" seed="1876234088" result="Passed" start-time="2025-11-25 07:57:10Z" end-time="2025-11-25 07:57:10Z" duration="0.128690" asserts="0">
              <properties>
                <property name="_JOINTYPE" value="UnityCombinatorial" />
                <property name="retryIteration" value="0" />
                <property name="repeatIteration" value="0" />
              </properties>
              <output><![CDATA[[PASS] Combined filters (Self + Siblings) work correctly
]]></output>
            </test-case>
            <test-case id="1004" name="CousinsRouting_WithLateralEnabled_ReachesCousins" fullname="MercuryMessaging.Tests.AdvancedRoutingTests.CousinsRouting_WithLateralEnabled_ReachesCousins" methodname="CousinsRouting_WithLateralEnabled_ReachesCousins" classname="MercuryMessaging.Tests.AdvancedRoutingTests" runstate="Runnable" seed="2046867134" result="Passed" start-time="2025-11-25 07:57:10Z" end-time="2025-11-25 07:57:10Z" duration="0.128458" asserts="0">
              <properties>
                <property name="_JOINTYPE" value="UnityCombinatorial" />
                <property name="retryIteration" value="0" />
                <property name="repeatIteration" value="0" />
              </properties>
              <output><![CDATA[[PASS] Cousins routing reaches cousin nodes correctly
]]></output>
            </test-case>
            <test-case id="1009" name="CustomFilter_WithoutPredicate_Blocked" fullname="MercuryMessaging.Tests.AdvancedRoutingTests.CustomFilter_WithoutPredicate_Blocked" methodname="CustomFilter_WithoutPredicate_Blocked" classname="MercuryMessaging.Tests.AdvancedRoutingTests" runstate="Runnable" seed="60617343" result="Passed" start-time="2025-11-25 07:57:10Z" end-time="2025-11-25 07:57:10Z" duration="0.124032" asserts="0">
              <properties>
                <property name="_JOINTYPE" value="UnityCombinatorial" />
                <property name="retryIteration" value="0" />
                <property name="repeatIteration" value="0" />
              </properties>
              <output><![CDATA[[PASS] Custom filter blocked without predicate
]]></output>
            </test-case>
            <test-case id="1008" name="CustomFilter_WithPredicate_FiltersCorrectly" fullname="MercuryMessaging.Tests.AdvancedRoutingTests.CustomFilter_WithPredicate_FiltersCorrectly" methodname="CustomFilter_WithPredicate_FiltersCorrectly" classname="MercuryMessaging.Tests.AdvancedRoutingTests" runstate="Runnable" seed="1345103461" result="Passed" start-time="2025-11-25 07:57:10Z" end-time="2025-11-25 07:57:11Z" duration="0.136122" asserts="0">
              <properties>
                <property name="_JOINTYPE" value="UnityCombinatorial" />
                <property name="retryIteration" value="0" />
                <property name="repeatIteration" value="0" />
              </properties>
              <output><![CDATA[[PASS] Custom filter applies predicate correctly
]]></output>
            </test-case>
            <test-case id="1006" name="DescendantsRouting_PreventsCircularLoops" fullname="MercuryMessaging.Tests.AdvancedRoutingTests.DescendantsRouting_PreventsCircularLoops" methodname="DescendantsRouting_PreventsCircularLoops" classname="MercuryMessaging.Tests.AdvancedRoutingTests" runstate="Runnable" seed="156904934" result="Passed" start-time="2025-11-25 07:57:11Z" end-time="2025-11-25 07:57:11Z" duration="0.135292" asserts="0">
              <properties>
                <property name="_JOINTYPE" value="UnityCombinatorial" />
                <property name="retryIteration" value="0" />
                <property name="repeatIteration" value="0" />
              </properties>
              <output><![CDATA[[PASS] Descendants routing handles multiple sends correctly
]]></output>
            </test-case>
            <test-case id="1005" name="DescendantsRouting_ReachesAllChildren" fullname="MercuryMessaging.Tests.AdvancedRoutingTests.DescendantsRouting_ReachesAllChildren" methodname="DescendantsRouting_ReachesAllChildren" classname="MercuryMessaging.Tests.AdvancedRoutingTests" runstate="Runnable" seed="1174696855" result="Passed" start-time="2025-11-25 07:57:11Z" end-time="2025-11-25 07:57:11Z" duration="0.128114" asserts="0">
              <properties>
                <property name="_JOINTYPE" value="UnityCombinatorial" />
                <property name="retryIteration" value="0" />
                <property name="repeatIteration" value="0" />
              </properties>
              <output><![CDATA[[PASS] Descendants routing reaches all descendant nodes
]]></output>
            </test-case>
            <test-case id="1002" name="SiblingsRouting_WithLateralEnabled_ReachesSiblings" fullname="MercuryMessaging.Tests.AdvancedRoutingTests.SiblingsRouting_WithLateralEnabled_ReachesSiblings" methodname="SiblingsRouting_WithLateralEnabled_ReachesSiblings" classname="MercuryMessaging.Tests.AdvancedRoutingTests" runstate="Runnable" seed="954151051" result="Passed" start-time="2025-11-25 07:57:11Z" end-time="2025-11-25 07:57:11Z" duration="0.134880" asserts="0">
              <properties>
                <property name="_JOINTYPE" value="UnityCombinatorial" />
                <property name="retryIteration" value="0" />
                <property name="repeatIteration" value="0" />
              </properties>
              <output><![CDATA[[PASS] Siblings routing reaches sibling nodes correctly
]]></output>
            </test-case>
            <test-case id="1003" name="SiblingsRouting_WithoutLateralEnabled_Blocked" fullname="MercuryMessaging.Tests.AdvancedRoutingTests.SiblingsRouting_WithoutLateralEnabled_Blocked" methodname="SiblingsRouting_WithoutLateralEnabled_Blocked" classname="MercuryMessaging.Tests.AdvancedRoutingTests" runstate="Runnable" seed="43995774" result="Passed" start-time="2025-11-25 07:57:11Z" end-time="2025-11-25 07:57:11Z" duration="0.129035" asserts="0">
              <properties>
                <property name="_JOINTYPE" value="UnityCombinatorial" />
                <property name="retryIteration" value="0" />
                <property name="repeatIteration" value="0" />
              </properties>
              <output><![CDATA[[PASS] Siblings routing blocked without lateral routing enabled
]]></output>
            </test-case>
          </test-suite>
          <test-suite type="TestFixture" id="1045" name="CycleDetectionValidationTests" fullname="MercuryMessaging.Tests.CycleDetectionValidationTests" classname="MercuryMessaging.Tests.CycleDetectionValidationTests" runstate="Runnable" testcasecount="5" result="Passed" start-time="2025-11-25 07:57:11Z" end-time="2025-11-25 07:57:12Z" duration="0.367582" total="5" passed="5" failed="0" inconclusive="0" skipped="0" asserts="0">
            <properties />
            <output><![CDATA[
IgnoreFailingMessages:true
]]></output>
            <test-case id="1048" name="CycleDetection_CanBeDisabled" fullname="MercuryMessaging.Tests.CycleDetectionValidationTests.CycleDetection_CanBeDisabled" methodname="CycleDetection_CanBeDisabled" classname="MercuryMessaging.Tests.CycleDetectionValidationTests" runstate="Runnable" seed="1818271022" result="Passed" start-time="2025-11-25 07:57:11Z" end-time="2025-11-25 07:57:11Z" duration="0.029736" asserts="0">
              <properties>
                <property name="_JOINTYPE" value="UnityCombinatorial" />
                <property name="retryIteration" value="0" />
                <property name="repeatIteration" value="0" />
              </properties>
              <output><![CDATA[[QW-1 PASS] Cycle detection can be toggled via enableCycleDetection flag
]]></output>
            </test-case>
            <test-case id="1050" name="CycleDetection_IndependentMessageTracking" fullname="MercuryMessaging.Tests.CycleDetectionValidationTests.CycleDetection_IndependentMessageTracking" methodname="CycleDetection_IndependentMessageTracking" classname="MercuryMessaging.Tests.CycleDetectionValidationTests" runstate="Runnable" seed="513472309" result="Passed" start-time="2025-11-25 07:57:11Z" end-time="2025-11-25 07:57:11Z" duration="0.033565" asserts="0">
              <properties>
                <property name="_JOINTYPE" value="UnityCombinatorial" />
                <property name="retryIteration" value="0" />
                <property name="repeatIteration" value="0" />
              </properties>
              <output><![CDATA[[QW-1 PASS] Different messages have independent cycle tracking
]]></output>
            </test-case>
            <test-case id="1046" name="CycleDetection_InfrastructureExists" fullname="MercuryMessaging.Tests.CycleDetectionValidationTests.CycleDetection_InfrastructureExists" methodname="CycleDetection_InfrastructureExists" classname="MercuryMessaging.Tests.CycleDetectionValidationTests" runstate="Runnable" seed="1225359291" result="Passed" start-time="2025-11-25 07:57:11Z" end-time="2025-11-25 07:57:11Z" duration="0.130524" asserts="0">
              <properties>
                <property name="_JOINTYPE" value="UnityCombinatorial" />
                <property name="retryIteration" value="0" />
                <property name="repeatIteration" value="0" />
              </properties>
              <output><![CDATA[[QW-1 PASS] Cycle detection infrastructure working, tracked 1 visits
]]></output>
            </test-case>
            <test-case id="1047" name="CycleDetection_PreventsRevisits" fullname="MercuryMessaging.Tests.CycleDetectionValidationTests.CycleDetection_PreventsRevisits" methodname="CycleDetection_PreventsRevisits" classname="MercuryMessaging.Tests.CycleDetectionValidationTests" runstate="Runnable" seed="1522312830" result="Passed" start-time="2025-11-25 07:57:11Z" end-time="2025-11-25 07:57:11Z" duration="0.031816" asserts="0">
              <properties>
                <property name="_JOINTYPE" value="UnityCombinatorial" />
                <property name="retryIteration" value="0" />
                <property name="repeatIteration" value="0" />
              </properties>
              <output><![CDATA[[QW-1 PASS] Cycle detection prevents message re-entry
]]></output>
            </test-case>
            <test-case id="1049" name="CycleDetection_TracksMultipleNodes" fullname="MercuryMessaging.Tests.CycleDetectionValidationTests.CycleDetection_TracksMultipleNodes" methodname="CycleDetection_TracksMultipleNodes" classname="MercuryMessaging.Tests.CycleDetectionValidationTests" runstate="Runnable" seed="2063157440" result="Passed" start-time="2025-11-25 07:57:11Z" end-time="2025-11-25 07:57:12Z" duration="0.132448" asserts="0">
              <properties>
                <property name="_JOINTYPE" value="UnityCombinatorial" />
                <property name="retryIteration" value="0" />
                <property name="repeatIteration" value="0" />
              </properties>
              <output><![CDATA[[QW-1 PASS] Tracked 5 nodes in 5-node chain
]]></output>
            </test-case>
          </test-suite>
          <test-suite type="TestFixture" id="1051" name="FilterCacheValidationTests" fullname="MercuryMessaging.Tests.FilterCacheValidationTests" classname="MercuryMessaging.Tests.FilterCacheValidationTests" runstate="Runnable" testcasecount="12" result="Passed" start-time="2025-11-25 07:57:12Z" end-time="2025-11-25 07:57:12Z" duration="0.029134" total="12" passed="12" failed="0" inconclusive="0" skipped="0" asserts="0">
            <properties />
            <test-case id="1061" name="Test_CacheHandles_EmptyRoutingTable" fullname="MercuryMessaging.Tests.FilterCacheValidationTests.Test_CacheHandles_EmptyRoutingTable" methodname="Test_CacheHandles_EmptyRoutingTable" classname="MercuryMessaging.Tests.FilterCacheValidationTests" runstate="Runnable" seed="2100944810" result="Passed" start-time="2025-11-25 07:57:12Z" end-time="2025-11-25 07:57:12Z" duration="0.006427" asserts="0">
              <properties>
                <property name="retryIteration" value="0" />
                <property name="repeatIteration" value="0" />
              </properties>
            </test-case>
            <test-case id="1060" name="Test_CacheHitRate_Increases" fullname="MercuryMessaging.Tests.FilterCacheValidationTests.Test_CacheHitRate_Increases" methodname="Test_CacheHitRate_Increases" classname="MercuryMessaging.Tests.FilterCacheValidationTests" runstate="Runnable" seed="434285333" result="Passed" start-time="2025-11-25 07:57:12Z" end-time="2025-11-25 07:57:12Z" duration="0.001612" asserts="0">
              <properties>
                <property name="retryIteration" value="0" />
                <property name="repeatIteration" value="0" />
              </properties>
            </test-case>
            <test-case id="1053" name="Test_CacheInvalidation_OnAdd" fullname="MercuryMessaging.Tests.FilterCacheValidationTests.Test_CacheInvalidation_OnAdd" methodname="Test_CacheInvalidation_OnAdd" classname="MercuryMessaging.Tests.FilterCacheValidationTests" runstate="Runnable" seed="1447787072" result="Passed" start-time="2025-11-25 07:57:12Z" end-time="2025-11-25 07:57:12Z" duration="0.000743" asserts="0">
              <properties>
                <property name="retryIteration" value="0" />
                <property name="repeatIteration" value="0" />
              </properties>
            </test-case>
            <test-case id="1056" name="Test_CacheInvalidation_OnClear" fullname="MercuryMessaging.Tests.FilterCacheValidationTests.Test_CacheInvalidation_OnClear" methodname="Test_CacheInvalidation_OnClear" classname="MercuryMessaging.Tests.FilterCacheValidationTests" runstate="Runnable" seed="942411065" result="Passed" start-time="2025-11-25 07:57:12Z" end-time="2025-11-25 07:57:12Z" duration="0.000507" asserts="0">
              <properties>
                <property name="retryIteration" value="0" />
                <property name="repeatIteration" value="0" />
              </properties>
            </test-case>
            <test-case id="1057" name="Test_CacheInvalidation_OnIndexerSet" fullname="MercuryMessaging.Tests.FilterCacheValidationTests.Test_CacheInvalidation_OnIndexerSet" methodname="Test_CacheInvalidation_OnIndexerSet" classname="MercuryMessaging.Tests.FilterCacheValidationTests" runstate="Runnable" seed="1934499870" result="Passed" start-time="2025-11-25 07:57:12Z" end-time="2025-11-25 07:57:12Z" duration="0.000476" asserts="0">
              <properties>
                <property name="retryIteration" value="0" />
                <property name="repeatIteration" value="0" />
              </properties>
            </test-case>
            <test-case id="1063" name="Test_CacheInvalidation_OnInsert" fullname="MercuryMessaging.Tests.FilterCacheValidationTests.Test_CacheInvalidation_OnInsert" methodname="Test_CacheInvalidation_OnInsert" classname="MercuryMessaging.Tests.FilterCacheValidationTests" runstate="Runnable" seed="1138698269" result="Passed" start-time="2025-11-25 07:57:12Z" end-time="2025-11-25 07:57:12Z" duration="0.000692" asserts="0">
              <properties>
                <property name="retryIteration" value="0" />
                <property name="repeatIteration" value="0" />
              </properties>
            </test-case>
            <test-case id="1054" name="Test_CacheInvalidation_OnRemove" fullname="MercuryMessaging.Tests.FilterCacheValidationTests.Test_CacheInvalidation_OnRemove" methodname="Test_CacheInvalidation_OnRemove" classname="MercuryMessaging.Tests.FilterCacheValidationTests" runstate="Runnable" seed="1630424338" result="Passed" start-time="2025-11-25 07:57:12Z" end-time="2025-11-25 07:57:12Z" duration="0.000581" asserts="0">
              <properties>
                <property name="retryIteration" value="0" />
                <property name="repeatIteration" value="0" />
              </properties>
            </test-case>
            <test-case id="1055" name="Test_CacheInvalidation_OnRemoveAt" fullname="MercuryMessaging.Tests.FilterCacheValidationTests.Test_CacheInvalidation_OnRemoveAt" methodname="Test_CacheInvalidation_OnRemoveAt" classname="MercuryMessaging.Tests.FilterCacheValidationTests" runstate="Runnable" seed="1077688464" result="Passed" start-time="2025-11-25 07:57:12Z" end-time="2025-11-25 07:57:12Z" duration="0.000393" asserts="0">
              <properties>
                <property name="retryIteration" value="0" />
                <property name="repeatIteration" value="0" />
              </properties>
            </test-case>
            <test-case id="1052" name="Test_CacheMiss_Then_CacheHit" fullname="MercuryMessaging.Tests.FilterCacheValidationTests.Test_CacheMiss_Then_CacheHit" methodname="Test_CacheMiss_Then_CacheHit" classname="MercuryMessaging.Tests.FilterCacheValidationTests" runstate="Runnable" seed="1759183638" result="Passed" start-time="2025-11-25 07:57:12Z" end-time="2025-11-25 07:57:12Z" duration="0.000432" asserts="0">
              <properties>
                <property name="retryIteration" value="0" />
                <property name="repeatIteration" value="0" />
              </properties>
            </test-case>
            <test-case id="1059" name="Test_LRU_Eviction" fullname="MercuryMessaging.Tests.FilterCacheValidationTests.Test_LRU_Eviction" methodname="Test_LRU_Eviction" classname="MercuryMessaging.Tests.FilterCacheValidationTests" runstate="Runnable" seed="1942778150" result="Passed" start-time="2025-11-25 07:57:12Z" end-time="2025-11-25 07:57:12Z" duration="0.001172" asserts="0">
              <properties>
                <property name="retryIteration" value="0" />
                <property name="repeatIteration" value="0" />
              </properties>
            </test-case>
            <test-case id="1062" name="Test_Performance_CachedVsUncached" fullname="MercuryMessaging.Tests.FilterCacheValidationTests.Test_Performance_CachedVsUncached" methodname="Test_Performance_CachedVsUncached" classname="MercuryMessaging.Tests.FilterCacheValidationTests" runstate="Runnable" seed="738982178" result="Passed" start-time="2025-11-25 07:57:12Z" end-time="2025-11-25 07:57:12Z" duration="0.007406" asserts="0">
              <properties>
                <property name="retryIteration" value="0" />
                <property name="repeatIteration" value="0" />
              </properties>
              <output><![CDATA[QW-3 Performance: Uncached=515 ticks, Cached=13 ticks, Speedup=39.62x
]]></output>
            </test-case>
            <test-case id="1058" name="Test_SeparateCacheEntries_ForDifferentFilters" fullname="MercuryMessaging.Tests.FilterCacheValidationTests.Test_SeparateCacheEntries_ForDifferentFilters" methodname="Test_SeparateCacheEntries_ForDifferentFilters" classname="MercuryMessaging.Tests.FilterCacheValidationTests" runstate="Runnable" seed="433012499" result="Passed" start-time="2025-11-25 07:57:12Z" end-time="2025-11-25 07:57:12Z" duration="0.000638" asserts="0">
              <properties>
                <property name="retryIteration" value="0" />
                <property name="repeatIteration" value="0" />
              </properties>
            </test-case>
          </test-suite>
          <test-suite type="TestFixture" id="1064" name="FluentApiIntegrationTests" fullname="MercuryMessaging.Tests.FluentApiIntegrationTests" classname="MercuryMessaging.Tests.FluentApiIntegrationTests" runstate="Runnable" testcasecount="11" result="Passed" start-time="2025-11-25 07:57:12Z" end-time="2025-11-25 07:57:12Z" duration="0.038089" total="11" passed="11" failed="0" inconclusive="0" skipped="0" asserts="0">
            <properties />
            <test-case id="1066" name="Integration_BranchingHierarchy_AllBranchesReceive" fullname="MercuryMessaging.Tests.FluentApiIntegrationTests.Integration_BranchingHierarchy_AllBranchesReceive" methodname="Integration_BranchingHierarchy_AllBranchesReceive" classname="MercuryMessaging.Tests.FluentApiIntegrationTests" runstate="Runnable" seed="1720236775" result="Passed" start-time="2025-11-25 07:57:12Z" end-time="2025-11-25 07:57:12Z" duration="0.005067" asserts="0">
              <properties>
                <property name="retryIteration" value="0" />
                <property name="repeatIteration" value="0" />
              </properties>
            </test-case>
            <test-case id="1067" name="Integration_CombinedFilters_CorrectTargeting" fullname="MercuryMessaging.Tests.FluentApiIntegrationTests.Integration_CombinedFilters_CorrectTargeting" methodname="Integration_CombinedFilters_CorrectTargeting" classname="MercuryMessaging.Tests.FluentApiIntegrationTests" runstate="Runnable" seed="658378513" result="Passed" start-time="2025-11-25 07:57:12Z" end-time="2025-11-25 07:57:12Z" duration="0.006813" asserts="0">
              <properties>
                <property name="retryIteration" value="0" />
                <property name="repeatIteration" value="0" />
              </properties>
            </test-case>
            <test-case id="1065" name="Integration_DeepHierarchy_MessageReachesAllLevels" fullname="MercuryMessaging.Tests.FluentApiIntegrationTests.Integration_DeepHierarchy_MessageReachesAllLevels" methodname="Integration_DeepHierarchy_MessageReachesAllLevels" classname="MercuryMessaging.Tests.FluentApiIntegrationTests" runstate="Runnable" seed="235528655" result="Passed" start-time="2025-11-25 07:57:12Z" end-time="2025-11-25 07:57:12Z" duration="0.001975" asserts="0">
              <properties>
                <property name="retryIteration" value="0" />
                <property name="repeatIteration" value="0" />
              </properties>
            </test-case>
            <test-case id="1072" name="Integration_MessageFactory_AllTypesWork" fullname="MercuryMessaging.Tests.FluentApiIntegrationTests.Integration_MessageFactory_AllTypesWork" methodname="Integration_MessageFactory_AllTypesWork" classname="MercuryMessaging.Tests.FluentApiIntegrationTests" runstate="Runnable" seed="682739137" result="Passed" start-time="2025-11-25 07:57:12Z" end-time="2025-11-25 07:57:12Z" duration="0.002191" asserts="0">
              <properties>
                <property name="retryIteration" value="0" />
                <property name="repeatIteration" value="0" />
              </properties>
            </test-case>
            <test-case id="1073" name="Integration_MessageFactory_CustomMethods" fullname="MercuryMessaging.Tests.FluentApiIntegrationTests.Integration_MessageFactory_CustomMethods" methodname="Integration_MessageFactory_CustomMethods" classname="MercuryMessaging.Tests.FluentApiIntegrationTests" runstate="Runnable" seed="550827147" result="Passed" start-time="2025-11-25 07:57:12Z" end-time="2025-11-25 07:57:12Z" duration="0.003978" asserts="0">
              <properties>
                <property name="retryIteration" value="0" />
                <property name="repeatIteration" value="0" />
              </properties>
            </test-case>
            <test-case id="1075" name="Integration_MixedAPI_TraditionalAndDSLCoexist" fullname="MercuryMessaging.Tests.FluentApiIntegrationTests.Integration_MixedAPI_TraditionalAndDSLCoexist" methodname="Integration_MixedAPI_TraditionalAndDSLCoexist" classname="MercuryMessaging.Tests.FluentApiIntegrationTests" runstate="Runnable" seed="1121801972" result="Passed" start-time="2025-11-25 07:57:12Z" end-time="2025-11-25 07:57:12Z" duration="0.000833" asserts="0">
              <properties>
                <property name="retryIteration" value="0" />
                <property name="repeatIteration" value="0" />
              </properties>
            </test-case>
            <test-case id="1068" name="Integration_NotifyParent_ReachesCorrectTarget" fullname="MercuryMessaging.Tests.FluentApiIntegrationTests.Integration_NotifyParent_ReachesCorrectTarget" methodname="Integration_NotifyParent_ReachesCorrectTarget" classname="MercuryMessaging.Tests.FluentApiIntegrationTests" runstate="Runnable" seed="667018583" result="Passed" start-time="2025-11-25 07:57:12Z" end-time="2025-11-25 07:57:12Z" duration="0.000880" asserts="0">
              <properties>
                <property name="retryIteration" value="0" />
                <property name="repeatIteration" value="0" />
              </properties>
            </test-case>
            <test-case id="1069" name="Integration_NotifyWithValue_ParentReceivesValue" fullname="MercuryMessaging.Tests.FluentApiIntegrationTests.Integration_NotifyWithValue_ParentReceivesValue" methodname="Integration_NotifyWithValue_ParentReceivesValue" classname="MercuryMessaging.Tests.FluentApiIntegrationTests" runstate="Runnable" seed="164251519" result="Passed" start-time="2025-11-25 07:57:12Z" end-time="2025-11-25 07:57:12Z" duration="0.000554" asserts="0">
              <properties>
                <property name="retryIteration" value="0" />
                <property name="repeatIteration" value="0" />
              </properties>
            </test-case>
            <test-case id="1074" name="Integration_QueryResponse_WorksAcrossHierarchy" fullname="MercuryMessaging.Tests.FluentApiIntegrationTests.Integration_QueryResponse_WorksAcrossHierarchy" methodname="Integration_QueryResponse_WorksAcrossHierarchy" classname="MercuryMessaging.Tests.FluentApiIntegrationTests" runstate="Runnable" seed="2079850859" result="Passed" start-time="2025-11-25 07:57:12Z" end-time="2025-11-25 07:57:12Z" duration="0.004026" asserts="0">
              <properties>
                <property name="retryIteration" value="0" />
                <property name="repeatIteration" value="0" />
              </properties>
            </test-case>
            <test-case id="1070" name="Integration_SendToNamed_FindsDeepTarget" fullname="MercuryMessaging.Tests.FluentApiIntegrationTests.Integration_SendToNamed_FindsDeepTarget" methodname="Integration_SendToNamed_FindsDeepTarget" classname="MercuryMessaging.Tests.FluentApiIntegrationTests" runstate="Runnable" seed="1180898533" result="Passed" start-time="2025-11-25 07:57:12Z" end-time="2025-11-25 07:57:12Z" duration="0.001097" asserts="0">
              <properties>
                <property name="retryIteration" value="0" />
                <property name="repeatIteration" value="0" />
              </properties>
            </test-case>
            <test-case id="1071" name="Integration_SendToWithValue_DeliverValue" fullname="MercuryMessaging.Tests.FluentApiIntegrationTests.Integration_SendToWithValue_DeliverValue" methodname="Integration_SendToWithValue_DeliverValue" classname="MercuryMessaging.Tests.FluentApiIntegrationTests" runstate="Runnable" seed="856057600" result="Passed" start-time="2025-11-25 07:57:12Z" end-time="2025-11-25 07:57:12Z" duration="0.000736" asserts="0">
              <properties>
                <property name="retryIteration" value="0" />
                <property name="repeatIteration" value="0" />
              </properties>
            </test-case>
          </test-suite>
          <test-suite type="TestFixture" id="1076" name="FluentApiPerformanceTests" fullname="MercuryMessaging.Tests.FluentApiPerformanceTests" classname="MercuryMessaging.Tests.FluentApiPerformanceTests" runstate="Runnable" testcasecount="11" result="Failed" site="Child" start-time="2025-11-25 07:57:12Z" end-time="2025-11-25 07:57:18Z" duration="6.514229" total="11" passed="10" failed="1" inconclusive="0" skipped="0" asserts="0">
            <properties />
            <failure>
              <message><![CDATA[One or more child tests had errors]]></message>
            </failure>
            <test-case id="1081" name="Benchmark_Broadcast_FluentDSL" fullname="MercuryMessaging.Tests.FluentApiPerformanceTests.Benchmark_Broadcast_FluentDSL" methodname="Benchmark_Broadcast_FluentDSL" classname="MercuryMessaging.Tests.FluentApiPerformanceTests" runstate="Runnable" seed="370186726" result="Passed" start-time="2025-11-25 07:57:12Z" end-time="2025-11-25 07:57:12Z" duration="0.145181" asserts="0">
              <properties>
                <property name="Category" value="Performance" />
                <property name="retryIteration" value="0" />
                <property name="repeatIteration" value="0" />
              </properties>
              <output><![CDATA[[Fluent Broadcast] Avg time: 13885.02 ns/message (10000 iterations)
]]></output>
            </test-case>
            <test-case id="1080" name="Benchmark_Broadcast_Traditional" fullname="MercuryMessaging.Tests.FluentApiPerformanceTests.Benchmark_Broadcast_Traditional" methodname="Benchmark_Broadcast_Traditional" classname="MercuryMessaging.Tests.FluentApiPerformanceTests" runstate="Runnable" seed="444877094" result="Passed" start-time="2025-11-25 07:57:12Z" end-time="2025-11-25 07:57:12Z" duration="0.545523" asserts="0">
              <properties>
                <property name="Category" value="Performance" />
                <property name="retryIteration" value="0" />
                <property name="repeatIteration" value="0" />
              </properties>
              <output><![CDATA[[Traditional Broadcast] Avg time: 52211.90 ns/message (10000 iterations)
]]></output>
            </test-case>
            <test-case id="1083" name="Benchmark_CompareOverhead_Broadcast" fullname="MercuryMessaging.Tests.FluentApiPerformanceTests.Benchmark_CompareOverhead_Broadcast" methodname="Benchmark_CompareOverhead_Broadcast" classname="MercuryMessaging.Tests.FluentApiPerformanceTests" runstate="Runnable" seed="1102085651" result="Passed" start-time="2025-11-25 07:57:12Z" end-time="2025-11-25 07:57:13Z" duration="0.312283" asserts="0">
              <properties>
                <property name="Category" value="Performance" />
                <property name="retryIteration" value="0" />
                <property name="repeatIteration" value="0" />
              </properties>
              <output><![CDATA[
=================================================================
Broadcast Performance Comparison
=================================================================
Traditional (MmInvoke): 17207.38 ns/message
Fluent (Broadcast):     13410.32 ns/message
Overhead:               -22.1%
=================================================================

]]></output>
            </test-case>
            <test-case id="1082" name="Benchmark_CompareOverhead_SimpleMessage" fullname="MercuryMessaging.Tests.FluentApiPerformanceTests.Benchmark_CompareOverhead_SimpleMessage" methodname="Benchmark_CompareOverhead_SimpleMessage" classname="MercuryMessaging.Tests.FluentApiPerformanceTests" runstate="Runnable" seed="1750354481" result="Failed" start-time="2025-11-25 07:57:13Z" end-time="2025-11-25 07:57:14Z" duration="0.985791" asserts="0">
              <properties>
                <property name="Category" value="Performance" />
                <property name="retryIteration" value="0" />
                <property name="repeatIteration" value="0" />
              </properties>
              <failure>
                <message><![CDATA[  DSL overhead should be < 400% in Editor, got 819.7%
  Expected: less than 400.0d
  But was:  819.65177908222961d
]]></message>
                <stack-trace><![CDATA[at MercuryMessaging.Tests.FluentApiPerformanceTests.Benchmark_CompareOverhead_SimpleMessage () [0x00192] in C:\Users\yangb\Research\MercuryMessaging\Assets\MercuryMessaging\Tests\FluentApiPerformanceTests.cs:292
]]></stack-trace>
              </failure>
              <output><![CDATA[
=================================================================
DSL vs Traditional API Performance Comparison
=================================================================
Traditional API:     9545.09 ns/message
Fluent DSL:          87781.59 ns/message
Overhead:            819.7%
=================================================================
Iterations: 10,000
Target: <2% overhead (or negative = DSL faster)
=================================================================

]]></output>
            </test-case>
            <test-case id="1087" name="Benchmark_FullSummary" fullname="MercuryMessaging.Tests.FluentApiPerformanceTests.Benchmark_FullSummary" methodname="Benchmark_FullSummary" classname="MercuryMessaging.Tests.FluentApiPerformanceTests" runstate="Runnable" seed="208804774" result="Passed" start-time="2025-11-25 07:57:14Z" end-time="2025-11-25 07:57:15Z" duration="1.068644" asserts="0">
              <properties>
                <property name="Category" value="Performance" />
                <property name="retryIteration" value="0" />
                <property name="repeatIteration" value="0" />
              </properties>
              <reason>
                <message><![CDATA[Performance benchmark completed - see log for detailed results]]></message>
              </reason>
              <output><![CDATA[
╔═══════════════════════════════════════════════════════════════╗
║        FLUENT DSL PERFORMANCE BENCHMARK SUMMARY               ║
╠═══════════════════════════════════════════════════════════════╣
║  Traditional MmInvoke:       9553.39 ns/msg              ║
║  Fluent DSL Send():         82567.99 ns/msg              ║
║  Broadcast():               13432.55 ns/msg              ║
║  MessageFactory.Create():     157.13 ns/call              ║
╠═══════════════════════════════════════════════════════════════╣
║  DSL Overhead:                 764.3%                    ║
║  Target:                        <2% (production)             ║
║  Note: Unity Editor adds 2-5x overhead                       ║
╠═══════════════════════════════════════════════════════════════╣
║  Iterations:                  10,000                    ║
║  Children:                        10                         ║
╚═══════════════════════════════════════════════════════════════╝

]]></output>
            </test-case>
            <test-case id="1084" name="Benchmark_MemoryAllocation_FluentBuilder" fullname="MercuryMessaging.Tests.FluentApiPerformanceTests.Benchmark_MemoryAllocation_FluentBuilder" methodname="Benchmark_MemoryAllocation_FluentBuilder" classname="MercuryMessaging.Tests.FluentApiPerformanceTests" runstate="Runnable" seed="1089923267" result="Passed" start-time="2025-11-25 07:57:15Z" end-time="2025-11-25 07:57:16Z" duration="1.378440" asserts="0">
              <properties>
                <property name="Category" value="Performance" />
                <property name="retryIteration" value="0" />
                <property name="repeatIteration" value="0" />
              </properties>
              <output><![CDATA[[Memory] Fluent builder: 0.00 bytes/operation (total: 0.00 KB)
]]></output>
            </test-case>
            <test-case id="1085" name="Benchmark_MemoryAllocation_MessageFactory" fullname="MercuryMessaging.Tests.FluentApiPerformanceTests.Benchmark_MemoryAllocation_MessageFactory" methodname="Benchmark_MemoryAllocation_MessageFactory" classname="MercuryMessaging.Tests.FluentApiPerformanceTests" runstate="Runnable" seed="1334214225" result="Passed" start-time="2025-11-25 07:57:16Z" end-time="2025-11-25 07:57:17Z" duration="1.385269" asserts="0">
              <properties>
                <property name="Category" value="Performance" />
                <property name="retryIteration" value="0" />
                <property name="repeatIteration" value="0" />
              </properties>
              <output><![CDATA[[Memory] MessageFactory.Int: 0.00 bytes/message (total: 0.00 KB)
]]></output>
            </test-case>
            <test-case id="1079" name="Benchmark_MessageFactory_Create" fullname="MercuryMessaging.Tests.FluentApiPerformanceTests.Benchmark_MessageFactory_Create" methodname="Benchmark_MessageFactory_Create" classname="MercuryMessaging.Tests.FluentApiPerformanceTests" runstate="Runnable" seed="1163219710" result="Passed" start-time="2025-11-25 07:57:17Z" end-time="2025-11-25 07:57:17Z" duration="0.004370" asserts="0">
              <properties>
                <property name="Category" value="Performance" />
                <property name="retryIteration" value="0" />
                <property name="repeatIteration" value="0" />
              </properties>
              <output><![CDATA[[MessageFactory.Create] Avg time: 198.08 ns/call (10000 iterations)
]]></output>
            </test-case>
            <test-case id="1078" name="Benchmark_SimpleMessage_FluentDSL" fullname="MercuryMessaging.Tests.FluentApiPerformanceTests.Benchmark_SimpleMessage_FluentDSL" methodname="Benchmark_SimpleMessage_FluentDSL" classname="MercuryMessaging.Tests.FluentApiPerformanceTests" runstate="Runnable" seed="958826475" result="Passed" start-time="2025-11-25 07:57:17Z" end-time="2025-11-25 07:57:18Z" duration="0.575151" asserts="0">
              <properties>
                <property name="Category" value="Performance" />
                <property name="retryIteration" value="0" />
                <property name="repeatIteration" value="0" />
              </properties>
              <output><![CDATA[[Fluent DSL] Avg time: 56808.30 ns/message (10000 iterations)
]]></output>
            </test-case>
            <test-case id="1077" name="Benchmark_SimpleMessage_Traditional" fullname="MercuryMessaging.Tests.FluentApiPerformanceTests.Benchmark_SimpleMessage_Traditional" methodname="Benchmark_SimpleMessage_Traditional" classname="MercuryMessaging.Tests.FluentApiPerformanceTests" runstate="Runnable" seed="61121064" result="Passed" start-time="2025-11-25 07:57:18Z" end-time="2025-11-25 07:57:18Z" duration="0.102779" asserts="0">
              <properties>
                <property name="Category" value="Performance" />
                <property name="retryIteration" value="0" />
                <property name="repeatIteration" value="0" />
              </properties>
              <output><![CDATA[[Traditional API] Avg time: 9989.64 ns/message (10000 iterations)
]]></output>
            </test-case>
            <test-case id="1086" name="CodeMetrics_LineCountComparison" fullname="MercuryMessaging.Tests.FluentApiPerformanceTests.CodeMetrics_LineCountComparison" methodname="CodeMetrics_LineCountComparison" classname="MercuryMessaging.Tests.FluentApiPerformanceTests" runstate="Runnable" seed="610322666" result="Passed" start-time="2025-11-25 07:57:18Z" end-time="2025-11-25 07:57:18Z" duration="0.001578" asserts="0">
              <properties>
                <property name="Category" value="Metrics" />
                <property name="retryIteration" value="0" />
                <property name="repeatIteration" value="0" />
              </properties>
              <output><![CDATA[
=================================================================
Code Reduction Metrics
=================================================================
Traditional API:  7 lines
Fluent DSL:       1 lines
Reduction:        86%
=================================================================
Example - Send int to active children:

// Traditional API - 7 lines
var metadata = new MmMetadataBlock(
    MmLevelFilter.Child,
    MmActiveFilter.Active,
    MmSelectedFilter.All,
    MmNetworkFilter.Local
);
relay.MmInvoke(MmMethod.MessageInt, 42, metadata);


// Fluent DSL - 1 line
relay.Send(MmMethod.MessageInt, 42).ToChildren().Active().Execute();

=================================================================

]]></output>
            </test-case>
          </test-suite>
          <test-suite type="TestFixture" id="1088" name="FluentApiPhase2Tests" fullname="MercuryMessaging.Tests.FluentApiPhase2Tests" classname="MercuryMessaging.Tests.FluentApiPhase2Tests" runstate="Runnable" testcasecount="17" result="Passed" start-time="2025-11-25 07:57:18Z" end-time="2025-11-25 07:57:18Z" duration="0.033726" total="17" passed="17" failed="0" inconclusive="0" skipped="0" asserts="0">
            <properties />
            <test-case id="1101" name="CombinedFilters_SpatialAndCustom" fullname="MercuryMessaging.Tests.FluentApiPhase2Tests.CombinedFilters_SpatialAndCustom" methodname="CombinedFilters_SpatialAndCustom" classname="MercuryMessaging.Tests.FluentApiPhase2Tests" runstate="Runnable" seed="236451478" result="Passed" start-time="2025-11-25 07:57:18Z" end-time="2025-11-25 07:57:18Z" duration="0.006550" asserts="0">
              <properties>
                <property name="retryIteration" value="0" />
                <property name="repeatIteration" value="0" />
              </properties>
            </test-case>
            <test-case id="1100" name="CombinedFilters_SpatialAndType" fullname="MercuryMessaging.Tests.FluentApiPhase2Tests.CombinedFilters_SpatialAndType" methodname="CombinedFilters_SpatialAndType" classname="MercuryMessaging.Tests.FluentApiPhase2Tests" runstate="Runnable" seed="125937646" result="Passed" start-time="2025-11-25 07:57:18Z" end-time="2025-11-25 07:57:18Z" duration="0.001539" asserts="0">
              <properties>
                <property name="retryIteration" value="0" />
                <property name="repeatIteration" value="0" />
              </properties>
            </test-case>
            <test-case id="1102" name="CombinedFilters_WithStandardFilters" fullname="MercuryMessaging.Tests.FluentApiPhase2Tests.CombinedFilters_WithStandardFilters" methodname="CombinedFilters_WithStandardFilters" classname="MercuryMessaging.Tests.FluentApiPhase2Tests" runstate="Runnable" seed="1775325756" result="Passed" start-time="2025-11-25 07:57:18Z" end-time="2025-11-25 07:57:18Z" duration="0.000659" asserts="0">
              <properties>
                <property name="retryIteration" value="0" />
                <property name="repeatIteration" value="0" />
              </properties>
            </test-case>
            <test-case id="1091" name="InBounds_FiltersObjectsByBoundingBox" fullname="MercuryMessaging.Tests.FluentApiPhase2Tests.InBounds_FiltersObjectsByBoundingBox" methodname="InBounds_FiltersObjectsByBoundingBox" classname="MercuryMessaging.Tests.FluentApiPhase2Tests" runstate="Runnable" seed="702672237" result="Passed" start-time="2025-11-25 07:57:18Z" end-time="2025-11-25 07:57:18Z" duration="0.000944" asserts="0">
              <properties>
                <property name="retryIteration" value="0" />
                <property name="repeatIteration" value="0" />
              </properties>
            </test-case>
            <test-case id="1092" name="InCone_CombinesDirectionAndDistance" fullname="MercuryMessaging.Tests.FluentApiPhase2Tests.InCone_CombinesDirectionAndDistance" methodname="InCone_CombinesDirectionAndDistance" classname="MercuryMessaging.Tests.FluentApiPhase2Tests" runstate="Runnable" seed="1489010450" result="Passed" start-time="2025-11-25 07:57:18Z" end-time="2025-11-25 07:57:18Z" duration="0.001128" asserts="0">
              <properties>
                <property name="retryIteration" value="0" />
                <property name="repeatIteration" value="0" />
              </properties>
            </test-case>
            <test-case id="1090" name="InDirection_FiltersObjectsByAngle" fullname="MercuryMessaging.Tests.FluentApiPhase2Tests.InDirection_FiltersObjectsByAngle" methodname="InDirection_FiltersObjectsByAngle" classname="MercuryMessaging.Tests.FluentApiPhase2Tests" runstate="Runnable" seed="1552316889" result="Passed" start-time="2025-11-25 07:57:18Z" end-time="2025-11-25 07:57:18Z" duration="0.001132" asserts="0">
              <properties>
                <property name="retryIteration" value="0" />
                <property name="repeatIteration" value="0" />
              </properties>
            </test-case>
            <test-case id="1104" name="MmPredicate_InBounds_EvaluatesCorrectly" fullname="MercuryMessaging.Tests.FluentApiPhase2Tests.MmPredicate_InBounds_EvaluatesCorrectly" methodname="MmPredicate_InBounds_EvaluatesCorrectly" classname="MercuryMessaging.Tests.FluentApiPhase2Tests" runstate="Runnable" seed="1860880641" result="Passed" start-time="2025-11-25 07:57:18Z" end-time="2025-11-25 07:57:18Z" duration="0.001836" asserts="0">
              <properties>
                <property name="retryIteration" value="0" />
                <property name="repeatIteration" value="0" />
              </properties>
            </test-case>
            <test-case id="1103" name="MmPredicate_Within_EvaluatesCorrectly" fullname="MercuryMessaging.Tests.FluentApiPhase2Tests.MmPredicate_Within_EvaluatesCorrectly" methodname="MmPredicate_Within_EvaluatesCorrectly" classname="MercuryMessaging.Tests.FluentApiPhase2Tests" runstate="Runnable" seed="763016845" result="Passed" start-time="2025-11-25 07:57:18Z" end-time="2025-11-25 07:57:18Z" duration="0.001252" asserts="0">
              <properties>
                <property name="retryIteration" value="0" />
                <property name="repeatIteration" value="0" />
              </properties>
            </test-case>
            <test-case id="1105" name="MmPredicateList_EvaluatesAllPredicates" fullname="MercuryMessaging.Tests.FluentApiPhase2Tests.MmPredicateList_EvaluatesAllPredicates" methodname="MmPredicateList_EvaluatesAllPredicates" classname="MercuryMessaging.Tests.FluentApiPhase2Tests" runstate="Runnable" seed="90273667" result="Passed" start-time="2025-11-25 07:57:18Z" end-time="2025-11-25 07:57:18Z" duration="0.001495" asserts="0">
              <properties>
                <property name="retryIteration" value="0" />
                <property name="repeatIteration" value="0" />
              </properties>
            </test-case>
            <test-case id="1098" name="Named_FiltersObjectsByNamePattern" fullname="MercuryMessaging.Tests.FluentApiPhase2Tests.Named_FiltersObjectsByNamePattern" methodname="Named_FiltersObjectsByNamePattern" classname="MercuryMessaging.Tests.FluentApiPhase2Tests" runstate="Runnable" seed="1798917327" result="Passed" start-time="2025-11-25 07:57:18Z" end-time="2025-11-25 07:57:18Z" duration="0.000885" asserts="0">
              <properties>
                <property name="retryIteration" value="0" />
                <property name="repeatIteration" value="0" />
              </properties>
            </test-case>
            <test-case id="1099" name="NamedExactly_FiltersObjectsByExactName" fullname="MercuryMessaging.Tests.FluentApiPhase2Tests.NamedExactly_FiltersObjectsByExactName" methodname="NamedExactly_FiltersObjectsByExactName" classname="MercuryMessaging.Tests.FluentApiPhase2Tests" runstate="Runnable" seed="1015387855" result="Passed" start-time="2025-11-25 07:57:18Z" end-time="2025-11-25 07:57:18Z" duration="0.000794" asserts="0">
              <properties>
                <property name="retryIteration" value="0" />
                <property name="repeatIteration" value="0" />
              </properties>
            </test-case>
            <test-case id="1095" name="OfType_CanFilterByMmResponder" fullname="MercuryMessaging.Tests.FluentApiPhase2Tests.OfType_CanFilterByMmResponder" methodname="OfType_CanFilterByMmResponder" classname="MercuryMessaging.Tests.FluentApiPhase2Tests" runstate="Runnable" seed="1089413365" result="Passed" start-time="2025-11-25 07:57:18Z" end-time="2025-11-25 07:57:18Z" duration="0.000746" asserts="0">
              <properties>
                <property name="retryIteration" value="0" />
                <property name="repeatIteration" value="0" />
              </properties>
            </test-case>
            <test-case id="1093" name="OfType_FiltersObjectsByComponent" fullname="MercuryMessaging.Tests.FluentApiPhase2Tests.OfType_FiltersObjectsByComponent" methodname="OfType_FiltersObjectsByComponent" classname="MercuryMessaging.Tests.FluentApiPhase2Tests" runstate="Runnable" seed="2115944132" result="Passed" start-time="2025-11-25 07:57:18Z" end-time="2025-11-25 07:57:18Z" duration="0.000939" asserts="0">
              <properties>
                <property name="retryIteration" value="0" />
                <property name="repeatIteration" value="0" />
              </properties>
            </test-case>
            <test-case id="1097" name="OnLayer_FiltersObjectsByLayer" fullname="MercuryMessaging.Tests.FluentApiPhase2Tests.OnLayer_FiltersObjectsByLayer" methodname="OnLayer_FiltersObjectsByLayer" classname="MercuryMessaging.Tests.FluentApiPhase2Tests" runstate="Runnable" seed="452549645" result="Passed" start-time="2025-11-25 07:57:18Z" end-time="2025-11-25 07:57:18Z" duration="0.001073" asserts="0">
              <properties>
                <property name="retryIteration" value="0" />
                <property name="repeatIteration" value="0" />
              </properties>
            </test-case>
            <test-case id="1096" name="Where_GameObject_FiltersWithCustomLogic" fullname="MercuryMessaging.Tests.FluentApiPhase2Tests.Where_GameObject_FiltersWithCustomLogic" methodname="Where_GameObject_FiltersWithCustomLogic" classname="MercuryMessaging.Tests.FluentApiPhase2Tests" runstate="Runnable" seed="772028630" result="Passed" start-time="2025-11-25 07:57:18Z" end-time="2025-11-25 07:57:18Z" duration="0.001134" asserts="0">
              <properties>
                <property name="retryIteration" value="0" />
                <property name="repeatIteration" value="0" />
              </properties>
            </test-case>
            <test-case id="1094" name="WithComponent_WorksAliasForOfType" fullname="MercuryMessaging.Tests.FluentApiPhase2Tests.WithComponent_WorksAliasForOfType" methodname="WithComponent_WorksAliasForOfType" classname="MercuryMessaging.Tests.FluentApiPhase2Tests" runstate="Runnable" seed="581048884" result="Passed" start-time="2025-11-25 07:57:18Z" end-time="2025-11-25 07:57:18Z" duration="0.000872" asserts="0">
              <properties>
                <property name="retryIteration" value="0" />
                <property name="repeatIteration" value="0" />
              </properties>
            </test-case>
            <test-case id="1089" name="Within_FiltersObjectsByDistance" fullname="MercuryMessaging.Tests.FluentApiPhase2Tests.Within_FiltersObjectsByDistance" methodname="Within_FiltersObjectsByDistance" classname="MercuryMessaging.Tests.FluentApiPhase2Tests" runstate="Runnable" seed="1391807281" result="Passed" start-time="2025-11-25 07:57:18Z" end-time="2025-11-25 07:57:18Z" duration="0.000738" asserts="0">
              <properties>
                <property name="retryIteration" value="0" />
                <property name="repeatIteration" value="0" />
              </properties>
            </test-case>
          </test-suite>
          <test-suite type="TestFixture" id="1106" name="FluentApiPhase3Tests" fullname="MercuryMessaging.Tests.FluentApiPhase3Tests" classname="MercuryMessaging.Tests.FluentApiPhase3Tests" runstate="Runnable" testcasecount="42" result="Failed" site="Child" start-time="2025-11-25 07:57:18Z" end-time="2025-11-25 07:57:20Z" duration="1.502716" total="42" passed="41" failed="1" inconclusive="0" skipped="0" asserts="0">
            <properties />
            <failure>
              <message><![CDATA[One or more child tests had errors]]></message>
            </failure>
            <test-case id="1138" name="After_CanBeCancelled" fullname="MercuryMessaging.Tests.FluentApiPhase3Tests.After_CanBeCancelled" methodname="After_CanBeCancelled" classname="MercuryMessaging.Tests.FluentApiPhase3Tests" runstate="Runnable" seed="596713885" result="Passed" start-time="2025-11-25 07:57:18Z" end-time="2025-11-25 07:57:18Z" duration="0.177144" asserts="0">
              <properties>
                <property name="_JOINTYPE" value="UnityCombinatorial" />
                <property name="retryIteration" value="0" />
                <property name="repeatIteration" value="0" />
              </properties>
            </test-case>
            <test-case id="1137" name="After_DelaysMessage" fullname="MercuryMessaging.Tests.FluentApiPhase3Tests.After_DelaysMessage" methodname="After_DelaysMessage" classname="MercuryMessaging.Tests.FluentApiPhase3Tests" runstate="Runnable" seed="878741107" result="Passed" start-time="2025-11-25 07:57:18Z" end-time="2025-11-25 07:57:19Z" duration="0.171903" asserts="0">
              <properties>
                <property name="_JOINTYPE" value="UnityCombinatorial" />
                <property name="retryIteration" value="0" />
                <property name="repeatIteration" value="0" />
              </properties>
            </test-case>
            <test-case id="1122" name="Broadcast_BoolValue_ReachesDescendants" fullname="MercuryMessaging.Tests.FluentApiPhase3Tests.Broadcast_BoolValue_ReachesDescendants" methodname="Broadcast_BoolValue_ReachesDescendants" classname="MercuryMessaging.Tests.FluentApiPhase3Tests" runstate="Runnable" seed="1888222949" result="Passed" start-time="2025-11-25 07:57:19Z" end-time="2025-11-25 07:57:19Z" duration="0.001232" asserts="0">
              <properties>
                <property name="retryIteration" value="0" />
                <property name="repeatIteration" value="0" />
              </properties>
            </test-case>
            <test-case id="1121" name="Broadcast_SendsToAllDescendants" fullname="MercuryMessaging.Tests.FluentApiPhase3Tests.Broadcast_SendsToAllDescendants" methodname="Broadcast_SendsToAllDescendants" classname="MercuryMessaging.Tests.FluentApiPhase3Tests" runstate="Runnable" seed="1849116988" result="Passed" start-time="2025-11-25 07:57:19Z" end-time="2025-11-25 07:57:19Z" duration="0.000759" asserts="0">
              <properties>
                <property name="retryIteration" value="0" />
                <property name="repeatIteration" value="0" />
              </properties>
            </test-case>
            <test-case id="1124" name="BroadcastInitialize_ConvenienceMethod_Works" fullname="MercuryMessaging.Tests.FluentApiPhase3Tests.BroadcastInitialize_ConvenienceMethod_Works" methodname="BroadcastInitialize_ConvenienceMethod_Works" classname="MercuryMessaging.Tests.FluentApiPhase3Tests" runstate="Runnable" seed="80546702" result="Failed" start-time="2025-11-25 07:57:19Z" end-time="2025-11-25 07:57:19Z" duration="0.001485" asserts="0">
              <properties>
                <property name="retryIteration" value="0" />
                <property name="repeatIteration" value="0" />
              </properties>
              <failure>
                <message><![CDATA[  Responder should receive Initialize
  Expected: 1
  But was:  0
]]></message>
                <stack-trace><![CDATA[at MercuryMessaging.Tests.FluentApiPhase3Tests.BroadcastInitialize_ConvenienceMethod_Works () [0x00021] in C:\Users\yangb\Research\MercuryMessaging\Assets\MercuryMessaging\Tests\FluentApiPhase3Tests.cs:308
]]></stack-trace>
              </failure>
            </test-case>
            <test-case id="1123" name="BroadcastSetActive_ConvenienceMethod_Works" fullname="MercuryMessaging.Tests.FluentApiPhase3Tests.BroadcastSetActive_ConvenienceMethod_Works" methodname="BroadcastSetActive_ConvenienceMethod_Works" classname="MercuryMessaging.Tests.FluentApiPhase3Tests" runstate="Runnable" seed="1147207514" result="Passed" start-time="2025-11-25 07:57:19Z" end-time="2025-11-25 07:57:19Z" duration="0.000768" asserts="0">
              <properties>
                <property name="retryIteration" value="0" />
                <property name="repeatIteration" value="0" />
              </properties>
            </test-case>
            <test-case id="1136" name="CancelQuery_RemovesPendingQuery" fullname="MercuryMessaging.Tests.FluentApiPhase3Tests.CancelQuery_RemovesPendingQuery" methodname="CancelQuery_RemovesPendingQuery" classname="MercuryMessaging.Tests.FluentApiPhase3Tests" runstate="Runnable" seed="1253728836" result="Passed" start-time="2025-11-25 07:57:19Z" end-time="2025-11-25 07:57:19Z" duration="0.000863" asserts="0">
              <properties>
                <property name="retryIteration" value="0" />
                <property name="repeatIteration" value="0" />
              </properties>
            </test-case>
            <test-case id="1139" name="Every_RepeatsMessage" fullname="MercuryMessaging.Tests.FluentApiPhase3Tests.Every_RepeatsMessage" methodname="Every_RepeatsMessage" classname="MercuryMessaging.Tests.FluentApiPhase3Tests" runstate="Runnable" seed="1816035889" result="Passed" start-time="2025-11-25 07:57:19Z" end-time="2025-11-25 07:57:19Z" duration="0.228076" asserts="0">
              <properties>
                <property name="_JOINTYPE" value="UnityCombinatorial" />
                <property name="retryIteration" value="0" />
                <property name="repeatIteration" value="0" />
              </properties>
            </test-case>
            <test-case id="1140" name="Every_StopsOnCancel" fullname="MercuryMessaging.Tests.FluentApiPhase3Tests.Every_StopsOnCancel" methodname="Every_StopsOnCancel" classname="MercuryMessaging.Tests.FluentApiPhase3Tests" runstate="Runnable" seed="1853177471" result="Passed" start-time="2025-11-25 07:57:19Z" end-time="2025-11-25 07:57:19Z" duration="0.239688" asserts="0">
              <properties>
                <property name="_JOINTYPE" value="UnityCombinatorial" />
                <property name="retryIteration" value="0" />
                <property name="repeatIteration" value="0" />
              </properties>
            </test-case>
            <test-case id="1148" name="Factory_And_After_Integration" fullname="MercuryMessaging.Tests.FluentApiPhase3Tests.Factory_And_After_Integration" methodname="Factory_And_After_Integration" classname="MercuryMessaging.Tests.FluentApiPhase3Tests" runstate="Runnable" seed="350837838" result="Passed" start-time="2025-11-25 07:57:19Z" end-time="2025-11-25 07:57:19Z" duration="0.169887" asserts="0">
              <properties>
                <property name="_JOINTYPE" value="UnityCombinatorial" />
                <property name="retryIteration" value="0" />
                <property name="repeatIteration" value="0" />
              </properties>
            </test-case>
            <test-case id="1146" name="Factory_And_Broadcast_Integration" fullname="MercuryMessaging.Tests.FluentApiPhase3Tests.Factory_And_Broadcast_Integration" methodname="Factory_And_Broadcast_Integration" classname="MercuryMessaging.Tests.FluentApiPhase3Tests" runstate="Runnable" seed="1899340119" result="Passed" start-time="2025-11-25 07:57:19Z" end-time="2025-11-25 07:57:19Z" duration="0.001045" asserts="0">
              <properties>
                <property name="retryIteration" value="0" />
                <property name="repeatIteration" value="0" />
              </properties>
            </test-case>
            <test-case id="1147" name="Factory_And_SendTo_Integration" fullname="MercuryMessaging.Tests.FluentApiPhase3Tests.Factory_And_SendTo_Integration" methodname="Factory_And_SendTo_Integration" classname="MercuryMessaging.Tests.FluentApiPhase3Tests" runstate="Runnable" seed="1848971805" result="Passed" start-time="2025-11-25 07:57:19Z" end-time="2025-11-25 07:57:19Z" duration="0.000657" asserts="0">
              <properties>
                <property name="retryIteration" value="0" />
                <property name="repeatIteration" value="0" />
              </properties>
            </test-case>
            <test-case id="1134" name="HasTarget_ReturnsCorrectly" fullname="MercuryMessaging.Tests.FluentApiPhase3Tests.HasTarget_ReturnsCorrectly" methodname="HasTarget_ReturnsCorrectly" classname="MercuryMessaging.Tests.FluentApiPhase3Tests" runstate="Runnable" seed="907332514" result="Passed" start-time="2025-11-25 07:57:19Z" end-time="2025-11-25 07:57:19Z" duration="0.000488" asserts="0">
              <properties>
                <property name="retryIteration" value="0" />
                <property name="repeatIteration" value="0" />
              </properties>
            </test-case>
            <test-case id="1107" name="MessageFactory_CreateBool_ReturnsCorrectType" fullname="MercuryMessaging.Tests.FluentApiPhase3Tests.MessageFactory_CreateBool_ReturnsCorrectType" methodname="MessageFactory_CreateBool_ReturnsCorrectType" classname="MercuryMessaging.Tests.FluentApiPhase3Tests" runstate="Runnable" seed="1594484548" result="Passed" start-time="2025-11-25 07:57:19Z" end-time="2025-11-25 07:57:19Z" duration="0.001560" asserts="0">
              <properties>
                <property name="retryIteration" value="0" />
                <property name="repeatIteration" value="0" />
              </properties>
            </test-case>
            <test-case id="1109" name="MessageFactory_CreateFloat_ReturnsCorrectType" fullname="MercuryMessaging.Tests.FluentApiPhase3Tests.MessageFactory_CreateFloat_ReturnsCorrectType" methodname="MessageFactory_CreateFloat_ReturnsCorrectType" classname="MercuryMessaging.Tests.FluentApiPhase3Tests" runstate="Runnable" seed="752169303" result="Passed" start-time="2025-11-25 07:57:19Z" end-time="2025-11-25 07:57:19Z" duration="0.000462" asserts="0">
              <properties>
                <property name="retryIteration" value="0" />
                <property name="repeatIteration" value="0" />
              </properties>
            </test-case>
            <test-case id="1108" name="MessageFactory_CreateInt_ReturnsCorrectType" fullname="MercuryMessaging.Tests.FluentApiPhase3Tests.MessageFactory_CreateInt_ReturnsCorrectType" methodname="MessageFactory_CreateInt_ReturnsCorrectType" classname="MercuryMessaging.Tests.FluentApiPhase3Tests" runstate="Runnable" seed="1051341082" result="Passed" start-time="2025-11-25 07:57:19Z" end-time="2025-11-25 07:57:19Z" duration="0.000403" asserts="0">
              <properties>
                <property name="retryIteration" value="0" />
                <property name="repeatIteration" value="0" />
              </properties>
            </test-case>
            <test-case id="1110" name="MessageFactory_CreateString_ReturnsCorrectType" fullname="MercuryMessaging.Tests.FluentApiPhase3Tests.MessageFactory_CreateString_ReturnsCorrectType" methodname="MessageFactory_CreateString_ReturnsCorrectType" classname="MercuryMessaging.Tests.FluentApiPhase3Tests" runstate="Runnable" seed="294010860" result="Passed" start-time="2025-11-25 07:57:19Z" end-time="2025-11-25 07:57:19Z" duration="0.000364" asserts="0">
              <properties>
                <property name="retryIteration" value="0" />
                <property name="repeatIteration" value="0" />
              </properties>
            </test-case>
            <test-case id="1111" name="MessageFactory_CreateVector3_ReturnsCorrectType" fullname="MercuryMessaging.Tests.FluentApiPhase3Tests.MessageFactory_CreateVector3_ReturnsCorrectType" methodname="MessageFactory_CreateVector3_ReturnsCorrectType" classname="MercuryMessaging.Tests.FluentApiPhase3Tests" runstate="Runnable" seed="1787679481" result="Passed" start-time="2025-11-25 07:57:19Z" end-time="2025-11-25 07:57:19Z" duration="0.000943" asserts="0">
              <properties>
                <property name="retryIteration" value="0" />
                <property name="repeatIteration" value="0" />
              </properties>
            </test-case>
            <test-case id="1116" name="MessageFactory_Custom_CreatesWithMethodId" fullname="MercuryMessaging.Tests.FluentApiPhase3Tests.MessageFactory_Custom_CreatesWithMethodId" methodname="MessageFactory_Custom_CreatesWithMethodId" classname="MercuryMessaging.Tests.FluentApiPhase3Tests" runstate="Runnable" seed="2113363808" result="Passed" start-time="2025-11-25 07:57:19Z" end-time="2025-11-25 07:57:19Z" duration="0.000347" asserts="0">
              <properties>
                <property name="retryIteration" value="0" />
                <property name="repeatIteration" value="0" />
              </properties>
            </test-case>
            <test-case id="1117" name="MessageFactory_CustomWithPayload_CreatesWithMethodAndValue" fullname="MercuryMessaging.Tests.FluentApiPhase3Tests.MessageFactory_CustomWithPayload_CreatesWithMethodAndValue" methodname="MessageFactory_CustomWithPayload_CreatesWithMethodAndValue" classname="MercuryMessaging.Tests.FluentApiPhase3Tests" runstate="Runnable" seed="207077910" result="Passed" start-time="2025-11-25 07:57:19Z" end-time="2025-11-25 07:57:19Z" duration="0.000762" asserts="0">
              <properties>
                <property name="retryIteration" value="0" />
                <property name="repeatIteration" value="0" />
              </properties>
            </test-case>
            <test-case id="1112" name="MessageFactory_GenericCreate_InfersType" fullname="MercuryMessaging.Tests.FluentApiPhase3Tests.MessageFactory_GenericCreate_InfersType" methodname="MessageFactory_GenericCreate_InfersType" classname="MercuryMessaging.Tests.FluentApiPhase3Tests" runstate="Runnable" seed="1216438449" result="Passed" start-time="2025-11-25 07:57:19Z" end-time="2025-11-25 07:57:19Z" duration="0.002066" asserts="0">
              <properties>
                <property name="retryIteration" value="0" />
                <property name="repeatIteration" value="0" />
              </properties>
            </test-case>
            <test-case id="1113" name="MessageFactory_Initialize_CreatesCorrectCommand" fullname="MercuryMessaging.Tests.FluentApiPhase3Tests.MessageFactory_Initialize_CreatesCorrectCommand" methodname="MessageFactory_Initialize_CreatesCorrectCommand" classname="MercuryMessaging.Tests.FluentApiPhase3Tests" runstate="Runnable" seed="273874654" result="Passed" start-time="2025-11-25 07:57:19Z" end-time="2025-11-25 07:57:19Z" duration="0.000419" asserts="0">
              <properties>
                <property name="retryIteration" value="0" />
                <property name="repeatIteration" value="0" />
              </properties>
            </test-case>
            <test-case id="1114" name="MessageFactory_SetActive_CreatesCorrectCommand" fullname="MercuryMessaging.Tests.FluentApiPhase3Tests.MessageFactory_SetActive_CreatesCorrectCommand" methodname="MessageFactory_SetActive_CreatesCorrectCommand" classname="MercuryMessaging.Tests.FluentApiPhase3Tests" runstate="Runnable" seed="1242435680" result="Passed" start-time="2025-11-25 07:57:19Z" end-time="2025-11-25 07:57:19Z" duration="0.000612" asserts="0">
              <properties>
                <property name="retryIteration" value="0" />
                <property name="repeatIteration" value="0" />
              </properties>
            </test-case>
            <test-case id="1115" name="MessageFactory_Switch_ByName_CreatesCorrectCommand" fullname="MercuryMessaging.Tests.FluentApiPhase3Tests.MessageFactory_Switch_ByName_CreatesCorrectCommand" methodname="MessageFactory_Switch_ByName_CreatesCorrectCommand" classname="MercuryMessaging.Tests.FluentApiPhase3Tests" runstate="Runnable" seed="1385986699" result="Passed" start-time="2025-11-25 07:57:19Z" end-time="2025-11-25 07:57:19Z" duration="0.000445" asserts="0">
              <properties>
                <property name="retryIteration" value="0" />
                <property name="repeatIteration" value="0" />
              </properties>
            </test-case>
            <test-case id="1119" name="MessageFactory_ToChildren_SetsLevelFilter" fullname="MercuryMessaging.Tests.FluentApiPhase3Tests.MessageFactory_ToChildren_SetsLevelFilter" methodname="MessageFactory_ToChildren_SetsLevelFilter" classname="MercuryMessaging.Tests.FluentApiPhase3Tests" runstate="Runnable" seed="210230997" result="Passed" start-time="2025-11-25 07:57:19Z" end-time="2025-11-25 07:57:19Z" duration="0.000409" asserts="0">
              <properties>
                <property name="retryIteration" value="0" />
                <property name="repeatIteration" value="0" />
              </properties>
            </test-case>
            <test-case id="1120" name="MessageFactory_ToDescendants_SetsLevelFilter" fullname="MercuryMessaging.Tests.FluentApiPhase3Tests.MessageFactory_ToDescendants_SetsLevelFilter" methodname="MessageFactory_ToDescendants_SetsLevelFilter" classname="MercuryMessaging.Tests.FluentApiPhase3Tests" runstate="Runnable" seed="1436204569" result="Passed" start-time="2025-11-25 07:57:19Z" end-time="2025-11-25 07:57:19Z" duration="0.000649" asserts="0">
              <properties>
                <property name="retryIteration" value="0" />
                <property name="repeatIteration" value="0" />
              </properties>
            </test-case>
            <test-case id="1118" name="MessageFactory_WithMetadata_AppliesMetadata" fullname="MercuryMessaging.Tests.FluentApiPhase3Tests.MessageFactory_WithMetadata_AppliesMetadata" methodname="MessageFactory_WithMetadata_AppliesMetadata" classname="MercuryMessaging.Tests.FluentApiPhase3Tests" runstate="Runnable" seed="1197042799" result="Passed" start-time="2025-11-25 07:57:19Z" end-time="2025-11-25 07:57:19Z" duration="0.000484" asserts="0">
              <properties>
                <property name="retryIteration" value="0" />
                <property name="repeatIteration" value="0" />
              </properties>
            </test-case>
            <test-case id="1125" name="Notify_SendsToParent" fullname="MercuryMessaging.Tests.FluentApiPhase3Tests.Notify_SendsToParent" methodname="Notify_SendsToParent" classname="MercuryMessaging.Tests.FluentApiPhase3Tests" runstate="Runnable" seed="1800171601" result="Passed" start-time="2025-11-25 07:57:19Z" end-time="2025-11-25 07:57:19Z" duration="0.000731" asserts="0">
              <properties>
                <property name="retryIteration" value="0" />
                <property name="repeatIteration" value="0" />
              </properties>
            </test-case>
            <test-case id="1126" name="Notify_WithValue_SendsToParent" fullname="MercuryMessaging.Tests.FluentApiPhase3Tests.Notify_WithValue_SendsToParent" methodname="Notify_WithValue_SendsToParent" classname="MercuryMessaging.Tests.FluentApiPhase3Tests" runstate="Runnable" seed="1210010786" result="Passed" start-time="2025-11-25 07:57:19Z" end-time="2025-11-25 07:57:19Z" duration="0.000586" asserts="0">
              <properties>
                <property name="retryIteration" value="0" />
                <property name="repeatIteration" value="0" />
              </properties>
            </test-case>
            <test-case id="1127" name="NotifyComplete_ConvenienceMethod_Works" fullname="MercuryMessaging.Tests.FluentApiPhase3Tests.NotifyComplete_ConvenienceMethod_Works" methodname="NotifyComplete_ConvenienceMethod_Works" classname="MercuryMessaging.Tests.FluentApiPhase3Tests" runstate="Runnable" seed="1519056008" result="Passed" start-time="2025-11-25 07:57:19Z" end-time="2025-11-25 07:57:19Z" duration="0.000732" asserts="0">
              <properties>
                <property name="retryIteration" value="0" />
                <property name="repeatIteration" value="0" />
              </properties>
            </test-case>
            <test-case id="1135" name="Query_RegistersCallback" fullname="MercuryMessaging.Tests.FluentApiPhase3Tests.Query_RegistersCallback" methodname="Query_RegistersCallback" classname="MercuryMessaging.Tests.FluentApiPhase3Tests" runstate="Runnable" seed="41523380" result="Passed" start-time="2025-11-25 07:57:19Z" end-time="2025-11-25 07:57:19Z" duration="0.000476" asserts="0">
              <properties>
                <property name="retryIteration" value="0" />
                <property name="repeatIteration" value="0" />
              </properties>
            </test-case>
            <test-case id="1143" name="Schedule_FluentBuilder_Works" fullname="MercuryMessaging.Tests.FluentApiPhase3Tests.Schedule_FluentBuilder_Works" methodname="Schedule_FluentBuilder_Works" classname="MercuryMessaging.Tests.FluentApiPhase3Tests" runstate="Runnable" seed="1854026569" result="Passed" start-time="2025-11-25 07:57:19Z" end-time="2025-11-25 07:57:19Z" duration="0.000594" asserts="0">
              <properties>
                <property name="retryIteration" value="0" />
                <property name="repeatIteration" value="0" />
              </properties>
            </test-case>
            <test-case id="1144" name="Schedule_WithDelay_DelaysExecution" fullname="MercuryMessaging.Tests.FluentApiPhase3Tests.Schedule_WithDelay_DelaysExecution" methodname="Schedule_WithDelay_DelaysExecution" classname="MercuryMessaging.Tests.FluentApiPhase3Tests" runstate="Runnable" seed="757084490" result="Passed" start-time="2025-11-25 07:57:19Z" end-time="2025-11-25 07:57:19Z" duration="0.169412" asserts="0">
              <properties>
                <property name="_JOINTYPE" value="UnityCombinatorial" />
                <property name="retryIteration" value="0" />
                <property name="repeatIteration" value="0" />
              </properties>
            </test-case>
            <test-case id="1128" name="SendTo_ByName_FindsTarget" fullname="MercuryMessaging.Tests.FluentApiPhase3Tests.SendTo_ByName_FindsTarget" methodname="SendTo_ByName_FindsTarget" classname="MercuryMessaging.Tests.FluentApiPhase3Tests" runstate="Runnable" seed="1522851007" result="Passed" start-time="2025-11-25 07:57:19Z" end-time="2025-11-25 07:57:19Z" duration="0.000910" asserts="0">
              <properties>
                <property name="retryIteration" value="0" />
                <property name="repeatIteration" value="0" />
              </properties>
            </test-case>
            <test-case id="1129" name="SendTo_ByName_WithValue_Works" fullname="MercuryMessaging.Tests.FluentApiPhase3Tests.SendTo_ByName_WithValue_Works" methodname="SendTo_ByName_WithValue_Works" classname="MercuryMessaging.Tests.FluentApiPhase3Tests" runstate="Runnable" seed="474283054" result="Passed" start-time="2025-11-25 07:57:19Z" end-time="2025-11-25 07:57:19Z" duration="0.000608" asserts="0">
              <properties>
                <property name="retryIteration" value="0" />
                <property name="repeatIteration" value="0" />
              </properties>
            </test-case>
            <test-case id="1131" name="SendTo_DirectReference_Works" fullname="MercuryMessaging.Tests.FluentApiPhase3Tests.SendTo_DirectReference_Works" methodname="SendTo_DirectReference_Works" classname="MercuryMessaging.Tests.FluentApiPhase3Tests" runstate="Runnable" seed="853918940" result="Passed" start-time="2025-11-25 07:57:19Z" end-time="2025-11-25 07:57:19Z" duration="0.000609" asserts="0">
              <properties>
                <property name="retryIteration" value="0" />
                <property name="repeatIteration" value="0" />
              </properties>
            </test-case>
            <test-case id="1130" name="SendTo_NonExistent_LogsWarning" fullname="MercuryMessaging.Tests.FluentApiPhase3Tests.SendTo_NonExistent_LogsWarning" methodname="SendTo_NonExistent_LogsWarning" classname="MercuryMessaging.Tests.FluentApiPhase3Tests" runstate="Runnable" seed="1768450053" result="Passed" start-time="2025-11-25 07:57:19Z" end-time="2025-11-25 07:57:19Z" duration="0.002410" asserts="0">
              <properties>
                <property name="retryIteration" value="0" />
                <property name="repeatIteration" value="0" />
              </properties>
              <output><![CDATA[MmRelayNodeExtensions.SendTo: Target 'NonExistent' not found in hierarchy
]]></output>
            </test-case>
            <test-case id="1145" name="TemporalHandle_IsCancelled_ReflectsState" fullname="MercuryMessaging.Tests.FluentApiPhase3Tests.TemporalHandle_IsCancelled_ReflectsState" methodname="TemporalHandle_IsCancelled_ReflectsState" classname="MercuryMessaging.Tests.FluentApiPhase3Tests" runstate="Runnable" seed="1307756691" result="Passed" start-time="2025-11-25 07:57:19Z" end-time="2025-11-25 07:57:19Z" duration="0.000580" asserts="0">
              <properties>
                <property name="retryIteration" value="0" />
                <property name="repeatIteration" value="0" />
              </properties>
            </test-case>
            <test-case id="1133" name="TryFindTarget_ReturnsFalse_WhenNotExists" fullname="MercuryMessaging.Tests.FluentApiPhase3Tests.TryFindTarget_ReturnsFalse_WhenNotExists" methodname="TryFindTarget_ReturnsFalse_WhenNotExists" classname="MercuryMessaging.Tests.FluentApiPhase3Tests" runstate="Runnable" seed="711553625" result="Passed" start-time="2025-11-25 07:57:19Z" end-time="2025-11-25 07:57:19Z" duration="0.000744" asserts="0">
              <properties>
                <property name="retryIteration" value="0" />
                <property name="repeatIteration" value="0" />
              </properties>
            </test-case>
            <test-case id="1132" name="TryFindTarget_ReturnsTrue_WhenExists" fullname="MercuryMessaging.Tests.FluentApiPhase3Tests.TryFindTarget_ReturnsTrue_WhenExists" methodname="TryFindTarget_ReturnsTrue_WhenExists" classname="MercuryMessaging.Tests.FluentApiPhase3Tests" runstate="Runnable" seed="2113150255" result="Passed" start-time="2025-11-25 07:57:19Z" end-time="2025-11-25 07:57:19Z" duration="0.000898" asserts="0">
              <properties>
                <property name="retryIteration" value="0" />
                <property name="repeatIteration" value="0" />
              </properties>
            </test-case>
            <test-case id="1142" name="When_TimesOut" fullname="MercuryMessaging.Tests.FluentApiPhase3Tests.When_TimesOut" methodname="When_TimesOut" classname="MercuryMessaging.Tests.FluentApiPhase3Tests" runstate="Runnable" seed="1773271938" result="Passed" start-time="2025-11-25 07:57:19Z" end-time="2025-11-25 07:57:20Z" duration="0.180448" asserts="0">
              <properties>
                <property name="_JOINTYPE" value="UnityCombinatorial" />
                <property name="retryIteration" value="0" />
                <property name="repeatIteration" value="0" />
              </properties>
              <output><![CDATA[MmTemporalExtensions.When: Condition timed out
]]></output>
            </test-case>
            <test-case id="1141" name="When_WaitsForCondition" fullname="MercuryMessaging.Tests.FluentApiPhase3Tests.When_WaitsForCondition" methodname="When_WaitsForCondition" classname="MercuryMessaging.Tests.FluentApiPhase3Tests" runstate="Runnable" seed="474033931" result="Passed" start-time="2025-11-25 07:57:20Z" end-time="2025-11-25 07:57:20Z" duration="0.121195" asserts="0">
              <properties>
                <property name="_JOINTYPE" value="UnityCombinatorial" />
                <property name="retryIteration" value="0" />
                <property name="repeatIteration" value="0" />
              </properties>
            </test-case>
          </test-suite>
          <test-suite type="TestFixture" id="1149" name="FluentApiTests" fullname="MercuryMessaging.Tests.FluentApiTests" classname="MercuryMessaging.Tests.FluentApiTests" runstate="Runnable" testcasecount="23" result="Passed" start-time="2025-11-25 07:57:20Z" end-time="2025-11-25 07:57:20Z" duration="0.071790" total="23" passed="23" failed="0" inconclusive="0" skipped="0" asserts="0">
            <properties />
            <test-case id="1158" name="Active_FiltersInactiveObjects" fullname="MercuryMessaging.Tests.FluentApiTests.Active_FiltersInactiveObjects" methodname="Active_FiltersInactiveObjects" classname="MercuryMessaging.Tests.FluentApiTests" runstate="Runnable" seed="787099438" result="Passed" start-time="2025-11-25 07:57:20Z" end-time="2025-11-25 07:57:20Z" duration="0.002172" asserts="0">
              <properties>
                <property name="retryIteration" value="0" />
                <property name="repeatIteration" value="0" />
              </properties>
            </test-case>
            <test-case id="1167" name="Broadcast_String_SetsAllRouting" fullname="MercuryMessaging.Tests.FluentApiTests.Broadcast_String_SetsAllRouting" methodname="Broadcast_String_SetsAllRouting" classname="MercuryMessaging.Tests.FluentApiTests" runstate="Runnable" seed="855728378" result="Passed" start-time="2025-11-25 07:57:20Z" end-time="2025-11-25 07:57:20Z" duration="0.000467" asserts="0">
              <properties>
                <property name="retryIteration" value="0" />
                <property name="repeatIteration" value="0" />
              </properties>
            </test-case>
            <test-case id="1168" name="BroadcastInitialize_SendsToAll" fullname="MercuryMessaging.Tests.FluentApiTests.BroadcastInitialize_SendsToAll" methodname="BroadcastInitialize_SendsToAll" classname="MercuryMessaging.Tests.FluentApiTests" runstate="Runnable" seed="1206436522" result="Passed" start-time="2025-11-25 07:57:20Z" end-time="2025-11-25 07:57:20Z" duration="0.000379" asserts="0">
              <properties>
                <property name="retryIteration" value="0" />
                <property name="repeatIteration" value="0" />
              </properties>
            </test-case>
            <test-case id="1171" name="FilterBuilder_ChildrenActiveTag0_BuildsCorrectly" fullname="MercuryMessaging.Tests.FluentApiTests.FilterBuilder_ChildrenActiveTag0_BuildsCorrectly" methodname="FilterBuilder_ChildrenActiveTag0_BuildsCorrectly" classname="MercuryMessaging.Tests.FluentApiTests" runstate="Runnable" seed="2108942193" result="Passed" start-time="2025-11-25 07:57:20Z" end-time="2025-11-25 07:57:20Z" duration="0.000357" asserts="0">
              <properties>
                <property name="retryIteration" value="0" />
                <property name="repeatIteration" value="0" />
              </properties>
            </test-case>
            <test-case id="1172" name="FluentApi_HasMinimalOverhead" fullname="MercuryMessaging.Tests.FluentApiTests.FluentApi_HasMinimalOverhead" methodname="FluentApi_HasMinimalOverhead" classname="MercuryMessaging.Tests.FluentApiTests" runstate="Runnable" seed="405735944" result="Passed" start-time="2025-11-25 07:57:20Z" end-time="2025-11-25 07:57:20Z" duration="0.002178" asserts="0">
              <properties>
                <property name="retryIteration" value="0" />
                <property name="repeatIteration" value="0" />
              </properties>
            </test-case>
            <test-case id="1159" name="IncludeInactive_AllowsInactiveObjects" fullname="MercuryMessaging.Tests.FluentApiTests.IncludeInactive_AllowsInactiveObjects" methodname="IncludeInactive_AllowsInactiveObjects" classname="MercuryMessaging.Tests.FluentApiTests" runstate="Runnable" seed="2056395276" result="Passed" start-time="2025-11-25 07:57:20Z" end-time="2025-11-25 07:57:20Z" duration="0.000478" asserts="0">
              <properties>
                <property name="retryIteration" value="0" />
                <property name="repeatIteration" value="0" />
              </properties>
            </test-case>
            <test-case id="1163" name="Initialize_SendsCorrectCommand" fullname="MercuryMessaging.Tests.FluentApiTests.Initialize_SendsCorrectCommand" methodname="Initialize_SendsCorrectCommand" classname="MercuryMessaging.Tests.FluentApiTests" runstate="Runnable" seed="1421292305" result="Passed" start-time="2025-11-25 07:57:20Z" end-time="2025-11-25 07:57:20Z" duration="0.000337" asserts="0">
              <properties>
                <property name="retryIteration" value="0" />
                <property name="repeatIteration" value="0" />
              </properties>
            </test-case>
            <test-case id="1160" name="LocalOnly_SetsCorrectNetworkFilter" fullname="MercuryMessaging.Tests.FluentApiTests.LocalOnly_SetsCorrectNetworkFilter" methodname="LocalOnly_SetsCorrectNetworkFilter" classname="MercuryMessaging.Tests.FluentApiTests" runstate="Runnable" seed="1943987363" result="Passed" start-time="2025-11-25 07:57:20Z" end-time="2025-11-25 07:57:20Z" duration="0.000336" asserts="0">
              <properties>
                <property name="retryIteration" value="0" />
                <property name="repeatIteration" value="0" />
              </properties>
            </test-case>
            <test-case id="1169" name="MethodChaining_CombinesAllFilters" fullname="MercuryMessaging.Tests.FluentApiTests.MethodChaining_CombinesAllFilters" methodname="MethodChaining_CombinesAllFilters" classname="MercuryMessaging.Tests.FluentApiTests" runstate="Runnable" seed="1338146310" result="Passed" start-time="2025-11-25 07:57:20Z" end-time="2025-11-25 07:57:20Z" duration="0.000363" asserts="0">
              <properties>
                <property name="retryIteration" value="0" />
                <property name="repeatIteration" value="0" />
              </properties>
            </test-case>
            <test-case id="1164" name="Refresh_SendsCorrectCommand" fullname="MercuryMessaging.Tests.FluentApiTests.Refresh_SendsCorrectCommand" methodname="Refresh_SendsCorrectCommand" classname="MercuryMessaging.Tests.FluentApiTests" runstate="Runnable" seed="2067068527" result="Passed" start-time="2025-11-25 07:57:20Z" end-time="2025-11-25 07:57:20Z" duration="0.000537" asserts="0">
              <properties>
                <property name="retryIteration" value="0" />
                <property name="repeatIteration" value="0" />
              </properties>
            </test-case>
            <test-case id="1170" name="Send_Alias_WorksIdenticalToExecute" fullname="MercuryMessaging.Tests.FluentApiTests.Send_Alias_WorksIdenticalToExecute" methodname="Send_Alias_WorksIdenticalToExecute" classname="MercuryMessaging.Tests.FluentApiTests" runstate="Runnable" seed="147306123" result="Passed" start-time="2025-11-25 07:57:20Z" end-time="2025-11-25 07:57:20Z" duration="0.000363" asserts="0">
              <properties>
                <property name="retryIteration" value="0" />
                <property name="repeatIteration" value="0" />
              </properties>
            </test-case>
            <test-case id="1151" name="Send_Boolean_CreatesCorrectMessage" fullname="MercuryMessaging.Tests.FluentApiTests.Send_Boolean_CreatesCorrectMessage" methodname="Send_Boolean_CreatesCorrectMessage" classname="MercuryMessaging.Tests.FluentApiTests" runstate="Runnable" seed="819276365" result="Passed" start-time="2025-11-25 07:57:20Z" end-time="2025-11-25 07:57:20Z" duration="0.000459" asserts="0">
              <properties>
                <property name="retryIteration" value="0" />
                <property name="repeatIteration" value="0" />
              </properties>
            </test-case>
            <test-case id="1153" name="Send_Float_CreatesCorrectMessage" fullname="MercuryMessaging.Tests.FluentApiTests.Send_Float_CreatesCorrectMessage" methodname="Send_Float_CreatesCorrectMessage" classname="MercuryMessaging.Tests.FluentApiTests" runstate="Runnable" seed="840958205" result="Passed" start-time="2025-11-25 07:57:20Z" end-time="2025-11-25 07:57:20Z" duration="0.000420" asserts="0">
              <properties>
                <property name="retryIteration" value="0" />
                <property name="repeatIteration" value="0" />
              </properties>
            </test-case>
            <test-case id="1152" name="Send_Integer_CreatesCorrectMessage" fullname="MercuryMessaging.Tests.FluentApiTests.Send_Integer_CreatesCorrectMessage" methodname="Send_Integer_CreatesCorrectMessage" classname="MercuryMessaging.Tests.FluentApiTests" runstate="Runnable" seed="1343186434" result="Passed" start-time="2025-11-25 07:57:20Z" end-time="2025-11-25 07:57:20Z" duration="0.000346" asserts="0">
              <properties>
                <property name="retryIteration" value="0" />
                <property name="repeatIteration" value="0" />
              </properties>
            </test-case>
            <test-case id="1150" name="Send_String_CreatesCorrectMessage" fullname="MercuryMessaging.Tests.FluentApiTests.Send_String_CreatesCorrectMessage" methodname="Send_String_CreatesCorrectMessage" classname="MercuryMessaging.Tests.FluentApiTests" runstate="Runnable" seed="2127129561" result="Passed" start-time="2025-11-25 07:57:20Z" end-time="2025-11-25 07:57:20Z" duration="0.000353" asserts="0">
              <properties>
                <property name="retryIteration" value="0" />
                <property name="repeatIteration" value="0" />
              </properties>
            </test-case>
            <test-case id="1154" name="Send_Vector3_CreatesCorrectMessage" fullname="MercuryMessaging.Tests.FluentApiTests.Send_Vector3_CreatesCorrectMessage" methodname="Send_Vector3_CreatesCorrectMessage" classname="MercuryMessaging.Tests.FluentApiTests" runstate="Runnable" seed="1777901064" result="Passed" start-time="2025-11-25 07:57:20Z" end-time="2025-11-25 07:57:20Z" duration="0.000748" asserts="0">
              <properties>
                <property name="retryIteration" value="0" />
                <property name="repeatIteration" value="0" />
              </properties>
            </test-case>
            <test-case id="1165" name="SetActive_SendsCorrectCommand" fullname="MercuryMessaging.Tests.FluentApiTests.SetActive_SendsCorrectCommand" methodname="SetActive_SendsCorrectCommand" classname="MercuryMessaging.Tests.FluentApiTests" runstate="Runnable" seed="1375775728" result="Passed" start-time="2025-11-25 07:57:20Z" end-time="2025-11-25 07:57:20Z" duration="0.000473" asserts="0">
              <properties>
                <property name="retryIteration" value="0" />
                <property name="repeatIteration" value="0" />
              </properties>
            </test-case>
            <test-case id="1166" name="Switch_SendsCorrectCommand" fullname="MercuryMessaging.Tests.FluentApiTests.Switch_SendsCorrectCommand" methodname="Switch_SendsCorrectCommand" classname="MercuryMessaging.Tests.FluentApiTests" runstate="Runnable" seed="450405848" result="Passed" start-time="2025-11-25 07:57:20Z" end-time="2025-11-25 07:57:20Z" duration="0.000369" asserts="0">
              <properties>
                <property name="retryIteration" value="0" />
                <property name="repeatIteration" value="0" />
              </properties>
            </test-case>
            <test-case id="1157" name="ToAll_SetsCorrectLevelFilter" fullname="MercuryMessaging.Tests.FluentApiTests.ToAll_SetsCorrectLevelFilter" methodname="ToAll_SetsCorrectLevelFilter" classname="MercuryMessaging.Tests.FluentApiTests" runstate="Runnable" seed="1639619912" result="Passed" start-time="2025-11-25 07:57:20Z" end-time="2025-11-25 07:57:20Z" duration="0.000351" asserts="0">
              <properties>
                <property name="retryIteration" value="0" />
                <property name="repeatIteration" value="0" />
              </properties>
            </test-case>
            <test-case id="1155" name="ToChildren_RoutesOnlyToChildren" fullname="MercuryMessaging.Tests.FluentApiTests.ToChildren_RoutesOnlyToChildren" methodname="ToChildren_RoutesOnlyToChildren" classname="MercuryMessaging.Tests.FluentApiTests" runstate="Runnable" seed="1361513749" result="Passed" start-time="2025-11-25 07:57:20Z" end-time="2025-11-25 07:57:20Z" duration="0.024985" asserts="0">
              <properties>
                <property name="_JOINTYPE" value="UnityCombinatorial" />
                <property name="retryIteration" value="0" />
                <property name="repeatIteration" value="0" />
              </properties>
            </test-case>
            <test-case id="1156" name="ToParents_RoutesOnlyToParents" fullname="MercuryMessaging.Tests.FluentApiTests.ToParents_RoutesOnlyToParents" methodname="ToParents_RoutesOnlyToParents" classname="MercuryMessaging.Tests.FluentApiTests" runstate="Runnable" seed="1572293105" result="Passed" start-time="2025-11-25 07:57:20Z" end-time="2025-11-25 07:57:20Z" duration="0.023019" asserts="0">
              <properties>
                <property name="_JOINTYPE" value="UnityCombinatorial" />
                <property name="retryIteration" value="0" />
                <property name="repeatIteration" value="0" />
              </properties>
            </test-case>
            <test-case id="1161" name="WithTag_FiltersCorrectly" fullname="MercuryMessaging.Tests.FluentApiTests.WithTag_FiltersCorrectly" methodname="WithTag_FiltersCorrectly" classname="MercuryMessaging.Tests.FluentApiTests" runstate="Runnable" seed="302939394" result="Passed" start-time="2025-11-25 07:57:20Z" end-time="2025-11-25 07:57:20Z" duration="0.000861" asserts="0">
              <properties>
                <property name="retryIteration" value="0" />
                <property name="repeatIteration" value="0" />
              </properties>
            </test-case>
            <test-case id="1162" name="WithTags_CombinesMultipleTags" fullname="MercuryMessaging.Tests.FluentApiTests.WithTags_CombinesMultipleTags" methodname="WithTags_CombinesMultipleTags" classname="MercuryMessaging.Tests.FluentApiTests" runstate="Runnable" seed="1798231483" result="Passed" start-time="2025-11-25 07:57:20Z" end-time="2025-11-25 07:57:20Z" duration="0.000585" asserts="0">
              <properties>
                <property name="retryIteration" value="0" />
                <property name="repeatIteration" value="0" />
              </properties>
            </test-case>
          </test-suite>
          <test-suite type="TestFixture" id="1173" name="FsmStateTransitionTests" fullname="MercuryMessaging.Tests.FsmStateTransitionTests" classname="MercuryMessaging.Tests.FsmStateTransitionTests" runstate="Runnable" testcasecount="15" result="Passed" start-time="2025-11-25 07:57:20Z" end-time="2025-11-25 07:57:21Z" duration="1.556309" total="15" passed="15" failed="0" inconclusive="0" skipped="0" asserts="0">
            <properties />
            <output><![CDATA[
IgnoreFailingMessages:true
]]></output>
            <test-case id="1185" name="CancelStateChange_DuringTransition_CancelsSuccessfully" fullname="MercuryMessaging.Tests.FsmStateTransitionTests.CancelStateChange_DuringTransition_CancelsSuccessfully" methodname="CancelStateChange_DuringTransition_CancelsSuccessfully" classname="MercuryMessaging.Tests.FsmStateTransitionTests" runstate="Runnable" seed="1235477179" result="Passed" start-time="2025-11-25 07:57:20Z" end-time="2025-11-25 07:57:20Z" duration="0.036966" asserts="0">
              <properties>
                <property name="_JOINTYPE" value="UnityCombinatorial" />
                <property name="retryIteration" value="0" />
                <property name="repeatIteration" value="0" />
              </properties>
            </test-case>
            <test-case id="1187" name="ComplexFSM_ManyStates_WorksCorrectly" fullname="MercuryMessaging.Tests.FsmStateTransitionTests.ComplexFSM_ManyStates_WorksCorrectly" methodname="ComplexFSM_ManyStates_WorksCorrectly" classname="MercuryMessaging.Tests.FsmStateTransitionTests" runstate="Runnable" seed="967210187" result="Passed" start-time="2025-11-25 07:57:20Z" end-time="2025-11-25 07:57:20Z" duration="0.047009" asserts="0">
              <properties>
                <property name="_JOINTYPE" value="UnityCombinatorial" />
                <property name="retryIteration" value="0" />
                <property name="repeatIteration" value="0" />
              </properties>
            </test-case>
            <test-case id="1180" name="EventOrdering_ExitBeforeEnter" fullname="MercuryMessaging.Tests.FsmStateTransitionTests.EventOrdering_ExitBeforeEnter" methodname="EventOrdering_ExitBeforeEnter" classname="MercuryMessaging.Tests.FsmStateTransitionTests" runstate="Runnable" seed="490757394" result="Passed" start-time="2025-11-25 07:57:20Z" end-time="2025-11-25 07:57:20Z" duration="0.027009" asserts="0">
              <properties>
                <property name="_JOINTYPE" value="UnityCombinatorial" />
                <property name="retryIteration" value="0" />
                <property name="repeatIteration" value="0" />
              </properties>
              <output><![CDATA[Event order: GlobalExit: State0 → Exit: State0 → Enter: State1 → GlobalEnter: State1
]]></output>
            </test-case>
            <test-case id="1179" name="FSM_NullCurrent_HandlesGracefully" fullname="MercuryMessaging.Tests.FsmStateTransitionTests.FSM_NullCurrent_HandlesGracefully" methodname="FSM_NullCurrent_HandlesGracefully" classname="MercuryMessaging.Tests.FsmStateTransitionTests" runstate="Runnable" seed="1713819843" result="Passed" start-time="2025-11-25 07:57:20Z" end-time="2025-11-25 07:57:20Z" duration="0.023860" asserts="0">
              <properties>
                <property name="_JOINTYPE" value="UnityCombinatorial" />
                <property name="retryIteration" value="0" />
                <property name="repeatIteration" value="0" />
              </properties>
            </test-case>
            <test-case id="1188" name="FSM_Reset_ClearsPreviousState" fullname="MercuryMessaging.Tests.FsmStateTransitionTests.FSM_Reset_ClearsPreviousState" methodname="FSM_Reset_ClearsPreviousState" classname="MercuryMessaging.Tests.FsmStateTransitionTests" runstate="Runnable" seed="1144539275" result="Passed" start-time="2025-11-25 07:57:20Z" end-time="2025-11-25 07:57:20Z" duration="0.030678" asserts="0">
              <properties>
                <property name="_JOINTYPE" value="UnityCombinatorial" />
                <property name="retryIteration" value="0" />
                <property name="repeatIteration" value="0" />
              </properties>
            </test-case>
            <test-case id="1181" name="GlobalEvents_FireForAllTransitions" fullname="MercuryMessaging.Tests.FsmStateTransitionTests.GlobalEvents_FireForAllTransitions" methodname="GlobalEvents_FireForAllTransitions" classname="MercuryMessaging.Tests.FsmStateTransitionTests" runstate="Runnable" seed="270169989" result="Passed" start-time="2025-11-25 07:57:20Z" end-time="2025-11-25 07:57:20Z" duration="0.037573" asserts="0">
              <properties>
                <property name="_JOINTYPE" value="UnityCombinatorial" />
                <property name="retryIteration" value="0" />
                <property name="repeatIteration" value="0" />
              </properties>
            </test-case>
            <test-case id="1178" name="JumpTo_NonExistentState_ThrowsException" fullname="MercuryMessaging.Tests.FsmStateTransitionTests.JumpTo_NonExistentState_ThrowsException" methodname="JumpTo_NonExistentState_ThrowsException" classname="MercuryMessaging.Tests.FsmStateTransitionTests" runstate="Runnable" seed="127704138" result="Passed" start-time="2025-11-25 07:57:20Z" end-time="2025-11-25 07:57:20Z" duration="0.026170" asserts="0">
              <properties>
                <property name="_JOINTYPE" value="UnityCombinatorial" />
                <property name="retryIteration" value="0" />
                <property name="repeatIteration" value="0" />
              </properties>
            </test-case>
            <test-case id="1177" name="JumpTo_SameState_DoesNothing" fullname="MercuryMessaging.Tests.FsmStateTransitionTests.JumpTo_SameState_DoesNothing" methodname="JumpTo_SameState_DoesNothing" classname="MercuryMessaging.Tests.FsmStateTransitionTests" runstate="Runnable" seed="1380534244" result="Passed" start-time="2025-11-25 07:57:20Z" end-time="2025-11-25 07:57:20Z" duration="0.028580" asserts="0">
              <properties>
                <property name="_JOINTYPE" value="UnityCombinatorial" />
                <property name="retryIteration" value="0" />
                <property name="repeatIteration" value="0" />
              </properties>
            </test-case>
            <test-case id="1175" name="JumpTo_ValidRelayNode_TransitionsSuccessfully" fullname="MercuryMessaging.Tests.FsmStateTransitionTests.JumpTo_ValidRelayNode_TransitionsSuccessfully" methodname="JumpTo_ValidRelayNode_TransitionsSuccessfully" classname="MercuryMessaging.Tests.FsmStateTransitionTests" runstate="Runnable" seed="881594879" result="Passed" start-time="2025-11-25 07:57:20Z" end-time="2025-11-25 07:57:20Z" duration="0.039756" asserts="0">
              <properties>
                <property name="_JOINTYPE" value="UnityCombinatorial" />
                <property name="retryIteration" value="0" />
                <property name="repeatIteration" value="0" />
              </properties>
            </test-case>
            <test-case id="1174" name="JumpTo_ValidState_TransitionsSuccessfully" fullname="MercuryMessaging.Tests.FsmStateTransitionTests.JumpTo_ValidState_TransitionsSuccessfully" methodname="JumpTo_ValidState_TransitionsSuccessfully" classname="MercuryMessaging.Tests.FsmStateTransitionTests" runstate="Runnable" seed="1537850344" result="Passed" start-time="2025-11-25 07:57:20Z" end-time="2025-11-25 07:57:20Z" duration="0.031805" asserts="0">
              <properties>
                <property name="_JOINTYPE" value="UnityCombinatorial" />
                <property name="retryIteration" value="0" />
                <property name="repeatIteration" value="0" />
              </properties>
            </test-case>
            <test-case id="1184" name="RapidStateChanges_Sequential_HandlesCorrectly" fullname="MercuryMessaging.Tests.FsmStateTransitionTests.RapidStateChanges_Sequential_HandlesCorrectly" methodname="RapidStateChanges_Sequential_HandlesCorrectly" classname="MercuryMessaging.Tests.FsmStateTransitionTests" runstate="Runnable" seed="1012690219" result="Passed" start-time="2025-11-25 07:57:20Z" end-time="2025-11-25 07:57:20Z" duration="0.033301" asserts="0">
              <properties>
                <property name="_JOINTYPE" value="UnityCombinatorial" />
                <property name="retryIteration" value="0" />
                <property name="repeatIteration" value="0" />
              </properties>
            </test-case>
            <test-case id="1186" name="RapidTransitions_ManyStates_NoMemoryLeaks" fullname="MercuryMessaging.Tests.FsmStateTransitionTests.RapidTransitions_ManyStates_NoMemoryLeaks" methodname="RapidTransitions_ManyStates_NoMemoryLeaks" classname="MercuryMessaging.Tests.FsmStateTransitionTests" runstate="Runnable" seed="269229939" result="Passed" start-time="2025-11-25 07:57:20Z" end-time="2025-11-25 07:57:21Z" duration="1.067411" asserts="0">
              <properties>
                <property name="_JOINTYPE" value="UnityCombinatorial" />
                <property name="retryIteration" value="0" />
                <property name="repeatIteration" value="0" />
              </properties>
              <output><![CDATA[100 rapid transitions completed. Memory growth: -3556KB
]]></output>
            </test-case>
            <test-case id="1183" name="SelectedFilter_All_ReachesAllStates" fullname="MercuryMessaging.Tests.FsmStateTransitionTests.SelectedFilter_All_ReachesAllStates" methodname="SelectedFilter_All_ReachesAllStates" classname="MercuryMessaging.Tests.FsmStateTransitionTests" runstate="Runnable" seed="1071007133" result="Passed" start-time="2025-11-25 07:57:21Z" end-time="2025-11-25 07:57:21Z" duration="0.036677" asserts="0">
              <properties>
                <property name="_JOINTYPE" value="UnityCombinatorial" />
                <property name="retryIteration" value="0" />
                <property name="repeatIteration" value="0" />
              </properties>
            </test-case>
            <test-case id="1182" name="SelectedFilter_OnlyReachesCurrentState" fullname="MercuryMessaging.Tests.FsmStateTransitionTests.SelectedFilter_OnlyReachesCurrentState" methodname="SelectedFilter_OnlyReachesCurrentState" classname="MercuryMessaging.Tests.FsmStateTransitionTests" runstate="Runnable" seed="1111801418" result="Passed" start-time="2025-11-25 07:57:21Z" end-time="2025-11-25 07:57:21Z" duration="0.037150" asserts="0">
              <properties>
                <property name="_JOINTYPE" value="UnityCombinatorial" />
                <property name="retryIteration" value="0" />
                <property name="repeatIteration" value="0" />
              </properties>
            </test-case>
            <test-case id="1176" name="StartTransitionTo_BeginsTransition_WaitsForEnterNext" fullname="MercuryMessaging.Tests.FsmStateTransitionTests.StartTransitionTo_BeginsTransition_WaitsForEnterNext" methodname="StartTransitionTo_BeginsTransition_WaitsForEnterNext" classname="MercuryMessaging.Tests.FsmStateTransitionTests" runstate="Runnable" seed="1551938111" result="Passed" start-time="2025-11-25 07:57:21Z" end-time="2025-11-25 07:57:21Z" duration="0.040762" asserts="0">
              <properties>
                <property name="_JOINTYPE" value="UnityCombinatorial" />
                <property name="retryIteration" value="0" />
                <property name="repeatIteration" value="0" />
              </properties>
            </test-case>
          </test-suite>
          <test-suite type="TestFixture" id="1189" name="HopLimitValidationTests" fullname="MercuryMessaging.Tests.HopLimitValidationTests" classname="MercuryMessaging.Tests.HopLimitValidationTests" runstate="Runnable" testcasecount="7" result="Passed" start-time="2025-11-25 07:57:21Z" end-time="2025-11-25 07:57:22Z" duration="1.100938" total="7" passed="7" failed="0" inconclusive="0" skipped="0" asserts="0">
            <properties />
            <output><![CDATA[
IgnoreFailingMessages:true
]]></output>
            <test-case id="1196" name="HopLimit_HandlesVeryDeepHierarchies" fullname="MercuryMessaging.Tests.HopLimitValidationTests.HopLimit_HandlesVeryDeepHierarchies" methodname="HopLimit_HandlesVeryDeepHierarchies" classname="MercuryMessaging.Tests.HopLimitValidationTests" runstate="Runnable" seed="2066533702" result="Passed" start-time="2025-11-25 07:57:21Z" end-time="2025-11-25 07:57:22Z" duration="0.245277" asserts="0">
              <properties>
                <property name="_JOINTYPE" value="UnityCombinatorial" />
                <property name="retryIteration" value="0" />
                <property name="repeatIteration" value="0" />
              </properties>
              <output><![CDATA[[QW-1 PASS] Deep hierarchy protected: 0/100 nodes (limit: 30)
]]></output>
            </test-case>
            <test-case id="1195" name="HopLimit_IncrementsHopCount" fullname="MercuryMessaging.Tests.HopLimitValidationTests.HopLimit_IncrementsHopCount" methodname="HopLimit_IncrementsHopCount" classname="MercuryMessaging.Tests.HopLimitValidationTests" runstate="Runnable" seed="860874280" result="Passed" start-time="2025-11-25 07:57:22Z" end-time="2025-11-25 07:57:22Z" duration="0.127576" asserts="0">
              <properties>
                <property name="_JOINTYPE" value="UnityCombinatorial" />
                <property name="retryIteration" value="0" />
                <property name="repeatIteration" value="0" />
              </properties>
              <output><![CDATA[[QW-1 PASS] Hop count increments during propagation
]]></output>
            </test-case>
            <test-suite type="ParameterizedMethod" id="1194" name="HopLimit_RespectsConfiguredLimit" fullname="MercuryMessaging.Tests.HopLimitValidationTests.HopLimit_RespectsConfiguredLimit" classname="MercuryMessaging.Tests.HopLimitValidationTests" runstate="Runnable" testcasecount="3" result="Passed" start-time="2025-11-25 07:57:22Z" end-time="2025-11-25 07:57:22Z" duration="0.422540" total="3" passed="3" failed="0" inconclusive="0" skipped="0" asserts="0">
              <properties>
                <property name="_JOINTYPE" value="UnityCombinatorial" />
              </properties>
              <test-case id="1191" name="HopLimit_RespectsConfiguredLimit(5)" fullname="MercuryMessaging.Tests.HopLimitValidationTests.HopLimit_RespectsConfiguredLimit(5)" methodname="HopLimit_RespectsConfiguredLimit" classname="MercuryMessaging.Tests.HopLimitValidationTests" runstate="Runnable" seed="860213343" result="Passed" start-time="2025-11-25 07:57:22Z" end-time="2025-11-25 07:57:22Z" duration="0.131502" asserts="0">
                <properties>
                  <property name="retryIteration" value="0" />
                  <property name="repeatIteration" value="0" />
                </properties>
              </test-case>
              <test-case id="1192" name="HopLimit_RespectsConfiguredLimit(10)" fullname="MercuryMessaging.Tests.HopLimitValidationTests.HopLimit_RespectsConfiguredLimit(10)" methodname="HopLimit_RespectsConfiguredLimit" classname="MercuryMessaging.Tests.HopLimitValidationTests" runstate="Runnable" seed="388557335" result="Passed" start-time="2025-11-25 07:57:22Z" end-time="2025-11-25 07:57:22Z" duration="0.140077" asserts="0">
                <properties>
                  <property name="retryIteration" value="0" />
                  <property name="repeatIteration" value="0" />
                </properties>
              </test-case>
              <test-case id="1193" name="HopLimit_RespectsConfiguredLimit(20)" fullname="MercuryMessaging.Tests.HopLimitValidationTests.HopLimit_RespectsConfiguredLimit(20)" methodname="HopLimit_RespectsConfiguredLimit" classname="MercuryMessaging.Tests.HopLimitValidationTests" runstate="Runnable" seed="1478111869" result="Passed" start-time="2025-11-25 07:57:22Z" end-time="2025-11-25 07:57:22Z" duration="0.141166" asserts="0">
                <properties>
                  <property name="retryIteration" value="0" />
                  <property name="repeatIteration" value="0" />
                </properties>
              </test-case>
            </test-suite>
            <test-case id="1190" name="HopLimit_StopsMessagePropagation" fullname="MercuryMessaging.Tests.HopLimitValidationTests.HopLimit_StopsMessagePropagation" methodname="HopLimit_StopsMessagePropagation" classname="MercuryMessaging.Tests.HopLimitValidationTests" runstate="Runnable" seed="1855926683" result="Passed" start-time="2025-11-25 07:57:22Z" end-time="2025-11-25 07:57:22Z" duration="0.152489" asserts="0">
              <properties>
                <property name="_JOINTYPE" value="UnityCombinatorial" />
                <property name="retryIteration" value="0" />
                <property name="repeatIteration" value="0" />
              </properties>
              <output><![CDATA[[QW-1 PASS] Hop limit working: 0/50 nodes reached (limit: 25)
]]></output>
            </test-case>
            <test-case id="1197" name="HopLimit_ZeroLimitStopsImmediately" fullname="MercuryMessaging.Tests.HopLimitValidationTests.HopLimit_ZeroLimitStopsImmediately" methodname="HopLimit_ZeroLimitStopsImmediately" classname="MercuryMessaging.Tests.HopLimitValidationTests" runstate="Runnable" seed="1862682352" result="Passed" start-time="2025-11-25 07:57:22Z" end-time="2025-11-25 07:57:22Z" duration="0.143943" asserts="0">
              <properties>
                <property name="_JOINTYPE" value="UnityCombinatorial" />
                <property name="retryIteration" value="0" />
                <property name="repeatIteration" value="0" />
              </properties>
            </test-case>
          </test-suite>
          <test-suite type="TestFixture" id="1198" name="LazyCopyValidationTests" fullname="MercuryMessaging.Tests.LazyCopyValidationTests" classname="MercuryMessaging.Tests.LazyCopyValidationTests" runstate="Runnable" testcasecount="6" result="Passed" start-time="2025-11-25 07:57:22Z" end-time="2025-11-25 07:57:24Z" duration="1.124855" total="6" passed="6" failed="0" inconclusive="0" skipped="0" asserts="0">
            <properties />
            <output><![CDATA[
IgnoreFailingMessages:true
]]></output>
            <test-case id="1203" name="LazyCopy_HighVolume_SingleDirection" fullname="MercuryMessaging.Tests.LazyCopyValidationTests.LazyCopy_HighVolume_SingleDirection" methodname="LazyCopy_HighVolume_SingleDirection" classname="MercuryMessaging.Tests.LazyCopyValidationTests" runstate="Runnable" seed="658227133" result="Passed" start-time="2025-11-25 07:57:22Z" end-time="2025-11-25 07:57:23Z" duration="0.306494" asserts="0">
              <properties>
                <property name="_JOINTYPE" value="UnityCombinatorial" />
                <property name="retryIteration" value="0" />
                <property name="repeatIteration" value="0" />
              </properties>
              <output><![CDATA[[QW-2 PASS] High-volume test: 5000 messages processed successfully
]]></output>
            </test-case>
            <test-case id="1200" name="LazyCopy_MultiDirection_NoErrors" fullname="MercuryMessaging.Tests.LazyCopyValidationTests.LazyCopy_MultiDirection_NoErrors" methodname="LazyCopy_MultiDirection_NoErrors" classname="MercuryMessaging.Tests.LazyCopyValidationTests" runstate="Runnable" seed="1254714819" result="Passed" start-time="2025-11-25 07:57:23Z" end-time="2025-11-25 07:57:23Z" duration="0.210613" asserts="0">
              <properties>
                <property name="_JOINTYPE" value="UnityCombinatorial" />
                <property name="retryIteration" value="0" />
                <property name="repeatIteration" value="0" />
              </properties>
              <output><![CDATA[[QW-2 PASS] Multi-direction routing handled 1000 messages without errors
]]></output>
            </test-case>
            <test-case id="1202" name="LazyCopy_MultiDirection_PreservesMessageContent" fullname="MercuryMessaging.Tests.LazyCopyValidationTests.LazyCopy_MultiDirection_PreservesMessageContent" methodname="LazyCopy_MultiDirection_PreservesMessageContent" classname="MercuryMessaging.Tests.LazyCopyValidationTests" runstate="Runnable" seed="1913070610" result="Passed" start-time="2025-11-25 07:57:23Z" end-time="2025-11-25 07:57:23Z" duration="0.133073" asserts="0">
              <properties>
                <property name="_JOINTYPE" value="UnityCombinatorial" />
                <property name="retryIteration" value="0" />
                <property name="repeatIteration" value="0" />
              </properties>
              <output><![CDATA[[QW-2 PASS] Message content preserved in multi-direction routing
]]></output>
            </test-case>
            <test-case id="1199" name="LazyCopy_SingleDirection_NoErrors" fullname="MercuryMessaging.Tests.LazyCopyValidationTests.LazyCopy_SingleDirection_NoErrors" methodname="LazyCopy_SingleDirection_NoErrors" classname="MercuryMessaging.Tests.LazyCopyValidationTests" runstate="Runnable" seed="202648935" result="Passed" start-time="2025-11-25 07:57:23Z" end-time="2025-11-25 07:57:23Z" duration="0.230532" asserts="0">
              <properties>
                <property name="_JOINTYPE" value="UnityCombinatorial" />
                <property name="retryIteration" value="0" />
                <property name="repeatIteration" value="0" />
              </properties>
              <output><![CDATA[[QW-2 PASS] Single-direction routing handled 1000 messages without errors
]]></output>
            </test-case>
            <test-case id="1201" name="LazyCopy_SingleDirection_PreservesMessageContent" fullname="MercuryMessaging.Tests.LazyCopyValidationTests.LazyCopy_SingleDirection_PreservesMessageContent" methodname="LazyCopy_SingleDirection_PreservesMessageContent" classname="MercuryMessaging.Tests.LazyCopyValidationTests" runstate="Runnable" seed="1538845013" result="Passed" start-time="2025-11-25 07:57:23Z" end-time="2025-11-25 07:57:23Z" duration="0.130187" asserts="0">
              <properties>
                <property name="_JOINTYPE" value="UnityCombinatorial" />
                <property name="retryIteration" value="0" />
                <property name="repeatIteration" value="0" />
              </properties>
              <output><![CDATA[[QW-2 PASS] Message content preserved in single-direction routing
]]></output>
            </test-case>
            <test-case id="1204" name="LazyCopy_WorksWithDifferentMessageTypes" fullname="MercuryMessaging.Tests.LazyCopyValidationTests.LazyCopy_WorksWithDifferentMessageTypes" methodname="LazyCopy_WorksWithDifferentMessageTypes" classname="MercuryMessaging.Tests.LazyCopyValidationTests" runstate="Runnable" seed="802819801" result="Passed" start-time="2025-11-25 07:57:23Z" end-time="2025-11-25 07:57:24Z" duration="0.104852" asserts="0">
              <properties>
                <property name="_JOINTYPE" value="UnityCombinatorial" />
                <property name="retryIteration" value="0" />
                <property name="repeatIteration" value="0" />
              </properties>
              <output><![CDATA[[QW-2 PASS] Lazy copying works with multiple message types
]]></output>
            </test-case>
          </test-suite>
          <test-suite type="TestFixture" id="1205" name="LinqRemovalValidationTests" fullname="MercuryMessaging.Tests.LinqRemovalValidationTests" classname="MercuryMessaging.Tests.LinqRemovalValidationTests" runstate="Runnable" testcasecount="10" result="Passed" start-time="2025-11-25 07:57:24Z" end-time="2025-11-25 07:57:24Z" duration="0.017523" total="10" passed="10" failed="0" inconclusive="0" skipped="0" asserts="0">
            <properties />
            <output><![CDATA[
IgnoreFailingMessages:true
]]></output>
            <test-case id="1211" name="Test_MmInvoke_QueueHandling" fullname="MercuryMessaging.Tests.LinqRemovalValidationTests.Test_MmInvoke_QueueHandling" methodname="Test_MmInvoke_QueueHandling" classname="MercuryMessaging.Tests.LinqRemovalValidationTests" runstate="Runnable" seed="1143795610" result="Passed" start-time="2025-11-25 07:57:24Z" end-time="2025-11-25 07:57:24Z" duration="0.002474" asserts="0">
              <properties>
                <property name="retryIteration" value="0" />
                <property name="repeatIteration" value="0" />
              </properties>
            </test-case>
            <test-case id="1207" name="Test_MmRefreshResponders_EmptyList" fullname="MercuryMessaging.Tests.LinqRemovalValidationTests.Test_MmRefreshResponders_EmptyList" methodname="Test_MmRefreshResponders_EmptyList" classname="MercuryMessaging.Tests.LinqRemovalValidationTests" runstate="Runnable" seed="816758771" result="Passed" start-time="2025-11-25 07:57:24Z" end-time="2025-11-25 07:57:24Z" duration="0.000453" asserts="0">
              <properties>
                <property name="retryIteration" value="0" />
                <property name="repeatIteration" value="0" />
              </properties>
            </test-case>
            <test-case id="1206" name="Test_MmRefreshResponders_FiltersRelayNodes" fullname="MercuryMessaging.Tests.LinqRemovalValidationTests.Test_MmRefreshResponders_FiltersRelayNodes" methodname="Test_MmRefreshResponders_FiltersRelayNodes" classname="MercuryMessaging.Tests.LinqRemovalValidationTests" runstate="Runnable" seed="538076288" result="Passed" start-time="2025-11-25 07:57:24Z" end-time="2025-11-25 07:57:24Z" duration="0.000413" asserts="0">
              <properties>
                <property name="retryIteration" value="0" />
                <property name="repeatIteration" value="0" />
              </properties>
            </test-case>
            <test-case id="1214" name="Test_MmRefreshResponders_MixedTypes" fullname="MercuryMessaging.Tests.LinqRemovalValidationTests.Test_MmRefreshResponders_MixedTypes" methodname="Test_MmRefreshResponders_MixedTypes" classname="MercuryMessaging.Tests.LinqRemovalValidationTests" runstate="Runnable" seed="258555206" result="Passed" start-time="2025-11-25 07:57:24Z" end-time="2025-11-25 07:57:24Z" duration="0.000391" asserts="0">
              <properties>
                <property name="retryIteration" value="0" />
                <property name="repeatIteration" value="0" />
              </properties>
            </test-case>
            <test-case id="1212" name="Test_Performance_ManualForeach_Correctness" fullname="MercuryMessaging.Tests.LinqRemovalValidationTests.Test_Performance_ManualForeach_Correctness" methodname="Test_Performance_ManualForeach_Correctness" classname="MercuryMessaging.Tests.LinqRemovalValidationTests" runstate="Runnable" seed="37757926" result="Passed" start-time="2025-11-25 07:57:24Z" end-time="2025-11-25 07:57:24Z" duration="0.000505" asserts="0">
              <properties>
                <property name="retryIteration" value="0" />
                <property name="repeatIteration" value="0" />
              </properties>
            </test-case>
            <test-case id="1215" name="Test_QueueCount_EquivalentToAny" fullname="MercuryMessaging.Tests.LinqRemovalValidationTests.Test_QueueCount_EquivalentToAny" methodname="Test_QueueCount_EquivalentToAny" classname="MercuryMessaging.Tests.LinqRemovalValidationTests" runstate="Runnable" seed="281162918" result="Passed" start-time="2025-11-25 07:57:24Z" end-time="2025-11-25 07:57:24Z" duration="0.000282" asserts="0">
              <properties>
                <property name="retryIteration" value="0" />
                <property name="repeatIteration" value="0" />
              </properties>
            </test-case>
            <test-case id="1208" name="Test_RefreshParents_FiltersChildLevel" fullname="MercuryMessaging.Tests.LinqRemovalValidationTests.Test_RefreshParents_FiltersChildLevel" methodname="Test_RefreshParents_FiltersChildLevel" classname="MercuryMessaging.Tests.LinqRemovalValidationTests" runstate="Runnable" seed="299289468" result="Passed" start-time="2025-11-25 07:57:24Z" end-time="2025-11-25 07:57:24Z" duration="0.001191" asserts="0">
              <properties>
                <property name="retryIteration" value="0" />
                <property name="repeatIteration" value="0" />
              </properties>
            </test-case>
            <test-case id="1210" name="Test_RefreshParents_FindsParent" fullname="MercuryMessaging.Tests.LinqRemovalValidationTests.Test_RefreshParents_FindsParent" methodname="Test_RefreshParents_FindsParent" classname="MercuryMessaging.Tests.LinqRemovalValidationTests" runstate="Runnable" seed="2063147551" result="Passed" start-time="2025-11-25 07:57:24Z" end-time="2025-11-25 07:57:24Z" duration="0.000590" asserts="0">
              <properties>
                <property name="retryIteration" value="0" />
                <property name="repeatIteration" value="0" />
              </properties>
            </test-case>
            <test-case id="1213" name="Test_RefreshParents_NoChildren" fullname="MercuryMessaging.Tests.LinqRemovalValidationTests.Test_RefreshParents_NoChildren" methodname="Test_RefreshParents_NoChildren" classname="MercuryMessaging.Tests.LinqRemovalValidationTests" runstate="Runnable" seed="2098095092" result="Passed" start-time="2025-11-25 07:57:24Z" end-time="2025-11-25 07:57:24Z" duration="0.000448" asserts="0">
              <properties>
                <property name="retryIteration" value="0" />
                <property name="repeatIteration" value="0" />
              </properties>
            </test-case>
            <test-case id="1209" name="Test_RefreshParents_ParentNotFound_ReturnsNull" fullname="MercuryMessaging.Tests.LinqRemovalValidationTests.Test_RefreshParents_ParentNotFound_ReturnsNull" methodname="Test_RefreshParents_ParentNotFound_ReturnsNull" classname="MercuryMessaging.Tests.LinqRemovalValidationTests" runstate="Runnable" seed="1658765159" result="Passed" start-time="2025-11-25 07:57:24Z" end-time="2025-11-25 07:57:24Z" duration="0.000390" asserts="0">
              <properties>
                <property name="retryIteration" value="0" />
                <property name="repeatIteration" value="0" />
              </properties>
            </test-case>
          </test-suite>
          <test-suite type="TestFixture" id="1216" name="MessageHistoryCacheTests" fullname="MercuryMessaging.Tests.MessageHistoryCacheTests" classname="MercuryMessaging.Tests.MessageHistoryCacheTests" runstate="Runnable" testcasecount="18" result="Passed" start-time="2025-11-25 07:57:24Z" end-time="2025-11-25 07:57:24Z" duration="0.528478" total="18" passed="18" failed="0" inconclusive="0" skipped="0" asserts="0">
            <properties />
            <test-case id="1219" name="Add_DuplicateNode_DoesNotIncrementCount" fullname="MercuryMessaging.Tests.MessageHistoryCacheTests.Add_DuplicateNode_DoesNotIncrementCount" methodname="Add_DuplicateNode_DoesNotIncrementCount" classname="MercuryMessaging.Tests.MessageHistoryCacheTests" runstate="Runnable" seed="648570237" result="Passed" start-time="2025-11-25 07:57:24Z" end-time="2025-11-25 07:57:24Z" duration="0.002054" asserts="0">
              <properties>
                <property name="retryIteration" value="0" />
                <property name="repeatIteration" value="0" />
              </properties>
            </test-case>
            <test-case id="1231" name="Add_LargeNumberOfNodes_MaintainsBounds" fullname="MercuryMessaging.Tests.MessageHistoryCacheTests.Add_LargeNumberOfNodes_MaintainsBounds" methodname="Add_LargeNumberOfNodes_MaintainsBounds" classname="MercuryMessaging.Tests.MessageHistoryCacheTests" runstate="Runnable" seed="631104596" result="Passed" start-time="2025-11-25 07:57:24Z" end-time="2025-11-25 07:57:24Z" duration="0.001537" asserts="0">
              <properties>
                <property name="retryIteration" value="0" />
                <property name="repeatIteration" value="0" />
              </properties>
            </test-case>
            <test-case id="1218" name="Add_MultipleNodes_ContainsAllNodes" fullname="MercuryMessaging.Tests.MessageHistoryCacheTests.Add_MultipleNodes_ContainsAllNodes" methodname="Add_MultipleNodes_ContainsAllNodes" classname="MercuryMessaging.Tests.MessageHistoryCacheTests" runstate="Runnable" seed="1122335646" result="Passed" start-time="2025-11-25 07:57:24Z" end-time="2025-11-25 07:57:24Z" duration="0.000249" asserts="0">
              <properties>
                <property name="retryIteration" value="0" />
                <property name="repeatIteration" value="0" />
              </properties>
            </test-case>
            <test-case id="1217" name="Add_SingleNode_ContainsNode" fullname="MercuryMessaging.Tests.MessageHistoryCacheTests.Add_SingleNode_ContainsNode" methodname="Add_SingleNode_ContainsNode" classname="MercuryMessaging.Tests.MessageHistoryCacheTests" runstate="Runnable" seed="1809756269" result="Passed" start-time="2025-11-25 07:57:24Z" end-time="2025-11-25 07:57:24Z" duration="0.000177" asserts="0">
              <properties>
                <property name="retryIteration" value="0" />
                <property name="repeatIteration" value="0" />
              </properties>
            </test-case>
            <test-case id="1221" name="Clear_RemovesAllEntries" fullname="MercuryMessaging.Tests.MessageHistoryCacheTests.Clear_RemovesAllEntries" methodname="Clear_RemovesAllEntries" classname="MercuryMessaging.Tests.MessageHistoryCacheTests" runstate="Runnable" seed="1301207052" result="Passed" start-time="2025-11-25 07:57:24Z" end-time="2025-11-25 07:57:24Z" duration="0.000471" asserts="0">
              <properties>
                <property name="retryIteration" value="0" />
                <property name="repeatIteration" value="0" />
              </properties>
            </test-case>
            <test-case id="1229" name="Constructor_NegativeWindowSize_ThrowsException" fullname="MercuryMessaging.Tests.MessageHistoryCacheTests.Constructor_NegativeWindowSize_ThrowsException" methodname="Constructor_NegativeWindowSize_ThrowsException" classname="MercuryMessaging.Tests.MessageHistoryCacheTests" runstate="Runnable" seed="1121515680" result="Passed" start-time="2025-11-25 07:57:24Z" end-time="2025-11-25 07:57:24Z" duration="0.000575" asserts="0">
              <properties>
                <property name="retryIteration" value="0" />
                <property name="repeatIteration" value="0" />
              </properties>
            </test-case>
            <test-case id="1230" name="Constructor_ZeroWindowSize_CreatesCache" fullname="MercuryMessaging.Tests.MessageHistoryCacheTests.Constructor_ZeroWindowSize_CreatesCache" methodname="Constructor_ZeroWindowSize_CreatesCache" classname="MercuryMessaging.Tests.MessageHistoryCacheTests" runstate="Runnable" seed="1811378062" result="Passed" start-time="2025-11-25 07:57:24Z" end-time="2025-11-25 07:57:24Z" duration="0.000219" asserts="0">
              <properties>
                <property name="retryIteration" value="0" />
                <property name="repeatIteration" value="0" />
              </properties>
            </test-case>
            <test-case id="1220" name="Contains_NonExistentNode_ReturnsFalse" fullname="MercuryMessaging.Tests.MessageHistoryCacheTests.Contains_NonExistentNode_ReturnsFalse" methodname="Contains_NonExistentNode_ReturnsFalse" classname="MercuryMessaging.Tests.MessageHistoryCacheTests" runstate="Runnable" seed="448086335" result="Passed" start-time="2025-11-25 07:57:24Z" end-time="2025-11-25 07:57:24Z" duration="0.000180" asserts="0">
              <properties>
                <property name="retryIteration" value="0" />
                <property name="repeatIteration" value="0" />
              </properties>
            </test-case>
            <test-case id="1222" name="Eviction_AfterTimeWindow_RemovesOldEntries" fullname="MercuryMessaging.Tests.MessageHistoryCacheTests.Eviction_AfterTimeWindow_RemovesOldEntries" methodname="Eviction_AfterTimeWindow_RemovesOldEntries" classname="MercuryMessaging.Tests.MessageHistoryCacheTests" runstate="Runnable" seed="1766659314" result="Passed" start-time="2025-11-25 07:57:24Z" end-time="2025-11-25 07:57:24Z" duration="0.103293" asserts="0">
              <properties>
                <property name="_JOINTYPE" value="UnityCombinatorial" />
                <property name="retryIteration" value="0" />
                <property name="repeatIteration" value="0" />
              </properties>
            </test-case>
            <test-case id="1223" name="Eviction_PartialExpiration_RemovesOnlyOld" fullname="MercuryMessaging.Tests.MessageHistoryCacheTests.Eviction_PartialExpiration_RemovesOnlyOld" methodname="Eviction_PartialExpiration_RemovesOnlyOld" classname="MercuryMessaging.Tests.MessageHistoryCacheTests" runstate="Runnable" seed="1108044012" result="Passed" start-time="2025-11-25 07:57:24Z" end-time="2025-11-25 07:57:24Z" duration="0.160000" asserts="0">
              <properties>
                <property name="_JOINTYPE" value="UnityCombinatorial" />
                <property name="retryIteration" value="0" />
                <property name="repeatIteration" value="0" />
              </properties>
            </test-case>
            <test-case id="1224" name="Eviction_RefreshTimestamp_ExtendsLifetime" fullname="MercuryMessaging.Tests.MessageHistoryCacheTests.Eviction_RefreshTimestamp_ExtendsLifetime" methodname="Eviction_RefreshTimestamp_ExtendsLifetime" classname="MercuryMessaging.Tests.MessageHistoryCacheTests" runstate="Runnable" seed="436523922" result="Passed" start-time="2025-11-25 07:57:24Z" end-time="2025-11-25 07:57:24Z" duration="0.119966" asserts="0">
              <properties>
                <property name="_JOINTYPE" value="UnityCombinatorial" />
                <property name="retryIteration" value="0" />
                <property name="repeatIteration" value="0" />
              </properties>
            </test-case>
            <test-case id="1225" name="EvictNow_ManualEviction_RemovesExpiredEntries" fullname="MercuryMessaging.Tests.MessageHistoryCacheTests.EvictNow_ManualEviction_RemovesExpiredEntries" methodname="EvictNow_ManualEviction_RemovesExpiredEntries" classname="MercuryMessaging.Tests.MessageHistoryCacheTests" runstate="Runnable" seed="1838444252" result="Passed" start-time="2025-11-25 07:57:24Z" end-time="2025-11-25 07:57:24Z" duration="0.000650" asserts="0">
              <properties>
                <property name="retryIteration" value="0" />
                <property name="repeatIteration" value="0" />
              </properties>
            </test-case>
            <test-case id="1228" name="GetStatistics_OldestEntryAge_ReflectsActualAge" fullname="MercuryMessaging.Tests.MessageHistoryCacheTests.GetStatistics_OldestEntryAge_ReflectsActualAge" methodname="GetStatistics_OldestEntryAge_ReflectsActualAge" classname="MercuryMessaging.Tests.MessageHistoryCacheTests" runstate="Runnable" seed="1162028891" result="Passed" start-time="2025-11-25 07:57:24Z" end-time="2025-11-25 07:57:24Z" duration="0.011199" asserts="0">
              <properties>
                <property name="retryIteration" value="0" />
                <property name="repeatIteration" value="0" />
              </properties>
            </test-case>
            <test-case id="1226" name="GetStatistics_TracksAddAndEvictionCounts" fullname="MercuryMessaging.Tests.MessageHistoryCacheTests.GetStatistics_TracksAddAndEvictionCounts" methodname="GetStatistics_TracksAddAndEvictionCounts" classname="MercuryMessaging.Tests.MessageHistoryCacheTests" runstate="Runnable" seed="1598975739" result="Passed" start-time="2025-11-25 07:57:24Z" end-time="2025-11-25 07:57:24Z" duration="0.000498" asserts="0">
              <properties>
                <property name="retryIteration" value="0" />
                <property name="repeatIteration" value="0" />
              </properties>
            </test-case>
            <test-case id="1227" name="GetStatistics_TracksEvictions" fullname="MercuryMessaging.Tests.MessageHistoryCacheTests.GetStatistics_TracksEvictions" methodname="GetStatistics_TracksEvictions" classname="MercuryMessaging.Tests.MessageHistoryCacheTests" runstate="Runnable" seed="1205677076" result="Passed" start-time="2025-11-25 07:57:24Z" end-time="2025-11-25 07:57:24Z" duration="0.095566" asserts="0">
              <properties>
                <property name="_JOINTYPE" value="UnityCombinatorial" />
                <property name="retryIteration" value="0" />
                <property name="repeatIteration" value="0" />
              </properties>
            </test-case>
            <test-case id="1234" name="Performance_AddOperation_IsConstantTime" fullname="MercuryMessaging.Tests.MessageHistoryCacheTests.Performance_AddOperation_IsConstantTime" methodname="Performance_AddOperation_IsConstantTime" classname="MercuryMessaging.Tests.MessageHistoryCacheTests" runstate="Runnable" seed="2128088146" result="Passed" start-time="2025-11-25 07:57:24Z" end-time="2025-11-25 07:57:24Z" duration="0.004226" asserts="0">
              <properties>
                <property name="Category" value="Performance" />
                <property name="retryIteration" value="0" />
                <property name="repeatIteration" value="0" />
              </properties>
              <output><![CDATA[[Performance] Avg Add() time: 270.61 ns (10,000 iterations)
]]></output>
            </test-case>
            <test-case id="1233" name="Performance_ContainsLookup_IsConstantTime" fullname="MercuryMessaging.Tests.MessageHistoryCacheTests.Performance_ContainsLookup_IsConstantTime" methodname="Performance_ContainsLookup_IsConstantTime" classname="MercuryMessaging.Tests.MessageHistoryCacheTests" runstate="Runnable" seed="413245774" result="Passed" start-time="2025-11-25 07:57:24Z" end-time="2025-11-25 07:57:24Z" duration="0.006433" asserts="0">
              <properties>
                <property name="Category" value="Performance" />
                <property name="retryIteration" value="0" />
                <property name="repeatIteration" value="0" />
              </properties>
              <output><![CDATA[[Performance] Avg Contains() time: 16.49 ns (100,000 iterations, 10,000 nodes)
]]></output>
            </test-case>
            <test-case id="1232" name="ToString_ReturnsStatistics" fullname="MercuryMessaging.Tests.MessageHistoryCacheTests.ToString_ReturnsStatistics" methodname="ToString_ReturnsStatistics" classname="MercuryMessaging.Tests.MessageHistoryCacheTests" runstate="Runnable" seed="317134459" result="Passed" start-time="2025-11-25 07:57:24Z" end-time="2025-11-25 07:57:24Z" duration="0.001696" asserts="0">
              <properties>
                <property name="retryIteration" value="0" />
                <property name="repeatIteration" value="0" />
              </properties>
            </test-case>
          </test-suite>
          <test-suite type="TestFixture" id="1011" name="MmCircularBufferMemoryTests" fullname="MercuryMessaging.Tests.MmCircularBufferMemoryTests" classname="MercuryMessaging.Tests.MmCircularBufferMemoryTests" runstate="Runnable" testcasecount="8" result="Passed" start-time="2025-11-25 07:57:24Z" end-time="2025-11-25 07:57:27Z" duration="2.996092" total="8" passed="8" failed="0" inconclusive="0" skipped="0" asserts="0">
            <properties />
            <output><![CDATA[
IgnoreFailingMessages:true
]]></output>
            <test-case id="1019" name="MmCircularBuffer_BothHistoryListsAreBounded" fullname="MercuryMessaging.Tests.MmCircularBufferMemoryTests.MmCircularBuffer_BothHistoryListsAreBounded" methodname="MmCircularBuffer_BothHistoryListsAreBounded" classname="MercuryMessaging.Tests.MmCircularBufferMemoryTests" runstate="Runnable" seed="1507577700" result="Passed" start-time="2025-11-25 07:57:24Z" end-time="2025-11-25 07:57:24Z" duration="0.030921" asserts="0">
              <properties>
                <property name="_JOINTYPE" value="UnityCombinatorial" />
                <property name="retryIteration" value="0" />
                <property name="repeatIteration" value="0" />
              </properties>
            </test-case>
            <test-case id="1020" name="MmCircularBuffer_HandlesLongRunningSessions" fullname="MercuryMessaging.Tests.MmCircularBufferMemoryTests.MmCircularBuffer_HandlesLongRunningSessions" methodname="MmCircularBuffer_HandlesLongRunningSessions" classname="MercuryMessaging.Tests.MmCircularBufferMemoryTests" runstate="Runnable" seed="2083168805" result="Passed" start-time="2025-11-25 07:57:24Z" end-time="2025-11-25 07:57:25Z" duration="1.072377" asserts="0">
              <properties>
                <property name="_JOINTYPE" value="UnityCombinatorial" />
                <property name="retryIteration" value="0" />
                <property name="repeatIteration" value="0" />
              </properties>
              <output><![CDATA[[QW-4 PASS] Long-running session test completed, buffer remained stable
]]></output>
            </test-case>
            <test-case id="1012" name="MmCircularBuffer_LimitsHistorySize" fullname="MercuryMessaging.Tests.MmCircularBufferMemoryTests.MmCircularBuffer_LimitsHistorySize" methodname="MmCircularBuffer_LimitsHistorySize" classname="MercuryMessaging.Tests.MmCircularBufferMemoryTests" runstate="Runnable" seed="1559744443" result="Passed" start-time="2025-11-25 07:57:25Z" end-time="2025-11-25 07:57:25Z" duration="0.030545" asserts="0">
              <properties>
                <property name="_JOINTYPE" value="UnityCombinatorial" />
                <property name="retryIteration" value="0" />
                <property name="repeatIteration" value="0" />
              </properties>
            </test-case>
            <test-case id="1013" name="MmCircularBuffer_PreventsMemoryGrowth" fullname="MercuryMessaging.Tests.MmCircularBufferMemoryTests.MmCircularBuffer_PreventsMemoryGrowth" methodname="MmCircularBuffer_PreventsMemoryGrowth" classname="MercuryMessaging.Tests.MmCircularBufferMemoryTests" runstate="Runnable" seed="1838877751" result="Passed" start-time="2025-11-25 07:57:25Z" end-time="2025-11-25 07:57:27Z" duration="1.818505" asserts="0">
              <properties>
                <property name="_JOINTYPE" value="UnityCombinatorial" />
                <property name="retryIteration" value="0" />
                <property name="repeatIteration" value="0" />
              </properties>
              <output><![CDATA[[QW-4 PASS] Memory stable: 0MB delta for 10000 messages, history size: 0/100
]]></output>
            </test-case>
            <test-suite type="ParameterizedMethod" id="1018" name="MmCircularBuffer_RespectsConfiguredSize" fullname="MercuryMessaging.Tests.MmCircularBufferMemoryTests.MmCircularBuffer_RespectsConfiguredSize" classname="MercuryMessaging.Tests.MmCircularBufferMemoryTests" runstate="Runnable" testcasecount="4" result="Passed" start-time="2025-11-25 07:57:27Z" end-time="2025-11-25 07:57:27Z" duration="0.035138" total="4" passed="4" failed="0" inconclusive="0" skipped="0" asserts="0">
              <properties />
              <test-case id="1014" name="MmCircularBuffer_RespectsConfiguredSize(10)" fullname="MercuryMessaging.Tests.MmCircularBufferMemoryTests.MmCircularBuffer_RespectsConfiguredSize(10)" methodname="MmCircularBuffer_RespectsConfiguredSize" classname="MercuryMessaging.Tests.MmCircularBufferMemoryTests" runstate="Runnable" seed="697463407" result="Passed" start-time="2025-11-25 07:57:27Z" end-time="2025-11-25 07:57:27Z" duration="0.000681" asserts="0">
                <properties>
                  <property name="retryIteration" value="0" />
                  <property name="repeatIteration" value="0" />
                </properties>
              </test-case>
              <test-case id="1015" name="MmCircularBuffer_RespectsConfiguredSize(50)" fullname="MercuryMessaging.Tests.MmCircularBufferMemoryTests.MmCircularBuffer_RespectsConfiguredSize(50)" methodname="MmCircularBuffer_RespectsConfiguredSize" classname="MercuryMessaging.Tests.MmCircularBufferMemoryTests" runstate="Runnable" seed="690220010" result="Passed" start-time="2025-11-25 07:57:27Z" end-time="2025-11-25 07:57:27Z" duration="0.000177" asserts="0">
                <properties>
                  <property name="retryIteration" value="0" />
                  <property name="repeatIteration" value="0" />
                </properties>
              </test-case>
              <test-case id="1016" name="MmCircularBuffer_RespectsConfiguredSize(100)" fullname="MercuryMessaging.Tests.MmCircularBufferMemoryTests.MmCircularBuffer_RespectsConfiguredSize(100)" methodname="MmCircularBuffer_RespectsConfiguredSize" classname="MercuryMessaging.Tests.MmCircularBufferMemoryTests" runstate="Runnable" seed="1303390300" result="Passed" start-time="2025-11-25 07:57:27Z" end-time="2025-11-25 07:57:27Z" duration="0.000213" asserts="0">
                <properties>
                  <property name="retryIteration" value="0" />
                  <property name="repeatIteration" value="0" />
                </properties>
              </test-case>
              <test-case id="1017" name="MmCircularBuffer_RespectsConfiguredSize(500)" fullname="MercuryMessaging.Tests.MmCircularBufferMemoryTests.MmCircularBuffer_RespectsConfiguredSize(500)" methodname="MmCircularBuffer_RespectsConfiguredSize" classname="MercuryMessaging.Tests.MmCircularBufferMemoryTests" runstate="Runnable" seed="142007591" result="Passed" start-time="2025-11-25 07:57:27Z" end-time="2025-11-25 07:57:27Z" duration="0.000745" asserts="0">
                <properties>
                  <property name="retryIteration" value="0" />
                  <property name="repeatIteration" value="0" />
                </properties>
              </test-case>
            </test-suite>
          </test-suite>
          <test-suite type="TestFixture" id="1021" name="MmCircularBufferTests" fullname="MercuryMessaging.Tests.MmCircularBufferTests" classname="MercuryMessaging.Tests.MmCircularBufferTests" runstate="Runnable" testcasecount="23" result="Passed" start-time="2025-11-25 07:57:27Z" end-time="2025-11-25 07:57:27Z" duration="0.023365" total="23" passed="23" failed="0" inconclusive="0" skipped="0" asserts="0">
            <properties />
            <test-case id="1023" name="Add_IncreasesCount" fullname="MercuryMessaging.Tests.MmCircularBufferTests.Add_IncreasesCount" methodname="Add_IncreasesCount" classname="MercuryMessaging.Tests.MmCircularBufferTests" runstate="Runnable" seed="567054845" result="Passed" start-time="2025-11-25 07:57:27Z" end-time="2025-11-25 07:57:27Z" duration="0.000319" asserts="0">
              <properties>
                <property name="retryIteration" value="0" />
                <property name="repeatIteration" value="0" />
              </properties>
            </test-case>
            <test-case id="1040" name="Add_LargeNumberOfItems_PerformsEfficiently" fullname="MercuryMessaging.Tests.MmCircularBufferTests.Add_LargeNumberOfItems_PerformsEfficiently" methodname="Add_LargeNumberOfItems_PerformsEfficiently" classname="MercuryMessaging.Tests.MmCircularBufferTests" runstate="Runnable" seed="1202426007" result="Passed" start-time="2025-11-25 07:57:27Z" end-time="2025-11-25 07:57:27Z" duration="0.000484" asserts="0">
              <properties>
                <property name="retryIteration" value="0" />
                <property name="repeatIteration" value="0" />
              </properties>
            </test-case>
            <test-case id="1026" name="Add_MultipleWraps_MaintainsCorrectOrder" fullname="MercuryMessaging.Tests.MmCircularBufferTests.Add_MultipleWraps_MaintainsCorrectOrder" methodname="Add_MultipleWraps_MaintainsCorrectOrder" classname="MercuryMessaging.Tests.MmCircularBufferTests" runstate="Runnable" seed="139122230" result="Passed" start-time="2025-11-25 07:57:27Z" end-time="2025-11-25 07:57:27Z" duration="0.000693" asserts="0">
              <properties>
                <property name="retryIteration" value="0" />
                <property name="repeatIteration" value="0" />
              </properties>
            </test-case>
            <test-case id="1024" name="Add_StoresItemsInOrder" fullname="MercuryMessaging.Tests.MmCircularBufferTests.Add_StoresItemsInOrder" methodname="Add_StoresItemsInOrder" classname="MercuryMessaging.Tests.MmCircularBufferTests" runstate="Runnable" seed="1744105169" result="Passed" start-time="2025-11-25 07:57:27Z" end-time="2025-11-25 07:57:27Z" duration="0.000198" asserts="0">
              <properties>
                <property name="retryIteration" value="0" />
                <property name="repeatIteration" value="0" />
              </properties>
            </test-case>
            <test-case id="1025" name="Add_WhenFull_OverwritesOldestItem" fullname="MercuryMessaging.Tests.MmCircularBufferTests.Add_WhenFull_OverwritesOldestItem" methodname="Add_WhenFull_OverwritesOldestItem" classname="MercuryMessaging.Tests.MmCircularBufferTests" runstate="Runnable" seed="1677727685" result="Passed" start-time="2025-11-25 07:57:27Z" end-time="2025-11-25 07:57:27Z" duration="0.000172" asserts="0">
              <properties>
                <property name="retryIteration" value="0" />
                <property name="repeatIteration" value="0" />
              </properties>
            </test-case>
            <test-case id="1036" name="Clear_AllowsReuse" fullname="MercuryMessaging.Tests.MmCircularBufferTests.Clear_AllowsReuse" methodname="Clear_AllowsReuse" classname="MercuryMessaging.Tests.MmCircularBufferTests" runstate="Runnable" seed="978082900" result="Passed" start-time="2025-11-25 07:57:27Z" end-time="2025-11-25 07:57:27Z" duration="0.000200" asserts="0">
              <properties>
                <property name="retryIteration" value="0" />
                <property name="repeatIteration" value="0" />
              </properties>
            </test-case>
            <test-case id="1035" name="Clear_RemovesAllItems" fullname="MercuryMessaging.Tests.MmCircularBufferTests.Clear_RemovesAllItems" methodname="Clear_RemovesAllItems" classname="MercuryMessaging.Tests.MmCircularBufferTests" runstate="Runnable" seed="1140152709" result="Passed" start-time="2025-11-25 07:57:27Z" end-time="2025-11-25 07:57:27Z" duration="0.000142" asserts="0">
              <properties>
                <property name="retryIteration" value="0" />
                <property name="repeatIteration" value="0" />
              </properties>
            </test-case>
            <test-case id="1022" name="Constructor_CreatesBufferWithCorrectCapacity" fullname="MercuryMessaging.Tests.MmCircularBufferTests.Constructor_CreatesBufferWithCorrectCapacity" methodname="Constructor_CreatesBufferWithCorrectCapacity" classname="MercuryMessaging.Tests.MmCircularBufferTests" runstate="Runnable" seed="1457833978" result="Passed" start-time="2025-11-25 07:57:27Z" end-time="2025-11-25 07:57:27Z" duration="0.000122" asserts="0">
              <properties>
                <property name="retryIteration" value="0" />
                <property name="repeatIteration" value="0" />
              </properties>
            </test-case>
            <test-case id="1033" name="EmptyBuffer_EnumerationDoesNotThrow" fullname="MercuryMessaging.Tests.MmCircularBufferTests.EmptyBuffer_EnumerationDoesNotThrow" methodname="EmptyBuffer_EnumerationDoesNotThrow" classname="MercuryMessaging.Tests.MmCircularBufferTests" runstate="Runnable" seed="326256510" result="Passed" start-time="2025-11-25 07:57:27Z" end-time="2025-11-25 07:57:27Z" duration="0.000281" asserts="0">
              <properties>
                <property name="retryIteration" value="0" />
                <property name="repeatIteration" value="0" />
              </properties>
            </test-case>
            <test-case id="1032" name="EmptyBuffer_HasZeroCount" fullname="MercuryMessaging.Tests.MmCircularBufferTests.EmptyBuffer_HasZeroCount" methodname="EmptyBuffer_HasZeroCount" classname="MercuryMessaging.Tests.MmCircularBufferTests" runstate="Runnable" seed="218054396" result="Passed" start-time="2025-11-25 07:57:27Z" end-time="2025-11-25 07:57:27Z" duration="0.000133" asserts="0">
              <properties>
                <property name="retryIteration" value="0" />
                <property name="repeatIteration" value="0" />
              </properties>
            </test-case>
            <test-case id="1041" name="Enumeration_LargeBuffer_PerformsEfficiently" fullname="MercuryMessaging.Tests.MmCircularBufferTests.Enumeration_LargeBuffer_PerformsEfficiently" methodname="Enumeration_LargeBuffer_PerformsEfficiently" classname="MercuryMessaging.Tests.MmCircularBufferTests" runstate="Runnable" seed="1130718387" result="Passed" start-time="2025-11-25 07:57:27Z" end-time="2025-11-25 07:57:27Z" duration="0.000372" asserts="0">
              <properties>
                <property name="retryIteration" value="0" />
                <property name="repeatIteration" value="0" />
              </properties>
            </test-case>
            <test-case id="1030" name="GetEnumerator_AfterWrapping_ReturnsCorrectOrder" fullname="MercuryMessaging.Tests.MmCircularBufferTests.GetEnumerator_AfterWrapping_ReturnsCorrectOrder" methodname="GetEnumerator_AfterWrapping_ReturnsCorrectOrder" classname="MercuryMessaging.Tests.MmCircularBufferTests" runstate="Runnable" seed="1815969229" result="Passed" start-time="2025-11-25 07:57:27Z" end-time="2025-11-25 07:57:27Z" duration="0.000186" asserts="0">
              <properties>
                <property name="retryIteration" value="0" />
                <property name="repeatIteration" value="0" />
              </properties>
            </test-case>
            <test-case id="1029" name="GetEnumerator_ReturnsItemsInCorrectOrder" fullname="MercuryMessaging.Tests.MmCircularBufferTests.GetEnumerator_ReturnsItemsInCorrectOrder" methodname="GetEnumerator_ReturnsItemsInCorrectOrder" classname="MercuryMessaging.Tests.MmCircularBufferTests" runstate="Runnable" seed="1719061822" result="Passed" start-time="2025-11-25 07:57:27Z" end-time="2025-11-25 07:57:27Z" duration="0.000329" asserts="0">
              <properties>
                <property name="retryIteration" value="0" />
                <property name="repeatIteration" value="0" />
              </properties>
            </test-case>
            <test-case id="1042" name="Insert_BehavesLikeListInsertAtZero" fullname="MercuryMessaging.Tests.MmCircularBufferTests.Insert_BehavesLikeListInsertAtZero" methodname="Insert_BehavesLikeListInsertAtZero" classname="MercuryMessaging.Tests.MmCircularBufferTests" runstate="Runnable" seed="1067219202" result="Passed" start-time="2025-11-25 07:57:27Z" end-time="2025-11-25 07:57:27Z" duration="0.001084" asserts="0">
              <properties>
                <property name="retryIteration" value="0" />
                <property name="repeatIteration" value="0" />
              </properties>
            </test-case>
            <test-case id="1028" name="Insert_WhenFull_OverwritesOldest" fullname="MercuryMessaging.Tests.MmCircularBufferTests.Insert_WhenFull_OverwritesOldest" methodname="Insert_WhenFull_OverwritesOldest" classname="MercuryMessaging.Tests.MmCircularBufferTests" runstate="Runnable" seed="1206286430" result="Passed" start-time="2025-11-25 07:57:27Z" end-time="2025-11-25 07:57:27Z" duration="0.000302" asserts="0">
              <properties>
                <property name="retryIteration" value="0" />
                <property name="repeatIteration" value="0" />
              </properties>
            </test-case>
            <test-case id="1027" name="Insert_WithIndexZero_AddsToFront" fullname="MercuryMessaging.Tests.MmCircularBufferTests.Insert_WithIndexZero_AddsToFront" methodname="Insert_WithIndexZero_AddsToFront" classname="MercuryMessaging.Tests.MmCircularBufferTests" runstate="Runnable" seed="400557331" result="Passed" start-time="2025-11-25 07:57:27Z" end-time="2025-11-25 07:57:27Z" duration="0.000230" asserts="0">
              <properties>
                <property name="retryIteration" value="0" />
                <property name="repeatIteration" value="0" />
              </properties>
            </test-case>
            <test-case id="1031" name="LINQ_Methods_WorkCorrectly" fullname="MercuryMessaging.Tests.MmCircularBufferTests.LINQ_Methods_WorkCorrectly" methodname="LINQ_Methods_WorkCorrectly" classname="MercuryMessaging.Tests.MmCircularBufferTests" runstate="Runnable" seed="971233033" result="Passed" start-time="2025-11-25 07:57:27Z" end-time="2025-11-25 07:57:27Z" duration="0.001553" asserts="0">
              <properties>
                <property name="retryIteration" value="0" />
                <property name="repeatIteration" value="0" />
              </properties>
            </test-case>
            <test-case id="1034" name="SingleItemBuffer_WorksCorrectly" fullname="MercuryMessaging.Tests.MmCircularBufferTests.SingleItemBuffer_WorksCorrectly" methodname="SingleItemBuffer_WorksCorrectly" classname="MercuryMessaging.Tests.MmCircularBufferTests" runstate="Runnable" seed="1613048588" result="Passed" start-time="2025-11-25 07:57:27Z" end-time="2025-11-25 07:57:27Z" duration="0.000369" asserts="0">
              <properties>
                <property name="retryIteration" value="0" />
                <property name="repeatIteration" value="0" />
              </properties>
            </test-case>
            <test-case id="1043" name="StressTest_AlternatingAddAndInsert" fullname="MercuryMessaging.Tests.MmCircularBufferTests.StressTest_AlternatingAddAndInsert" methodname="StressTest_AlternatingAddAndInsert" classname="MercuryMessaging.Tests.MmCircularBufferTests" runstate="Runnable" seed="1545187836" result="Passed" start-time="2025-11-25 07:57:27Z" end-time="2025-11-25 07:57:27Z" duration="0.000215" asserts="0">
              <properties>
                <property name="retryIteration" value="0" />
                <property name="repeatIteration" value="0" />
              </properties>
            </test-case>
            <test-case id="1044" name="StressTest_ClearAndRefill" fullname="MercuryMessaging.Tests.MmCircularBufferTests.StressTest_ClearAndRefill" methodname="StressTest_ClearAndRefill" classname="MercuryMessaging.Tests.MmCircularBufferTests" runstate="Runnable" seed="1609053253" result="Passed" start-time="2025-11-25 07:57:27Z" end-time="2025-11-25 07:57:27Z" duration="0.000690" asserts="0">
              <properties>
                <property name="retryIteration" value="0" />
                <property name="repeatIteration" value="0" />
              </properties>
            </test-case>
            <test-case id="1039" name="WorksWithComplexTypes" fullname="MercuryMessaging.Tests.MmCircularBufferTests.WorksWithComplexTypes" methodname="WorksWithComplexTypes" classname="MercuryMessaging.Tests.MmCircularBufferTests" runstate="Runnable" seed="2145600788" result="Passed" start-time="2025-11-25 07:57:27Z" end-time="2025-11-25 07:57:27Z" duration="0.000735" asserts="0">
              <properties>
                <property name="retryIteration" value="0" />
                <property name="repeatIteration" value="0" />
              </properties>
            </test-case>
            <test-case id="1038" name="WorksWithNullValues" fullname="MercuryMessaging.Tests.MmCircularBufferTests.WorksWithNullValues" methodname="WorksWithNullValues" classname="MercuryMessaging.Tests.MmCircularBufferTests" runstate="Runnable" seed="682445751" result="Passed" start-time="2025-11-25 07:57:27Z" end-time="2025-11-25 07:57:27Z" duration="0.000217" asserts="0">
              <properties>
                <property name="retryIteration" value="0" />
                <property name="repeatIteration" value="0" />
              </properties>
            </test-case>
            <test-case id="1037" name="WorksWithReferenceTypes" fullname="MercuryMessaging.Tests.MmCircularBufferTests.WorksWithReferenceTypes" methodname="WorksWithReferenceTypes" classname="MercuryMessaging.Tests.MmCircularBufferTests" runstate="Runnable" seed="280230107" result="Passed" start-time="2025-11-25 07:57:27Z" end-time="2025-11-25 07:57:27Z" duration="0.000167" asserts="0">
              <properties>
                <property name="retryIteration" value="0" />
                <property name="repeatIteration" value="0" />
              </properties>
            </test-case>
          </test-suite>
          <test-suite type="TestFixture" id="1235" name="MmExtendableResponderIntegrationTests" fullname="MercuryMessaging.Tests.MmExtendableResponderIntegrationTests" classname="MercuryMessaging.Tests.MmExtendableResponderIntegrationTests" runstate="Runnable" testcasecount="13" result="Passed" start-time="2025-11-25 07:57:27Z" end-time="2025-11-25 07:57:27Z" duration="0.029577" total="13" passed="13" failed="0" inconclusive="0" skipped="0" asserts="0">
            <properties />
            <test-case id="1244" name="Awake_RegistersHandlers_BeforeFirstMessage" fullname="MercuryMessaging.Tests.MmExtendableResponderIntegrationTests.Awake_RegistersHandlers_BeforeFirstMessage" methodname="Awake_RegistersHandlers_BeforeFirstMessage" classname="MercuryMessaging.Tests.MmExtendableResponderIntegrationTests" runstate="Runnable" seed="1803664464" result="Passed" start-time="2025-11-25 07:57:27Z" end-time="2025-11-25 07:57:27Z" duration="0.003733" asserts="0">
              <properties>
                <property name="retryIteration" value="0" />
                <property name="repeatIteration" value="0" />
              </properties>
            </test-case>
            <test-case id="1247" name="BackwardCompatibility_ExistingCodeStillWorks" fullname="MercuryMessaging.Tests.MmExtendableResponderIntegrationTests.BackwardCompatibility_ExistingCodeStillWorks" methodname="BackwardCompatibility_ExistingCodeStillWorks" classname="MercuryMessaging.Tests.MmExtendableResponderIntegrationTests" runstate="Runnable" seed="1597093836" result="Passed" start-time="2025-11-25 07:57:27Z" end-time="2025-11-25 07:57:27Z" duration="0.000797" asserts="0">
              <properties>
                <property name="retryIteration" value="0" />
                <property name="repeatIteration" value="0" />
              </properties>
            </test-case>
            <test-case id="1248" name="HandlerException_DoesNotBreakMessageRouting" fullname="MercuryMessaging.Tests.MmExtendableResponderIntegrationTests.HandlerException_DoesNotBreakMessageRouting" methodname="HandlerException_DoesNotBreakMessageRouting" classname="MercuryMessaging.Tests.MmExtendableResponderIntegrationTests" runstate="Runnable" seed="756897119" result="Passed" start-time="2025-11-25 07:57:27Z" end-time="2025-11-25 07:57:27Z" duration="0.004606" asserts="0">
              <properties>
                <property name="retryIteration" value="0" />
                <property name="repeatIteration" value="0" />
              </properties>
              <output><![CDATA[[TestExtendableResponder] Unhandled custom method: 4000 (4000)
GameObject: Root
Suggestion: Register a handler with RegisterCustomHandler() in Awake():
    RegisterCustomHandler((MmMethod)4000, OnYourHandlerMethod);
[TestExtendableResponder] Error in custom handler for method 4000 (4000): System.InvalidOperationException: Test exception
  at MercuryMessaging.Tests.MmExtendableResponderIntegrationTests+<>c__DisplayClass24_0.<HandlerException_DoesNotBreakMessageRouting>b__0 (MercuryMessaging.MmMessage msg) [0x00007] in C:\Users\yangb\Research\MercuryMessaging\Assets\MercuryMessaging\Tests\MmExtendableResponderIntegrationTests.cs:414 
  at MercuryMessaging.MmExtendableResponder.MmInvoke (MercuryMessaging.MmMessage message) [0x00037] in C:\Users\yangb\Research\MercuryMessaging\Assets\MercuryMessaging\Protocol\MmExtendableResponder.cs:139 
GameObject: Parent
Stack trace:   at MercuryMessaging.Tests.MmExtendableResponderIntegrationTests+<>c__DisplayClass24_0.<HandlerException_DoesNotBreakMessageRouting>b__0 (MercuryMessaging.MmMessage msg) [0x00007] in C:\Users\yangb\Research\MercuryMessaging\Assets\MercuryMessaging\Tests\MmExtendableResponderIntegrationTests.cs:414 
  at MercuryMessaging.MmExtendableResponder.MmInvoke (MercuryMessaging.MmMessage message) [0x00037] in C:\Users\yangb\Research\MercuryMessaging\Assets\MercuryMessaging\Protocol\MmExtendableResponder.cs:139 
[TestExtendableResponder] Unhandled custom method: 4000 (4000)
GameObject: Child
Suggestion: Register a handler with RegisterCustomHandler() in Awake():
    RegisterCustomHandler((MmMethod)4000, OnYourHandlerMethod);
]]></output>
            </test-case>
            <test-case id="1246" name="MixedResponders_BothMmBaseAndMmExtendable_WorkTogether" fullname="MercuryMessaging.Tests.MmExtendableResponderIntegrationTests.MixedResponders_BothMmBaseAndMmExtendable_WorkTogether" methodname="MixedResponders_BothMmBaseAndMmExtendable_WorkTogether" classname="MercuryMessaging.Tests.MmExtendableResponderIntegrationTests" runstate="Runnable" seed="1196772122" result="Passed" start-time="2025-11-25 07:57:27Z" end-time="2025-11-25 07:57:27Z" duration="0.000775" asserts="0">
              <properties>
                <property name="retryIteration" value="0" />
                <property name="repeatIteration" value="0" />
              </properties>
            </test-case>
            <test-case id="1242" name="MmInvoke_ActiveFilter_SkipsInactiveGameObjects" fullname="MercuryMessaging.Tests.MmExtendableResponderIntegrationTests.MmInvoke_ActiveFilter_SkipsInactiveGameObjects" methodname="MmInvoke_ActiveFilter_SkipsInactiveGameObjects" classname="MercuryMessaging.Tests.MmExtendableResponderIntegrationTests" runstate="Runnable" seed="458271185" result="Passed" start-time="2025-11-25 07:57:27Z" end-time="2025-11-25 07:57:27Z" duration="0.000652" asserts="0">
              <properties>
                <property name="retryIteration" value="0" />
                <property name="repeatIteration" value="0" />
              </properties>
            </test-case>
            <test-case id="1243" name="MmInvoke_AllFilter_IncludesInactiveGameObjects" fullname="MercuryMessaging.Tests.MmExtendableResponderIntegrationTests.MmInvoke_AllFilter_IncludesInactiveGameObjects" methodname="MmInvoke_AllFilter_IncludesInactiveGameObjects" classname="MercuryMessaging.Tests.MmExtendableResponderIntegrationTests" runstate="Runnable" seed="280462933" result="Passed" start-time="2025-11-25 07:57:27Z" end-time="2025-11-25 07:57:27Z" duration="0.000762" asserts="0">
              <properties>
                <property name="retryIteration" value="0" />
                <property name="repeatIteration" value="0" />
              </properties>
            </test-case>
            <test-case id="1237" name="MmInvoke_ChildFilter_OnlyReachesChildren" fullname="MercuryMessaging.Tests.MmExtendableResponderIntegrationTests.MmInvoke_ChildFilter_OnlyReachesChildren" methodname="MmInvoke_ChildFilter_OnlyReachesChildren" classname="MercuryMessaging.Tests.MmExtendableResponderIntegrationTests" runstate="Runnable" seed="1723880472" result="Passed" start-time="2025-11-25 07:57:27Z" end-time="2025-11-25 07:57:27Z" duration="0.000556" asserts="0">
              <properties>
                <property name="retryIteration" value="0" />
                <property name="repeatIteration" value="0" />
              </properties>
            </test-case>
            <test-case id="1241" name="MmInvoke_EverythingTag_AllRespondersReceive" fullname="MercuryMessaging.Tests.MmExtendableResponderIntegrationTests.MmInvoke_EverythingTag_AllRespondersReceive" methodname="MmInvoke_EverythingTag_AllRespondersReceive" classname="MercuryMessaging.Tests.MmExtendableResponderIntegrationTests" runstate="Runnable" seed="2075092522" result="Passed" start-time="2025-11-25 07:57:27Z" end-time="2025-11-25 07:57:27Z" duration="0.000487" asserts="0">
              <properties>
                <property name="retryIteration" value="0" />
                <property name="repeatIteration" value="0" />
              </properties>
            </test-case>
            <test-case id="1238" name="MmInvoke_ParentFilter_OnlyReachesParents" fullname="MercuryMessaging.Tests.MmExtendableResponderIntegrationTests.MmInvoke_ParentFilter_OnlyReachesParents" methodname="MmInvoke_ParentFilter_OnlyReachesParents" classname="MercuryMessaging.Tests.MmExtendableResponderIntegrationTests" runstate="Runnable" seed="1321110529" result="Passed" start-time="2025-11-25 07:57:27Z" end-time="2025-11-25 07:57:27Z" duration="0.000762" asserts="0">
              <properties>
                <property name="retryIteration" value="0" />
                <property name="repeatIteration" value="0" />
              </properties>
            </test-case>
            <test-case id="1236" name="MmInvoke_RoutesCustomMessage_ThroughHierarchy" fullname="MercuryMessaging.Tests.MmExtendableResponderIntegrationTests.MmInvoke_RoutesCustomMessage_ThroughHierarchy" methodname="MmInvoke_RoutesCustomMessage_ThroughHierarchy" classname="MercuryMessaging.Tests.MmExtendableResponderIntegrationTests" runstate="Runnable" seed="850537932" result="Passed" start-time="2025-11-25 07:57:27Z" end-time="2025-11-25 07:57:27Z" duration="0.000447" asserts="0">
              <properties>
                <property name="retryIteration" value="0" />
                <property name="repeatIteration" value="0" />
              </properties>
            </test-case>
            <test-case id="1239" name="MmInvoke_StandardMethods_RouteCorrectly" fullname="MercuryMessaging.Tests.MmExtendableResponderIntegrationTests.MmInvoke_StandardMethods_RouteCorrectly" methodname="MmInvoke_StandardMethods_RouteCorrectly" classname="MercuryMessaging.Tests.MmExtendableResponderIntegrationTests" runstate="Runnable" seed="1073086555" result="Passed" start-time="2025-11-25 07:57:27Z" end-time="2025-11-25 07:57:27Z" duration="0.000408" asserts="0">
              <properties>
                <property name="retryIteration" value="0" />
                <property name="repeatIteration" value="0" />
              </properties>
            </test-case>
            <test-case id="1240" name="MmInvoke_TagFilter_OnlyMatchingRespondersReceive" fullname="MercuryMessaging.Tests.MmExtendableResponderIntegrationTests.MmInvoke_TagFilter_OnlyMatchingRespondersReceive" methodname="MmInvoke_TagFilter_OnlyMatchingRespondersReceive" classname="MercuryMessaging.Tests.MmExtendableResponderIntegrationTests" runstate="Runnable" seed="1822351929" result="Passed" start-time="2025-11-25 07:57:27Z" end-time="2025-11-25 07:57:27Z" duration="0.000550" asserts="0">
              <properties>
                <property name="retryIteration" value="0" />
                <property name="repeatIteration" value="0" />
              </properties>
            </test-case>
            <test-case id="1245" name="OnDestroy_CleansUp_WithoutErrors" fullname="MercuryMessaging.Tests.MmExtendableResponderIntegrationTests.OnDestroy_CleansUp_WithoutErrors" methodname="OnDestroy_CleansUp_WithoutErrors" classname="MercuryMessaging.Tests.MmExtendableResponderIntegrationTests" runstate="Runnable" seed="1480936617" result="Passed" start-time="2025-11-25 07:57:27Z" end-time="2025-11-25 07:57:27Z" duration="0.001628" asserts="0">
              <properties>
                <property name="retryIteration" value="0" />
                <property name="repeatIteration" value="0" />
              </properties>
              <reason>
                <message><![CDATA[Object destroyed without errors]]></message>
              </reason>
            </test-case>
          </test-suite>
          <test-suite type="TestFixture" id="1249" name="MmExtendableResponderPerformanceTests" fullname="MercuryMessaging.Tests.MmExtendableResponderPerformanceTests" classname="MercuryMessaging.Tests.MmExtendableResponderPerformanceTests" runstate="Runnable" testcasecount="7" result="Passed" start-time="2025-11-25 07:57:27Z" end-time="2025-11-25 07:57:29Z" duration="1.572098" total="7" passed="7" failed="0" inconclusive="0" skipped="0" asserts="0">
            <properties />
            <test-case id="1250" name="Benchmark_Baseline_StandardMethod" fullname="MercuryMessaging.Tests.MmExtendableResponderPerformanceTests.Benchmark_Baseline_StandardMethod" methodname="Benchmark_Baseline_StandardMethod" classname="MercuryMessaging.Tests.MmExtendableResponderPerformanceTests" runstate="Runnable" seed="984184591" result="Passed" start-time="2025-11-25 07:57:27Z" end-time="2025-11-25 07:57:27Z" duration="0.014028" asserts="0">
              <properties>
                <property name="Category" value="Performance" />
                <property name="retryIteration" value="0" />
                <property name="repeatIteration" value="0" />
              </properties>
              <output><![CDATA[[Baseline] Avg dispatch time: 824.38 ns per message (10000 iterations)
]]></output>
            </test-case>
            <test-case id="1255" name="Benchmark_Comparison_Summary" fullname="MercuryMessaging.Tests.MmExtendableResponderPerformanceTests.Benchmark_Comparison_Summary" methodname="Benchmark_Comparison_Summary" classname="MercuryMessaging.Tests.MmExtendableResponderPerformanceTests" runstate="Runnable" seed="1511529711" result="Passed" start-time="2025-11-25 07:57:27Z" end-time="2025-11-25 07:57:27Z" duration="0.014613" asserts="0">
              <properties>
                <property name="Category" value="Performance" />
                <property name="retryIteration" value="0" />
                <property name="repeatIteration" value="0" />
              </properties>
              <output><![CDATA[
=================================================================
MmExtendableResponder Performance Comparison
=================================================================
Baseline (MmBaseResponder):           630.05 ns/msg
Fast Path (Standard Methods 0-999):   588.94 ns/msg  (93.5% of baseline)
Slow Path (Custom Methods 1000+):     14.58 ns/msg  (0.0x slower)
=================================================================
Iterations: 10,000
Target: Fast path < 2500ns, Slow path < 3000ns (Unity Editor overhead)
Production builds are typically 2-5x faster.
=================================================================

]]></output>
            </test-case>
            <test-case id="1251" name="Benchmark_FastPath_StandardMethod" fullname="MercuryMessaging.Tests.MmExtendableResponderPerformanceTests.Benchmark_FastPath_StandardMethod" methodname="Benchmark_FastPath_StandardMethod" classname="MercuryMessaging.Tests.MmExtendableResponderPerformanceTests" runstate="Runnable" seed="490297335" result="Passed" start-time="2025-11-25 07:57:27Z" end-time="2025-11-25 07:57:27Z" duration="0.007368" asserts="0">
              <properties>
                <property name="Category" value="Performance" />
                <property name="retryIteration" value="0" />
                <property name="repeatIteration" value="0" />
              </properties>
              <output><![CDATA[[Fast Path] Avg dispatch time: 551.10 ns per message (10000 iterations)
]]></output>
            </test-case>
            <test-case id="1254" name="Benchmark_MemoryOverhead" fullname="MercuryMessaging.Tests.MmExtendableResponderPerformanceTests.Benchmark_MemoryOverhead" methodname="Benchmark_MemoryOverhead" classname="MercuryMessaging.Tests.MmExtendableResponderPerformanceTests" runstate="Runnable" seed="606588111" result="Passed" start-time="2025-11-25 07:57:27Z" end-time="2025-11-25 07:57:29Z" duration="1.518927" asserts="0">
              <properties>
                <property name="Category" value="Performance" />
                <property name="retryIteration" value="0" />
                <property name="repeatIteration" value="0" />
              </properties>
              <output><![CDATA[[Memory] Total overhead: -4.00 KB (-40.96 bytes per responder)
]]></output>
            </test-case>
            <test-case id="1256" name="Benchmark_RealWorld_MixedMessages" fullname="MercuryMessaging.Tests.MmExtendableResponderPerformanceTests.Benchmark_RealWorld_MixedMessages" methodname="Benchmark_RealWorld_MixedMessages" classname="MercuryMessaging.Tests.MmExtendableResponderPerformanceTests" runstate="Runnable" seed="1384982600" result="Passed" start-time="2025-11-25 07:57:29Z" end-time="2025-11-25 07:57:29Z" duration="0.002986" asserts="0">
              <properties>
                <property name="Category" value="Performance" />
                <property name="retryIteration" value="0" />
                <property name="repeatIteration" value="0" />
              </properties>
              <output><![CDATA[[Real-World Mix] Avg dispatch time: 148.45 ns per message (10000 iterations)
]]></output>
            </test-case>
            <test-case id="1252" name="Benchmark_SlowPath_CustomMethod" fullname="MercuryMessaging.Tests.MmExtendableResponderPerformanceTests.Benchmark_SlowPath_CustomMethod" methodname="Benchmark_SlowPath_CustomMethod" classname="MercuryMessaging.Tests.MmExtendableResponderPerformanceTests" runstate="Runnable" seed="1257414663" result="Passed" start-time="2025-11-25 07:57:29Z" end-time="2025-11-25 07:57:29Z" duration="0.001139" asserts="0">
              <properties>
                <property name="Category" value="Performance" />
                <property name="retryIteration" value="0" />
                <property name="repeatIteration" value="0" />
              </properties>
              <output><![CDATA[[Slow Path] Avg dispatch time: 11.08 ns per message (10000 iterations)
]]></output>
            </test-case>
            <test-case id="1253" name="Benchmark_SlowPath_MultipleCustomMethods" fullname="MercuryMessaging.Tests.MmExtendableResponderPerformanceTests.Benchmark_SlowPath_MultipleCustomMethods" methodname="Benchmark_SlowPath_MultipleCustomMethods" classname="MercuryMessaging.Tests.MmExtendableResponderPerformanceTests" runstate="Runnable" seed="1166960572" result="Passed" start-time="2025-11-25 07:57:29Z" end-time="2025-11-25 07:57:29Z" duration="0.001008" asserts="0">
              <properties>
                <property name="Category" value="Performance" />
                <property name="retryIteration" value="0" />
                <property name="repeatIteration" value="0" />
              </properties>
              <output><![CDATA[[Slow Path Multi] Avg dispatch time: 21.07 ns per message (10000 iterations)
]]></output>
            </test-case>
          </test-suite>
          <test-suite type="TestFixture" id="1257" name="MmExtendableResponderTests" fullname="MercuryMessaging.Tests.MmExtendableResponderTests" classname="MercuryMessaging.Tests.MmExtendableResponderTests" runstate="Runnable" testcasecount="26" result="Passed" start-time="2025-11-25 07:57:29Z" end-time="2025-11-25 07:57:29Z" duration="0.025072" total="26" passed="26" failed="0" inconclusive="0" skipped="0" asserts="0">
            <properties />
            <test-case id="1281" name="Dictionary_LazyInitialization_UntilFirstRegistration" fullname="MercuryMessaging.Tests.MmExtendableResponderTests.Dictionary_LazyInitialization_UntilFirstRegistration" methodname="Dictionary_LazyInitialization_UntilFirstRegistration" classname="MercuryMessaging.Tests.MmExtendableResponderTests" runstate="Runnable" seed="1163721375" result="Passed" start-time="2025-11-25 07:57:29Z" end-time="2025-11-25 07:57:29Z" duration="0.002125" asserts="0">
              <properties>
                <property name="retryIteration" value="0" />
                <property name="repeatIteration" value="0" />
              </properties>
            </test-case>
            <test-case id="1274" name="HasCustomHandler_ReturnsFalse_BeforeAnyRegistration" fullname="MercuryMessaging.Tests.MmExtendableResponderTests.HasCustomHandler_ReturnsFalse_BeforeAnyRegistration" methodname="HasCustomHandler_ReturnsFalse_BeforeAnyRegistration" classname="MercuryMessaging.Tests.MmExtendableResponderTests" runstate="Runnable" seed="1290639101" result="Passed" start-time="2025-11-25 07:57:29Z" end-time="2025-11-25 07:57:29Z" duration="0.000220" asserts="0">
              <properties>
                <property name="retryIteration" value="0" />
                <property name="repeatIteration" value="0" />
              </properties>
            </test-case>
            <test-case id="1273" name="HasCustomHandler_ReturnsFalse_ForUnregisteredMethod" fullname="MercuryMessaging.Tests.MmExtendableResponderTests.HasCustomHandler_ReturnsFalse_ForUnregisteredMethod" methodname="HasCustomHandler_ReturnsFalse_ForUnregisteredMethod" classname="MercuryMessaging.Tests.MmExtendableResponderTests" runstate="Runnable" seed="1460237540" result="Passed" start-time="2025-11-25 07:57:29Z" end-time="2025-11-25 07:57:29Z" duration="0.000198" asserts="0">
              <properties>
                <property name="retryIteration" value="0" />
                <property name="repeatIteration" value="0" />
              </properties>
            </test-case>
            <test-case id="1272" name="HasCustomHandler_ReturnsTrue_ForRegisteredMethod" fullname="MercuryMessaging.Tests.MmExtendableResponderTests.HasCustomHandler_ReturnsTrue_ForRegisteredMethod" methodname="HasCustomHandler_ReturnsTrue_ForRegisteredMethod" classname="MercuryMessaging.Tests.MmExtendableResponderTests" runstate="Runnable" seed="1003934682" result="Passed" start-time="2025-11-25 07:57:29Z" end-time="2025-11-25 07:57:29Z" duration="0.000318" asserts="0">
              <properties>
                <property name="retryIteration" value="0" />
                <property name="repeatIteration" value="0" />
              </properties>
            </test-case>
            <test-case id="1265" name="MmInvoke_CallsMultipleHandlers_Independently" fullname="MercuryMessaging.Tests.MmExtendableResponderTests.MmInvoke_CallsMultipleHandlers_Independently" methodname="MmInvoke_CallsMultipleHandlers_Independently" classname="MercuryMessaging.Tests.MmExtendableResponderTests" runstate="Runnable" seed="1570413072" result="Passed" start-time="2025-11-25 07:57:29Z" end-time="2025-11-25 07:57:29Z" duration="0.000346" asserts="0">
              <properties>
                <property name="retryIteration" value="0" />
                <property name="repeatIteration" value="0" />
              </properties>
            </test-case>
            <test-case id="1263" name="MmInvoke_CallsRegisteredHandler_ForCustomMethod" fullname="MercuryMessaging.Tests.MmExtendableResponderTests.MmInvoke_CallsRegisteredHandler_ForCustomMethod" methodname="MmInvoke_CallsRegisteredHandler_ForCustomMethod" classname="MercuryMessaging.Tests.MmExtendableResponderTests" runstate="Runnable" seed="1770202815" result="Passed" start-time="2025-11-25 07:57:29Z" end-time="2025-11-25 07:57:29Z" duration="0.000293" asserts="0">
              <properties>
                <property name="retryIteration" value="0" />
                <property name="repeatIteration" value="0" />
              </properties>
            </test-case>
            <test-case id="1275" name="MmInvoke_CatchesHandlerException_AndLogsError" fullname="MercuryMessaging.Tests.MmExtendableResponderTests.MmInvoke_CatchesHandlerException_AndLogsError" methodname="MmInvoke_CatchesHandlerException_AndLogsError" classname="MercuryMessaging.Tests.MmExtendableResponderTests" runstate="Runnable" seed="477023116" result="Passed" start-time="2025-11-25 07:57:29Z" end-time="2025-11-25 07:57:29Z" duration="0.001088" asserts="0">
              <properties>
                <property name="retryIteration" value="0" />
                <property name="repeatIteration" value="0" />
              </properties>
              <output><![CDATA[[TestExtendableResponder] Error in custom handler for method 1000 (1000): System.InvalidOperationException: Test exception
  at MercuryMessaging.Tests.MmExtendableResponderTests+TestExtendableResponder.OnThrowingMethod (MercuryMessaging.MmMessage message) [0x00007] in C:\Users\yangb\Research\MercuryMessaging\Assets\MercuryMessaging\Tests\MmExtendableResponderTests.cs:87 
  at MercuryMessaging.MmExtendableResponder.MmInvoke (MercuryMessaging.MmMessage message) [0x00037] in C:\Users\yangb\Research\MercuryMessaging\Assets\MercuryMessaging\Protocol\MmExtendableResponder.cs:139 
GameObject: TestObject
Stack trace:   at MercuryMessaging.Tests.MmExtendableResponderTests+TestExtendableResponder.OnThrowingMethod (MercuryMessaging.MmMessage message) [0x00007] in C:\Users\yangb\Research\MercuryMessaging\Assets\MercuryMessaging\Tests\MmExtendableResponderTests.cs:87 
  at MercuryMessaging.MmExtendableResponder.MmInvoke (MercuryMessaging.MmMessage message) [0x00037] in C:\Users\yangb\Research\MercuryMessaging\Assets\MercuryMessaging\Protocol\MmExtendableResponder.cs:139 
]]></output>
            </test-case>
            <test-case id="1282" name="MmInvoke_FastPath_UsesBaseResponder_ForStandardMethods" fullname="MercuryMessaging.Tests.MmExtendableResponderTests.MmInvoke_FastPath_UsesBaseResponder_ForStandardMethods" methodname="MmInvoke_FastPath_UsesBaseResponder_ForStandardMethods" classname="MercuryMessaging.Tests.MmExtendableResponderTests" runstate="Runnable" seed="1867987119" result="Passed" start-time="2025-11-25 07:57:29Z" end-time="2025-11-25 07:57:29Z" duration="0.000257" asserts="0">
              <properties>
                <property name="retryIteration" value="0" />
                <property name="repeatIteration" value="0" />
              </properties>
            </test-case>
            <test-case id="1266" name="MmInvoke_HandlerCanModifyInstanceState" fullname="MercuryMessaging.Tests.MmExtendableResponderTests.MmInvoke_HandlerCanModifyInstanceState" methodname="MmInvoke_HandlerCanModifyInstanceState" classname="MercuryMessaging.Tests.MmExtendableResponderTests" runstate="Runnable" seed="1269065439" result="Passed" start-time="2025-11-25 07:57:29Z" end-time="2025-11-25 07:57:29Z" duration="0.000276" asserts="0">
              <properties>
                <property name="retryIteration" value="0" />
                <property name="repeatIteration" value="0" />
              </properties>
            </test-case>
            <test-case id="1277" name="MmInvoke_LogsWarning_ForUnhandledMethod" fullname="MercuryMessaging.Tests.MmExtendableResponderTests.MmInvoke_LogsWarning_ForUnhandledMethod" methodname="MmInvoke_LogsWarning_ForUnhandledMethod" classname="MercuryMessaging.Tests.MmExtendableResponderTests" runstate="Runnable" seed="202592372" result="Passed" start-time="2025-11-25 07:57:29Z" end-time="2025-11-25 07:57:29Z" duration="0.000742" asserts="0">
              <properties>
                <property name="retryIteration" value="0" />
                <property name="repeatIteration" value="0" />
              </properties>
              <output><![CDATA[[TestExtendableResponder] Unhandled custom method: 9999 (9999)
GameObject: TestObject
Suggestion: Register a handler with RegisterCustomHandler() in Awake():
    RegisterCustomHandler((MmMethod)9999, OnYourHandlerMethod);
]]></output>
            </test-case>
            <test-case id="1276" name="MmInvoke_OtherHandlersStillWork_AfterOneThrows" fullname="MercuryMessaging.Tests.MmExtendableResponderTests.MmInvoke_OtherHandlersStillWork_AfterOneThrows" methodname="MmInvoke_OtherHandlersStillWork_AfterOneThrows" classname="MercuryMessaging.Tests.MmExtendableResponderTests" runstate="Runnable" seed="721038485" result="Passed" start-time="2025-11-25 07:57:29Z" end-time="2025-11-25 07:57:29Z" duration="0.000810" asserts="0">
              <properties>
                <property name="retryIteration" value="0" />
                <property name="repeatIteration" value="0" />
              </properties>
              <output><![CDATA[[TestExtendableResponder] Error in custom handler for method 1000 (1000): System.InvalidOperationException: Test exception
  at MercuryMessaging.Tests.MmExtendableResponderTests+TestExtendableResponder.OnThrowingMethod (MercuryMessaging.MmMessage message) [0x00007] in C:\Users\yangb\Research\MercuryMessaging\Assets\MercuryMessaging\Tests\MmExtendableResponderTests.cs:87 
  at MercuryMessaging.MmExtendableResponder.MmInvoke (MercuryMessaging.MmMessage message) [0x00037] in C:\Users\yangb\Research\MercuryMessaging\Assets\MercuryMessaging\Protocol\MmExtendableResponder.cs:139 
GameObject: TestObject
Stack trace:   at MercuryMessaging.Tests.MmExtendableResponderTests+TestExtendableResponder.OnThrowingMethod (MercuryMessaging.MmMessage message) [0x00007] in C:\Users\yangb\Research\MercuryMessaging\Assets\MercuryMessaging\Tests\MmExtendableResponderTests.cs:87 
  at MercuryMessaging.MmExtendableResponder.MmInvoke (MercuryMessaging.MmMessage message) [0x00037] in C:\Users\yangb\Research\MercuryMessaging\Assets\MercuryMessaging\Protocol\MmExtendableResponder.cs:139 
]]></output>
            </test-case>
            <test-case id="1264" name="MmInvoke_PassesCorrectMessage_ToHandler" fullname="MercuryMessaging.Tests.MmExtendableResponderTests.MmInvoke_PassesCorrectMessage_ToHandler" methodname="MmInvoke_PassesCorrectMessage_ToHandler" classname="MercuryMessaging.Tests.MmExtendableResponderTests" runstate="Runnable" seed="745350993" result="Passed" start-time="2025-11-25 07:57:29Z" end-time="2025-11-25 07:57:29Z" duration="0.000255" asserts="0">
              <properties>
                <property name="retryIteration" value="0" />
                <property name="repeatIteration" value="0" />
              </properties>
            </test-case>
            <test-case id="1283" name="MmInvoke_SlowPath_UsesDictionary_ForCustomMethods" fullname="MercuryMessaging.Tests.MmExtendableResponderTests.MmInvoke_SlowPath_UsesDictionary_ForCustomMethods" methodname="MmInvoke_SlowPath_UsesDictionary_ForCustomMethods" classname="MercuryMessaging.Tests.MmExtendableResponderTests" runstate="Runnable" seed="1809789186" result="Passed" start-time="2025-11-25 07:57:29Z" end-time="2025-11-25 07:57:29Z" duration="0.000252" asserts="0">
              <properties>
                <property name="retryIteration" value="0" />
                <property name="repeatIteration" value="0" />
              </properties>
            </test-case>
            <test-case id="1268" name="MmInvoke_StandardMethodsStillWork_Initialize" fullname="MercuryMessaging.Tests.MmExtendableResponderTests.MmInvoke_StandardMethodsStillWork_Initialize" methodname="MmInvoke_StandardMethodsStillWork_Initialize" classname="MercuryMessaging.Tests.MmExtendableResponderTests" runstate="Runnable" seed="1339571831" result="Passed" start-time="2025-11-25 07:57:29Z" end-time="2025-11-25 07:57:29Z" duration="0.000191" asserts="0">
              <properties>
                <property name="retryIteration" value="0" />
                <property name="repeatIteration" value="0" />
              </properties>
            </test-case>
            <test-case id="1267" name="MmInvoke_StandardMethodsStillWork_SetActive" fullname="MercuryMessaging.Tests.MmExtendableResponderTests.MmInvoke_StandardMethodsStillWork_SetActive" methodname="MmInvoke_StandardMethodsStillWork_SetActive" classname="MercuryMessaging.Tests.MmExtendableResponderTests" runstate="Runnable" seed="1535295849" result="Passed" start-time="2025-11-25 07:57:29Z" end-time="2025-11-25 07:57:29Z" duration="0.000196" asserts="0">
              <properties>
                <property name="retryIteration" value="0" />
                <property name="repeatIteration" value="0" />
              </properties>
            </test-case>
            <test-case id="1278" name="OnUnhandledCustomMethod_IsVirtual_AndCanBeOverridden" fullname="MercuryMessaging.Tests.MmExtendableResponderTests.OnUnhandledCustomMethod_IsVirtual_AndCanBeOverridden" methodname="OnUnhandledCustomMethod_IsVirtual_AndCanBeOverridden" classname="MercuryMessaging.Tests.MmExtendableResponderTests" runstate="Runnable" seed="1732860055" result="Passed" start-time="2025-11-25 07:57:29Z" end-time="2025-11-25 07:57:29Z" duration="0.000264" asserts="0">
              <properties>
                <property name="retryIteration" value="0" />
                <property name="repeatIteration" value="0" />
              </properties>
              <reason>
                <message><![CDATA[OnUnhandledCustomMethod is virtual (verified by compilation)]]></message>
              </reason>
            </test-case>
            <test-case id="1280" name="RegisterCustomHandler_CanRegisterManyHandlers" fullname="MercuryMessaging.Tests.MmExtendableResponderTests.RegisterCustomHandler_CanRegisterManyHandlers" methodname="RegisterCustomHandler_CanRegisterManyHandlers" classname="MercuryMessaging.Tests.MmExtendableResponderTests" runstate="Runnable" seed="514317377" result="Passed" start-time="2025-11-25 07:57:29Z" end-time="2025-11-25 07:57:29Z" duration="0.000845" asserts="0">
              <properties>
                <property name="retryIteration" value="0" />
                <property name="repeatIteration" value="0" />
              </properties>
            </test-case>
            <test-case id="1271" name="RegisterCustomHandler_CanReregister_AfterUnregistering" fullname="MercuryMessaging.Tests.MmExtendableResponderTests.RegisterCustomHandler_CanReregister_AfterUnregistering" methodname="RegisterCustomHandler_CanReregister_AfterUnregistering" classname="MercuryMessaging.Tests.MmExtendableResponderTests" runstate="Runnable" seed="1981984988" result="Passed" start-time="2025-11-25 07:57:29Z" end-time="2025-11-25 07:57:29Z" duration="0.000683" asserts="0">
              <properties>
                <property name="retryIteration" value="0" />
                <property name="repeatIteration" value="0" />
              </properties>
            </test-case>
            <test-case id="1279" name="RegisterCustomHandler_Overwrites_WhenRegisteredTwice" fullname="MercuryMessaging.Tests.MmExtendableResponderTests.RegisterCustomHandler_Overwrites_WhenRegisteredTwice" methodname="RegisterCustomHandler_Overwrites_WhenRegisteredTwice" classname="MercuryMessaging.Tests.MmExtendableResponderTests" runstate="Runnable" seed="251020429" result="Passed" start-time="2025-11-25 07:57:29Z" end-time="2025-11-25 07:57:29Z" duration="0.000461" asserts="0">
              <properties>
                <property name="retryIteration" value="0" />
                <property name="repeatIteration" value="0" />
              </properties>
            </test-case>
            <test-case id="1260" name="RegisterCustomHandler_Succeeds_ForMethodEquals1000" fullname="MercuryMessaging.Tests.MmExtendableResponderTests.RegisterCustomHandler_Succeeds_ForMethodEquals1000" methodname="RegisterCustomHandler_Succeeds_ForMethodEquals1000" classname="MercuryMessaging.Tests.MmExtendableResponderTests" runstate="Runnable" seed="1246759576" result="Passed" start-time="2025-11-25 07:57:29Z" end-time="2025-11-25 07:57:29Z" duration="0.000314" asserts="0">
              <properties>
                <property name="retryIteration" value="0" />
                <property name="repeatIteration" value="0" />
              </properties>
            </test-case>
            <test-case id="1261" name="RegisterCustomHandler_Succeeds_ForMethodGreaterThan1000" fullname="MercuryMessaging.Tests.MmExtendableResponderTests.RegisterCustomHandler_Succeeds_ForMethodGreaterThan1000" methodname="RegisterCustomHandler_Succeeds_ForMethodGreaterThan1000" classname="MercuryMessaging.Tests.MmExtendableResponderTests" runstate="Runnable" seed="96010319" result="Passed" start-time="2025-11-25 07:57:29Z" end-time="2025-11-25 07:57:29Z" duration="0.000277" asserts="0">
              <properties>
                <property name="retryIteration" value="0" />
                <property name="repeatIteration" value="0" />
              </properties>
            </test-case>
            <test-case id="1259" name="RegisterCustomHandler_ThrowsException_ForMethodEquals999" fullname="MercuryMessaging.Tests.MmExtendableResponderTests.RegisterCustomHandler_ThrowsException_ForMethodEquals999" methodname="RegisterCustomHandler_ThrowsException_ForMethodEquals999" classname="MercuryMessaging.Tests.MmExtendableResponderTests" runstate="Runnable" seed="2045753894" result="Passed" start-time="2025-11-25 07:57:29Z" end-time="2025-11-25 07:57:29Z" duration="0.000311" asserts="0">
              <properties>
                <property name="retryIteration" value="0" />
                <property name="repeatIteration" value="0" />
              </properties>
            </test-case>
            <test-case id="1258" name="RegisterCustomHandler_ThrowsException_ForMethodLessThan1000" fullname="MercuryMessaging.Tests.MmExtendableResponderTests.RegisterCustomHandler_ThrowsException_ForMethodLessThan1000" methodname="RegisterCustomHandler_ThrowsException_ForMethodLessThan1000" classname="MercuryMessaging.Tests.MmExtendableResponderTests" runstate="Runnable" seed="235484774" result="Passed" start-time="2025-11-25 07:57:29Z" end-time="2025-11-25 07:57:29Z" duration="0.000718" asserts="0">
              <properties>
                <property name="retryIteration" value="0" />
                <property name="repeatIteration" value="0" />
              </properties>
            </test-case>
            <test-case id="1262" name="RegisterCustomHandler_ThrowsException_ForNullHandler" fullname="MercuryMessaging.Tests.MmExtendableResponderTests.RegisterCustomHandler_ThrowsException_ForNullHandler" methodname="RegisterCustomHandler_ThrowsException_ForNullHandler" classname="MercuryMessaging.Tests.MmExtendableResponderTests" runstate="Runnable" seed="1835489780" result="Passed" start-time="2025-11-25 07:57:29Z" end-time="2025-11-25 07:57:29Z" duration="0.000429" asserts="0">
              <properties>
                <property name="retryIteration" value="0" />
                <property name="repeatIteration" value="0" />
              </properties>
            </test-case>
            <test-case id="1270" name="UnregisterCustomHandler_DoesNotThrow_WhenNotRegistered" fullname="MercuryMessaging.Tests.MmExtendableResponderTests.UnregisterCustomHandler_DoesNotThrow_WhenNotRegistered" methodname="UnregisterCustomHandler_DoesNotThrow_WhenNotRegistered" classname="MercuryMessaging.Tests.MmExtendableResponderTests" runstate="Runnable" seed="168224669" result="Passed" start-time="2025-11-25 07:57:29Z" end-time="2025-11-25 07:57:29Z" duration="0.000242" asserts="0">
              <properties>
                <property name="retryIteration" value="0" />
                <property name="repeatIteration" value="0" />
              </properties>
            </test-case>
            <test-case id="1269" name="UnregisterCustomHandler_RemovesHandler" fullname="MercuryMessaging.Tests.MmExtendableResponderTests.UnregisterCustomHandler_RemovesHandler" methodname="UnregisterCustomHandler_RemovesHandler" classname="MercuryMessaging.Tests.MmExtendableResponderTests" runstate="Runnable" seed="1548473746" result="Passed" start-time="2025-11-25 07:57:29Z" end-time="2025-11-25 07:57:29Z" duration="0.000937" asserts="0">
              <properties>
                <property name="retryIteration" value="0" />
                <property name="repeatIteration" value="0" />
              </properties>
              <output><![CDATA[[TestExtendableResponder] Unhandled custom method: 1000 (1000)
GameObject: TestObject
Suggestion: Register a handler with RegisterCustomHandler() in Awake():
    RegisterCustomHandler((MmMethod)1000, OnYourHandlerMethod);
]]></output>
            </test-case>
          </test-suite>
          <test-suite type="TestFixture" id="1284" name="PathSpecificationTests" fullname="MercuryMessaging.Tests.PathSpecificationTests" classname="MercuryMessaging.Tests.PathSpecificationTests" runstate="Runnable" testcasecount="29" result="Passed" start-time="2025-11-25 07:57:29Z" end-time="2025-11-25 07:57:30Z" duration="0.848370" total="29" passed="29" failed="0" inconclusive="0" skipped="0" asserts="0">
            <properties />
            <test-case id="1311" name="InvokeWithPath_Descendant_ReachesAllDescendants" fullname="MercuryMessaging.Tests.PathSpecificationTests.InvokeWithPath_Descendant_ReachesAllDescendants" methodname="InvokeWithPath_Descendant_ReachesAllDescendants" classname="MercuryMessaging.Tests.PathSpecificationTests" runstate="Runnable" seed="1569252637" result="Passed" start-time="2025-11-25 07:57:29Z" end-time="2025-11-25 07:57:29Z" duration="0.139593" asserts="0">
              <properties>
                <property name="_JOINTYPE" value="UnityCombinatorial" />
                <property name="retryIteration" value="0" />
                <property name="repeatIteration" value="0" />
              </properties>
            </test-case>
            <test-case id="1313" name="InvokeWithPath_EmptyPath_ThrowsException" fullname="MercuryMessaging.Tests.PathSpecificationTests.InvokeWithPath_EmptyPath_ThrowsException" methodname="InvokeWithPath_EmptyPath_ThrowsException" classname="MercuryMessaging.Tests.PathSpecificationTests" runstate="Runnable" seed="2069533997" result="Passed" start-time="2025-11-25 07:57:29Z" end-time="2025-11-25 07:57:29Z" duration="0.026071" asserts="0">
              <properties>
                <property name="_JOINTYPE" value="UnityCombinatorial" />
                <property name="retryIteration" value="0" />
                <property name="repeatIteration" value="0" />
              </properties>
            </test-case>
            <test-case id="1312" name="InvokeWithPath_InvalidPath_ThrowsException" fullname="MercuryMessaging.Tests.PathSpecificationTests.InvokeWithPath_InvalidPath_ThrowsException" methodname="InvokeWithPath_InvalidPath_ThrowsException" classname="MercuryMessaging.Tests.PathSpecificationTests" runstate="Runnable" seed="36038939" result="Passed" start-time="2025-11-25 07:57:29Z" end-time="2025-11-25 07:57:29Z" duration="0.026732" asserts="0">
              <properties>
                <property name="_JOINTYPE" value="UnityCombinatorial" />
                <property name="retryIteration" value="0" />
                <property name="repeatIteration" value="0" />
              </properties>
            </test-case>
            <test-case id="1308" name="InvokeWithPath_Parent_DeliversToParent" fullname="MercuryMessaging.Tests.PathSpecificationTests.InvokeWithPath_Parent_DeliversToParent" methodname="InvokeWithPath_Parent_DeliversToParent" classname="MercuryMessaging.Tests.PathSpecificationTests" runstate="Runnable" seed="32173784" result="Passed" start-time="2025-11-25 07:57:29Z" end-time="2025-11-25 07:57:29Z" duration="0.129596" asserts="0">
              <properties>
                <property name="_JOINTYPE" value="UnityCombinatorial" />
                <property name="retryIteration" value="0" />
                <property name="repeatIteration" value="0" />
              </properties>
            </test-case>
            <test-case id="1309" name="InvokeWithPath_ParentSiblingChild_DeliversToCousins" fullname="MercuryMessaging.Tests.PathSpecificationTests.InvokeWithPath_ParentSiblingChild_DeliversToCousins" methodname="InvokeWithPath_ParentSiblingChild_DeliversToCousins" classname="MercuryMessaging.Tests.PathSpecificationTests" runstate="Runnable" seed="442313022" result="Passed" start-time="2025-11-25 07:57:29Z" end-time="2025-11-25 07:57:29Z" duration="0.136258" asserts="0">
              <properties>
                <property name="_JOINTYPE" value="UnityCombinatorial" />
                <property name="retryIteration" value="0" />
                <property name="repeatIteration" value="0" />
              </properties>
            </test-case>
            <test-case id="1310" name="InvokeWithPath_WithParameter_DeliversCorrectly" fullname="MercuryMessaging.Tests.PathSpecificationTests.InvokeWithPath_WithParameter_DeliversCorrectly" methodname="InvokeWithPath_WithParameter_DeliversCorrectly" classname="MercuryMessaging.Tests.PathSpecificationTests" runstate="Runnable" seed="210287788" result="Passed" start-time="2025-11-25 07:57:29Z" end-time="2025-11-25 07:57:29Z" duration="0.145862" asserts="0">
              <properties>
                <property name="_JOINTYPE" value="UnityCombinatorial" />
                <property name="retryIteration" value="0" />
                <property name="repeatIteration" value="0" />
              </properties>
            </test-case>
            <test-case id="1287" name="Parse_AllSegmentTypes_Success" fullname="MercuryMessaging.Tests.PathSpecificationTests.Parse_AllSegmentTypes_Success" methodname="Parse_AllSegmentTypes_Success" classname="MercuryMessaging.Tests.PathSpecificationTests" runstate="Runnable" seed="450272419" result="Passed" start-time="2025-11-25 07:57:29Z" end-time="2025-11-25 07:57:29Z" duration="0.000734" asserts="0">
              <properties>
                <property name="retryIteration" value="0" />
                <property name="repeatIteration" value="0" />
              </properties>
            </test-case>
            <test-case id="1294" name="Parse_Caching_WorksCorrectly" fullname="MercuryMessaging.Tests.PathSpecificationTests.Parse_Caching_WorksCorrectly" methodname="Parse_Caching_WorksCorrectly" classname="MercuryMessaging.Tests.PathSpecificationTests" runstate="Runnable" seed="1363467378" result="Passed" start-time="2025-11-25 07:57:29Z" end-time="2025-11-25 07:57:29Z" duration="0.000325" asserts="0">
              <properties>
                <property name="retryIteration" value="0" />
                <property name="repeatIteration" value="0" />
              </properties>
            </test-case>
            <test-case id="1288" name="Parse_CaseInsensitive_Success" fullname="MercuryMessaging.Tests.PathSpecificationTests.Parse_CaseInsensitive_Success" methodname="Parse_CaseInsensitive_Success" classname="MercuryMessaging.Tests.PathSpecificationTests" runstate="Runnable" seed="2133956879" result="Passed" start-time="2025-11-25 07:57:29Z" end-time="2025-11-25 07:57:29Z" duration="0.000226" asserts="0">
              <properties>
                <property name="retryIteration" value="0" />
                <property name="repeatIteration" value="0" />
              </properties>
            </test-case>
            <test-case id="1298" name="Parse_ConsecutiveWildcards_ThrowsException" fullname="MercuryMessaging.Tests.PathSpecificationTests.Parse_ConsecutiveWildcards_ThrowsException" methodname="Parse_ConsecutiveWildcards_ThrowsException" classname="MercuryMessaging.Tests.PathSpecificationTests" runstate="Runnable" seed="492516488" result="Passed" start-time="2025-11-25 07:57:29Z" end-time="2025-11-25 07:57:29Z" duration="0.000477" asserts="0">
              <properties>
                <property name="retryIteration" value="0" />
                <property name="repeatIteration" value="0" />
              </properties>
            </test-case>
            <test-case id="1290" name="Parse_EmptyPath_ThrowsException" fullname="MercuryMessaging.Tests.PathSpecificationTests.Parse_EmptyPath_ThrowsException" methodname="Parse_EmptyPath_ThrowsException" classname="MercuryMessaging.Tests.PathSpecificationTests" runstate="Runnable" seed="1986393822" result="Passed" start-time="2025-11-25 07:57:29Z" end-time="2025-11-25 07:57:29Z" duration="0.000221" asserts="0">
              <properties>
                <property name="retryIteration" value="0" />
                <property name="repeatIteration" value="0" />
              </properties>
            </test-case>
            <test-case id="1293" name="Parse_InvalidSegment_ThrowsException" fullname="MercuryMessaging.Tests.PathSpecificationTests.Parse_InvalidSegment_ThrowsException" methodname="Parse_InvalidSegment_ThrowsException" classname="MercuryMessaging.Tests.PathSpecificationTests" runstate="Runnable" seed="1104198539" result="Passed" start-time="2025-11-25 07:57:29Z" end-time="2025-11-25 07:57:29Z" duration="0.000207" asserts="0">
              <properties>
                <property name="retryIteration" value="0" />
                <property name="repeatIteration" value="0" />
              </properties>
            </test-case>
            <test-case id="1291" name="Parse_NullPath_ThrowsException" fullname="MercuryMessaging.Tests.PathSpecificationTests.Parse_NullPath_ThrowsException" methodname="Parse_NullPath_ThrowsException" classname="MercuryMessaging.Tests.PathSpecificationTests" runstate="Runnable" seed="1148555846" result="Passed" start-time="2025-11-25 07:57:29Z" end-time="2025-11-25 07:57:29Z" duration="0.000193" asserts="0">
              <properties>
                <property name="retryIteration" value="0" />
                <property name="repeatIteration" value="0" />
              </properties>
            </test-case>
            <test-case id="1292" name="Parse_TrailingSlash_ThrowsException" fullname="MercuryMessaging.Tests.PathSpecificationTests.Parse_TrailingSlash_ThrowsException" methodname="Parse_TrailingSlash_ThrowsException" classname="MercuryMessaging.Tests.PathSpecificationTests" runstate="Runnable" seed="929683270" result="Passed" start-time="2025-11-25 07:57:29Z" end-time="2025-11-25 07:57:29Z" duration="0.000195" asserts="0">
              <properties>
                <property name="retryIteration" value="0" />
                <property name="repeatIteration" value="0" />
              </properties>
            </test-case>
            <test-case id="1286" name="Parse_ValidMultipleSegments_Success" fullname="MercuryMessaging.Tests.PathSpecificationTests.Parse_ValidMultipleSegments_Success" methodname="Parse_ValidMultipleSegments_Success" classname="MercuryMessaging.Tests.PathSpecificationTests" runstate="Runnable" seed="1166201837" result="Passed" start-time="2025-11-25 07:57:29Z" end-time="2025-11-25 07:57:29Z" duration="0.000219" asserts="0">
              <properties>
                <property name="retryIteration" value="0" />
                <property name="repeatIteration" value="0" />
              </properties>
            </test-case>
            <test-case id="1285" name="Parse_ValidSingleSegment_Success" fullname="MercuryMessaging.Tests.PathSpecificationTests.Parse_ValidSingleSegment_Success" methodname="Parse_ValidSingleSegment_Success" classname="MercuryMessaging.Tests.PathSpecificationTests" runstate="Runnable" seed="1480085857" result="Passed" start-time="2025-11-25 07:57:29Z" end-time="2025-11-25 07:57:29Z" duration="0.000161" asserts="0">
              <properties>
                <property name="retryIteration" value="0" />
                <property name="repeatIteration" value="0" />
              </properties>
            </test-case>
            <test-case id="1296" name="Parse_WildcardFirst_ThrowsException" fullname="MercuryMessaging.Tests.PathSpecificationTests.Parse_WildcardFirst_ThrowsException" methodname="Parse_WildcardFirst_ThrowsException" classname="MercuryMessaging.Tests.PathSpecificationTests" runstate="Runnable" seed="2111610858" result="Passed" start-time="2025-11-25 07:57:29Z" end-time="2025-11-25 07:57:29Z" duration="0.000496" asserts="0">
              <properties>
                <property name="retryIteration" value="0" />
                <property name="repeatIteration" value="0" />
              </properties>
            </test-case>
            <test-case id="1297" name="Parse_WildcardLast_ThrowsException" fullname="MercuryMessaging.Tests.PathSpecificationTests.Parse_WildcardLast_ThrowsException" methodname="Parse_WildcardLast_ThrowsException" classname="MercuryMessaging.Tests.PathSpecificationTests" runstate="Runnable" seed="1577861289" result="Passed" start-time="2025-11-25 07:57:29Z" end-time="2025-11-25 07:57:29Z" duration="0.000255" asserts="0">
              <properties>
                <property name="retryIteration" value="0" />
                <property name="repeatIteration" value="0" />
              </properties>
            </test-case>
            <test-case id="1295" name="Parse_WildcardMiddle_Success" fullname="MercuryMessaging.Tests.PathSpecificationTests.Parse_WildcardMiddle_Success" methodname="Parse_WildcardMiddle_Success" classname="MercuryMessaging.Tests.PathSpecificationTests" runstate="Runnable" seed="1382765468" result="Passed" start-time="2025-11-25 07:57:29Z" end-time="2025-11-25 07:57:29Z" duration="0.000200" asserts="0">
              <properties>
                <property name="retryIteration" value="0" />
                <property name="repeatIteration" value="0" />
              </properties>
            </test-case>
            <test-case id="1289" name="Parse_WithWhitespace_Success" fullname="MercuryMessaging.Tests.PathSpecificationTests.Parse_WithWhitespace_Success" methodname="Parse_WithWhitespace_Success" classname="MercuryMessaging.Tests.PathSpecificationTests" runstate="Runnable" seed="1673409911" result="Passed" start-time="2025-11-25 07:57:29Z" end-time="2025-11-25 07:57:29Z" duration="0.000128" asserts="0">
              <properties>
                <property name="retryIteration" value="0" />
                <property name="repeatIteration" value="0" />
              </properties>
            </test-case>
            <test-case id="1305" name="Resolve_Ancestor_FindsAllAncestors" fullname="MercuryMessaging.Tests.PathSpecificationTests.Resolve_Ancestor_FindsAllAncestors" methodname="Resolve_Ancestor_FindsAllAncestors" classname="MercuryMessaging.Tests.PathSpecificationTests" runstate="Runnable" seed="1539482137" result="Passed" start-time="2025-11-25 07:57:29Z" end-time="2025-11-25 07:57:29Z" duration="0.028296" asserts="0">
              <properties>
                <property name="_JOINTYPE" value="UnityCombinatorial" />
                <property name="retryIteration" value="0" />
                <property name="repeatIteration" value="0" />
              </properties>
            </test-case>
            <test-case id="1300" name="Resolve_Child_FindsChildren" fullname="MercuryMessaging.Tests.PathSpecificationTests.Resolve_Child_FindsChildren" methodname="Resolve_Child_FindsChildren" classname="MercuryMessaging.Tests.PathSpecificationTests" runstate="Runnable" seed="699282627" result="Passed" start-time="2025-11-25 07:57:29Z" end-time="2025-11-25 07:57:29Z" duration="0.021726" asserts="0">
              <properties>
                <property name="_JOINTYPE" value="UnityCombinatorial" />
                <property name="retryIteration" value="0" />
                <property name="repeatIteration" value="0" />
              </properties>
            </test-case>
            <test-case id="1304" name="Resolve_Descendant_FindsAllDescendants" fullname="MercuryMessaging.Tests.PathSpecificationTests.Resolve_Descendant_FindsAllDescendants" methodname="Resolve_Descendant_FindsAllDescendants" classname="MercuryMessaging.Tests.PathSpecificationTests" runstate="Runnable" seed="989295718" result="Passed" start-time="2025-11-25 07:57:29Z" end-time="2025-11-25 07:57:29Z" duration="0.024943" asserts="0">
              <properties>
                <property name="_JOINTYPE" value="UnityCombinatorial" />
                <property name="retryIteration" value="0" />
                <property name="repeatIteration" value="0" />
              </properties>
            </test-case>
            <test-case id="1299" name="Resolve_Parent_FindsParent" fullname="MercuryMessaging.Tests.PathSpecificationTests.Resolve_Parent_FindsParent" methodname="Resolve_Parent_FindsParent" classname="MercuryMessaging.Tests.PathSpecificationTests" runstate="Runnable" seed="722924476" result="Passed" start-time="2025-11-25 07:57:29Z" end-time="2025-11-25 07:57:29Z" duration="0.022167" asserts="0">
              <properties>
                <property name="_JOINTYPE" value="UnityCombinatorial" />
                <property name="retryIteration" value="0" />
                <property name="repeatIteration" value="0" />
              </properties>
            </test-case>
            <test-case id="1302" name="Resolve_ParentSibling_FindsParentsSiblings" fullname="MercuryMessaging.Tests.PathSpecificationTests.Resolve_ParentSibling_FindsParentsSiblings" methodname="Resolve_ParentSibling_FindsParentsSiblings" classname="MercuryMessaging.Tests.PathSpecificationTests" runstate="Runnable" seed="687798459" result="Passed" start-time="2025-11-25 07:57:29Z" end-time="2025-11-25 07:57:29Z" duration="0.024209" asserts="0">
              <properties>
                <property name="_JOINTYPE" value="UnityCombinatorial" />
                <property name="retryIteration" value="0" />
                <property name="repeatIteration" value="0" />
              </properties>
            </test-case>
            <test-case id="1303" name="Resolve_ParentSiblingChild_FindsCousins" fullname="MercuryMessaging.Tests.PathSpecificationTests.Resolve_ParentSiblingChild_FindsCousins" methodname="Resolve_ParentSiblingChild_FindsCousins" classname="MercuryMessaging.Tests.PathSpecificationTests" runstate="Runnable" seed="434916487" result="Passed" start-time="2025-11-25 07:57:29Z" end-time="2025-11-25 07:57:29Z" duration="0.027170" asserts="0">
              <properties>
                <property name="_JOINTYPE" value="UnityCombinatorial" />
                <property name="retryIteration" value="0" />
                <property name="repeatIteration" value="0" />
              </properties>
            </test-case>
            <test-case id="1307" name="Resolve_ParentWildcardChild_FindsAllSiblingsChildren" fullname="MercuryMessaging.Tests.PathSpecificationTests.Resolve_ParentWildcardChild_FindsAllSiblingsChildren" methodname="Resolve_ParentWildcardChild_FindsAllSiblingsChildren" classname="MercuryMessaging.Tests.PathSpecificationTests" runstate="Runnable" seed="450009465" result="Passed" start-time="2025-11-25 07:57:29Z" end-time="2025-11-25 07:57:30Z" duration="0.026111" asserts="0">
              <properties>
                <property name="_JOINTYPE" value="UnityCombinatorial" />
                <property name="retryIteration" value="0" />
                <property name="repeatIteration" value="0" />
              </properties>
            </test-case>
            <test-case id="1306" name="Resolve_Self_FindsSelf" fullname="MercuryMessaging.Tests.PathSpecificationTests.Resolve_Self_FindsSelf" methodname="Resolve_Self_FindsSelf" classname="MercuryMessaging.Tests.PathSpecificationTests" runstate="Runnable" seed="1708803330" result="Passed" start-time="2025-11-25 07:57:30Z" end-time="2025-11-25 07:57:30Z" duration="0.025465" asserts="0">
              <properties>
                <property name="_JOINTYPE" value="UnityCombinatorial" />
                <property name="retryIteration" value="0" />
                <property name="repeatIteration" value="0" />
              </properties>
            </test-case>
            <test-case id="1301" name="Resolve_Sibling_FindsSiblings" fullname="MercuryMessaging.Tests.PathSpecificationTests.Resolve_Sibling_FindsSiblings" methodname="Resolve_Sibling_FindsSiblings" classname="MercuryMessaging.Tests.PathSpecificationTests" runstate="Runnable" seed="1809358113" result="Passed" start-time="2025-11-25 07:57:30Z" end-time="2025-11-25 07:57:30Z" duration="0.024044" asserts="0">
              <properties>
                <property name="_JOINTYPE" value="UnityCombinatorial" />
                <property name="retryIteration" value="0" />
                <property name="repeatIteration" value="0" />
              </properties>
              <output><![CDATA[Saving results to: C:/Users/yangb/AppData/LocalLow/DefaultCompany/MercuryMessaging\TestResults.xml
]]></output>
            </test-case>
          </test-suite>
        </test-suite>
      </test-suite>
    </test-suite>
  </test-suite>
</test-run>