<?xml version="1.0" encoding="utf-8"?>
<test-run id="2" testcasecount="292" result="Failed(Child)" total="292" passed="286" failed="6" inconclusive="0" skipped="0" asserts="0" engine-version="3.5.0.0" clr-version="4.0.30319.42000" start-time="2025-11-25 05:38:14Z" end-time="2025-11-25 05:38:31Z" duration="17.6979594">
  <test-suite type="TestSuite" id="1320" name="MercuryMessaging" fullname="MercuryMessaging" runstate="Runnable" testcasecount="292" result="Failed" site="Child" start-time="2025-11-25 05:38:14Z" end-time="2025-11-25 05:38:31Z" duration="17.697959" total="292" passed="286" failed="6" inconclusive="0" skipped="0" asserts="0">
    <properties>
      <property name="platform" value="PlayMode" />
    </properties>
    <failure>
      <message><![CDATA[One or more child tests had errors]]></message>
    </failure>
    <test-suite type="Assembly" id="1314" name="MercuryMessaging.Tests.dll" fullname="C:/Users/yangb/Research/MercuryMessaging/Library/ScriptAssemblies/MercuryMessaging.Tests.dll" runstate="Runnable" testcasecount="292" result="Failed" site="Child" start-time="2025-11-25 05:38:14Z" end-time="2025-11-25 05:38:31Z" duration="17.680545" total="292" passed="286" failed="6" inconclusive="0" skipped="0" asserts="0">
      <properties>
        <property name="_PID" value="19808" />
        <property name="_APPDOMAIN" value="Unity Child Domain" />
        <property name="platform" value="PlayMode" />
        <property name="EditorOnly" value="False" />
      </properties>
      <failure>
        <message><![CDATA[One or more child tests had errors]]></message>
      </failure>
      <test-suite type="TestSuite" id="1315" name="MercuryMessaging" fullname="MercuryMessaging" runstate="Runnable" testcasecount="292" result="Failed" site="Child" start-time="2025-11-25 05:38:14Z" end-time="2025-11-25 05:38:31Z" duration="17.672717" total="292" passed="286" failed="6" inconclusive="0" skipped="0" asserts="0">
        <properties />
        <failure>
          <message><![CDATA[One or more child tests had errors]]></message>
        </failure>
        <test-suite type="TestSuite" id="1316" name="Tests" fullname="MercuryMessaging.Tests" runstate="Runnable" testcasecount="292" result="Failed" site="Child" start-time="2025-11-25 05:38:14Z" end-time="2025-11-25 05:38:31Z" duration="17.665260" total="292" passed="286" failed="6" inconclusive="0" skipped="0" asserts="0">
          <properties />
          <failure>
            <message><![CDATA[One or more child tests had errors]]></message>
          </failure>
          <test-suite type="TestFixture" id="1001" name="AdvancedRoutingTests" fullname="MercuryMessaging.Tests.AdvancedRoutingTests" classname="MercuryMessaging.Tests.AdvancedRoutingTests" runstate="Runnable" testcasecount="9" result="Passed" start-time="2025-11-25 05:38:14Z" end-time="2025-11-25 05:38:15Z" duration="1.247362" total="9" passed="9" failed="0" inconclusive="0" skipped="0" asserts="0">
            <properties />
            <test-case id="1007" name="AncestorsRouting_ReachesAllParents" fullname="MercuryMessaging.Tests.AdvancedRoutingTests.AncestorsRouting_ReachesAllParents" methodname="AncestorsRouting_ReachesAllParents" classname="MercuryMessaging.Tests.AdvancedRoutingTests" runstate="Runnable" seed="1576697010" result="Passed" start-time="2025-11-25 05:38:14Z" end-time="2025-11-25 05:38:14Z" duration="0.162101" asserts="0">
              <properties>
                <property name="_JOINTYPE" value="UnityCombinatorial" />
                <property name="retryIteration" value="0" />
                <property name="repeatIteration" value="0" />
              </properties>
              <output><![CDATA[[PASS] Ancestors routing reaches all ancestor nodes
]]></output>
            </test-case>
            <test-case id="1010" name="CombinedFilters_SelfAndSiblings_Works" fullname="MercuryMessaging.Tests.AdvancedRoutingTests.CombinedFilters_SelfAndSiblings_Works" methodname="CombinedFilters_SelfAndSiblings_Works" classname="MercuryMessaging.Tests.AdvancedRoutingTests" runstate="Runnable" seed="1963842352" result="Passed" start-time="2025-11-25 05:38:14Z" end-time="2025-11-25 05:38:14Z" duration="0.130617" asserts="0">
              <properties>
                <property name="_JOINTYPE" value="UnityCombinatorial" />
                <property name="retryIteration" value="0" />
                <property name="repeatIteration" value="0" />
              </properties>
              <output><![CDATA[[PASS] Combined filters (Self + Siblings) work correctly
]]></output>
            </test-case>
            <test-case id="1004" name="CousinsRouting_WithLateralEnabled_ReachesCousins" fullname="MercuryMessaging.Tests.AdvancedRoutingTests.CousinsRouting_WithLateralEnabled_ReachesCousins" methodname="CousinsRouting_WithLateralEnabled_ReachesCousins" classname="MercuryMessaging.Tests.AdvancedRoutingTests" runstate="Runnable" seed="2048752264" result="Passed" start-time="2025-11-25 05:38:14Z" end-time="2025-11-25 05:38:14Z" duration="0.134175" asserts="0">
              <properties>
                <property name="_JOINTYPE" value="UnityCombinatorial" />
                <property name="retryIteration" value="0" />
                <property name="repeatIteration" value="0" />
              </properties>
              <output><![CDATA[[PASS] Cousins routing reaches cousin nodes correctly
]]></output>
            </test-case>
            <test-case id="1009" name="CustomFilter_WithoutPredicate_Blocked" fullname="MercuryMessaging.Tests.AdvancedRoutingTests.CustomFilter_WithoutPredicate_Blocked" methodname="CustomFilter_WithoutPredicate_Blocked" classname="MercuryMessaging.Tests.AdvancedRoutingTests" runstate="Runnable" seed="1423584575" result="Passed" start-time="2025-11-25 05:38:14Z" end-time="2025-11-25 05:38:14Z" duration="0.124538" asserts="0">
              <properties>
                <property name="_JOINTYPE" value="UnityCombinatorial" />
                <property name="retryIteration" value="0" />
                <property name="repeatIteration" value="0" />
              </properties>
              <output><![CDATA[[PASS] Custom filter blocked without predicate
]]></output>
            </test-case>
            <test-case id="1008" name="CustomFilter_WithPredicate_FiltersCorrectly" fullname="MercuryMessaging.Tests.AdvancedRoutingTests.CustomFilter_WithPredicate_FiltersCorrectly" methodname="CustomFilter_WithPredicate_FiltersCorrectly" classname="MercuryMessaging.Tests.AdvancedRoutingTests" runstate="Runnable" seed="880361406" result="Passed" start-time="2025-11-25 05:38:14Z" end-time="2025-11-25 05:38:14Z" duration="0.135593" asserts="0">
              <properties>
                <property name="_JOINTYPE" value="UnityCombinatorial" />
                <property name="retryIteration" value="0" />
                <property name="repeatIteration" value="0" />
              </properties>
              <output><![CDATA[[PASS] Custom filter applies predicate correctly
]]></output>
            </test-case>
            <test-case id="1006" name="DescendantsRouting_PreventsCircularLoops" fullname="MercuryMessaging.Tests.AdvancedRoutingTests.DescendantsRouting_PreventsCircularLoops" methodname="DescendantsRouting_PreventsCircularLoops" classname="MercuryMessaging.Tests.AdvancedRoutingTests" runstate="Runnable" seed="1675501832" result="Passed" start-time="2025-11-25 05:38:14Z" end-time="2025-11-25 05:38:15Z" duration="0.139071" asserts="0">
              <properties>
                <property name="_JOINTYPE" value="UnityCombinatorial" />
                <property name="retryIteration" value="0" />
                <property name="repeatIteration" value="0" />
              </properties>
              <output><![CDATA[[PASS] Descendants routing handles multiple sends correctly
]]></output>
            </test-case>
            <test-case id="1005" name="DescendantsRouting_ReachesAllChildren" fullname="MercuryMessaging.Tests.AdvancedRoutingTests.DescendantsRouting_ReachesAllChildren" methodname="DescendantsRouting_ReachesAllChildren" classname="MercuryMessaging.Tests.AdvancedRoutingTests" runstate="Runnable" seed="816190100" result="Passed" start-time="2025-11-25 05:38:15Z" end-time="2025-11-25 05:38:15Z" duration="0.142942" asserts="0">
              <properties>
                <property name="_JOINTYPE" value="UnityCombinatorial" />
                <property name="retryIteration" value="0" />
                <property name="repeatIteration" value="0" />
              </properties>
              <output><![CDATA[[PASS] Descendants routing reaches all descendant nodes
]]></output>
            </test-case>
            <test-case id="1002" name="SiblingsRouting_WithLateralEnabled_ReachesSiblings" fullname="MercuryMessaging.Tests.AdvancedRoutingTests.SiblingsRouting_WithLateralEnabled_ReachesSiblings" methodname="SiblingsRouting_WithLateralEnabled_ReachesSiblings" classname="MercuryMessaging.Tests.AdvancedRoutingTests" runstate="Runnable" seed="707969706" result="Passed" start-time="2025-11-25 05:38:15Z" end-time="2025-11-25 05:38:15Z" duration="0.130796" asserts="0">
              <properties>
                <property name="_JOINTYPE" value="UnityCombinatorial" />
                <property name="retryIteration" value="0" />
                <property name="repeatIteration" value="0" />
              </properties>
              <output><![CDATA[[PASS] Siblings routing reaches sibling nodes correctly
]]></output>
            </test-case>
            <test-case id="1003" name="SiblingsRouting_WithoutLateralEnabled_Blocked" fullname="MercuryMessaging.Tests.AdvancedRoutingTests.SiblingsRouting_WithoutLateralEnabled_Blocked" methodname="SiblingsRouting_WithoutLateralEnabled_Blocked" classname="MercuryMessaging.Tests.AdvancedRoutingTests" runstate="Runnable" seed="1091566404" result="Passed" start-time="2025-11-25 05:38:15Z" end-time="2025-11-25 05:38:15Z" duration="0.122348" asserts="0">
              <properties>
                <property name="_JOINTYPE" value="UnityCombinatorial" />
                <property name="retryIteration" value="0" />
                <property name="repeatIteration" value="0" />
              </properties>
              <output><![CDATA[[PASS] Siblings routing blocked without lateral routing enabled
]]></output>
            </test-case>
          </test-suite>
          <test-suite type="TestFixture" id="1045" name="CycleDetectionValidationTests" fullname="MercuryMessaging.Tests.CycleDetectionValidationTests" classname="MercuryMessaging.Tests.CycleDetectionValidationTests" runstate="Runnable" testcasecount="5" result="Passed" start-time="2025-11-25 05:38:15Z" end-time="2025-11-25 05:38:15Z" duration="0.343924" total="5" passed="5" failed="0" inconclusive="0" skipped="0" asserts="0">
            <properties />
            <output><![CDATA[
IgnoreFailingMessages:true
]]></output>
            <test-case id="1048" name="CycleDetection_CanBeDisabled" fullname="MercuryMessaging.Tests.CycleDetectionValidationTests.CycleDetection_CanBeDisabled" methodname="CycleDetection_CanBeDisabled" classname="MercuryMessaging.Tests.CycleDetectionValidationTests" runstate="Runnable" seed="286911199" result="Passed" start-time="2025-11-25 05:38:15Z" end-time="2025-11-25 05:38:15Z" duration="0.028673" asserts="0">
              <properties>
                <property name="_JOINTYPE" value="UnityCombinatorial" />
                <property name="retryIteration" value="0" />
                <property name="repeatIteration" value="0" />
              </properties>
              <output><![CDATA[[QW-1 PASS] Cycle detection can be toggled via enableCycleDetection flag
]]></output>
            </test-case>
            <test-case id="1050" name="CycleDetection_IndependentMessageTracking" fullname="MercuryMessaging.Tests.CycleDetectionValidationTests.CycleDetection_IndependentMessageTracking" methodname="CycleDetection_IndependentMessageTracking" classname="MercuryMessaging.Tests.CycleDetectionValidationTests" runstate="Runnable" seed="179401869" result="Passed" start-time="2025-11-25 05:38:15Z" end-time="2025-11-25 05:38:15Z" duration="0.025104" asserts="0">
              <properties>
                <property name="_JOINTYPE" value="UnityCombinatorial" />
                <property name="retryIteration" value="0" />
                <property name="repeatIteration" value="0" />
              </properties>
              <output><![CDATA[[QW-1 PASS] Different messages have independent cycle tracking
]]></output>
            </test-case>
            <test-case id="1046" name="CycleDetection_InfrastructureExists" fullname="MercuryMessaging.Tests.CycleDetectionValidationTests.CycleDetection_InfrastructureExists" methodname="CycleDetection_InfrastructureExists" classname="MercuryMessaging.Tests.CycleDetectionValidationTests" runstate="Runnable" seed="661596041" result="Passed" start-time="2025-11-25 05:38:15Z" end-time="2025-11-25 05:38:15Z" duration="0.127950" asserts="0">
              <properties>
                <property name="_JOINTYPE" value="UnityCombinatorial" />
                <property name="retryIteration" value="0" />
                <property name="repeatIteration" value="0" />
              </properties>
              <output><![CDATA[[QW-1 PASS] Cycle detection infrastructure working, tracked 1 visits
]]></output>
            </test-case>
            <test-case id="1047" name="CycleDetection_PreventsRevisits" fullname="MercuryMessaging.Tests.CycleDetectionValidationTests.CycleDetection_PreventsRevisits" methodname="CycleDetection_PreventsRevisits" classname="MercuryMessaging.Tests.CycleDetectionValidationTests" runstate="Runnable" seed="1175494939" result="Passed" start-time="2025-11-25 05:38:15Z" end-time="2025-11-25 05:38:15Z" duration="0.025970" asserts="0">
              <properties>
                <property name="_JOINTYPE" value="UnityCombinatorial" />
                <property name="retryIteration" value="0" />
                <property name="repeatIteration" value="0" />
              </properties>
              <output><![CDATA[[QW-1 PASS] Cycle detection prevents message re-entry
]]></output>
            </test-case>
            <test-case id="1049" name="CycleDetection_TracksMultipleNodes" fullname="MercuryMessaging.Tests.CycleDetectionValidationTests.CycleDetection_TracksMultipleNodes" methodname="CycleDetection_TracksMultipleNodes" classname="MercuryMessaging.Tests.CycleDetectionValidationTests" runstate="Runnable" seed="1733863149" result="Passed" start-time="2025-11-25 05:38:15Z" end-time="2025-11-25 05:38:15Z" duration="0.127753" asserts="0">
              <properties>
                <property name="_JOINTYPE" value="UnityCombinatorial" />
                <property name="retryIteration" value="0" />
                <property name="repeatIteration" value="0" />
              </properties>
              <output><![CDATA[[QW-1 PASS] Tracked 5 nodes in 5-node chain
]]></output>
            </test-case>
          </test-suite>
          <test-suite type="TestFixture" id="1051" name="FilterCacheValidationTests" fullname="MercuryMessaging.Tests.FilterCacheValidationTests" classname="MercuryMessaging.Tests.FilterCacheValidationTests" runstate="Runnable" testcasecount="12" result="Passed" start-time="2025-11-25 05:38:15Z" end-time="2025-11-25 05:38:15Z" duration="0.026597" total="12" passed="12" failed="0" inconclusive="0" skipped="0" asserts="0">
            <properties />
            <test-case id="1061" name="Test_CacheHandles_EmptyRoutingTable" fullname="MercuryMessaging.Tests.FilterCacheValidationTests.Test_CacheHandles_EmptyRoutingTable" methodname="Test_CacheHandles_EmptyRoutingTable" classname="MercuryMessaging.Tests.FilterCacheValidationTests" runstate="Runnable" seed="1202227187" result="Passed" start-time="2025-11-25 05:38:15Z" end-time="2025-11-25 05:38:15Z" duration="0.005346" asserts="0">
              <properties>
                <property name="retryIteration" value="0" />
                <property name="repeatIteration" value="0" />
              </properties>
            </test-case>
            <test-case id="1060" name="Test_CacheHitRate_Increases" fullname="MercuryMessaging.Tests.FilterCacheValidationTests.Test_CacheHitRate_Increases" methodname="Test_CacheHitRate_Increases" classname="MercuryMessaging.Tests.FilterCacheValidationTests" runstate="Runnable" seed="685361212" result="Passed" start-time="2025-11-25 05:38:15Z" end-time="2025-11-25 05:38:15Z" duration="0.001265" asserts="0">
              <properties>
                <property name="retryIteration" value="0" />
                <property name="repeatIteration" value="0" />
              </properties>
            </test-case>
            <test-case id="1053" name="Test_CacheInvalidation_OnAdd" fullname="MercuryMessaging.Tests.FilterCacheValidationTests.Test_CacheInvalidation_OnAdd" methodname="Test_CacheInvalidation_OnAdd" classname="MercuryMessaging.Tests.FilterCacheValidationTests" runstate="Runnable" seed="2058531818" result="Passed" start-time="2025-11-25 05:38:15Z" end-time="2025-11-25 05:38:15Z" duration="0.000547" asserts="0">
              <properties>
                <property name="retryIteration" value="0" />
                <property name="repeatIteration" value="0" />
              </properties>
            </test-case>
            <test-case id="1056" name="Test_CacheInvalidation_OnClear" fullname="MercuryMessaging.Tests.FilterCacheValidationTests.Test_CacheInvalidation_OnClear" methodname="Test_CacheInvalidation_OnClear" classname="MercuryMessaging.Tests.FilterCacheValidationTests" runstate="Runnable" seed="118681583" result="Passed" start-time="2025-11-25 05:38:15Z" end-time="2025-11-25 05:38:15Z" duration="0.000457" asserts="0">
              <properties>
                <property name="retryIteration" value="0" />
                <property name="repeatIteration" value="0" />
              </properties>
            </test-case>
            <test-case id="1057" name="Test_CacheInvalidation_OnIndexerSet" fullname="MercuryMessaging.Tests.FilterCacheValidationTests.Test_CacheInvalidation_OnIndexerSet" methodname="Test_CacheInvalidation_OnIndexerSet" classname="MercuryMessaging.Tests.FilterCacheValidationTests" runstate="Runnable" seed="1593665169" result="Passed" start-time="2025-11-25 05:38:15Z" end-time="2025-11-25 05:38:15Z" duration="0.000484" asserts="0">
              <properties>
                <property name="retryIteration" value="0" />
                <property name="repeatIteration" value="0" />
              </properties>
            </test-case>
            <test-case id="1063" name="Test_CacheInvalidation_OnInsert" fullname="MercuryMessaging.Tests.FilterCacheValidationTests.Test_CacheInvalidation_OnInsert" methodname="Test_CacheInvalidation_OnInsert" classname="MercuryMessaging.Tests.FilterCacheValidationTests" runstate="Runnable" seed="536751957" result="Passed" start-time="2025-11-25 05:38:15Z" end-time="2025-11-25 05:38:15Z" duration="0.000662" asserts="0">
              <properties>
                <property name="retryIteration" value="0" />
                <property name="repeatIteration" value="0" />
              </properties>
            </test-case>
            <test-case id="1054" name="Test_CacheInvalidation_OnRemove" fullname="MercuryMessaging.Tests.FilterCacheValidationTests.Test_CacheInvalidation_OnRemove" methodname="Test_CacheInvalidation_OnRemove" classname="MercuryMessaging.Tests.FilterCacheValidationTests" runstate="Runnable" seed="1703010440" result="Passed" start-time="2025-11-25 05:38:15Z" end-time="2025-11-25 05:38:15Z" duration="0.000565" asserts="0">
              <properties>
                <property name="retryIteration" value="0" />
                <property name="repeatIteration" value="0" />
              </properties>
            </test-case>
            <test-case id="1055" name="Test_CacheInvalidation_OnRemoveAt" fullname="MercuryMessaging.Tests.FilterCacheValidationTests.Test_CacheInvalidation_OnRemoveAt" methodname="Test_CacheInvalidation_OnRemoveAt" classname="MercuryMessaging.Tests.FilterCacheValidationTests" runstate="Runnable" seed="773857686" result="Passed" start-time="2025-11-25 05:38:15Z" end-time="2025-11-25 05:38:15Z" duration="0.000392" asserts="0">
              <properties>
                <property name="retryIteration" value="0" />
                <property name="repeatIteration" value="0" />
              </properties>
            </test-case>
            <test-case id="1052" name="Test_CacheMiss_Then_CacheHit" fullname="MercuryMessaging.Tests.FilterCacheValidationTests.Test_CacheMiss_Then_CacheHit" methodname="Test_CacheMiss_Then_CacheHit" classname="MercuryMessaging.Tests.FilterCacheValidationTests" runstate="Runnable" seed="422578680" result="Passed" start-time="2025-11-25 05:38:15Z" end-time="2025-11-25 05:38:15Z" duration="0.000440" asserts="0">
              <properties>
                <property name="retryIteration" value="0" />
                <property name="repeatIteration" value="0" />
              </properties>
            </test-case>
            <test-case id="1059" name="Test_LRU_Eviction" fullname="MercuryMessaging.Tests.FilterCacheValidationTests.Test_LRU_Eviction" methodname="Test_LRU_Eviction" classname="MercuryMessaging.Tests.FilterCacheValidationTests" runstate="Runnable" seed="166636646" result="Passed" start-time="2025-11-25 05:38:15Z" end-time="2025-11-25 05:38:15Z" duration="0.000918" asserts="0">
              <properties>
                <property name="retryIteration" value="0" />
                <property name="repeatIteration" value="0" />
              </properties>
            </test-case>
            <test-case id="1062" name="Test_Performance_CachedVsUncached" fullname="MercuryMessaging.Tests.FilterCacheValidationTests.Test_Performance_CachedVsUncached" methodname="Test_Performance_CachedVsUncached" classname="MercuryMessaging.Tests.FilterCacheValidationTests" runstate="Runnable" seed="1108275572" result="Passed" start-time="2025-11-25 05:38:15Z" end-time="2025-11-25 05:38:15Z" duration="0.008045" asserts="0">
              <properties>
                <property name="retryIteration" value="0" />
                <property name="repeatIteration" value="0" />
              </properties>
              <output><![CDATA[QW-3 Performance: Uncached=436 ticks, Cached=16 ticks, Speedup=27.25x
]]></output>
            </test-case>
            <test-case id="1058" name="Test_SeparateCacheEntries_ForDifferentFilters" fullname="MercuryMessaging.Tests.FilterCacheValidationTests.Test_SeparateCacheEntries_ForDifferentFilters" methodname="Test_SeparateCacheEntries_ForDifferentFilters" classname="MercuryMessaging.Tests.FilterCacheValidationTests" runstate="Runnable" seed="2107775889" result="Passed" start-time="2025-11-25 05:38:15Z" end-time="2025-11-25 05:38:15Z" duration="0.000653" asserts="0">
              <properties>
                <property name="retryIteration" value="0" />
                <property name="repeatIteration" value="0" />
              </properties>
            </test-case>
          </test-suite>
          <test-suite type="TestFixture" id="1064" name="FluentApiIntegrationTests" fullname="MercuryMessaging.Tests.FluentApiIntegrationTests" classname="MercuryMessaging.Tests.FluentApiIntegrationTests" runstate="Runnable" testcasecount="11" result="Failed" site="Child" start-time="2025-11-25 05:38:15Z" end-time="2025-11-25 05:38:15Z" duration="0.036602" total="11" passed="8" failed="3" inconclusive="0" skipped="0" asserts="0">
            <properties />
            <failure>
              <message><![CDATA[One or more child tests had errors]]></message>
            </failure>
            <test-case id="1066" name="Integration_BranchingHierarchy_AllBranchesReceive" fullname="MercuryMessaging.Tests.FluentApiIntegrationTests.Integration_BranchingHierarchy_AllBranchesReceive" methodname="Integration_BranchingHierarchy_AllBranchesReceive" classname="MercuryMessaging.Tests.FluentApiIntegrationTests" runstate="Runnable" seed="1963739259" result="Passed" start-time="2025-11-25 05:38:15Z" end-time="2025-11-25 05:38:15Z" duration="0.005180" asserts="0">
              <properties>
                <property name="retryIteration" value="0" />
                <property name="repeatIteration" value="0" />
              </properties>
            </test-case>
            <test-case id="1067" name="Integration_CombinedFilters_CorrectTargeting" fullname="MercuryMessaging.Tests.FluentApiIntegrationTests.Integration_CombinedFilters_CorrectTargeting" methodname="Integration_CombinedFilters_CorrectTargeting" classname="MercuryMessaging.Tests.FluentApiIntegrationTests" runstate="Runnable" seed="1935911490" result="Failed" start-time="2025-11-25 05:38:15Z" end-time="2025-11-25 05:38:15Z" duration="0.005769" asserts="0">
              <properties>
                <property name="retryIteration" value="0" />
                <property name="repeatIteration" value="0" />
              </properties>
              <failure>
                <message><![CDATA[  ActiveTag0 should receive
  Expected: 1
  But was:  0
]]></message>
                <stack-trace><![CDATA[at MercuryMessaging.Tests.FluentApiIntegrationTests.Integration_CombinedFilters_CorrectTargeting () [0x00099] in C:\Users\yangb\Research\MercuryMessaging\Assets\MercuryMessaging\Tests\FluentApiIntegrationTests.cs:178
]]></stack-trace>
              </failure>
              <output><![CDATA[MmFluentMessage: Unsupported method Message or invalid payload
]]></output>
            </test-case>
            <test-case id="1065" name="Integration_DeepHierarchy_MessageReachesAllLevels" fullname="MercuryMessaging.Tests.FluentApiIntegrationTests.Integration_DeepHierarchy_MessageReachesAllLevels" methodname="Integration_DeepHierarchy_MessageReachesAllLevels" classname="MercuryMessaging.Tests.FluentApiIntegrationTests" runstate="Runnable" seed="190851412" result="Failed" start-time="2025-11-25 05:38:15Z" end-time="2025-11-25 05:38:15Z" duration="0.000995" asserts="0">
              <properties>
                <property name="retryIteration" value="0" />
                <property name="repeatIteration" value="0" />
              </properties>
              <failure>
                <message><![CDATA[  Level 0 should receive Initialize message
  Expected: 1
  But was:  0
]]></message>
                <stack-trace><![CDATA[at MercuryMessaging.Tests.FluentApiIntegrationTests.Integration_DeepHierarchy_MessageReachesAllLevels () [0x000ab] in C:\Users\yangb\Research\MercuryMessaging\Assets\MercuryMessaging\Tests\FluentApiIntegrationTests.cs:82
]]></stack-trace>
              </failure>
            </test-case>
            <test-case id="1072" name="Integration_MessageFactory_AllTypesWork" fullname="MercuryMessaging.Tests.FluentApiIntegrationTests.Integration_MessageFactory_AllTypesWork" methodname="Integration_MessageFactory_AllTypesWork" classname="MercuryMessaging.Tests.FluentApiIntegrationTests" runstate="Runnable" seed="1349815306" result="Passed" start-time="2025-11-25 05:38:15Z" end-time="2025-11-25 05:38:15Z" duration="0.001620" asserts="0">
              <properties>
                <property name="retryIteration" value="0" />
                <property name="repeatIteration" value="0" />
              </properties>
            </test-case>
            <test-case id="1073" name="Integration_MessageFactory_CustomMethods" fullname="MercuryMessaging.Tests.FluentApiIntegrationTests.Integration_MessageFactory_CustomMethods" methodname="Integration_MessageFactory_CustomMethods" classname="MercuryMessaging.Tests.FluentApiIntegrationTests" runstate="Runnable" seed="1300563876" result="Passed" start-time="2025-11-25 05:38:15Z" end-time="2025-11-25 05:38:15Z" duration="0.003874" asserts="0">
              <properties>
                <property name="retryIteration" value="0" />
                <property name="repeatIteration" value="0" />
              </properties>
            </test-case>
            <test-case id="1075" name="Integration_MixedAPI_TraditionalAndDSLCoexist" fullname="MercuryMessaging.Tests.FluentApiIntegrationTests.Integration_MixedAPI_TraditionalAndDSLCoexist" methodname="Integration_MixedAPI_TraditionalAndDSLCoexist" classname="MercuryMessaging.Tests.FluentApiIntegrationTests" runstate="Runnable" seed="1740030026" result="Passed" start-time="2025-11-25 05:38:15Z" end-time="2025-11-25 05:38:15Z" duration="0.003285" asserts="0">
              <properties>
                <property name="retryIteration" value="0" />
                <property name="repeatIteration" value="0" />
              </properties>
            </test-case>
            <test-case id="1068" name="Integration_NotifyParent_ReachesCorrectTarget" fullname="MercuryMessaging.Tests.FluentApiIntegrationTests.Integration_NotifyParent_ReachesCorrectTarget" methodname="Integration_NotifyParent_ReachesCorrectTarget" classname="MercuryMessaging.Tests.FluentApiIntegrationTests" runstate="Runnable" seed="1401261068" result="Failed" label="Error" start-time="2025-11-25 05:38:15Z" end-time="2025-11-25 05:38:15Z" duration="0.002293" asserts="0">
              <properties>
                <property name="retryIteration" value="0" />
                <property name="repeatIteration" value="0" />
              </properties>
              <failure>
                <message><![CDATA[System.InvalidCastException : Specified cast is not valid.]]></message>
                <stack-trace><![CDATA[  at MercuryMessaging.MmBaseResponder.MmInvoke (MercuryMessaging.MmMessage msg) [0x000b4] in C:\Users\yangb\Research\MercuryMessaging\Assets\MercuryMessaging\Protocol\MmBaseResponder.cs:87 
  at MercuryMessaging.MmRelayNode.MmInvoke (MercuryMessaging.MmMessage message) [0x00349] in C:\Users\yangb\Research\MercuryMessaging\Assets\MercuryMessaging\Protocol\MmRelayNode.cs:788 
  at MercuryMessaging.MmRelayNode.MmInvoke (MercuryMessaging.MmMethod mmMethod, MercuryMessaging.MmMetadataBlock metadataBlock) [0x00019] in C:\Users\yangb\Research\MercuryMessaging\Assets\MercuryMessaging\Protocol\MmRelayNode.cs:843 
  at MercuryMessaging.Protocol.DSL.MmFluentMessage.SendToTarget (MercuryMessaging.MmRelayNode target, MercuryMessaging.MmMetadataBlock metadata) [0x00085] in C:\Users\yangb\Research\MercuryMessaging\Assets\MercuryMessaging\Protocol\DSL\MmFluentMessage.cs:939 
  at MercuryMessaging.Protocol.DSL.MmFluentMessage.ExecuteWithTargetCollection () [0x00070] in C:\Users\yangb\Research\MercuryMessaging\Assets\MercuryMessaging\Protocol\DSL\MmFluentMessage.cs:646 
  at MercuryMessaging.Protocol.DSL.MmFluentMessage.Execute () [0x000c1] in C:\Users\yangb\Research\MercuryMessaging\Assets\MercuryMessaging\Protocol\DSL\MmFluentMessage.cs:611 
  at MercuryMessaging.Tests.FluentApiIntegrationTests.Integration_NotifyParent_ReachesCorrectTarget () [0x00064] in C:\Users\yangb\Research\MercuryMessaging\Assets\MercuryMessaging\Tests\FluentApiIntegrationTests.cs:227 
  at (wrapper managed-to-native) System.Reflection.RuntimeMethodInfo.InternalInvoke(System.Reflection.RuntimeMethodInfo,object,object[],System.Exception&)
  at System.Reflection.RuntimeMethodInfo.Invoke (System.Object obj, System.Reflection.BindingFlags invokeAttr, System.Reflection.Binder binder, System.Object[] parameters, System.Globalization.CultureInfo culture) [0x0006a] in <bed9669261d44da0a59448ecde2b1a5c>:0 ]]></stack-trace>
              </failure>
            </test-case>
            <test-case id="1069" name="Integration_NotifyWithValue_ParentReceivesValue" fullname="MercuryMessaging.Tests.FluentApiIntegrationTests.Integration_NotifyWithValue_ParentReceivesValue" methodname="Integration_NotifyWithValue_ParentReceivesValue" classname="MercuryMessaging.Tests.FluentApiIntegrationTests" runstate="Runnable" seed="902902640" result="Passed" start-time="2025-11-25 05:38:15Z" end-time="2025-11-25 05:38:15Z" duration="0.000533" asserts="0">
              <properties>
                <property name="retryIteration" value="0" />
                <property name="repeatIteration" value="0" />
              </properties>
            </test-case>
            <test-case id="1074" name="Integration_QueryResponse_WorksAcrossHierarchy" fullname="MercuryMessaging.Tests.FluentApiIntegrationTests.Integration_QueryResponse_WorksAcrossHierarchy" methodname="Integration_QueryResponse_WorksAcrossHierarchy" classname="MercuryMessaging.Tests.FluentApiIntegrationTests" runstate="Runnable" seed="289226089" result="Passed" start-time="2025-11-25 05:38:15Z" end-time="2025-11-25 05:38:15Z" duration="0.002849" asserts="0">
              <properties>
                <property name="retryIteration" value="0" />
                <property name="repeatIteration" value="0" />
              </properties>
            </test-case>
            <test-case id="1070" name="Integration_SendToNamed_FindsDeepTarget" fullname="MercuryMessaging.Tests.FluentApiIntegrationTests.Integration_SendToNamed_FindsDeepTarget" methodname="Integration_SendToNamed_FindsDeepTarget" classname="MercuryMessaging.Tests.FluentApiIntegrationTests" runstate="Runnable" seed="902180140" result="Passed" start-time="2025-11-25 05:38:15Z" end-time="2025-11-25 05:38:15Z" duration="0.000881" asserts="0">
              <properties>
                <property name="retryIteration" value="0" />
                <property name="repeatIteration" value="0" />
              </properties>
            </test-case>
            <test-case id="1071" name="Integration_SendToWithValue_DeliverValue" fullname="MercuryMessaging.Tests.FluentApiIntegrationTests.Integration_SendToWithValue_DeliverValue" methodname="Integration_SendToWithValue_DeliverValue" classname="MercuryMessaging.Tests.FluentApiIntegrationTests" runstate="Runnable" seed="2118437760" result="Passed" start-time="2025-11-25 05:38:15Z" end-time="2025-11-25 05:38:15Z" duration="0.000629" asserts="0">
              <properties>
                <property name="retryIteration" value="0" />
                <property name="repeatIteration" value="0" />
              </properties>
            </test-case>
          </test-suite>
          <test-suite type="TestFixture" id="1076" name="FluentApiPerformanceTests" fullname="MercuryMessaging.Tests.FluentApiPerformanceTests" classname="MercuryMessaging.Tests.FluentApiPerformanceTests" runstate="Runnable" testcasecount="11" result="Passed" start-time="2025-11-25 05:38:15Z" end-time="2025-11-25 05:38:22Z" duration="6.183760" total="11" passed="11" failed="0" inconclusive="0" skipped="0" asserts="0">
            <properties />
            <test-case id="1081" name="Benchmark_Broadcast_FluentDSL" fullname="MercuryMessaging.Tests.FluentApiPerformanceTests.Benchmark_Broadcast_FluentDSL" methodname="Benchmark_Broadcast_FluentDSL" classname="MercuryMessaging.Tests.FluentApiPerformanceTests" runstate="Runnable" seed="1216563319" result="Passed" start-time="2025-11-25 05:38:15Z" end-time="2025-11-25 05:38:16Z" duration="0.151696" asserts="0">
              <properties>
                <property name="Category" value="Performance" />
                <property name="retryIteration" value="0" />
                <property name="repeatIteration" value="0" />
              </properties>
              <output><![CDATA[[Fluent Broadcast] Avg time: 14481.60 ns/message (10000 iterations)
]]></output>
            </test-case>
            <test-case id="1080" name="Benchmark_Broadcast_Traditional" fullname="MercuryMessaging.Tests.FluentApiPerformanceTests.Benchmark_Broadcast_Traditional" methodname="Benchmark_Broadcast_Traditional" classname="MercuryMessaging.Tests.FluentApiPerformanceTests" runstate="Runnable" seed="223753518" result="Passed" start-time="2025-11-25 05:38:16Z" end-time="2025-11-25 05:38:16Z" duration="0.526802" asserts="0">
              <properties>
                <property name="Category" value="Performance" />
                <property name="retryIteration" value="0" />
                <property name="repeatIteration" value="0" />
              </properties>
              <output><![CDATA[[Traditional Broadcast] Avg time: 49773.54 ns/message (10000 iterations)
]]></output>
            </test-case>
            <test-case id="1083" name="Benchmark_CompareOverhead_Broadcast" fullname="MercuryMessaging.Tests.FluentApiPerformanceTests.Benchmark_CompareOverhead_Broadcast" methodname="Benchmark_CompareOverhead_Broadcast" classname="MercuryMessaging.Tests.FluentApiPerformanceTests" runstate="Runnable" seed="713763039" result="Passed" start-time="2025-11-25 05:38:16Z" end-time="2025-11-25 05:38:16Z" duration="0.289717" asserts="0">
              <properties>
                <property name="Category" value="Performance" />
                <property name="retryIteration" value="0" />
                <property name="repeatIteration" value="0" />
              </properties>
              <output><![CDATA[
=================================================================
Broadcast Performance Comparison
=================================================================
Traditional (MmInvoke): 15576.73 ns/message
Fluent (Broadcast):     12814.27 ns/message
Overhead:               -17.7%
=================================================================

]]></output>
            </test-case>
            <test-case id="1082" name="Benchmark_CompareOverhead_SimpleMessage" fullname="MercuryMessaging.Tests.FluentApiPerformanceTests.Benchmark_CompareOverhead_SimpleMessage" methodname="Benchmark_CompareOverhead_SimpleMessage" classname="MercuryMessaging.Tests.FluentApiPerformanceTests" runstate="Runnable" seed="1098716722" result="Passed" start-time="2025-11-25 05:38:16Z" end-time="2025-11-25 05:38:17Z" duration="0.966040" asserts="0">
              <properties>
                <property name="Category" value="Performance" />
                <property name="retryIteration" value="0" />
                <property name="repeatIteration" value="0" />
              </properties>
              <output><![CDATA[
=================================================================
DSL vs Traditional API Performance Comparison
=================================================================
Traditional API:     45918.86 ns/message
Fluent DSL:          49859.40 ns/message
Overhead:            8.6%
=================================================================
Iterations: 10,000
Target: <2% overhead (or negative = DSL faster)
=================================================================

]]></output>
            </test-case>
            <test-case id="1087" name="Benchmark_FullSummary" fullname="MercuryMessaging.Tests.FluentApiPerformanceTests.Benchmark_FullSummary" methodname="Benchmark_FullSummary" classname="MercuryMessaging.Tests.FluentApiPerformanceTests" runstate="Runnable" seed="1939735487" result="Passed" start-time="2025-11-25 05:38:17Z" end-time="2025-11-25 05:38:18Z" duration="1.052498" asserts="0">
              <properties>
                <property name="Category" value="Performance" />
                <property name="retryIteration" value="0" />
                <property name="repeatIteration" value="0" />
              </properties>
              <reason>
                <message><![CDATA[Performance benchmark completed - see log for detailed results]]></message>
              </reason>
              <output><![CDATA[
╔═══════════════════════════════════════════════════════════════╗
║        FLUENT DSL PERFORMANCE BENCHMARK SUMMARY               ║
╠═══════════════════════════════════════════════════════════════╣
║  Traditional MmInvoke:       9226.16 ns/msg              ║
║  Fluent DSL Send():         81797.30 ns/msg              ║
║  Broadcast():               12950.75 ns/msg              ║
║  MessageFactory.Create():     172.24 ns/call              ║
╠═══════════════════════════════════════════════════════════════╣
║  DSL Overhead:                 786.6%                    ║
║  Target:                        <2% (production)             ║
║  Note: Unity Editor adds 2-5x overhead                       ║
╠═══════════════════════════════════════════════════════════════╣
║  Iterations:                  10,000                    ║
║  Children:                        10                         ║
╚═══════════════════════════════════════════════════════════════╝

]]></output>
            </test-case>
            <test-case id="1084" name="Benchmark_MemoryAllocation_FluentBuilder" fullname="MercuryMessaging.Tests.FluentApiPerformanceTests.Benchmark_MemoryAllocation_FluentBuilder" methodname="Benchmark_MemoryAllocation_FluentBuilder" classname="MercuryMessaging.Tests.FluentApiPerformanceTests" runstate="Runnable" seed="1463497466" result="Passed" start-time="2025-11-25 05:38:18Z" end-time="2025-11-25 05:38:20Z" duration="1.307998" asserts="0">
              <properties>
                <property name="Category" value="Performance" />
                <property name="retryIteration" value="0" />
                <property name="repeatIteration" value="0" />
              </properties>
              <output><![CDATA[[Memory] Fluent builder: 0.00 bytes/operation (total: 0.00 KB)
]]></output>
            </test-case>
            <test-case id="1085" name="Benchmark_MemoryAllocation_MessageFactory" fullname="MercuryMessaging.Tests.FluentApiPerformanceTests.Benchmark_MemoryAllocation_MessageFactory" methodname="Benchmark_MemoryAllocation_MessageFactory" classname="MercuryMessaging.Tests.FluentApiPerformanceTests" runstate="Runnable" seed="2043971185" result="Passed" start-time="2025-11-25 05:38:20Z" end-time="2025-11-25 05:38:21Z" duration="1.275487" asserts="0">
              <properties>
                <property name="Category" value="Performance" />
                <property name="retryIteration" value="0" />
                <property name="repeatIteration" value="0" />
              </properties>
              <output><![CDATA[[Memory] MessageFactory.Int: 0.00 bytes/message (total: 0.00 KB)
]]></output>
            </test-case>
            <test-case id="1079" name="Benchmark_MessageFactory_Create" fullname="MercuryMessaging.Tests.FluentApiPerformanceTests.Benchmark_MessageFactory_Create" methodname="Benchmark_MessageFactory_Create" classname="MercuryMessaging.Tests.FluentApiPerformanceTests" runstate="Runnable" seed="139749765" result="Passed" start-time="2025-11-25 05:38:21Z" end-time="2025-11-25 05:38:21Z" duration="0.004927" asserts="0">
              <properties>
                <property name="Category" value="Performance" />
                <property name="retryIteration" value="0" />
                <property name="repeatIteration" value="0" />
              </properties>
              <output><![CDATA[[MessageFactory.Create] Avg time: 182.02 ns/call (10000 iterations)
]]></output>
            </test-case>
            <test-case id="1078" name="Benchmark_SimpleMessage_FluentDSL" fullname="MercuryMessaging.Tests.FluentApiPerformanceTests.Benchmark_SimpleMessage_FluentDSL" methodname="Benchmark_SimpleMessage_FluentDSL" classname="MercuryMessaging.Tests.FluentApiPerformanceTests" runstate="Runnable" seed="843554172" result="Passed" start-time="2025-11-25 05:38:21Z" end-time="2025-11-25 05:38:22Z" duration="0.502026" asserts="0">
              <properties>
                <property name="Category" value="Performance" />
                <property name="retryIteration" value="0" />
                <property name="repeatIteration" value="0" />
              </properties>
              <output><![CDATA[[Fluent DSL] Avg time: 49495.02 ns/message (10000 iterations)
]]></output>
            </test-case>
            <test-case id="1077" name="Benchmark_SimpleMessage_Traditional" fullname="MercuryMessaging.Tests.FluentApiPerformanceTests.Benchmark_SimpleMessage_Traditional" methodname="Benchmark_SimpleMessage_Traditional" classname="MercuryMessaging.Tests.FluentApiPerformanceTests" runstate="Runnable" seed="343348232" result="Passed" start-time="2025-11-25 05:38:22Z" end-time="2025-11-25 05:38:22Z" duration="0.093939" asserts="0">
              <properties>
                <property name="Category" value="Performance" />
                <property name="retryIteration" value="0" />
                <property name="repeatIteration" value="0" />
              </properties>
              <output><![CDATA[[Traditional API] Avg time: 9104.13 ns/message (10000 iterations)
]]></output>
            </test-case>
            <test-case id="1086" name="CodeMetrics_LineCountComparison" fullname="MercuryMessaging.Tests.FluentApiPerformanceTests.CodeMetrics_LineCountComparison" methodname="CodeMetrics_LineCountComparison" classname="MercuryMessaging.Tests.FluentApiPerformanceTests" runstate="Runnable" seed="2048994947" result="Passed" start-time="2025-11-25 05:38:22Z" end-time="2025-11-25 05:38:22Z" duration="0.001726" asserts="0">
              <properties>
                <property name="Category" value="Metrics" />
                <property name="retryIteration" value="0" />
                <property name="repeatIteration" value="0" />
              </properties>
              <output><![CDATA[
=================================================================
Code Reduction Metrics
=================================================================
Traditional API:  7 lines
Fluent DSL:       1 lines
Reduction:        86%
=================================================================
Example - Send int to active children:

// Traditional API - 7 lines
var metadata = new MmMetadataBlock(
    MmLevelFilter.Child,
    MmActiveFilter.Active,
    MmSelectedFilter.All,
    MmNetworkFilter.Local
);
relay.MmInvoke(MmMethod.MessageInt, 42, metadata);


// Fluent DSL - 1 line
relay.Send(MmMethod.MessageInt, 42).ToChildren().Active().Execute();

=================================================================

]]></output>
            </test-case>
          </test-suite>
          <test-suite type="TestFixture" id="1088" name="FluentApiPhase2Tests" fullname="MercuryMessaging.Tests.FluentApiPhase2Tests" classname="MercuryMessaging.Tests.FluentApiPhase2Tests" runstate="Runnable" testcasecount="17" result="Passed" start-time="2025-11-25 05:38:22Z" end-time="2025-11-25 05:38:22Z" duration="0.047825" total="17" passed="17" failed="0" inconclusive="0" skipped="0" asserts="0">
            <properties />
            <test-case id="1101" name="CombinedFilters_SpatialAndCustom" fullname="MercuryMessaging.Tests.FluentApiPhase2Tests.CombinedFilters_SpatialAndCustom" methodname="CombinedFilters_SpatialAndCustom" classname="MercuryMessaging.Tests.FluentApiPhase2Tests" runstate="Runnable" seed="726803458" result="Passed" start-time="2025-11-25 05:38:22Z" end-time="2025-11-25 05:38:22Z" duration="0.005440" asserts="0">
              <properties>
                <property name="retryIteration" value="0" />
                <property name="repeatIteration" value="0" />
              </properties>
            </test-case>
            <test-case id="1100" name="CombinedFilters_SpatialAndType" fullname="MercuryMessaging.Tests.FluentApiPhase2Tests.CombinedFilters_SpatialAndType" methodname="CombinedFilters_SpatialAndType" classname="MercuryMessaging.Tests.FluentApiPhase2Tests" runstate="Runnable" seed="787164433" result="Passed" start-time="2025-11-25 05:38:22Z" end-time="2025-11-25 05:38:22Z" duration="0.006279" asserts="0">
              <properties>
                <property name="retryIteration" value="0" />
                <property name="repeatIteration" value="0" />
              </properties>
            </test-case>
            <test-case id="1102" name="CombinedFilters_WithStandardFilters" fullname="MercuryMessaging.Tests.FluentApiPhase2Tests.CombinedFilters_WithStandardFilters" methodname="CombinedFilters_WithStandardFilters" classname="MercuryMessaging.Tests.FluentApiPhase2Tests" runstate="Runnable" seed="42427047" result="Passed" start-time="2025-11-25 05:38:22Z" end-time="2025-11-25 05:38:22Z" duration="0.000751" asserts="0">
              <properties>
                <property name="retryIteration" value="0" />
                <property name="repeatIteration" value="0" />
              </properties>
            </test-case>
            <test-case id="1091" name="InBounds_FiltersObjectsByBoundingBox" fullname="MercuryMessaging.Tests.FluentApiPhase2Tests.InBounds_FiltersObjectsByBoundingBox" methodname="InBounds_FiltersObjectsByBoundingBox" classname="MercuryMessaging.Tests.FluentApiPhase2Tests" runstate="Runnable" seed="312375436" result="Passed" start-time="2025-11-25 05:38:22Z" end-time="2025-11-25 05:38:22Z" duration="0.000979" asserts="0">
              <properties>
                <property name="retryIteration" value="0" />
                <property name="repeatIteration" value="0" />
              </properties>
            </test-case>
            <test-case id="1092" name="InCone_CombinesDirectionAndDistance" fullname="MercuryMessaging.Tests.FluentApiPhase2Tests.InCone_CombinesDirectionAndDistance" methodname="InCone_CombinesDirectionAndDistance" classname="MercuryMessaging.Tests.FluentApiPhase2Tests" runstate="Runnable" seed="1102007328" result="Passed" start-time="2025-11-25 05:38:22Z" end-time="2025-11-25 05:38:22Z" duration="0.001288" asserts="0">
              <properties>
                <property name="retryIteration" value="0" />
                <property name="repeatIteration" value="0" />
              </properties>
            </test-case>
            <test-case id="1090" name="InDirection_FiltersObjectsByAngle" fullname="MercuryMessaging.Tests.FluentApiPhase2Tests.InDirection_FiltersObjectsByAngle" methodname="InDirection_FiltersObjectsByAngle" classname="MercuryMessaging.Tests.FluentApiPhase2Tests" runstate="Runnable" seed="1662578070" result="Passed" start-time="2025-11-25 05:38:22Z" end-time="2025-11-25 05:38:22Z" duration="0.000831" asserts="0">
              <properties>
                <property name="retryIteration" value="0" />
                <property name="repeatIteration" value="0" />
              </properties>
            </test-case>
            <test-case id="1104" name="MmPredicate_InBounds_EvaluatesCorrectly" fullname="MercuryMessaging.Tests.FluentApiPhase2Tests.MmPredicate_InBounds_EvaluatesCorrectly" methodname="MmPredicate_InBounds_EvaluatesCorrectly" classname="MercuryMessaging.Tests.FluentApiPhase2Tests" runstate="Runnable" seed="1127970177" result="Passed" start-time="2025-11-25 05:38:22Z" end-time="2025-11-25 05:38:22Z" duration="0.001455" asserts="0">
              <properties>
                <property name="retryIteration" value="0" />
                <property name="repeatIteration" value="0" />
              </properties>
            </test-case>
            <test-case id="1103" name="MmPredicate_Within_EvaluatesCorrectly" fullname="MercuryMessaging.Tests.FluentApiPhase2Tests.MmPredicate_Within_EvaluatesCorrectly" methodname="MmPredicate_Within_EvaluatesCorrectly" classname="MercuryMessaging.Tests.FluentApiPhase2Tests" runstate="Runnable" seed="1824258038" result="Passed" start-time="2025-11-25 05:38:22Z" end-time="2025-11-25 05:38:22Z" duration="0.001280" asserts="0">
              <properties>
                <property name="retryIteration" value="0" />
                <property name="repeatIteration" value="0" />
              </properties>
            </test-case>
            <test-case id="1105" name="MmPredicateList_EvaluatesAllPredicates" fullname="MercuryMessaging.Tests.FluentApiPhase2Tests.MmPredicateList_EvaluatesAllPredicates" methodname="MmPredicateList_EvaluatesAllPredicates" classname="MercuryMessaging.Tests.FluentApiPhase2Tests" runstate="Runnable" seed="1774920989" result="Passed" start-time="2025-11-25 05:38:22Z" end-time="2025-11-25 05:38:22Z" duration="0.001573" asserts="0">
              <properties>
                <property name="retryIteration" value="0" />
                <property name="repeatIteration" value="0" />
              </properties>
            </test-case>
            <test-case id="1098" name="Named_FiltersObjectsByNamePattern" fullname="MercuryMessaging.Tests.FluentApiPhase2Tests.Named_FiltersObjectsByNamePattern" methodname="Named_FiltersObjectsByNamePattern" classname="MercuryMessaging.Tests.FluentApiPhase2Tests" runstate="Runnable" seed="985029314" result="Passed" start-time="2025-11-25 05:38:22Z" end-time="2025-11-25 05:38:22Z" duration="0.000980" asserts="0">
              <properties>
                <property name="retryIteration" value="0" />
                <property name="repeatIteration" value="0" />
              </properties>
            </test-case>
            <test-case id="1099" name="NamedExactly_FiltersObjectsByExactName" fullname="MercuryMessaging.Tests.FluentApiPhase2Tests.NamedExactly_FiltersObjectsByExactName" methodname="NamedExactly_FiltersObjectsByExactName" classname="MercuryMessaging.Tests.FluentApiPhase2Tests" runstate="Runnable" seed="1963327997" result="Passed" start-time="2025-11-25 05:38:22Z" end-time="2025-11-25 05:38:22Z" duration="0.000805" asserts="0">
              <properties>
                <property name="retryIteration" value="0" />
                <property name="repeatIteration" value="0" />
              </properties>
            </test-case>
            <test-case id="1095" name="OfType_CanFilterByMmResponder" fullname="MercuryMessaging.Tests.FluentApiPhase2Tests.OfType_CanFilterByMmResponder" methodname="OfType_CanFilterByMmResponder" classname="MercuryMessaging.Tests.FluentApiPhase2Tests" runstate="Runnable" seed="168003324" result="Passed" start-time="2025-11-25 05:38:22Z" end-time="2025-11-25 05:38:22Z" duration="0.000822" asserts="0">
              <properties>
                <property name="retryIteration" value="0" />
                <property name="repeatIteration" value="0" />
              </properties>
            </test-case>
            <test-case id="1093" name="OfType_FiltersObjectsByComponent" fullname="MercuryMessaging.Tests.FluentApiPhase2Tests.OfType_FiltersObjectsByComponent" methodname="OfType_FiltersObjectsByComponent" classname="MercuryMessaging.Tests.FluentApiPhase2Tests" runstate="Runnable" seed="1779615913" result="Passed" start-time="2025-11-25 05:38:22Z" end-time="2025-11-25 05:38:22Z" duration="0.000859" asserts="0">
              <properties>
                <property name="retryIteration" value="0" />
                <property name="repeatIteration" value="0" />
              </properties>
            </test-case>
            <test-case id="1097" name="OnLayer_FiltersObjectsByLayer" fullname="MercuryMessaging.Tests.FluentApiPhase2Tests.OnLayer_FiltersObjectsByLayer" methodname="OnLayer_FiltersObjectsByLayer" classname="MercuryMessaging.Tests.FluentApiPhase2Tests" runstate="Runnable" seed="1065984412" result="Passed" start-time="2025-11-25 05:38:22Z" end-time="2025-11-25 05:38:22Z" duration="0.001192" asserts="0">
              <properties>
                <property name="retryIteration" value="0" />
                <property name="repeatIteration" value="0" />
              </properties>
            </test-case>
            <test-case id="1096" name="Where_GameObject_FiltersWithCustomLogic" fullname="MercuryMessaging.Tests.FluentApiPhase2Tests.Where_GameObject_FiltersWithCustomLogic" methodname="Where_GameObject_FiltersWithCustomLogic" classname="MercuryMessaging.Tests.FluentApiPhase2Tests" runstate="Runnable" seed="336342022" result="Passed" start-time="2025-11-25 05:38:22Z" end-time="2025-11-25 05:38:22Z" duration="0.001174" asserts="0">
              <properties>
                <property name="retryIteration" value="0" />
                <property name="repeatIteration" value="0" />
              </properties>
            </test-case>
            <test-case id="1094" name="WithComponent_WorksAliasForOfType" fullname="MercuryMessaging.Tests.FluentApiPhase2Tests.WithComponent_WorksAliasForOfType" methodname="WithComponent_WorksAliasForOfType" classname="MercuryMessaging.Tests.FluentApiPhase2Tests" runstate="Runnable" seed="1911539825" result="Passed" start-time="2025-11-25 05:38:22Z" end-time="2025-11-25 05:38:22Z" duration="0.003068" asserts="0">
              <properties>
                <property name="retryIteration" value="0" />
                <property name="repeatIteration" value="0" />
              </properties>
            </test-case>
            <test-case id="1089" name="Within_FiltersObjectsByDistance" fullname="MercuryMessaging.Tests.FluentApiPhase2Tests.Within_FiltersObjectsByDistance" methodname="Within_FiltersObjectsByDistance" classname="MercuryMessaging.Tests.FluentApiPhase2Tests" runstate="Runnable" seed="1877027471" result="Passed" start-time="2025-11-25 05:38:22Z" end-time="2025-11-25 05:38:22Z" duration="0.000860" asserts="0">
              <properties>
                <property name="retryIteration" value="0" />
                <property name="repeatIteration" value="0" />
              </properties>
            </test-case>
          </test-suite>
          <test-suite type="TestFixture" id="1106" name="FluentApiPhase3Tests" fullname="MercuryMessaging.Tests.FluentApiPhase3Tests" classname="MercuryMessaging.Tests.FluentApiPhase3Tests" runstate="Runnable" testcasecount="42" result="Failed" site="Child" start-time="2025-11-25 05:38:22Z" end-time="2025-11-25 05:38:23Z" duration="1.486348" total="42" passed="39" failed="3" inconclusive="0" skipped="0" asserts="0">
            <properties />
            <failure>
              <message><![CDATA[One or more child tests had errors]]></message>
            </failure>
            <test-case id="1138" name="After_CanBeCancelled" fullname="MercuryMessaging.Tests.FluentApiPhase3Tests.After_CanBeCancelled" methodname="After_CanBeCancelled" classname="MercuryMessaging.Tests.FluentApiPhase3Tests" runstate="Runnable" seed="872824989" result="Passed" start-time="2025-11-25 05:38:22Z" end-time="2025-11-25 05:38:22Z" duration="0.176077" asserts="0">
              <properties>
                <property name="_JOINTYPE" value="UnityCombinatorial" />
                <property name="retryIteration" value="0" />
                <property name="repeatIteration" value="0" />
              </properties>
            </test-case>
            <test-case id="1137" name="After_DelaysMessage" fullname="MercuryMessaging.Tests.FluentApiPhase3Tests.After_DelaysMessage" methodname="After_DelaysMessage" classname="MercuryMessaging.Tests.FluentApiPhase3Tests" runstate="Runnable" seed="377868194" result="Passed" start-time="2025-11-25 05:38:22Z" end-time="2025-11-25 05:38:22Z" duration="0.167046" asserts="0">
              <properties>
                <property name="_JOINTYPE" value="UnityCombinatorial" />
                <property name="retryIteration" value="0" />
                <property name="repeatIteration" value="0" />
              </properties>
            </test-case>
            <test-case id="1122" name="Broadcast_BoolValue_ReachesDescendants" fullname="MercuryMessaging.Tests.FluentApiPhase3Tests.Broadcast_BoolValue_ReachesDescendants" methodname="Broadcast_BoolValue_ReachesDescendants" classname="MercuryMessaging.Tests.FluentApiPhase3Tests" runstate="Runnable" seed="1769869330" result="Passed" start-time="2025-11-25 05:38:22Z" end-time="2025-11-25 05:38:22Z" duration="0.001250" asserts="0">
              <properties>
                <property name="retryIteration" value="0" />
                <property name="repeatIteration" value="0" />
              </properties>
            </test-case>
            <test-case id="1121" name="Broadcast_SendsToAllDescendants" fullname="MercuryMessaging.Tests.FluentApiPhase3Tests.Broadcast_SendsToAllDescendants" methodname="Broadcast_SendsToAllDescendants" classname="MercuryMessaging.Tests.FluentApiPhase3Tests" runstate="Runnable" seed="323899537" result="Passed" start-time="2025-11-25 05:38:22Z" end-time="2025-11-25 05:38:22Z" duration="0.000607" asserts="0">
              <properties>
                <property name="retryIteration" value="0" />
                <property name="repeatIteration" value="0" />
              </properties>
            </test-case>
            <test-case id="1124" name="BroadcastInitialize_ConvenienceMethod_Works" fullname="MercuryMessaging.Tests.FluentApiPhase3Tests.BroadcastInitialize_ConvenienceMethod_Works" methodname="BroadcastInitialize_ConvenienceMethod_Works" classname="MercuryMessaging.Tests.FluentApiPhase3Tests" runstate="Runnable" seed="830507234" result="Passed" start-time="2025-11-25 05:38:22Z" end-time="2025-11-25 05:38:22Z" duration="0.000821" asserts="0">
              <properties>
                <property name="retryIteration" value="0" />
                <property name="repeatIteration" value="0" />
              </properties>
            </test-case>
            <test-case id="1123" name="BroadcastSetActive_ConvenienceMethod_Works" fullname="MercuryMessaging.Tests.FluentApiPhase3Tests.BroadcastSetActive_ConvenienceMethod_Works" methodname="BroadcastSetActive_ConvenienceMethod_Works" classname="MercuryMessaging.Tests.FluentApiPhase3Tests" runstate="Runnable" seed="284902619" result="Passed" start-time="2025-11-25 05:38:22Z" end-time="2025-11-25 05:38:22Z" duration="0.000549" asserts="0">
              <properties>
                <property name="retryIteration" value="0" />
                <property name="repeatIteration" value="0" />
              </properties>
            </test-case>
            <test-case id="1136" name="CancelQuery_RemovesPendingQuery" fullname="MercuryMessaging.Tests.FluentApiPhase3Tests.CancelQuery_RemovesPendingQuery" methodname="CancelQuery_RemovesPendingQuery" classname="MercuryMessaging.Tests.FluentApiPhase3Tests" runstate="Runnable" seed="653303903" result="Passed" start-time="2025-11-25 05:38:22Z" end-time="2025-11-25 05:38:22Z" duration="0.000753" asserts="0">
              <properties>
                <property name="retryIteration" value="0" />
                <property name="repeatIteration" value="0" />
              </properties>
            </test-case>
            <test-case id="1139" name="Every_RepeatsMessage" fullname="MercuryMessaging.Tests.FluentApiPhase3Tests.Every_RepeatsMessage" methodname="Every_RepeatsMessage" classname="MercuryMessaging.Tests.FluentApiPhase3Tests" runstate="Runnable" seed="216122706" result="Passed" start-time="2025-11-25 05:38:22Z" end-time="2025-11-25 05:38:22Z" duration="0.226809" asserts="0">
              <properties>
                <property name="_JOINTYPE" value="UnityCombinatorial" />
                <property name="retryIteration" value="0" />
                <property name="repeatIteration" value="0" />
              </properties>
            </test-case>
            <test-case id="1140" name="Every_StopsOnCancel" fullname="MercuryMessaging.Tests.FluentApiPhase3Tests.Every_StopsOnCancel" methodname="Every_StopsOnCancel" classname="MercuryMessaging.Tests.FluentApiPhase3Tests" runstate="Runnable" seed="188887198" result="Passed" start-time="2025-11-25 05:38:22Z" end-time="2025-11-25 05:38:23Z" duration="0.241967" asserts="0">
              <properties>
                <property name="_JOINTYPE" value="UnityCombinatorial" />
                <property name="retryIteration" value="0" />
                <property name="repeatIteration" value="0" />
              </properties>
            </test-case>
            <test-case id="1148" name="Factory_And_After_Integration" fullname="MercuryMessaging.Tests.FluentApiPhase3Tests.Factory_And_After_Integration" methodname="Factory_And_After_Integration" classname="MercuryMessaging.Tests.FluentApiPhase3Tests" runstate="Runnable" seed="1939972628" result="Passed" start-time="2025-11-25 05:38:23Z" end-time="2025-11-25 05:38:23Z" duration="0.172053" asserts="0">
              <properties>
                <property name="_JOINTYPE" value="UnityCombinatorial" />
                <property name="retryIteration" value="0" />
                <property name="repeatIteration" value="0" />
              </properties>
            </test-case>
            <test-case id="1146" name="Factory_And_Broadcast_Integration" fullname="MercuryMessaging.Tests.FluentApiPhase3Tests.Factory_And_Broadcast_Integration" methodname="Factory_And_Broadcast_Integration" classname="MercuryMessaging.Tests.FluentApiPhase3Tests" runstate="Runnable" seed="1635619444" result="Passed" start-time="2025-11-25 05:38:23Z" end-time="2025-11-25 05:38:23Z" duration="0.000906" asserts="0">
              <properties>
                <property name="retryIteration" value="0" />
                <property name="repeatIteration" value="0" />
              </properties>
            </test-case>
            <test-case id="1147" name="Factory_And_SendTo_Integration" fullname="MercuryMessaging.Tests.FluentApiPhase3Tests.Factory_And_SendTo_Integration" methodname="Factory_And_SendTo_Integration" classname="MercuryMessaging.Tests.FluentApiPhase3Tests" runstate="Runnable" seed="778236435" result="Passed" start-time="2025-11-25 05:38:23Z" end-time="2025-11-25 05:38:23Z" duration="0.000561" asserts="0">
              <properties>
                <property name="retryIteration" value="0" />
                <property name="repeatIteration" value="0" />
              </properties>
            </test-case>
            <test-case id="1134" name="HasTarget_ReturnsCorrectly" fullname="MercuryMessaging.Tests.FluentApiPhase3Tests.HasTarget_ReturnsCorrectly" methodname="HasTarget_ReturnsCorrectly" classname="MercuryMessaging.Tests.FluentApiPhase3Tests" runstate="Runnable" seed="987757471" result="Passed" start-time="2025-11-25 05:38:23Z" end-time="2025-11-25 05:38:23Z" duration="0.000469" asserts="0">
              <properties>
                <property name="retryIteration" value="0" />
                <property name="repeatIteration" value="0" />
              </properties>
            </test-case>
            <test-case id="1107" name="MessageFactory_CreateBool_ReturnsCorrectType" fullname="MercuryMessaging.Tests.FluentApiPhase3Tests.MessageFactory_CreateBool_ReturnsCorrectType" methodname="MessageFactory_CreateBool_ReturnsCorrectType" classname="MercuryMessaging.Tests.FluentApiPhase3Tests" runstate="Runnable" seed="724248641" result="Passed" start-time="2025-11-25 05:38:23Z" end-time="2025-11-25 05:38:23Z" duration="0.001629" asserts="0">
              <properties>
                <property name="retryIteration" value="0" />
                <property name="repeatIteration" value="0" />
              </properties>
            </test-case>
            <test-case id="1109" name="MessageFactory_CreateFloat_ReturnsCorrectType" fullname="MercuryMessaging.Tests.FluentApiPhase3Tests.MessageFactory_CreateFloat_ReturnsCorrectType" methodname="MessageFactory_CreateFloat_ReturnsCorrectType" classname="MercuryMessaging.Tests.FluentApiPhase3Tests" runstate="Runnable" seed="2121717760" result="Passed" start-time="2025-11-25 05:38:23Z" end-time="2025-11-25 05:38:23Z" duration="0.000429" asserts="0">
              <properties>
                <property name="retryIteration" value="0" />
                <property name="repeatIteration" value="0" />
              </properties>
            </test-case>
            <test-case id="1108" name="MessageFactory_CreateInt_ReturnsCorrectType" fullname="MercuryMessaging.Tests.FluentApiPhase3Tests.MessageFactory_CreateInt_ReturnsCorrectType" methodname="MessageFactory_CreateInt_ReturnsCorrectType" classname="MercuryMessaging.Tests.FluentApiPhase3Tests" runstate="Runnable" seed="268938666" result="Passed" start-time="2025-11-25 05:38:23Z" end-time="2025-11-25 05:38:23Z" duration="0.000421" asserts="0">
              <properties>
                <property name="retryIteration" value="0" />
                <property name="repeatIteration" value="0" />
              </properties>
            </test-case>
            <test-case id="1110" name="MessageFactory_CreateString_ReturnsCorrectType" fullname="MercuryMessaging.Tests.FluentApiPhase3Tests.MessageFactory_CreateString_ReturnsCorrectType" methodname="MessageFactory_CreateString_ReturnsCorrectType" classname="MercuryMessaging.Tests.FluentApiPhase3Tests" runstate="Runnable" seed="1108904526" result="Passed" start-time="2025-11-25 05:38:23Z" end-time="2025-11-25 05:38:23Z" duration="0.000404" asserts="0">
              <properties>
                <property name="retryIteration" value="0" />
                <property name="repeatIteration" value="0" />
              </properties>
            </test-case>
            <test-case id="1111" name="MessageFactory_CreateVector3_ReturnsCorrectType" fullname="MercuryMessaging.Tests.FluentApiPhase3Tests.MessageFactory_CreateVector3_ReturnsCorrectType" methodname="MessageFactory_CreateVector3_ReturnsCorrectType" classname="MercuryMessaging.Tests.FluentApiPhase3Tests" runstate="Runnable" seed="1287335201" result="Passed" start-time="2025-11-25 05:38:23Z" end-time="2025-11-25 05:38:23Z" duration="0.000980" asserts="0">
              <properties>
                <property name="retryIteration" value="0" />
                <property name="repeatIteration" value="0" />
              </properties>
            </test-case>
            <test-case id="1116" name="MessageFactory_Custom_CreatesWithMethodId" fullname="MercuryMessaging.Tests.FluentApiPhase3Tests.MessageFactory_Custom_CreatesWithMethodId" methodname="MessageFactory_Custom_CreatesWithMethodId" classname="MercuryMessaging.Tests.FluentApiPhase3Tests" runstate="Runnable" seed="976730826" result="Passed" start-time="2025-11-25 05:38:23Z" end-time="2025-11-25 05:38:23Z" duration="0.000397" asserts="0">
              <properties>
                <property name="retryIteration" value="0" />
                <property name="repeatIteration" value="0" />
              </properties>
            </test-case>
            <test-case id="1117" name="MessageFactory_CustomWithPayload_CreatesWithMethodAndValue" fullname="MercuryMessaging.Tests.FluentApiPhase3Tests.MessageFactory_CustomWithPayload_CreatesWithMethodAndValue" methodname="MessageFactory_CustomWithPayload_CreatesWithMethodAndValue" classname="MercuryMessaging.Tests.FluentApiPhase3Tests" runstate="Runnable" seed="2046580621" result="Passed" start-time="2025-11-25 05:38:23Z" end-time="2025-11-25 05:38:23Z" duration="0.000828" asserts="0">
              <properties>
                <property name="retryIteration" value="0" />
                <property name="repeatIteration" value="0" />
              </properties>
            </test-case>
            <test-case id="1112" name="MessageFactory_GenericCreate_InfersType" fullname="MercuryMessaging.Tests.FluentApiPhase3Tests.MessageFactory_GenericCreate_InfersType" methodname="MessageFactory_GenericCreate_InfersType" classname="MercuryMessaging.Tests.FluentApiPhase3Tests" runstate="Runnable" seed="1836989582" result="Passed" start-time="2025-11-25 05:38:23Z" end-time="2025-11-25 05:38:23Z" duration="0.001958" asserts="0">
              <properties>
                <property name="retryIteration" value="0" />
                <property name="repeatIteration" value="0" />
              </properties>
            </test-case>
            <test-case id="1113" name="MessageFactory_Initialize_CreatesCorrectCommand" fullname="MercuryMessaging.Tests.FluentApiPhase3Tests.MessageFactory_Initialize_CreatesCorrectCommand" methodname="MessageFactory_Initialize_CreatesCorrectCommand" classname="MercuryMessaging.Tests.FluentApiPhase3Tests" runstate="Runnable" seed="405209744" result="Passed" start-time="2025-11-25 05:38:23Z" end-time="2025-11-25 05:38:23Z" duration="0.000451" asserts="0">
              <properties>
                <property name="retryIteration" value="0" />
                <property name="repeatIteration" value="0" />
              </properties>
            </test-case>
            <test-case id="1114" name="MessageFactory_SetActive_CreatesCorrectCommand" fullname="MercuryMessaging.Tests.FluentApiPhase3Tests.MessageFactory_SetActive_CreatesCorrectCommand" methodname="MessageFactory_SetActive_CreatesCorrectCommand" classname="MercuryMessaging.Tests.FluentApiPhase3Tests" runstate="Runnable" seed="695585037" result="Passed" start-time="2025-11-25 05:38:23Z" end-time="2025-11-25 05:38:23Z" duration="0.000436" asserts="0">
              <properties>
                <property name="retryIteration" value="0" />
                <property name="repeatIteration" value="0" />
              </properties>
            </test-case>
            <test-case id="1115" name="MessageFactory_Switch_ByName_CreatesCorrectCommand" fullname="MercuryMessaging.Tests.FluentApiPhase3Tests.MessageFactory_Switch_ByName_CreatesCorrectCommand" methodname="MessageFactory_Switch_ByName_CreatesCorrectCommand" classname="MercuryMessaging.Tests.FluentApiPhase3Tests" runstate="Runnable" seed="860698534" result="Passed" start-time="2025-11-25 05:38:23Z" end-time="2025-11-25 05:38:23Z" duration="0.000439" asserts="0">
              <properties>
                <property name="retryIteration" value="0" />
                <property name="repeatIteration" value="0" />
              </properties>
            </test-case>
            <test-case id="1119" name="MessageFactory_ToChildren_SetsLevelFilter" fullname="MercuryMessaging.Tests.FluentApiPhase3Tests.MessageFactory_ToChildren_SetsLevelFilter" methodname="MessageFactory_ToChildren_SetsLevelFilter" classname="MercuryMessaging.Tests.FluentApiPhase3Tests" runstate="Runnable" seed="2062026154" result="Passed" start-time="2025-11-25 05:38:23Z" end-time="2025-11-25 05:38:23Z" duration="0.000398" asserts="0">
              <properties>
                <property name="retryIteration" value="0" />
                <property name="repeatIteration" value="0" />
              </properties>
            </test-case>
            <test-case id="1120" name="MessageFactory_ToDescendants_SetsLevelFilter" fullname="MercuryMessaging.Tests.FluentApiPhase3Tests.MessageFactory_ToDescendants_SetsLevelFilter" methodname="MessageFactory_ToDescendants_SetsLevelFilter" classname="MercuryMessaging.Tests.FluentApiPhase3Tests" runstate="Runnable" seed="1137504998" result="Passed" start-time="2025-11-25 05:38:23Z" end-time="2025-11-25 05:38:23Z" duration="0.000373" asserts="0">
              <properties>
                <property name="retryIteration" value="0" />
                <property name="repeatIteration" value="0" />
              </properties>
            </test-case>
            <test-case id="1118" name="MessageFactory_WithMetadata_AppliesMetadata" fullname="MercuryMessaging.Tests.FluentApiPhase3Tests.MessageFactory_WithMetadata_AppliesMetadata" methodname="MessageFactory_WithMetadata_AppliesMetadata" classname="MercuryMessaging.Tests.FluentApiPhase3Tests" runstate="Runnable" seed="196966784" result="Passed" start-time="2025-11-25 05:38:23Z" end-time="2025-11-25 05:38:23Z" duration="0.000406" asserts="0">
              <properties>
                <property name="retryIteration" value="0" />
                <property name="repeatIteration" value="0" />
              </properties>
            </test-case>
            <test-case id="1125" name="Notify_SendsToParent" fullname="MercuryMessaging.Tests.FluentApiPhase3Tests.Notify_SendsToParent" methodname="Notify_SendsToParent" classname="MercuryMessaging.Tests.FluentApiPhase3Tests" runstate="Runnable" seed="526177245" result="Failed" label="Error" start-time="2025-11-25 05:38:23Z" end-time="2025-11-25 05:38:23Z" duration="0.000756" asserts="0">
              <properties>
                <property name="retryIteration" value="0" />
                <property name="repeatIteration" value="0" />
              </properties>
              <failure>
                <message><![CDATA[System.InvalidCastException : Specified cast is not valid.]]></message>
                <stack-trace><![CDATA[  at MercuryMessaging.MmBaseResponder.MmInvoke (MercuryMessaging.MmMessage msg) [0x000b4] in C:\Users\yangb\Research\MercuryMessaging\Assets\MercuryMessaging\Protocol\MmBaseResponder.cs:87 
  at MercuryMessaging.MmRelayNode.MmInvoke (MercuryMessaging.MmMessage message) [0x00349] in C:\Users\yangb\Research\MercuryMessaging\Assets\MercuryMessaging\Protocol\MmRelayNode.cs:788 
  at MercuryMessaging.MmRelayNode.MmInvoke (MercuryMessaging.MmMethod mmMethod, MercuryMessaging.MmMetadataBlock metadataBlock) [0x00019] in C:\Users\yangb\Research\MercuryMessaging\Assets\MercuryMessaging\Protocol\MmRelayNode.cs:843 
  at MercuryMessaging.Protocol.DSL.MmFluentMessage.SendToTarget (MercuryMessaging.MmRelayNode target, MercuryMessaging.MmMetadataBlock metadata) [0x00085] in C:\Users\yangb\Research\MercuryMessaging\Assets\MercuryMessaging\Protocol\DSL\MmFluentMessage.cs:939 
  at MercuryMessaging.Protocol.DSL.MmFluentMessage.ExecuteWithTargetCollection () [0x00070] in C:\Users\yangb\Research\MercuryMessaging\Assets\MercuryMessaging\Protocol\DSL\MmFluentMessage.cs:646 
  at MercuryMessaging.Protocol.DSL.MmFluentMessage.Execute () [0x000c1] in C:\Users\yangb\Research\MercuryMessaging\Assets\MercuryMessaging\Protocol\DSL\MmFluentMessage.cs:611 
  at MercuryMessaging.Tests.FluentApiPhase3Tests.Notify_SendsToParent () [0x00017] in C:\Users\yangb\Research\MercuryMessaging\Assets\MercuryMessaging\Tests\FluentApiPhase3Tests.cs:321 
  at (wrapper managed-to-native) System.Reflection.RuntimeMethodInfo.InternalInvoke(System.Reflection.RuntimeMethodInfo,object,object[],System.Exception&)
  at System.Reflection.RuntimeMethodInfo.Invoke (System.Object obj, System.Reflection.BindingFlags invokeAttr, System.Reflection.Binder binder, System.Object[] parameters, System.Globalization.CultureInfo culture) [0x0006a] in <bed9669261d44da0a59448ecde2b1a5c>:0 ]]></stack-trace>
              </failure>
            </test-case>
            <test-case id="1126" name="Notify_WithValue_SendsToParent" fullname="MercuryMessaging.Tests.FluentApiPhase3Tests.Notify_WithValue_SendsToParent" methodname="Notify_WithValue_SendsToParent" classname="MercuryMessaging.Tests.FluentApiPhase3Tests" runstate="Runnable" seed="1619309256" result="Passed" start-time="2025-11-25 05:38:23Z" end-time="2025-11-25 05:38:23Z" duration="0.000546" asserts="0">
              <properties>
                <property name="retryIteration" value="0" />
                <property name="repeatIteration" value="0" />
              </properties>
            </test-case>
            <test-case id="1127" name="NotifyComplete_ConvenienceMethod_Works" fullname="MercuryMessaging.Tests.FluentApiPhase3Tests.NotifyComplete_ConvenienceMethod_Works" methodname="NotifyComplete_ConvenienceMethod_Works" classname="MercuryMessaging.Tests.FluentApiPhase3Tests" runstate="Runnable" seed="1645827460" result="Failed" label="Error" start-time="2025-11-25 05:38:23Z" end-time="2025-11-25 05:38:23Z" duration="0.000663" asserts="0">
              <properties>
                <property name="retryIteration" value="0" />
                <property name="repeatIteration" value="0" />
              </properties>
              <failure>
                <message><![CDATA[System.InvalidCastException : Specified cast is not valid.]]></message>
                <stack-trace><![CDATA[  at MercuryMessaging.MmBaseResponder.MmInvoke (MercuryMessaging.MmMessage msg) [0x000b4] in C:\Users\yangb\Research\MercuryMessaging\Assets\MercuryMessaging\Protocol\MmBaseResponder.cs:87 
  at MercuryMessaging.MmRelayNode.MmInvoke (MercuryMessaging.MmMessage message) [0x00349] in C:\Users\yangb\Research\MercuryMessaging\Assets\MercuryMessaging\Protocol\MmRelayNode.cs:788 
  at MercuryMessaging.MmRelayNode.MmInvoke (MercuryMessaging.MmMethod mmMethod, MercuryMessaging.MmMetadataBlock metadataBlock) [0x00019] in C:\Users\yangb\Research\MercuryMessaging\Assets\MercuryMessaging\Protocol\MmRelayNode.cs:843 
[...]
            <properties />
            <test-case id="1311" name="InvokeWithPath_Descendant_ReachesAllDescendants" fullname="MercuryMessaging.Tests.PathSpecificationTests.InvokeWithPath_Descendant_ReachesAllDescendants" methodname="InvokeWithPath_Descendant_ReachesAllDescendants" classname="MercuryMessaging.Tests.PathSpecificationTests" runstate="Runnable" seed="155237950" result="Passed" start-time="2025-11-25 05:38:31Z" end-time="2025-11-25 05:38:31Z" duration="0.132433" asserts="0">
              <properties>
                <property name="_JOINTYPE" value="UnityCombinatorial" />
                <property name="retryIteration" value="0" />
                <property name="repeatIteration" value="0" />
              </properties>
            </test-case>
            <test-case id="1313" name="InvokeWithPath_EmptyPath_ThrowsException" fullname="MercuryMessaging.Tests.PathSpecificationTests.InvokeWithPath_EmptyPath_ThrowsException" methodname="InvokeWithPath_EmptyPath_ThrowsException" classname="MercuryMessaging.Tests.PathSpecificationTests" runstate="Runnable" seed="847848919" result="Passed" start-time="2025-11-25 05:38:31Z" end-time="2025-11-25 05:38:31Z" duration="0.022555" asserts="0">
              <properties>
                <property name="_JOINTYPE" value="UnityCombinatorial" />
                <property name="retryIteration" value="0" />
                <property name="repeatIteration" value="0" />
              </properties>
            </test-case>
            <test-case id="1312" name="InvokeWithPath_InvalidPath_ThrowsException" fullname="MercuryMessaging.Tests.PathSpecificationTests.InvokeWithPath_InvalidPath_ThrowsException" methodname="InvokeWithPath_InvalidPath_ThrowsException" classname="MercuryMessaging.Tests.PathSpecificationTests" runstate="Runnable" seed="406871222" result="Passed" start-time="2025-11-25 05:38:31Z" end-time="2025-11-25 05:38:31Z" duration="0.023268" asserts="0">
              <properties>
                <property name="_JOINTYPE" value="UnityCombinatorial" />
                <property name="retryIteration" value="0" />
                <property name="repeatIteration" value="0" />
              </properties>
            </test-case>
            <test-case id="1308" name="InvokeWithPath_Parent_DeliversToParent" fullname="MercuryMessaging.Tests.PathSpecificationTests.InvokeWithPath_Parent_DeliversToParent" methodname="InvokeWithPath_Parent_DeliversToParent" classname="MercuryMessaging.Tests.PathSpecificationTests" runstate="Runnable" seed="528571430" result="Passed" start-time="2025-11-25 05:38:31Z" end-time="2025-11-25 05:38:31Z" duration="0.129006" asserts="0">
              <properties>
                <property name="_JOINTYPE" value="UnityCombinatorial" />
                <property name="retryIteration" value="0" />
                <property name="repeatIteration" value="0" />
              </properties>
            </test-case>
            <test-case id="1309" name="InvokeWithPath_ParentSiblingChild_DeliversToCousins" fullname="MercuryMessaging.Tests.PathSpecificationTests.InvokeWithPath_ParentSiblingChild_DeliversToCousins" methodname="InvokeWithPath_ParentSiblingChild_DeliversToCousins" classname="MercuryMessaging.Tests.PathSpecificationTests" runstate="Runnable" seed="1454041027" result="Passed" start-time="2025-11-25 05:38:31Z" end-time="2025-11-25 05:38:31Z" duration="0.131671" asserts="0">
              <properties>
                <property name="_JOINTYPE" value="UnityCombinatorial" />
                <property name="retryIteration" value="0" />
                <property name="repeatIteration" value="0" />
              </properties>
            </test-case>
            <test-case id="1310" name="InvokeWithPath_WithParameter_DeliversCorrectly" fullname="MercuryMessaging.Tests.PathSpecificationTests.InvokeWithPath_WithParameter_DeliversCorrectly" methodname="InvokeWithPath_WithParameter_DeliversCorrectly" classname="MercuryMessaging.Tests.PathSpecificationTests" runstate="Runnable" seed="1123071786" result="Passed" start-time="2025-11-25 05:38:31Z" end-time="2025-11-25 05:38:31Z" duration="0.130247" asserts="0">
              <properties>
                <property name="_JOINTYPE" value="UnityCombinatorial" />
                <property name="retryIteration" value="0" />
                <property name="repeatIteration" value="0" />
              </properties>
            </test-case>
            <test-case id="1287" name="Parse_AllSegmentTypes_Success" fullname="MercuryMessaging.Tests.PathSpecificationTests.Parse_AllSegmentTypes_Success" methodname="Parse_AllSegmentTypes_Success" classname="MercuryMessaging.Tests.PathSpecificationTests" runstate="Runnable" seed="199229884" result="Passed" start-time="2025-11-25 05:38:31Z" end-time="2025-11-25 05:38:31Z" duration="0.000583" asserts="0">
              <properties>
                <property name="retryIteration" value="0" />
                <property name="repeatIteration" value="0" />
              </properties>
            </test-case>
            <test-case id="1294" name="Parse_Caching_WorksCorrectly" fullname="MercuryMessaging.Tests.PathSpecificationTests.Parse_Caching_WorksCorrectly" methodname="Parse_Caching_WorksCorrectly" classname="MercuryMessaging.Tests.PathSpecificationTests" runstate="Runnable" seed="2037923730" result="Passed" start-time="2025-11-25 05:38:31Z" end-time="2025-11-25 05:38:31Z" duration="0.000322" asserts="0">
              <properties>
                <property name="retryIteration" value="0" />
                <property name="repeatIteration" value="0" />
              </properties>
            </test-case>
            <test-case id="1288" name="Parse_CaseInsensitive_Success" fullname="MercuryMessaging.Tests.PathSpecificationTests.Parse_CaseInsensitive_Success" methodname="Parse_CaseInsensitive_Success" classname="MercuryMessaging.Tests.PathSpecificationTests" runstate="Runnable" seed="1836388145" result="Passed" start-time="2025-11-25 05:38:31Z" end-time="2025-11-25 05:38:31Z" duration="0.000253" asserts="0">
              <properties>
                <property name="retryIteration" value="0" />
                <property name="repeatIteration" value="0" />
              </properties>
            </test-case>
            <test-case id="1298" name="Parse_ConsecutiveWildcards_ThrowsException" fullname="MercuryMessaging.Tests.PathSpecificationTests.Parse_ConsecutiveWildcards_ThrowsException" methodname="Parse_ConsecutiveWildcards_ThrowsException" classname="MercuryMessaging.Tests.PathSpecificationTests" runstate="Runnable" seed="830592964" result="Passed" start-time="2025-11-25 05:38:31Z" end-time="2025-11-25 05:38:31Z" duration="0.000431" asserts="0">
              <properties>
                <property name="retryIteration" value="0" />
                <property name="repeatIteration" value="0" />
              </properties>
            </test-case>
            <test-case id="1290" name="Parse_EmptyPath_ThrowsException" fullname="MercuryMessaging.Tests.PathSpecificationTests.Parse_EmptyPath_ThrowsException" methodname="Parse_EmptyPath_ThrowsException" classname="MercuryMessaging.Tests.PathSpecificationTests" runstate="Runnable" seed="2118227682" result="Passed" start-time="2025-11-25 05:38:31Z" end-time="2025-11-25 05:38:31Z" duration="0.000216" asserts="0">
              <properties>
                <property name="retryIteration" value="0" />
                <property name="repeatIteration" value="0" />
              </properties>
            </test-case>
            <test-case id="1293" name="Parse_InvalidSegment_ThrowsException" fullname="MercuryMessaging.Tests.PathSpecificationTests.Parse_InvalidSegment_ThrowsException" methodname="Parse_InvalidSegment_ThrowsException" classname="MercuryMessaging.Tests.PathSpecificationTests" runstate="Runnable" seed="201865698" result="Passed" start-time="2025-11-25 05:38:31Z" end-time="2025-11-25 05:38:31Z" duration="0.000217" asserts="0">
              <properties>
                <property name="retryIteration" value="0" />
                <property name="repeatIteration" value="0" />
              </properties>
            </test-case>
            <test-case id="1291" name="Parse_NullPath_ThrowsException" fullname="MercuryMessaging.Tests.PathSpecificationTests.Parse_NullPath_ThrowsException" methodname="Parse_NullPath_ThrowsException" classname="MercuryMessaging.Tests.PathSpecificationTests" runstate="Runnable" seed="171648336" result="Passed" start-time="2025-11-25 05:38:31Z" end-time="2025-11-25 05:38:31Z" duration="0.000203" asserts="0">
              <properties>
                <property name="retryIteration" value="0" />
                <property name="repeatIteration" value="0" />
              </properties>
            </test-case>
            <test-case id="1292" name="Parse_TrailingSlash_ThrowsException" fullname="MercuryMessaging.Tests.PathSpecificationTests.Parse_TrailingSlash_ThrowsException" methodname="Parse_TrailingSlash_ThrowsException" classname="MercuryMessaging.Tests.PathSpecificationTests" runstate="Runnable" seed="617711066" result="Passed" start-time="2025-11-25 05:38:31Z" end-time="2025-11-25 05:38:31Z" duration="0.000322" asserts="0">
              <properties>
                <property name="retryIteration" value="0" />
                <property name="repeatIteration" value="0" />
              </properties>
            </test-case>
            <test-case id="1286" name="Parse_ValidMultipleSegments_Success" fullname="MercuryMessaging.Tests.PathSpecificationTests.Parse_ValidMultipleSegments_Success" methodname="Parse_ValidMultipleSegments_Success" classname="MercuryMessaging.Tests.PathSpecificationTests" runstate="Runnable" seed="801599294" result="Passed" start-time="2025-11-25 05:38:31Z" end-time="2025-11-25 05:38:31Z" duration="0.000233" asserts="0">
              <properties>
                <property name="retryIteration" value="0" />
                <property name="repeatIteration" value="0" />
              </properties>
            </test-case>
            <test-case id="1285" name="Parse_ValidSingleSegment_Success" fullname="MercuryMessaging.Tests.PathSpecificationTests.Parse_ValidSingleSegment_Success" methodname="Parse_ValidSingleSegment_Success" classname="MercuryMessaging.Tests.PathSpecificationTests" runstate="Runnable" seed="194387502" result="Passed" start-time="2025-11-25 05:38:31Z" end-time="2025-11-25 05:38:31Z" duration="0.000206" asserts="0">
              <properties>
                <property name="retryIteration" value="0" />
                <property name="repeatIteration" value="0" />
              </properties>
            </test-case>
            <test-case id="1296" name="Parse_WildcardFirst_ThrowsException" fullname="MercuryMessaging.Tests.PathSpecificationTests.Parse_WildcardFirst_ThrowsException" methodname="Parse_WildcardFirst_ThrowsException" classname="MercuryMessaging.Tests.PathSpecificationTests" runstate="Runnable" seed="943868321" result="Passed" start-time="2025-11-25 05:38:31Z" end-time="2025-11-25 05:38:31Z" duration="0.000328" asserts="0">
              <properties>
                <property name="retryIteration" value="0" />
                <property name="repeatIteration" value="0" />
              </properties>
            </test-case>
            <test-case id="1297" name="Parse_WildcardLast_ThrowsException" fullname="MercuryMessaging.Tests.PathSpecificationTests.Parse_WildcardLast_ThrowsException" methodname="Parse_WildcardLast_ThrowsException" classname="MercuryMessaging.Tests.PathSpecificationTests" runstate="Runnable" seed="364673784" result="Passed" start-time="2025-11-25 05:38:31Z" end-time="2025-11-25 05:38:31Z" duration="0.000223" asserts="0">
              <properties>
                <property name="retryIteration" value="0" />
                <property name="repeatIteration" value="0" />
              </properties>
            </test-case>
            <test-case id="1295" name="Parse_WildcardMiddle_Success" fullname="MercuryMessaging.Tests.PathSpecificationTests.Parse_WildcardMiddle_Success" methodname="Parse_WildcardMiddle_Success" classname="MercuryMessaging.Tests.PathSpecificationTests" runstate="Runnable" seed="1976536725" result="Passed" start-time="2025-11-25 05:38:31Z" end-time="2025-11-25 05:38:31Z" duration="0.000222" asserts="0">
              <properties>
                <property name="retryIteration" value="0" />
                <property name="repeatIteration" value="0" />
              </properties>
            </test-case>
            <test-case id="1289" name="Parse_WithWhitespace_Success" fullname="MercuryMessaging.Tests.PathSpecificationTests.Parse_WithWhitespace_Success" methodname="Parse_WithWhitespace_Success" classname="MercuryMessaging.Tests.PathSpecificationTests" runstate="Runnable" seed="1277696782" result="Passed" start-time="2025-11-25 05:38:31Z" end-time="2025-11-25 05:38:31Z" duration="0.000166" asserts="0">
              <properties>
                <property name="retryIteration" value="0" />
                <property name="repeatIteration" value="0" />
              </properties>
            </test-case>
            <test-case id="1305" name="Resolve_Ancestor_FindsAllAncestors" fullname="MercuryMessaging.Tests.PathSpecificationTests.Resolve_Ancestor_FindsAllAncestors" methodname="Resolve_Ancestor_FindsAllAncestors" classname="MercuryMessaging.Tests.PathSpecificationTests" runstate="Runnable" seed="191089164" result="Passed" start-time="2025-11-25 05:38:31Z" end-time="2025-11-25 05:38:31Z" duration="0.029969" asserts="0">
              <properties>
                <property name="_JOINTYPE" value="UnityCombinatorial" />
                <property name="retryIteration" value="0" />
                <property name="repeatIteration" value="0" />
              </properties>
            </test-case>
            <test-case id="1300" name="Resolve_Child_FindsChildren" fullname="MercuryMessaging.Tests.PathSpecificationTests.Resolve_Child_FindsChildren" methodname="Resolve_Child_FindsChildren" classname="MercuryMessaging.Tests.PathSpecificationTests" runstate="Runnable" seed="951648727" result="Passed" start-time="2025-11-25 05:38:31Z" end-time="2025-11-25 05:38:31Z" duration="0.023812" asserts="0">
              <properties>
                <property name="_JOINTYPE" value="UnityCombinatorial" />
                <property name="retryIteration" value="0" />
                <property name="repeatIteration" value="0" />
              </properties>
            </test-case>
            <test-case id="1304" name="Resolve_Descendant_FindsAllDescendants" fullname="MercuryMessaging.Tests.PathSpecificationTests.Resolve_Descendant_FindsAllDescendants" methodname="Resolve_Descendant_FindsAllDescendants" classname="MercuryMessaging.Tests.PathSpecificationTests" runstate="Runnable" seed="239339444" result="Passed" start-time="2025-11-25 05:38:31Z" end-time="2025-11-25 05:38:31Z" duration="0.023972" asserts="0">
              <properties>
                <property name="_JOINTYPE" value="UnityCombinatorial" />
                <property name="retryIteration" value="0" />
                <property name="repeatIteration" value="0" />
              </properties>
            </test-case>
            <test-case id="1299" name="Resolve_Parent_FindsParent" fullname="MercuryMessaging.Tests.PathSpecificationTests.Resolve_Parent_FindsParent" methodname="Resolve_Parent_FindsParent" classname="MercuryMessaging.Tests.PathSpecificationTests" runstate="Runnable" seed="1530309050" result="Passed" start-time="2025-11-25 05:38:31Z" end-time="2025-11-25 05:38:31Z" duration="0.021658" asserts="0">
              <properties>
                <property name="_JOINTYPE" value="UnityCombinatorial" />
                <property name="retryIteration" value="0" />
                <property name="repeatIteration" value="0" />
              </properties>
            </test-case>
            <test-case id="1302" name="Resolve_ParentSibling_FindsParentsSiblings" fullname="MercuryMessaging.Tests.PathSpecificationTests.Resolve_ParentSibling_FindsParentsSiblings" methodname="Resolve_ParentSibling_FindsParentsSiblings" classname="MercuryMessaging.Tests.PathSpecificationTests" runstate="Runnable" seed="1549774115" result="Passed" start-time="2025-11-25 05:38:31Z" end-time="2025-11-25 05:38:31Z" duration="0.023050" asserts="0">
              <properties>
                <property name="_JOINTYPE" value="UnityCombinatorial" />
                <property name="retryIteration" value="0" />
                <property name="repeatIteration" value="0" />
              </properties>
            </test-case>
            <test-case id="1303" name="Resolve_ParentSiblingChild_FindsCousins" fullname="MercuryMessaging.Tests.PathSpecificationTests.Resolve_ParentSiblingChild_FindsCousins" methodname="Resolve_ParentSiblingChild_FindsCousins" classname="MercuryMessaging.Tests.PathSpecificationTests" runstate="Runnable" seed="2000427283" result="Passed" start-time="2025-11-25 05:38:31Z" end-time="2025-11-25 05:38:31Z" duration="0.023003" asserts="0">
              <properties>
                <property name="_JOINTYPE" value="UnityCombinatorial" />
                <property name="retryIteration" value="0" />
                <property name="repeatIteration" value="0" />
              </properties>
            </test-case>
            <test-case id="1307" name="Resolve_ParentWildcardChild_FindsAllSiblingsChildren" fullname="MercuryMessaging.Tests.PathSpecificationTests.Resolve_ParentWildcardChild_FindsAllSiblingsChildren" methodname="Resolve_ParentWildcardChild_FindsAllSiblingsChildren" classname="MercuryMessaging.Tests.PathSpecificationTests" runstate="Runnable" seed="1724234759" result="Passed" start-time="2025-11-25 05:38:31Z" end-time="2025-11-25 05:38:31Z" duration="0.030069" asserts="0">
              <properties>
                <property name="_JOINTYPE" value="UnityCombinatorial" />
                <property name="retryIteration" value="0" />
                <property name="repeatIteration" value="0" />
              </properties>
            </test-case>
            <test-case id="1306" name="Resolve_Self_FindsSelf" fullname="MercuryMessaging.Tests.PathSpecificationTests.Resolve_Self_FindsSelf" methodname="Resolve_Self_FindsSelf" classname="MercuryMessaging.Tests.PathSpecificationTests" runstate="Runnable" seed="1731721559" result="Passed" start-time="2025-11-25 05:38:31Z" end-time="2025-11-25 05:38:31Z" duration="0.022927" asserts="0">
              <properties>
                <property name="_JOINTYPE" value="UnityCombinatorial" />
                <property name="retryIteration" value="0" />
                <property name="repeatIteration" value="0" />
              </properties>
            </test-case>
            <test-case id="1301" name="Resolve_Sibling_FindsSiblings" fullname="MercuryMessaging.Tests.PathSpecificationTests.Resolve_Sibling_FindsSiblings" methodname="Resolve_Sibling_FindsSiblings" classname="MercuryMessaging.Tests.PathSpecificationTests" runstate="Runnable" seed="971405878" result="Passed" start-time="2025-11-25 05:38:31Z" end-time="2025-11-25 05:38:31Z" duration="0.023418" asserts="0">
              <properties>
                <property name="_JOINTYPE" value="UnityCombinatorial" />
                <property name="retryIteration" value="0" />
                <property name="repeatIteration" value="0" />
              </properties>
              <output><![CDATA[Saving results to: C:/Users/yangb/AppData/LocalLow/DefaultCompany/MercuryMessaging\TestResults.xml
]]></output>
            </test-case>
          </test-suite>
        </test-suite>
      </test-suite>
    </test-suite>
  </test-suite>
</test-run>